[0.881s] DEBUG:colcon:Command line arguments: ['/usr/bin/colcon', 'build']
[0.882s] DEBUG:colcon:Parsed command line arguments: Namespace(log_base=None, log_level=None, verb_name='build', build_base='build', install_base='install', merge_install=False, symlink_install=False, test_result_base=None, continue_on_error=False, executor='parallel', parallel_workers=16, event_handlers=None, ignore_user_meta=False, metas=['./colcon.meta'], base_paths=['.'], packages_ignore=None, packages_ignore_regex=None, paths=None, packages_up_to=None, packages_up_to_regex=None, packages_above=None, packages_above_and_dependencies=None, packages_above_depth=None, packages_select_by_dep=None, packages_skip_by_dep=None, packages_skip_up_to=None, packages_select_build_failed=False, packages_skip_build_finished=False, packages_select_test_failures=False, packages_skip_test_passed=False, packages_select=None, packages_skip=None, packages_select_regex=None, packages_skip_regex=None, packages_start=None, packages_end=None, allow_overriding=[], cmake_args=None, cmake_target=None, cmake_target_skip_unavailable=False, cmake_clean_cache=False, cmake_clean_first=False, cmake_force_configure=False, ament_cmake_args=None, catkin_cmake_args=None, catkin_skip_building_tests=False, verb_parser=<colcon_defaults.argument_parser.defaults.DefaultArgumentsDecorator object at 0x7fb468af4760>, verb_extension=<colcon_core.verb.build.BuildVerb object at 0x7fb468af6f80>, main=<bound method BuildVerb.main of <colcon_core.verb.build.BuildVerb object at 0x7fb468af6f80>>)
[0.922s] Level 1:colcon.colcon_core.package_discovery:discover_packages(colcon_meta) check parameters
[0.922s] Level 1:colcon.colcon_core.package_discovery:discover_packages(recursive) check parameters
[0.922s] Level 1:colcon.colcon_core.package_discovery:discover_packages(ignore) check parameters
[0.922s] Level 1:colcon.colcon_core.package_discovery:discover_packages(path) check parameters
[0.922s] Level 1:colcon.colcon_core.package_discovery:discover_packages(colcon_meta) discover
[0.922s] Level 1:colcon.colcon_core.package_discovery:discover_packages(recursive) discover
[0.922s] INFO:colcon.colcon_core.package_discovery:Crawling recursively for packages in '/home/emred/catkin_ws'
[0.922s] Level 1:colcon.colcon_core.package_identification:_identify(.) by extensions ['ignore', 'ignore_ament_install']
[0.922s] Level 1:colcon.colcon_core.package_identification:_identify(.) by extension 'ignore'
[0.922s] Level 1:colcon.colcon_core.package_identification:_identify(.) by extension 'ignore_ament_install'
[0.922s] Level 1:colcon.colcon_core.package_identification:_identify(.) by extensions ['colcon_pkg']
[0.922s] Level 1:colcon.colcon_core.package_identification:_identify(.) by extension 'colcon_pkg'
[0.922s] Level 1:colcon.colcon_core.package_identification:_identify(.) by extensions ['colcon_meta']
[0.922s] Level 1:colcon.colcon_core.package_identification:_identify(.) by extension 'colcon_meta'
[0.922s] Level 1:colcon.colcon_core.package_identification:_identify(.) by extensions ['ros']
[0.922s] Level 1:colcon.colcon_core.package_identification:_identify(.) by extension 'ros'
[0.931s] Level 1:colcon.colcon_core.package_identification:_identify(.) by extensions ['cmake', 'python']
[0.931s] Level 1:colcon.colcon_core.package_identification:_identify(.) by extension 'cmake'
[0.931s] Level 1:colcon.colcon_core.package_identification:_identify(.) by extension 'python'
[0.931s] Level 1:colcon.colcon_core.package_identification:_identify(.) by extensions ['python_setup_py']
[0.931s] Level 1:colcon.colcon_core.package_identification:_identify(.) by extension 'python_setup_py'
[0.931s] Level 1:colcon.colcon_core.package_identification:_identify(build) by extensions ['ignore', 'ignore_ament_install']
[0.931s] Level 1:colcon.colcon_core.package_identification:_identify(build) by extension 'ignore'
[0.931s] Level 1:colcon.colcon_core.package_identification:_identify(build) ignored
[0.932s] Level 1:colcon.colcon_core.package_identification:_identify(install) by extensions ['ignore', 'ignore_ament_install']
[0.932s] Level 1:colcon.colcon_core.package_identification:_identify(install) by extension 'ignore'
[0.932s] Level 1:colcon.colcon_core.package_identification:_identify(install) ignored
[0.932s] Level 1:colcon.colcon_core.package_identification:_identify(log) by extensions ['ignore', 'ignore_ament_install']
[0.932s] Level 1:colcon.colcon_core.package_identification:_identify(log) by extension 'ignore'
[0.932s] Level 1:colcon.colcon_core.package_identification:_identify(log) ignored
[0.932s] Level 1:colcon.colcon_core.package_identification:_identify(src) by extensions ['ignore', 'ignore_ament_install']
[0.932s] Level 1:colcon.colcon_core.package_identification:_identify(src) by extension 'ignore'
[0.932s] Level 1:colcon.colcon_core.package_identification:_identify(src) by extension 'ignore_ament_install'
[0.932s] Level 1:colcon.colcon_core.package_identification:_identify(src) by extensions ['colcon_pkg']
[0.932s] Level 1:colcon.colcon_core.package_identification:_identify(src) by extension 'colcon_pkg'
[0.932s] Level 1:colcon.colcon_core.package_identification:_identify(src) by extensions ['colcon_meta']
[0.932s] Level 1:colcon.colcon_core.package_identification:_identify(src) by extension 'colcon_meta'
[0.932s] Level 1:colcon.colcon_core.package_identification:_identify(src) by extensions ['ros']
[0.932s] Level 1:colcon.colcon_core.package_identification:_identify(src) by extension 'ros'
[0.932s] Level 1:colcon.colcon_core.package_identification:_identify(src) by extensions ['cmake', 'python']
[0.932s] Level 1:colcon.colcon_core.package_identification:_identify(src) by extension 'cmake'
[0.932s] Level 1:colcon.colcon_core.package_identification:_identify(src) by extension 'python'
[0.932s] Level 1:colcon.colcon_core.package_identification:_identify(src) by extensions ['python_setup_py']
[0.932s] Level 1:colcon.colcon_core.package_identification:_identify(src) by extension 'python_setup_py'
[0.932s] Level 1:colcon.colcon_core.package_identification:_identify(src/four_ws_control) by extensions ['ignore', 'ignore_ament_install']
[0.933s] Level 1:colcon.colcon_core.package_identification:_identify(src/four_ws_control) by extension 'ignore'
[0.933s] Level 1:colcon.colcon_core.package_identification:_identify(src/four_ws_control) by extension 'ignore_ament_install'
[0.933s] Level 1:colcon.colcon_core.package_identification:_identify(src/four_ws_control) by extensions ['colcon_pkg']
[0.933s] Level 1:colcon.colcon_core.package_identification:_identify(src/four_ws_control) by extension 'colcon_pkg'
[0.933s] Level 1:colcon.colcon_core.package_identification:_identify(src/four_ws_control) by extensions ['colcon_meta']
[0.933s] Level 1:colcon.colcon_core.package_identification:_identify(src/four_ws_control) by extension 'colcon_meta'
[0.933s] Level 1:colcon.colcon_core.package_identification:_identify(src/four_ws_control) by extensions ['ros']
[0.933s] Level 1:colcon.colcon_core.package_identification:_identify(src/four_ws_control) by extension 'ros'
[0.935s] DEBUG:colcon.colcon_core.package_identification:Package 'src/four_ws_control' with type 'ros.ament_cmake' and name 'four_ws_control'
[0.935s] Level 1:colcon.colcon_core.package_identification:_identify(src/gazebo_simulation) by extensions ['ignore', 'ignore_ament_install']
[0.935s] Level 1:colcon.colcon_core.package_identification:_identify(src/gazebo_simulation) by extension 'ignore'
[0.935s] Level 1:colcon.colcon_core.package_identification:_identify(src/gazebo_simulation) by extension 'ignore_ament_install'
[0.935s] Level 1:colcon.colcon_core.package_identification:_identify(src/gazebo_simulation) by extensions ['colcon_pkg']
[0.935s] Level 1:colcon.colcon_core.package_identification:_identify(src/gazebo_simulation) by extension 'colcon_pkg'
[0.935s] Level 1:colcon.colcon_core.package_identification:_identify(src/gazebo_simulation) by extensions ['colcon_meta']
[0.935s] Level 1:colcon.colcon_core.package_identification:_identify(src/gazebo_simulation) by extension 'colcon_meta'
[0.935s] Level 1:colcon.colcon_core.package_identification:_identify(src/gazebo_simulation) by extensions ['ros']
[0.935s] Level 1:colcon.colcon_core.package_identification:_identify(src/gazebo_simulation) by extension 'ros'
[0.936s] DEBUG:colcon.colcon_core.package_identification:Package 'src/gazebo_simulation' with type 'ros.ament_cmake' and name 'gazebo_simulation'
[0.936s] Level 1:colcon.colcon_core.package_identification:_identify(src/traktor) by extensions ['ignore', 'ignore_ament_install']
[0.936s] Level 1:colcon.colcon_core.package_identification:_identify(src/traktor) by extension 'ignore'
[0.936s] Level 1:colcon.colcon_core.package_identification:_identify(src/traktor) by extension 'ignore_ament_install'
[0.936s] Level 1:colcon.colcon_core.package_identification:_identify(src/traktor) by extensions ['colcon_pkg']
[0.936s] Level 1:colcon.colcon_core.package_identification:_identify(src/traktor) by extension 'colcon_pkg'
[0.936s] Level 1:colcon.colcon_core.package_identification:_identify(src/traktor) by extensions ['colcon_meta']
[0.936s] Level 1:colcon.colcon_core.package_identification:_identify(src/traktor) by extension 'colcon_meta'
[0.936s] Level 1:colcon.colcon_core.package_identification:_identify(src/traktor) by extensions ['ros']
[0.936s] Level 1:colcon.colcon_core.package_identification:_identify(src/traktor) by extension 'ros'
[0.936s] DEBUG:colcon.colcon_core.package_identification:Package 'src/traktor' with type 'ros.ament_python' and name 'traktor'
[0.936s] Level 1:colcon.colcon_core.package_discovery:discover_packages(recursive) using defaults
[0.937s] Level 1:colcon.colcon_core.package_discovery:discover_packages(ignore) discover
[0.937s] Level 1:colcon.colcon_core.package_discovery:discover_packages(ignore) using defaults
[0.937s] Level 1:colcon.colcon_core.package_discovery:discover_packages(path) discover
[0.937s] Level 1:colcon.colcon_core.package_discovery:discover_packages(path) using defaults
[1.014s] Level 1:colcon.colcon_core.package_discovery:discover_packages(prefix_path) check parameters
[1.014s] Level 1:colcon.colcon_core.package_discovery:discover_packages(prefix_path) discover
[1.039s] DEBUG:colcon.colcon_installed_package_information.package_discovery:Found 3 installed packages in /home/emred/catkin_ws/install
[1.064s] DEBUG:colcon.colcon_installed_package_information.package_discovery:Found 395 installed packages in /opt/ros/humble
[1.066s] Level 1:colcon.colcon_core.package_discovery:discover_packages(prefix_path) using defaults
[1.153s] Level 5:colcon.colcon_core.verb:set package 'four_ws_control' build argument 'cmake_args' from command line to 'None'
[1.153s] Level 5:colcon.colcon_core.verb:set package 'four_ws_control' build argument 'cmake_target' from command line to 'None'
[1.153s] Level 5:colcon.colcon_core.verb:set package 'four_ws_control' build argument 'cmake_target_skip_unavailable' from command line to 'False'
[1.154s] Level 5:colcon.colcon_core.verb:set package 'four_ws_control' build argument 'cmake_clean_cache' from command line to 'False'
[1.154s] Level 5:colcon.colcon_core.verb:set package 'four_ws_control' build argument 'cmake_clean_first' from command line to 'False'
[1.154s] Level 5:colcon.colcon_core.verb:set package 'four_ws_control' build argument 'cmake_force_configure' from command line to 'False'
[1.154s] Level 5:colcon.colcon_core.verb:set package 'four_ws_control' build argument 'ament_cmake_args' from command line to 'None'
[1.154s] Level 5:colcon.colcon_core.verb:set package 'four_ws_control' build argument 'catkin_cmake_args' from command line to 'None'
[1.154s] Level 5:colcon.colcon_core.verb:set package 'four_ws_control' build argument 'catkin_skip_building_tests' from command line to 'False'
[1.154s] DEBUG:colcon.colcon_core.verb:Building package 'four_ws_control' with the following arguments: {'ament_cmake_args': None, 'build_base': '/home/emred/catkin_ws/build/four_ws_control', 'catkin_cmake_args': None, 'catkin_skip_building_tests': False, 'cmake_args': None, 'cmake_clean_cache': False, 'cmake_clean_first': False, 'cmake_force_configure': False, 'cmake_target': None, 'cmake_target_skip_unavailable': False, 'install_base': '/home/emred/catkin_ws/install/four_ws_control', 'merge_install': False, 'path': '/home/emred/catkin_ws/src/four_ws_control', 'symlink_install': False, 'test_result_base': None}
[1.166s] Level 5:colcon.colcon_core.verb:set package 'gazebo_simulation' build argument 'cmake_args' from command line to 'None'
[1.166s] Level 5:colcon.colcon_core.verb:set package 'gazebo_simulation' build argument 'cmake_target' from command line to 'None'
[1.166s] Level 5:colcon.colcon_core.verb:set package 'gazebo_simulation' build argument 'cmake_target_skip_unavailable' from command line to 'False'
[1.166s] Level 5:colcon.colcon_core.verb:set package 'gazebo_simulation' build argument 'cmake_clean_cache' from command line to 'False'
[1.166s] Level 5:colcon.colcon_core.verb:set package 'gazebo_simulation' build argument 'cmake_clean_first' from command line to 'False'
[1.166s] Level 5:colcon.colcon_core.verb:set package 'gazebo_simulation' build argument 'cmake_force_configure' from command line to 'False'
[1.166s] Level 5:colcon.colcon_core.verb:set package 'gazebo_simulation' build argument 'ament_cmake_args' from command line to 'None'
[1.166s] Level 5:colcon.colcon_core.verb:set package 'gazebo_simulation' build argument 'catkin_cmake_args' from command line to 'None'
[1.166s] Level 5:colcon.colcon_core.verb:set package 'gazebo_simulation' build argument 'catkin_skip_building_tests' from command line to 'False'
[1.166s] DEBUG:colcon.colcon_core.verb:Building package 'gazebo_simulation' with the following arguments: {'ament_cmake_args': None, 'build_base': '/home/emred/catkin_ws/build/gazebo_simulation', 'catkin_cmake_args': None, 'catkin_skip_building_tests': False, 'cmake_args': None, 'cmake_clean_cache': False, 'cmake_clean_first': False, 'cmake_force_configure': False, 'cmake_target': None, 'cmake_target_skip_unavailable': False, 'install_base': '/home/emred/catkin_ws/install/gazebo_simulation', 'merge_install': False, 'path': '/home/emred/catkin_ws/src/gazebo_simulation', 'symlink_install': False, 'test_result_base': None}
[1.179s] Level 5:colcon.colcon_core.verb:set package 'traktor' build argument 'cmake_args' from command line to 'None'
[1.179s] Level 5:colcon.colcon_core.verb:set package 'traktor' build argument 'cmake_target' from command line to 'None'
[1.179s] Level 5:colcon.colcon_core.verb:set package 'traktor' build argument 'cmake_target_skip_unavailable' from command line to 'False'
[1.179s] Level 5:colcon.colcon_core.verb:set package 'traktor' build argument 'cmake_clean_cache' from command line to 'False'
[1.179s] Level 5:colcon.colcon_core.verb:set package 'traktor' build argument 'cmake_clean_first' from command line to 'False'
[1.179s] Level 5:colcon.colcon_core.verb:set package 'traktor' build argument 'cmake_force_configure' from command line to 'False'
[1.179s] Level 5:colcon.colcon_core.verb:set package 'traktor' build argument 'ament_cmake_args' from command line to 'None'
[1.179s] Level 5:colcon.colcon_core.verb:set package 'traktor' build argument 'catkin_cmake_args' from command line to 'None'
[1.179s] Level 5:colcon.colcon_core.verb:set package 'traktor' build argument 'catkin_skip_building_tests' from command line to 'False'
[1.179s] DEBUG:colcon.colcon_core.verb:Building package 'traktor' with the following arguments: {'ament_cmake_args': None, 'build_base': '/home/emred/catkin_ws/build/traktor', 'catkin_cmake_args': None, 'catkin_skip_building_tests': False, 'cmake_args': None, 'cmake_clean_cache': False, 'cmake_clean_first': False, 'cmake_force_configure': False, 'cmake_target': None, 'cmake_target_skip_unavailable': False, 'install_base': '/home/emred/catkin_ws/install/traktor', 'merge_install': False, 'path': '/home/emred/catkin_ws/src/traktor', 'symlink_install': False, 'test_result_base': None}
[1.191s] INFO:colcon.colcon_core.executor:Executing jobs using 'parallel' executor
[1.204s] DEBUG:colcon.colcon_parallel_executor.executor.parallel:run_until_complete
[1.204s] INFO:colcon.colcon_ros.task.ament_cmake.build:Building ROS package in '/home/emred/catkin_ws/src/four_ws_control' with build type 'ament_cmake'
[1.204s] INFO:colcon.colcon_cmake.task.cmake.build:Building CMake package in '/home/emred/catkin_ws/src/four_ws_control'
[1.225s] INFO:colcon.colcon_core.plugin_system:Skipping extension 'colcon_core.shell.bat': Not used on non-Windows systems
[1.225s] INFO:colcon.colcon_core.shell:Skip shell extension 'powershell' for command environment: Not usable outside of PowerShell
[1.225s] DEBUG:colcon.colcon_core.shell:Skip shell extension 'dsv' for command environment
[1.265s] INFO:colcon.colcon_ros.task.ament_cmake.build:Building ROS package in '/home/emred/catkin_ws/src/gazebo_simulation' with build type 'ament_cmake'
[1.265s] INFO:colcon.colcon_cmake.task.cmake.build:Building CMake package in '/home/emred/catkin_ws/src/gazebo_simulation'
[1.278s] INFO:colcon.colcon_core.shell:Skip shell extension 'powershell' for command environment: Not usable outside of PowerShell
[1.278s] DEBUG:colcon.colcon_core.shell:Skip shell extension 'dsv' for command environment
[1.319s] INFO:colcon.colcon_ros.task.ament_python.build:Building ROS package in '/home/emred/catkin_ws/src/traktor' with build type 'ament_python'
[1.319s] Level 1:colcon.colcon_core.shell:create_environment_hook('traktor', 'ament_prefix_path')
[1.333s] INFO:colcon.colcon_core.shell:Creating environment hook '/home/emred/catkin_ws/install/traktor/share/traktor/hook/ament_prefix_path.ps1'
[1.333s] INFO:colcon.colcon_core.shell:Creating environment descriptor '/home/emred/catkin_ws/install/traktor/share/traktor/hook/ament_prefix_path.dsv'
[1.333s] INFO:colcon.colcon_core.shell:Creating environment hook '/home/emred/catkin_ws/install/traktor/share/traktor/hook/ament_prefix_path.sh'
[1.346s] INFO:colcon.colcon_core.shell:Skip shell extension 'powershell' for command environment: Not usable outside of PowerShell
[1.346s] DEBUG:colcon.colcon_core.shell:Skip shell extension 'dsv' for command environment
[1.392s] DEBUG:colcon.colcon_core.event_handler.log_command:Invoking command in '/home/emred/catkin_ws/build/four_ws_control': CMAKE_PREFIX_PATH=${CMAKE_PREFIX_PATH}:/home/emred/catkin_ws/install/traktor:/opt/ros/humble /usr/bin/cmake --build /home/emred/catkin_ws/build/four_ws_control -- -j16 -l16
[1.398s] DEBUG:colcon.colcon_core.event_handler.log_command:Invoking command in '/home/emred/catkin_ws/build/gazebo_simulation': CMAKE_PREFIX_PATH=${CMAKE_PREFIX_PATH}:/home/emred/catkin_ws/install/traktor:/opt/ros/humble /usr/bin/cmake --build /home/emred/catkin_ws/build/gazebo_simulation -- -j16 -l16
[1.649s] INFO:colcon.colcon_core.task.python.build:Building Python package in '/home/emred/catkin_ws/src/traktor'
[1.678s] INFO:colcon.colcon_core.shell:Skip shell extension 'powershell' for command environment: Not usable outside of PowerShell
[1.679s] DEBUG:colcon.colcon_core.shell:Skip shell extension 'dsv' for command environment
[1.747s] DEBUG:colcon.colcon_core.event_handler.log_command:Invoked command in '/home/emred/catkin_ws/build/gazebo_simulation' returned '0': CMAKE_PREFIX_PATH=${CMAKE_PREFIX_PATH}:/home/emred/catkin_ws/install/traktor:/opt/ros/humble /usr/bin/cmake --build /home/emred/catkin_ws/build/gazebo_simulation -- -j16 -l16
[1.749s] DEBUG:colcon.colcon_core.event_handler.log_command:Invoked command in '/home/emred/catkin_ws/build/four_ws_control' returned '0': CMAKE_PREFIX_PATH=${CMAKE_PREFIX_PATH}:/home/emred/catkin_ws/install/traktor:/opt/ros/humble /usr/bin/cmake --build /home/emred/catkin_ws/build/four_ws_control -- -j16 -l16
[1.802s] DEBUG:colcon.colcon_core.event_handler.log_command:Invoking command in '/home/emred/catkin_ws/build/four_ws_control': CMAKE_PREFIX_PATH=${CMAKE_PREFIX_PATH}:/home/emred/catkin_ws/install/traktor:/opt/ros/humble /usr/bin/cmake --install /home/emred/catkin_ws/build/four_ws_control
[1.804s] DEBUG:colcon.colcon_core.event_handler.log_command:Invoking command in '/home/emred/catkin_ws/build/gazebo_simulation': CMAKE_PREFIX_PATH=${CMAKE_PREFIX_PATH}:/home/emred/catkin_ws/install/traktor:/opt/ros/humble /usr/bin/cmake --install /home/emred/catkin_ws/build/gazebo_simulation
[1.813s] Level 1:colcon.colcon_core.environment:create_environment_scripts_only(four_ws_control)
[1.814s] DEBUG:colcon.colcon_core.event_handler.log_command:Invoked command in '/home/emred/catkin_ws/build/four_ws_control' returned '0': CMAKE_PREFIX_PATH=${CMAKE_PREFIX_PATH}:/home/emred/catkin_ws/install/traktor:/opt/ros/humble /usr/bin/cmake --install /home/emred/catkin_ws/build/four_ws_control
[1.842s] Level 1:colcon.colcon_core.environment:checking '/home/emred/catkin_ws/install/four_ws_control' for CMake module files
[1.843s] Level 1:colcon.colcon_core.environment:checking '/home/emred/catkin_ws/install/four_ws_control' for CMake config files
[1.843s] Level 1:colcon.colcon_core.shell:create_environment_hook('four_ws_control', 'cmake_prefix_path')
[1.857s] INFO:colcon.colcon_core.shell:Creating environment hook '/home/emred/catkin_ws/install/four_ws_control/share/four_ws_control/hook/cmake_prefix_path.ps1'
[1.858s] INFO:colcon.colcon_core.shell:Creating environment descriptor '/home/emred/catkin_ws/install/four_ws_control/share/four_ws_control/hook/cmake_prefix_path.dsv'
[1.858s] INFO:colcon.colcon_core.shell:Creating environment hook '/home/emred/catkin_ws/install/four_ws_control/share/four_ws_control/hook/cmake_prefix_path.sh'
[1.858s] Level 1:colcon.colcon_core.environment:checking '/home/emred/catkin_ws/install/four_ws_control/lib'
[1.859s] Level 1:colcon.colcon_core.environment:checking '/home/emred/catkin_ws/install/four_ws_control/bin'
[1.859s] Level 1:colcon.colcon_core.environment:checking '/home/emred/catkin_ws/install/four_ws_control/lib/pkgconfig/four_ws_control.pc'
[1.859s] Level 1:colcon.colcon_core.environment:checking '/home/emred/catkin_ws/install/four_ws_control/lib/python3.10/site-packages'
[1.859s] Level 1:colcon.colcon_core.environment:checking '/home/emred/catkin_ws/install/four_ws_control/bin'
[1.871s] INFO:colcon.colcon_core.shell:Creating package script '/home/emred/catkin_ws/install/four_ws_control/share/four_ws_control/package.ps1'
[1.872s] INFO:colcon.colcon_core.shell:Creating package descriptor '/home/emred/catkin_ws/install/four_ws_control/share/four_ws_control/package.dsv'
[1.873s] INFO:colcon.colcon_core.shell:Creating package script '/home/emred/catkin_ws/install/four_ws_control/share/four_ws_control/package.sh'
[1.873s] INFO:colcon.colcon_core.shell:Creating package script '/home/emred/catkin_ws/install/four_ws_control/share/four_ws_control/package.bash'
[1.874s] INFO:colcon.colcon_core.shell:Creating package script '/home/emred/catkin_ws/install/four_ws_control/share/four_ws_control/package.zsh'
[1.875s] Level 1:colcon.colcon_core.environment:create_file_with_runtime_dependencies(/home/emred/catkin_ws/install/four_ws_control/share/colcon-core/packages/four_ws_control)
[1.877s] Level 1:colcon.colcon_core.environment:create_environment_scripts_only(gazebo_simulation)
[1.877s] DEBUG:colcon.colcon_core.event_handler.log_command:Invoked command in '/home/emred/catkin_ws/build/gazebo_simulation' returned '0': CMAKE_PREFIX_PATH=${CMAKE_PREFIX_PATH}:/home/emred/catkin_ws/install/traktor:/opt/ros/humble /usr/bin/cmake --install /home/emred/catkin_ws/build/gazebo_simulation
[1.890s] Level 1:colcon.colcon_core.environment:checking '/home/emred/catkin_ws/install/gazebo_simulation' for CMake module files
[1.891s] Level 1:colcon.colcon_core.environment:checking '/home/emred/catkin_ws/install/gazebo_simulation' for CMake config files
[1.891s] Level 1:colcon.colcon_core.shell:create_environment_hook('gazebo_simulation', 'cmake_prefix_path')
[1.904s] INFO:colcon.colcon_core.shell:Creating environment hook '/home/emred/catkin_ws/install/gazebo_simulation/share/gazebo_simulation/hook/cmake_prefix_path.ps1'
[1.904s] INFO:colcon.colcon_core.shell:Creating environment descriptor '/home/emred/catkin_ws/install/gazebo_simulation/share/gazebo_simulation/hook/cmake_prefix_path.dsv'
[1.905s] INFO:colcon.colcon_core.shell:Creating environment hook '/home/emred/catkin_ws/install/gazebo_simulation/share/gazebo_simulation/hook/cmake_prefix_path.sh'
[1.905s] Level 1:colcon.colcon_core.environment:checking '/home/emred/catkin_ws/install/gazebo_simulation/lib'
[1.905s] Level 1:colcon.colcon_core.environment:checking '/home/emred/catkin_ws/install/gazebo_simulation/bin'
[1.905s] Level 1:colcon.colcon_core.environment:checking '/home/emred/catkin_ws/install/gazebo_simulation/lib/pkgconfig/gazebo_simulation.pc'
[1.905s] Level 1:colcon.colcon_core.environment:checking '/home/emred/catkin_ws/install/gazebo_simulation/lib/python3.10/site-packages'
[1.906s] Level 1:colcon.colcon_core.environment:checking '/home/emred/catkin_ws/install/gazebo_simulation/bin'
[1.921s] INFO:colcon.colcon_core.shell:Creating package script '/home/emred/catkin_ws/install/gazebo_simulation/share/gazebo_simulation/package.ps1'
[1.921s] INFO:colcon.colcon_core.shell:Creating package descriptor '/home/emred/catkin_ws/install/gazebo_simulation/share/gazebo_simulation/package.dsv'
[1.922s] INFO:colcon.colcon_core.shell:Creating package script '/home/emred/catkin_ws/install/gazebo_simulation/share/gazebo_simulation/package.sh'
[1.922s] INFO:colcon.colcon_core.shell:Creating package script '/home/emred/catkin_ws/install/gazebo_simulation/share/gazebo_simulation/package.bash'
[1.922s] INFO:colcon.colcon_core.shell:Creating package script '/home/emred/catkin_ws/install/gazebo_simulation/share/gazebo_simulation/package.zsh'
[1.922s] Level 1:colcon.colcon_core.environment:create_file_with_runtime_dependencies(/home/emred/catkin_ws/install/gazebo_simulation/share/colcon-core/packages/gazebo_simulation)
[1.937s] Level 1:colcon.colcon_core.environment:create_environment_scripts_only(four_ws_control)
[1.949s] Level 1:colcon.colcon_core.environment:checking '/home/emred/catkin_ws/install/four_ws_control' for CMake module files
[1.950s] Level 1:colcon.colcon_core.environment:checking '/home/emred/catkin_ws/install/four_ws_control' for CMake config files
[1.950s] Level 1:colcon.colcon_core.shell:create_environment_hook('four_ws_control', 'cmake_prefix_path')
[1.962s] INFO:colcon.colcon_core.shell:Creating environment hook '/home/emred/catkin_ws/install/four_ws_control/share/four_ws_control/hook/cmake_prefix_path.ps1'
[1.963s] INFO:colcon.colcon_core.shell:Creating environment descriptor '/home/emred/catkin_ws/install/four_ws_control/share/four_ws_control/hook/cmake_prefix_path.dsv'
[1.963s] INFO:colcon.colcon_core.shell:Creating environment hook '/home/emred/catkin_ws/install/four_ws_control/share/four_ws_control/hook/cmake_prefix_path.sh'
[1.964s] Level 1:colcon.colcon_core.environment:checking '/home/emred/catkin_ws/install/four_ws_control/lib'
[1.964s] Level 1:colcon.colcon_core.environment:checking '/home/emred/catkin_ws/install/four_ws_control/bin'
[1.964s] Level 1:colcon.colcon_core.environment:checking '/home/emred/catkin_ws/install/four_ws_control/lib/pkgconfig/four_ws_control.pc'
[1.964s] Level 1:colcon.colcon_core.environment:checking '/home/emred/catkin_ws/install/four_ws_control/lib/python3.10/site-packages'
[1.964s] Level 1:colcon.colcon_core.environment:checking '/home/emred/catkin_ws/install/four_ws_control/bin'
[1.976s] INFO:colcon.colcon_core.shell:Creating package script '/home/emred/catkin_ws/install/four_ws_control/share/four_ws_control/package.ps1'
[1.977s] INFO:colcon.colcon_core.shell:Creating package descriptor '/home/emred/catkin_ws/install/four_ws_control/share/four_ws_control/package.dsv'
[1.977s] INFO:colcon.colcon_core.shell:Creating package script '/home/emred/catkin_ws/install/four_ws_control/share/four_ws_control/package.sh'
[1.978s] INFO:colcon.colcon_core.shell:Creating package script '/home/emred/catkin_ws/install/four_ws_control/share/four_ws_control/package.bash'
[1.978s] INFO:colcon.colcon_core.shell:Creating package script '/home/emred/catkin_ws/install/four_ws_control/share/four_ws_control/package.zsh'
[1.978s] Level 1:colcon.colcon_core.environment:create_file_with_runtime_dependencies(/home/emred/catkin_ws/install/four_ws_control/share/colcon-core/packages/four_ws_control)
[1.992s] Level 1:colcon.colcon_core.environment:create_environment_scripts_only(gazebo_simulation)
[2.004s] Level 1:colcon.colcon_core.environment:checking '/home/emred/catkin_ws/install/gazebo_simulation' for CMake module files
[2.004s] Level 1:colcon.colcon_core.environment:checking '/home/emred/catkin_ws/install/gazebo_simulation' for CMake config files
[2.005s] Level 1:colcon.colcon_core.shell:create_environment_hook('gazebo_simulation', 'cmake_prefix_path')
[2.018s] INFO:colcon.colcon_core.shell:Creating environment hook '/home/emred/catkin_ws/install/gazebo_simulation/share/gazebo_simulation/hook/cmake_prefix_path.ps1'
[2.018s] INFO:colcon.colcon_core.shell:Creating environment descriptor '/home/emred/catkin_ws/install/gazebo_simulation/share/gazebo_simulation/hook/cmake_prefix_path.dsv'
[2.018s] INFO:colcon.colcon_core.shell:Creating environment hook '/home/emred/catkin_ws/install/gazebo_simulation/share/gazebo_simulation/hook/cmake_prefix_path.sh'
[2.019s] Level 1:colcon.colcon_core.environment:checking '/home/emred/catkin_ws/install/gazebo_simulation/lib'
[2.019s] Level 1:colcon.colcon_core.environment:checking '/home/emred/catkin_ws/install/gazebo_simulation/bin'
[2.019s] Level 1:colcon.colcon_core.environment:checking '/home/emred/catkin_ws/install/gazebo_simulation/lib/pkgconfig/gazebo_simulation.pc'
[2.019s] Level 1:colcon.colcon_core.environment:checking '/home/emred/catkin_ws/install/gazebo_simulation/lib/python3.10/site-packages'
[2.019s] Level 1:colcon.colcon_core.environment:checking '/home/emred/catkin_ws/install/gazebo_simulation/bin'
[2.032s] INFO:colcon.colcon_core.shell:Creating package script '/home/emred/catkin_ws/install/gazebo_simulation/share/gazebo_simulation/package.ps1'
[2.032s] INFO:colcon.colcon_core.shell:Creating package descriptor '/home/emred/catkin_ws/install/gazebo_simulation/share/gazebo_simulation/package.dsv'
[2.032s] INFO:colcon.colcon_core.shell:Creating package script '/home/emred/catkin_ws/install/gazebo_simulation/share/gazebo_simulation/package.sh'
[2.033s] INFO:colcon.colcon_core.shell:Creating package script '/home/emred/catkin_ws/install/gazebo_simulation/share/gazebo_simulation/package.bash'
[2.033s] INFO:colcon.colcon_core.shell:Creating package script '/home/emred/catkin_ws/install/gazebo_simulation/share/gazebo_simulation/package.zsh'
[2.033s] Level 1:colcon.colcon_core.environment:create_file_with_runtime_dependencies(/home/emred/catkin_ws/install/gazebo_simulation/share/colcon-core/packages/gazebo_simulation)
[2.156s] DEBUG:colcon.colcon_core.event_handler.log_command:Invoking command in '/home/emred/catkin_ws/src/traktor': PYTHONPATH=/home/emred/catkin_ws/build/traktor/prefix_override:/home/emred/catkin_ws/install/traktor/lib/python3.10/site-packages:${PYTHONPATH} /usr/bin/python3 setup.py egg_info --egg-base ../../build/traktor build --build-base /home/emred/catkin_ws/build/traktor/build install --record /home/emred/catkin_ws/build/traktor/install.log --single-version-externally-managed
[2.421s] DEBUG:colcon.colcon_core.event_handler.log_command:Invoked command in '/home/emred/catkin_ws/src/traktor' returned '0': PYTHONPATH=/home/emred/catkin_ws/build/traktor/prefix_override:/home/emred/catkin_ws/install/traktor/lib/python3.10/site-packages:${PYTHONPATH} /usr/bin/python3 setup.py egg_info --egg-base ../../build/traktor build --build-base /home/emred/catkin_ws/build/traktor/build install --record /home/emred/catkin_ws/build/traktor/install.log --single-version-externally-managed
[2.456s] Level 1:colcon.colcon_core.environment:checking '/home/emred/catkin_ws/install/traktor' for CMake module files
[2.457s] Level 1:colcon.colcon_core.environment:checking '/home/emred/catkin_ws/install/traktor' for CMake config files
[2.458s] Level 1:colcon.colcon_core.environment:checking '/home/emred/catkin_ws/install/traktor/lib'
[2.459s] Level 1:colcon.colcon_core.environment:checking '/home/emred/catkin_ws/install/traktor/bin'
[2.459s] Level 1:colcon.colcon_core.environment:checking '/home/emred/catkin_ws/install/traktor/lib/pkgconfig/traktor.pc'
[2.459s] Level 1:colcon.colcon_core.environment:checking '/home/emred/catkin_ws/install/traktor/lib/python3.10/site-packages'
[2.459s] Level 1:colcon.colcon_core.shell:create_environment_hook('traktor', 'pythonpath')
[2.497s] INFO:colcon.colcon_core.shell:Creating environment hook '/home/emred/catkin_ws/install/traktor/share/traktor/hook/pythonpath.ps1'
[2.498s] INFO:colcon.colcon_core.shell:Creating environment descriptor '/home/emred/catkin_ws/install/traktor/share/traktor/hook/pythonpath.dsv'
[2.499s] INFO:colcon.colcon_core.shell:Creating environment hook '/home/emred/catkin_ws/install/traktor/share/traktor/hook/pythonpath.sh'
[2.500s] Level 1:colcon.colcon_core.environment:checking '/home/emred/catkin_ws/install/traktor/bin'
[2.500s] Level 1:colcon.colcon_core.environment:create_environment_scripts_only(traktor)
[2.514s] INFO:colcon.colcon_core.shell:Creating package script '/home/emred/catkin_ws/install/traktor/share/traktor/package.ps1'
[2.514s] INFO:colcon.colcon_core.shell:Creating package descriptor '/home/emred/catkin_ws/install/traktor/share/traktor/package.dsv'
[2.514s] INFO:colcon.colcon_core.shell:Creating package script '/home/emred/catkin_ws/install/traktor/share/traktor/package.sh'
[2.515s] INFO:colcon.colcon_core.shell:Creating package script '/home/emred/catkin_ws/install/traktor/share/traktor/package.bash'
[2.515s] INFO:colcon.colcon_core.shell:Creating package script '/home/emred/catkin_ws/install/traktor/share/traktor/package.zsh'
[2.515s] Level 1:colcon.colcon_core.environment:create_file_with_runtime_dependencies(/home/emred/catkin_ws/install/traktor/share/colcon-core/packages/traktor)
[2.515s] DEBUG:colcon.colcon_parallel_executor.executor.parallel:closing loop
[2.516s] DEBUG:colcon.colcon_parallel_executor.executor.parallel:loop closed
[2.516s] DEBUG:colcon.colcon_parallel_executor.executor.parallel:run_until_complete finished with '0'
[2.516s] DEBUG:colcon.colcon_core.event_reactor:joining thread
[2.560s] INFO:colcon.colcon_core.plugin_system:Skipping extension 'colcon_notification.desktop_notification.terminal_notifier': Not used on non-Darwin systems
[2.560s] INFO:colcon.colcon_core.plugin_system:Skipping extension 'colcon_notification.desktop_notification.win32': Not used on non-Windows systems
[2.560s] INFO:colcon.colcon_notification.desktop_notification:Sending desktop notification using 'notify2'
[2.579s] DEBUG:colcon.colcon_core.event_reactor:joined thread
[2.593s] INFO:colcon.colcon_core.shell:Creating prefix script '/home/emred/catkin_ws/install/local_setup.ps1'
[2.594s] INFO:colcon.colcon_core.shell:Creating prefix util module '/home/emred/catkin_ws/install/_local_setup_util_ps1.py'
[2.595s] INFO:colcon.colcon_core.shell:Creating prefix chain script '/home/emred/catkin_ws/install/setup.ps1'
[2.608s] INFO:colcon.colcon_core.shell:Creating prefix script '/home/emred/catkin_ws/install/local_setup.sh'
[2.609s] INFO:colcon.colcon_core.shell:Creating prefix util module '/home/emred/catkin_ws/install/_local_setup_util_sh.py'
[2.609s] INFO:colcon.colcon_core.shell:Creating prefix chain script '/home/emred/catkin_ws/install/setup.sh'
[2.622s] INFO:colcon.colcon_core.shell:Creating prefix script '/home/emred/catkin_ws/install/local_setup.bash'
[2.623s] INFO:colcon.colcon_core.shell:Creating prefix chain script '/home/emred/catkin_ws/install/setup.bash'
[2.636s] INFO:colcon.colcon_core.shell:Creating prefix script '/home/emred/catkin_ws/install/local_setup.zsh'
[2.636s] INFO:colcon.colcon_core.shell:Creating prefix chain script '/home/emred/catkin_ws/install/setup.zsh'
