[0.906s] DEBUG:colcon:Command line arguments: ['/usr/bin/colcon', 'build']
[0.906s] DEBUG:colcon:Parsed command line arguments: Namespace(log_base=None, log_level=None, verb_name='build', build_base='build', install_base='install', merge_install=False, symlink_install=False, test_result_base=None, continue_on_error=False, executor='parallel', parallel_workers=16, event_handlers=None, ignore_user_meta=False, metas=['./colcon.meta'], base_paths=['.'], packages_ignore=None, packages_ignore_regex=None, paths=None, packages_up_to=None, packages_up_to_regex=None, packages_above=None, packages_above_and_dependencies=None, packages_above_depth=None, packages_select_by_dep=None, packages_skip_by_dep=None, packages_skip_up_to=None, packages_select_build_failed=False, packages_skip_build_finished=False, packages_select_test_failures=False, packages_skip_test_passed=False, packages_select=None, packages_skip=None, packages_select_regex=None, packages_skip_regex=None, packages_start=None, packages_end=None, allow_overriding=[], cmake_args=None, cmake_target=None, cmake_target_skip_unavailable=False, cmake_clean_cache=False, cmake_clean_first=False, cmake_force_configure=False, ament_cmake_args=None, catkin_cmake_args=None, catkin_skip_building_tests=False, verb_parser=<colcon_defaults.argument_parser.defaults.DefaultArgumentsDecorator object at 0x7fd8ab4e42b0>, verb_extension=<colcon_core.verb.build.BuildVerb object at 0x7fd8ab4e5b10>, main=<bound method BuildVerb.main of <colcon_core.verb.build.BuildVerb object at 0x7fd8ab4e5b10>>)
[0.960s] Level 1:colcon.colcon_core.package_discovery:discover_packages(colcon_meta) check parameters
[0.960s] Level 1:colcon.colcon_core.package_discovery:discover_packages(recursive) check parameters
[0.960s] Level 1:colcon.colcon_core.package_discovery:discover_packages(ignore) check parameters
[0.960s] Level 1:colcon.colcon_core.package_discovery:discover_packages(path) check parameters
[0.960s] Level 1:colcon.colcon_core.package_discovery:discover_packages(colcon_meta) discover
[0.960s] Level 1:colcon.colcon_core.package_discovery:discover_packages(recursive) discover
[0.960s] INFO:colcon.colcon_core.package_discovery:Crawling recursively for packages in '/home/emred/catkin_ws'
[0.960s] Level 1:colcon.colcon_core.package_identification:_identify(.) by extensions ['ignore', 'ignore_ament_install']
[0.960s] Level 1:colcon.colcon_core.package_identification:_identify(.) by extension 'ignore'
[0.960s] Level 1:colcon.colcon_core.package_identification:_identify(.) by extension 'ignore_ament_install'
[0.960s] Level 1:colcon.colcon_core.package_identification:_identify(.) by extensions ['colcon_pkg']
[0.960s] Level 1:colcon.colcon_core.package_identification:_identify(.) by extension 'colcon_pkg'
[0.961s] Level 1:colcon.colcon_core.package_identification:_identify(.) by extensions ['colcon_meta']
[0.961s] Level 1:colcon.colcon_core.package_identification:_identify(.) by extension 'colcon_meta'
[0.961s] Level 1:colcon.colcon_core.package_identification:_identify(.) by extensions ['ros']
[0.961s] Level 1:colcon.colcon_core.package_identification:_identify(.) by extension 'ros'
[0.970s] Level 1:colcon.colcon_core.package_identification:_identify(.) by extensions ['cmake', 'python']
[0.970s] Level 1:colcon.colcon_core.package_identification:_identify(.) by extension 'cmake'
[0.970s] Level 1:colcon.colcon_core.package_identification:_identify(.) by extension 'python'
[0.970s] Level 1:colcon.colcon_core.package_identification:_identify(.) by extensions ['python_setup_py']
[0.970s] Level 1:colcon.colcon_core.package_identification:_identify(.) by extension 'python_setup_py'
[0.970s] Level 1:colcon.colcon_core.package_identification:_identify(build) by extensions ['ignore', 'ignore_ament_install']
[0.970s] Level 1:colcon.colcon_core.package_identification:_identify(build) by extension 'ignore'
[0.970s] Level 1:colcon.colcon_core.package_identification:_identify(build) ignored
[0.970s] Level 1:colcon.colcon_core.package_identification:_identify(install) by extensions ['ignore', 'ignore_ament_install']
[0.970s] Level 1:colcon.colcon_core.package_identification:_identify(install) by extension 'ignore'
[0.970s] Level 1:colcon.colcon_core.package_identification:_identify(install) ignored
[0.970s] Level 1:colcon.colcon_core.package_identification:_identify(log) by extensions ['ignore', 'ignore_ament_install']
[0.970s] Level 1:colcon.colcon_core.package_identification:_identify(log) by extension 'ignore'
[0.971s] Level 1:colcon.colcon_core.package_identification:_identify(log) ignored
[0.971s] Level 1:colcon.colcon_core.package_identification:_identify(src) by extensions ['ignore', 'ignore_ament_install']
[0.971s] Level 1:colcon.colcon_core.package_identification:_identify(src) by extension 'ignore'
[0.971s] Level 1:colcon.colcon_core.package_identification:_identify(src) by extension 'ignore_ament_install'
[0.971s] Level 1:colcon.colcon_core.package_identification:_identify(src) by extensions ['colcon_pkg']
[0.971s] Level 1:colcon.colcon_core.package_identification:_identify(src) by extension 'colcon_pkg'
[0.971s] Level 1:colcon.colcon_core.package_identification:_identify(src) by extensions ['colcon_meta']
[0.971s] Level 1:colcon.colcon_core.package_identification:_identify(src) by extension 'colcon_meta'
[0.971s] Level 1:colcon.colcon_core.package_identification:_identify(src) by extensions ['ros']
[0.971s] Level 1:colcon.colcon_core.package_identification:_identify(src) by extension 'ros'
[0.971s] Level 1:colcon.colcon_core.package_identification:_identify(src) by extensions ['cmake', 'python']
[0.971s] Level 1:colcon.colcon_core.package_identification:_identify(src) by extension 'cmake'
[0.971s] Level 1:colcon.colcon_core.package_identification:_identify(src) by extension 'python'
[0.971s] Level 1:colcon.colcon_core.package_identification:_identify(src) by extensions ['python_setup_py']
[0.971s] Level 1:colcon.colcon_core.package_identification:_identify(src) by extension 'python_setup_py'
[0.971s] Level 1:colcon.colcon_core.package_identification:_identify(src/four_ws_control) by extensions ['ignore', 'ignore_ament_install']
[0.971s] Level 1:colcon.colcon_core.package_identification:_identify(src/four_ws_control) by extension 'ignore'
[0.971s] Level 1:colcon.colcon_core.package_identification:_identify(src/four_ws_control) by extension 'ignore_ament_install'
[0.971s] Level 1:colcon.colcon_core.package_identification:_identify(src/four_ws_control) by extensions ['colcon_pkg']
[0.971s] Level 1:colcon.colcon_core.package_identification:_identify(src/four_ws_control) by extension 'colcon_pkg'
[0.971s] Level 1:colcon.colcon_core.package_identification:_identify(src/four_ws_control) by extensions ['colcon_meta']
[0.971s] Level 1:colcon.colcon_core.package_identification:_identify(src/four_ws_control) by extension 'colcon_meta'
[0.971s] Level 1:colcon.colcon_core.package_identification:_identify(src/four_ws_control) by extensions ['ros']
[0.971s] Level 1:colcon.colcon_core.package_identification:_identify(src/four_ws_control) by extension 'ros'
[0.973s] DEBUG:colcon.colcon_core.package_identification:Package 'src/four_ws_control' with type 'ros.ament_cmake' and name 'four_ws_control'
[0.974s] Level 1:colcon.colcon_core.package_identification:_identify(src/gazebo_simulation) by extensions ['ignore', 'ignore_ament_install']
[0.974s] Level 1:colcon.colcon_core.package_identification:_identify(src/gazebo_simulation) by extension 'ignore'
[0.974s] Level 1:colcon.colcon_core.package_identification:_identify(src/gazebo_simulation) by extension 'ignore_ament_install'
[0.974s] Level 1:colcon.colcon_core.package_identification:_identify(src/gazebo_simulation) by extensions ['colcon_pkg']
[0.974s] Level 1:colcon.colcon_core.package_identification:_identify(src/gazebo_simulation) by extension 'colcon_pkg'
[0.974s] Level 1:colcon.colcon_core.package_identification:_identify(src/gazebo_simulation) by extensions ['colcon_meta']
[0.974s] Level 1:colcon.colcon_core.package_identification:_identify(src/gazebo_simulation) by extension 'colcon_meta'
[0.974s] Level 1:colcon.colcon_core.package_identification:_identify(src/gazebo_simulation) by extensions ['ros']
[0.974s] Level 1:colcon.colcon_core.package_identification:_identify(src/gazebo_simulation) by extension 'ros'
[0.975s] DEBUG:colcon.colcon_core.package_identification:Package 'src/gazebo_simulation' with type 'ros.ament_cmake' and name 'gazebo_simulation'
[0.975s] Level 1:colcon.colcon_core.package_identification:_identify(src/traktor) by extensions ['ignore', 'ignore_ament_install']
[0.975s] Level 1:colcon.colcon_core.package_identification:_identify(src/traktor) by extension 'ignore'
[0.975s] Level 1:colcon.colcon_core.package_identification:_identify(src/traktor) by extension 'ignore_ament_install'
[0.975s] Level 1:colcon.colcon_core.package_identification:_identify(src/traktor) by extensions ['colcon_pkg']
[0.975s] Level 1:colcon.colcon_core.package_identification:_identify(src/traktor) by extension 'colcon_pkg'
[0.975s] Level 1:colcon.colcon_core.package_identification:_identify(src/traktor) by extensions ['colcon_meta']
[0.975s] Level 1:colcon.colcon_core.package_identification:_identify(src/traktor) by extension 'colcon_meta'
[0.975s] Level 1:colcon.colcon_core.package_identification:_identify(src/traktor) by extensions ['ros']
[0.975s] Level 1:colcon.colcon_core.package_identification:_identify(src/traktor) by extension 'ros'
[0.976s] DEBUG:colcon.colcon_core.package_identification:Package 'src/traktor' with type 'ros.ament_python' and name 'traktor'
[0.976s] Level 1:colcon.colcon_core.package_discovery:discover_packages(recursive) using defaults
[0.976s] Level 1:colcon.colcon_core.package_discovery:discover_packages(ignore) discover
[0.976s] Level 1:colcon.colcon_core.package_discovery:discover_packages(ignore) using defaults
[0.976s] Level 1:colcon.colcon_core.package_discovery:discover_packages(path) discover
[0.976s] Level 1:colcon.colcon_core.package_discovery:discover_packages(path) using defaults
[1.058s] Level 1:colcon.colcon_core.package_discovery:discover_packages(prefix_path) check parameters
[1.059s] Level 1:colcon.colcon_core.package_discovery:discover_packages(prefix_path) discover
[1.085s] DEBUG:colcon.colcon_installed_package_information.package_discovery:Found 1 installed packages in /home/emred/catkin_ws/install
[1.112s] DEBUG:colcon.colcon_installed_package_information.package_discovery:Found 395 installed packages in /opt/ros/humble
[1.113s] Level 1:colcon.colcon_core.package_discovery:discover_packages(prefix_path) using defaults
[1.229s] Level 5:colcon.colcon_core.verb:set package 'four_ws_control' build argument 'cmake_args' from command line to 'None'
[1.229s] Level 5:colcon.colcon_core.verb:set package 'four_ws_control' build argument 'cmake_target' from command line to 'None'
[1.229s] Level 5:colcon.colcon_core.verb:set package 'four_ws_control' build argument 'cmake_target_skip_unavailable' from command line to 'False'
[1.229s] Level 5:colcon.colcon_core.verb:set package 'four_ws_control' build argument 'cmake_clean_cache' from command line to 'False'
[1.229s] Level 5:colcon.colcon_core.verb:set package 'four_ws_control' build argument 'cmake_clean_first' from command line to 'False'
[1.229s] Level 5:colcon.colcon_core.verb:set package 'four_ws_control' build argument 'cmake_force_configure' from command line to 'False'
[1.229s] Level 5:colcon.colcon_core.verb:set package 'four_ws_control' build argument 'ament_cmake_args' from command line to 'None'
[1.229s] Level 5:colcon.colcon_core.verb:set package 'four_ws_control' build argument 'catkin_cmake_args' from command line to 'None'
[1.229s] Level 5:colcon.colcon_core.verb:set package 'four_ws_control' build argument 'catkin_skip_building_tests' from command line to 'False'
[1.229s] DEBUG:colcon.colcon_core.verb:Building package 'four_ws_control' with the following arguments: {'ament_cmake_args': None, 'build_base': '/home/emred/catkin_ws/build/four_ws_control', 'catkin_cmake_args': None, 'catkin_skip_building_tests': False, 'cmake_args': None, 'cmake_clean_cache': False, 'cmake_clean_first': False, 'cmake_force_configure': False, 'cmake_target': None, 'cmake_target_skip_unavailable': False, 'install_base': '/home/emred/catkin_ws/install/four_ws_control', 'merge_install': False, 'path': '/home/emred/catkin_ws/src/four_ws_control', 'symlink_install': False, 'test_result_base': None}
[1.242s] Level 5:colcon.colcon_core.verb:set package 'gazebo_simulation' build argument 'cmake_args' from command line to 'None'
[1.242s] Level 5:colcon.colcon_core.verb:set package 'gazebo_simulation' build argument 'cmake_target' from command line to 'None'
[1.242s] Level 5:colcon.colcon_core.verb:set package 'gazebo_simulation' build argument 'cmake_target_skip_unavailable' from command line to 'False'
[1.242s] Level 5:colcon.colcon_core.verb:set package 'gazebo_simulation' build argument 'cmake_clean_cache' from command line to 'False'
[1.242s] Level 5:colcon.colcon_core.verb:set package 'gazebo_simulation' build argument 'cmake_clean_first' from command line to 'False'
[1.242s] Level 5:colcon.colcon_core.verb:set package 'gazebo_simulation' build argument 'cmake_force_configure' from command line to 'False'
[1.242s] Level 5:colcon.colcon_core.verb:set package 'gazebo_simulation' build argument 'ament_cmake_args' from command line to 'None'
[1.242s] Level 5:colcon.colcon_core.verb:set package 'gazebo_simulation' build argument 'catkin_cmake_args' from command line to 'None'
[1.242s] Level 5:colcon.colcon_core.verb:set package 'gazebo_simulation' build argument 'catkin_skip_building_tests' from command line to 'False'
[1.242s] DEBUG:colcon.colcon_core.verb:Building package 'gazebo_simulation' with the following arguments: {'ament_cmake_args': None, 'build_base': '/home/emred/catkin_ws/build/gazebo_simulation', 'catkin_cmake_args': None, 'catkin_skip_building_tests': False, 'cmake_args': None, 'cmake_clean_cache': False, 'cmake_clean_first': False, 'cmake_force_configure': False, 'cmake_target': None, 'cmake_target_skip_unavailable': False, 'install_base': '/home/emred/catkin_ws/install/gazebo_simulation', 'merge_install': False, 'path': '/home/emred/catkin_ws/src/gazebo_simulation', 'symlink_install': False, 'test_result_base': None}
[1.254s] Level 5:colcon.colcon_core.verb:set package 'traktor' build argument 'cmake_args' from command line to 'None'
[1.255s] Level 5:colcon.colcon_core.verb:set package 'traktor' build argument 'cmake_target' from command line to 'None'
[1.255s] Level 5:colcon.colcon_core.verb:set package 'traktor' build argument 'cmake_target_skip_unavailable' from command line to 'False'
[1.255s] Level 5:colcon.colcon_core.verb:set package 'traktor' build argument 'cmake_clean_cache' from command line to 'False'
[1.255s] Level 5:colcon.colcon_core.verb:set package 'traktor' build argument 'cmake_clean_first' from command line to 'False'
[1.255s] Level 5:colcon.colcon_core.verb:set package 'traktor' build argument 'cmake_force_configure' from command line to 'False'
[1.255s] Level 5:colcon.colcon_core.verb:set package 'traktor' build argument 'ament_cmake_args' from command line to 'None'
[1.255s] Level 5:colcon.colcon_core.verb:set package 'traktor' build argument 'catkin_cmake_args' from command line to 'None'
[1.255s] Level 5:colcon.colcon_core.verb:set package 'traktor' build argument 'catkin_skip_building_tests' from command line to 'False'
[1.255s] DEBUG:colcon.colcon_core.verb:Building package 'traktor' with the following arguments: {'ament_cmake_args': None, 'build_base': '/home/emred/catkin_ws/build/traktor', 'catkin_cmake_args': None, 'catkin_skip_building_tests': False, 'cmake_args': None, 'cmake_clean_cache': False, 'cmake_clean_first': False, 'cmake_force_configure': False, 'cmake_target': None, 'cmake_target_skip_unavailable': False, 'install_base': '/home/emred/catkin_ws/install/traktor', 'merge_install': False, 'path': '/home/emred/catkin_ws/src/traktor', 'symlink_install': False, 'test_result_base': None}
[1.267s] INFO:colcon.colcon_core.executor:Executing jobs using 'parallel' executor
[1.280s] DEBUG:colcon.colcon_parallel_executor.executor.parallel:run_until_complete
[1.280s] INFO:colcon.colcon_ros.task.ament_cmake.build:Building ROS package in '/home/emred/catkin_ws/src/four_ws_control' with build type 'ament_cmake'
[1.280s] INFO:colcon.colcon_cmake.task.cmake.build:Building CMake package in '/home/emred/catkin_ws/src/four_ws_control'
[1.301s] INFO:colcon.colcon_core.plugin_system:Skipping extension 'colcon_core.shell.bat': Not used on non-Windows systems
[1.302s] INFO:colcon.colcon_core.shell:Skip shell extension 'powershell' for command environment: Not usable outside of PowerShell
[1.302s] DEBUG:colcon.colcon_core.shell:Skip shell extension 'dsv' for command environment
[1.342s] INFO:colcon.colcon_ros.task.ament_cmake.build:Building ROS package in '/home/emred/catkin_ws/src/gazebo_simulation' with build type 'ament_cmake'
[1.342s] INFO:colcon.colcon_cmake.task.cmake.build:Building CMake package in '/home/emred/catkin_ws/src/gazebo_simulation'
[1.355s] INFO:colcon.colcon_core.shell:Skip shell extension 'powershell' for command environment: Not usable outside of PowerShell
[1.355s] DEBUG:colcon.colcon_core.shell:Skip shell extension 'dsv' for command environment
[1.397s] INFO:colcon.colcon_ros.task.ament_python.build:Building ROS package in '/home/emred/catkin_ws/src/traktor' with build type 'ament_python'
[1.397s] Level 1:colcon.colcon_core.shell:create_environment_hook('traktor', 'ament_prefix_path')
[1.410s] INFO:colcon.colcon_core.shell:Creating environment hook '/home/emred/catkin_ws/install/traktor/share/traktor/hook/ament_prefix_path.ps1'
[1.411s] INFO:colcon.colcon_core.shell:Creating environment descriptor '/home/emred/catkin_ws/install/traktor/share/traktor/hook/ament_prefix_path.dsv'
[1.411s] INFO:colcon.colcon_core.shell:Creating environment hook '/home/emred/catkin_ws/install/traktor/share/traktor/hook/ament_prefix_path.sh'
[1.424s] INFO:colcon.colcon_core.shell:Skip shell extension 'powershell' for command environment: Not usable outside of PowerShell
[1.424s] DEBUG:colcon.colcon_core.shell:Skip shell extension 'dsv' for command environment
[1.470s] DEBUG:colcon.colcon_core.event_handler.log_command:Invoking command in '/home/emred/catkin_ws/build/four_ws_control': CMAKE_PREFIX_PATH=/home/emred/catkin_ws/install/traktor:/opt/ros/humble /usr/bin/cmake /home/emred/catkin_ws/src/four_ws_control -DCMAKE_INSTALL_PREFIX=/home/emred/catkin_ws/install/four_ws_control
[1.474s] DEBUG:colcon.colcon_core.event_handler.log_command:Invoking command in '/home/emred/catkin_ws/build/gazebo_simulation': CMAKE_PREFIX_PATH=/home/emred/catkin_ws/install/traktor:/opt/ros/humble /usr/bin/cmake /home/emred/catkin_ws/src/gazebo_simulation -DCMAKE_INSTALL_PREFIX=/home/emred/catkin_ws/install/gazebo_simulation
[1.766s] INFO:colcon.colcon_core.task.python.build:Building Python package in '/home/emred/catkin_ws/src/traktor'
[1.783s] INFO:colcon.colcon_core.shell:Skip shell extension 'powershell' for command environment: Not usable outside of PowerShell
[1.783s] DEBUG:colcon.colcon_core.shell:Skip shell extension 'dsv' for command environment
[2.308s] DEBUG:colcon.colcon_core.event_handler.log_command:Invoked command in '/home/emred/catkin_ws/build/four_ws_control' returned '0': CMAKE_PREFIX_PATH=/home/emred/catkin_ws/install/traktor:/opt/ros/humble /usr/bin/cmake /home/emred/catkin_ws/src/four_ws_control -DCMAKE_INSTALL_PREFIX=/home/emred/catkin_ws/install/four_ws_control
[2.310s] DEBUG:colcon.colcon_core.event_handler.log_command:Invoking command in '/home/emred/catkin_ws/build/four_ws_control': CMAKE_PREFIX_PATH=/home/emred/catkin_ws/install/traktor:/opt/ros/humble /usr/bin/cmake --build /home/emred/catkin_ws/build/four_ws_control -- -j16 -l16
[2.314s] DEBUG:colcon.colcon_core.event_handler.log_command:Invoking command in '/home/emred/catkin_ws/src/traktor': PYTHONPATH=/home/emred/catkin_ws/build/traktor/prefix_override:/home/emred/catkin_ws/install/traktor/lib/python3.10/site-packages:${PYTHONPATH} /usr/bin/python3 setup.py egg_info --egg-base ../../build/traktor build --build-base /home/emred/catkin_ws/build/traktor/build install --record /home/emred/catkin_ws/build/traktor/install.log --single-version-externally-managed
[2.356s] DEBUG:colcon.colcon_core.event_handler.log_command:Invoked command in '/home/emred/catkin_ws/build/four_ws_control' returned '0': CMAKE_PREFIX_PATH=/home/emred/catkin_ws/install/traktor:/opt/ros/humble /usr/bin/cmake --build /home/emred/catkin_ws/build/four_ws_control -- -j16 -l16
[2.394s] DEBUG:colcon.colcon_core.event_handler.log_command:Invoking command in '/home/emred/catkin_ws/build/four_ws_control': CMAKE_PREFIX_PATH=/home/emred/catkin_ws/install/traktor:/opt/ros/humble /usr/bin/cmake --install /home/emred/catkin_ws/build/four_ws_control
[2.407s] Level 1:colcon.colcon_core.environment:create_environment_scripts_only(four_ws_control)
[2.408s] DEBUG:colcon.colcon_core.event_handler.log_command:Invoked command in '/home/emred/catkin_ws/build/four_ws_control' returned '0': CMAKE_PREFIX_PATH=/home/emred/catkin_ws/install/traktor:/opt/ros/humble /usr/bin/cmake --install /home/emred/catkin_ws/build/four_ws_control
[2.426s] Level 1:colcon.colcon_core.environment:checking '/home/emred/catkin_ws/install/four_ws_control' for CMake module files
[2.427s] Level 1:colcon.colcon_core.environment:checking '/home/emred/catkin_ws/install/four_ws_control' for CMake config files
[2.427s] Level 1:colcon.colcon_core.shell:create_environment_hook('four_ws_control', 'cmake_prefix_path')
[2.440s] INFO:colcon.colcon_core.shell:Creating environment hook '/home/emred/catkin_ws/install/four_ws_control/share/four_ws_control/hook/cmake_prefix_path.ps1'
[2.440s] INFO:colcon.colcon_core.shell:Creating environment descriptor '/home/emred/catkin_ws/install/four_ws_control/share/four_ws_control/hook/cmake_prefix_path.dsv'
[2.440s] INFO:colcon.colcon_core.shell:Creating environment hook '/home/emred/catkin_ws/install/four_ws_control/share/four_ws_control/hook/cmake_prefix_path.sh'
[2.441s] Level 1:colcon.colcon_core.environment:checking '/home/emred/catkin_ws/install/four_ws_control/lib'
[2.441s] Level 1:colcon.colcon_core.environment:checking '/home/emred/catkin_ws/install/four_ws_control/bin'
[2.441s] Level 1:colcon.colcon_core.environment:checking '/home/emred/catkin_ws/install/four_ws_control/lib/pkgconfig/four_ws_control.pc'
[2.441s] Level 1:colcon.colcon_core.environment:checking '/home/emred/catkin_ws/install/four_ws_control/lib/python3.10/site-packages'
[2.442s] Level 1:colcon.colcon_core.environment:checking '/home/emred/catkin_ws/install/four_ws_control/bin'
[2.454s] INFO:colcon.colcon_core.shell:Creating package script '/home/emred/catkin_ws/install/four_ws_control/share/four_ws_control/package.ps1'
[2.455s] INFO:colcon.colcon_core.shell:Creating package descriptor '/home/emred/catkin_ws/install/four_ws_control/share/four_ws_control/package.dsv'
[2.456s] INFO:colcon.colcon_core.shell:Creating package script '/home/emred/catkin_ws/install/four_ws_control/share/four_ws_control/package.sh'
[2.456s] INFO:colcon.colcon_core.shell:Creating package script '/home/emred/catkin_ws/install/four_ws_control/share/four_ws_control/package.bash'
[2.457s] INFO:colcon.colcon_core.shell:Creating package script '/home/emred/catkin_ws/install/four_ws_control/share/four_ws_control/package.zsh'
[2.458s] Level 1:colcon.colcon_core.environment:create_file_with_runtime_dependencies(/home/emred/catkin_ws/install/four_ws_control/share/colcon-core/packages/four_ws_control)
[2.503s] Level 1:colcon.colcon_core.environment:create_environment_scripts_only(four_ws_control)
[2.515s] Level 1:colcon.colcon_core.environment:checking '/home/emred/catkin_ws/install/four_ws_control' for CMake module files
[2.516s] Level 1:colcon.colcon_core.environment:checking '/home/emred/catkin_ws/install/four_ws_control' for CMake config files
[2.516s] Level 1:colcon.colcon_core.shell:create_environment_hook('four_ws_control', 'cmake_prefix_path')
[2.529s] INFO:colcon.colcon_core.shell:Creating environment hook '/home/emred/catkin_ws/install/four_ws_control/share/four_ws_control/hook/cmake_prefix_path.ps1'
[2.529s] INFO:colcon.colcon_core.shell:Creating environment descriptor '/home/emred/catkin_ws/install/four_ws_control/share/four_ws_control/hook/cmake_prefix_path.dsv'
[2.530s] INFO:colcon.colcon_core.shell:Creating environment hook '/home/emred/catkin_ws/install/four_ws_control/share/four_ws_control/hook/cmake_prefix_path.sh'
[2.530s] Level 1:colcon.colcon_core.environment:checking '/home/emred/catkin_ws/install/four_ws_control/lib'
[2.530s] Level 1:colcon.colcon_core.environment:checking '/home/emred/catkin_ws/install/four_ws_control/bin'
[2.530s] Level 1:colcon.colcon_core.environment:checking '/home/emred/catkin_ws/install/four_ws_control/lib/pkgconfig/four_ws_control.pc'
[2.530s] Level 1:colcon.colcon_core.environment:checking '/home/emred/catkin_ws/install/four_ws_control/lib/python3.10/site-packages'
[2.531s] Level 1:colcon.colcon_core.environment:checking '/home/emred/catkin_ws/install/four_ws_control/bin'
[2.546s] INFO:colcon.colcon_core.shell:Creating package script '/home/emred/catkin_ws/install/four_ws_control/share/four_ws_control/package.ps1'
[2.547s] INFO:colcon.colcon_core.shell:Creating package descriptor '/home/emred/catkin_ws/install/four_ws_control/share/four_ws_control/package.dsv'
[2.547s] INFO:colcon.colcon_core.shell:Creating package script '/home/emred/catkin_ws/install/four_ws_control/share/four_ws_control/package.sh'
[2.547s] INFO:colcon.colcon_core.shell:Creating package script '/home/emred/catkin_ws/install/four_ws_control/share/four_ws_control/package.bash'
[2.548s] INFO:colcon.colcon_core.shell:Creating package script '/home/emred/catkin_ws/install/four_ws_control/share/four_ws_control/package.zsh'
[2.548s] Level 1:colcon.colcon_core.environment:create_file_with_runtime_dependencies(/home/emred/catkin_ws/install/four_ws_control/share/colcon-core/packages/four_ws_control)
[2.590s] DEBUG:colcon.colcon_core.event_handler.log_command:Invoked command in '/home/emred/catkin_ws/src/traktor' returned '0': PYTHONPATH=/home/emred/catkin_ws/build/traktor/prefix_override:/home/emred/catkin_ws/install/traktor/lib/python3.10/site-packages:${PYTHONPATH} /usr/bin/python3 setup.py egg_info --egg-base ../../build/traktor build --build-base /home/emred/catkin_ws/build/traktor/build install --record /home/emred/catkin_ws/build/traktor/install.log --single-version-externally-managed
[2.623s] Level 1:colcon.colcon_core.environment:checking '/home/emred/catkin_ws/install/traktor' for CMake module files
[2.624s] Level 1:colcon.colcon_core.environment:checking '/home/emred/catkin_ws/install/traktor' for CMake config files
[2.625s] Level 1:colcon.colcon_core.environment:checking '/home/emred/catkin_ws/install/traktor/lib'
[2.626s] Level 1:colcon.colcon_core.environment:checking '/home/emred/catkin_ws/install/traktor/bin'
[2.626s] Level 1:colcon.colcon_core.environment:checking '/home/emred/catkin_ws/install/traktor/lib/pkgconfig/traktor.pc'
[2.626s] Level 1:colcon.colcon_core.environment:checking '/home/emred/catkin_ws/install/traktor/lib/python3.10/site-packages'
[2.626s] Level 1:colcon.colcon_core.shell:create_environment_hook('traktor', 'pythonpath')
[2.655s] INFO:colcon.colcon_core.shell:Creating environment hook '/home/emred/catkin_ws/install/traktor/share/traktor/hook/pythonpath.ps1'
[2.655s] INFO:colcon.colcon_core.shell:Creating environment descriptor '/home/emred/catkin_ws/install/traktor/share/traktor/hook/pythonpath.dsv'
[2.655s] INFO:colcon.colcon_core.shell:Creating environment hook '/home/emred/catkin_ws/install/traktor/share/traktor/hook/pythonpath.sh'
[2.656s] Level 1:colcon.colcon_core.environment:checking '/home/emred/catkin_ws/install/traktor/bin'
[2.656s] Level 1:colcon.colcon_core.environment:create_environment_scripts_only(traktor)
[2.668s] INFO:colcon.colcon_core.shell:Creating package script '/home/emred/catkin_ws/install/traktor/share/traktor/package.ps1'
[2.669s] INFO:colcon.colcon_core.shell:Creating package descriptor '/home/emred/catkin_ws/install/traktor/share/traktor/package.dsv'
[2.669s] INFO:colcon.colcon_core.shell:Creating package script '/home/emred/catkin_ws/install/traktor/share/traktor/package.sh'
[2.669s] INFO:colcon.colcon_core.shell:Creating package script '/home/emred/catkin_ws/install/traktor/share/traktor/package.bash'
[2.670s] INFO:colcon.colcon_core.shell:Creating package script '/home/emred/catkin_ws/install/traktor/share/traktor/package.zsh'
[2.670s] Level 1:colcon.colcon_core.environment:create_file_with_runtime_dependencies(/home/emred/catkin_ws/install/traktor/share/colcon-core/packages/traktor)
[4.887s] DEBUG:colcon.colcon_core.event_handler.log_command:Invoked command in '/home/emred/catkin_ws/build/gazebo_simulation' returned '0': CMAKE_PREFIX_PATH=/home/emred/catkin_ws/install/traktor:/opt/ros/humble /usr/bin/cmake /home/emred/catkin_ws/src/gazebo_simulation -DCMAKE_INSTALL_PREFIX=/home/emred/catkin_ws/install/gazebo_simulation
[4.890s] DEBUG:colcon.colcon_core.event_handler.log_command:Invoking command in '/home/emred/catkin_ws/build/gazebo_simulation': CMAKE_PREFIX_PATH=/home/emred/catkin_ws/install/traktor:/opt/ros/humble /usr/bin/cmake --build /home/emred/catkin_ws/build/gazebo_simulation -- -j16 -l16
[4.983s] DEBUG:colcon.colcon_core.event_handler.log_command:Invoked command in '/home/emred/catkin_ws/build/gazebo_simulation' returned '0': CMAKE_PREFIX_PATH=/home/emred/catkin_ws/install/traktor:/opt/ros/humble /usr/bin/cmake --build /home/emred/catkin_ws/build/gazebo_simulation -- -j16 -l16
[5.044s] DEBUG:colcon.colcon_core.event_handler.log_command:Invoking command in '/home/emred/catkin_ws/build/gazebo_simulation': CMAKE_PREFIX_PATH=/home/emred/catkin_ws/install/traktor:/opt/ros/humble /usr/bin/cmake --install /home/emred/catkin_ws/build/gazebo_simulation
[5.275s] Level 1:colcon.colcon_core.environment:create_environment_scripts_only(gazebo_simulation)
[5.276s] DEBUG:colcon.colcon_core.event_handler.log_command:Invoked command in '/home/emred/catkin_ws/build/gazebo_simulation' returned '0': CMAKE_PREFIX_PATH=/home/emred/catkin_ws/install/traktor:/opt/ros/humble /usr/bin/cmake --install /home/emred/catkin_ws/build/gazebo_simulation
[5.314s] Level 1:colcon.colcon_core.environment:checking '/home/emred/catkin_ws/install/gazebo_simulation' for CMake module files
[5.315s] Level 1:colcon.colcon_core.environment:checking '/home/emred/catkin_ws/install/gazebo_simulation' for CMake config files
[5.317s] Level 1:colcon.colcon_core.shell:create_environment_hook('gazebo_simulation', 'cmake_prefix_path')
[5.352s] INFO:colcon.colcon_core.shell:Creating environment hook '/home/emred/catkin_ws/install/gazebo_simulation/share/gazebo_simulation/hook/cmake_prefix_path.ps1'
[5.353s] INFO:colcon.colcon_core.shell:Creating environment descriptor '/home/emred/catkin_ws/install/gazebo_simulation/share/gazebo_simulation/hook/cmake_prefix_path.dsv'
[5.354s] INFO:colcon.colcon_core.shell:Creating environment hook '/home/emred/catkin_ws/install/gazebo_simulation/share/gazebo_simulation/hook/cmake_prefix_path.sh'
[5.355s] Level 1:colcon.colcon_core.environment:checking '/home/emred/catkin_ws/install/gazebo_simulation/lib'
[5.355s] Level 1:colcon.colcon_core.environment:checking '/home/emred/catkin_ws/install/gazebo_simulation/bin'
[5.355s] Level 1:colcon.colcon_core.environment:checking '/home/emred/catkin_ws/install/gazebo_simulation/lib/pkgconfig/gazebo_simulation.pc'
[5.355s] Level 1:colcon.colcon_core.environment:checking '/home/emred/catkin_ws/install/gazebo_simulation/lib/python3.10/site-packages'
[5.356s] Level 1:colcon.colcon_core.environment:checking '/home/emred/catkin_ws/install/gazebo_simulation/bin'
[5.376s] INFO:colcon.colcon_core.shell:Creating package script '/home/emred/catkin_ws/install/gazebo_simulation/share/gazebo_simulation/package.ps1'
[5.376s] INFO:colcon.colcon_core.shell:Creating package descriptor '/home/emred/catkin_ws/install/gazebo_simulation/share/gazebo_simulation/package.dsv'
[5.377s] INFO:colcon.colcon_core.shell:Creating package script '/home/emred/catkin_ws/install/gazebo_simulation/share/gazebo_simulation/package.sh'
[5.377s] INFO:colcon.colcon_core.shell:Creating package script '/home/emred/catkin_ws/install/gazebo_simulation/share/gazebo_simulation/package.bash'
[5.378s] INFO:colcon.colcon_core.shell:Creating package script '/home/emred/catkin_ws/install/gazebo_simulation/share/gazebo_simulation/package.zsh'
[5.378s] Level 1:colcon.colcon_core.environment:create_file_with_runtime_dependencies(/home/emred/catkin_ws/install/gazebo_simulation/share/colcon-core/packages/gazebo_simulation)
[5.454s] Level 1:colcon.colcon_core.environment:create_environment_scripts_only(gazebo_simulation)
[5.483s] Level 1:colcon.colcon_core.environment:checking '/home/emred/catkin_ws/install/gazebo_simulation' for CMake module files
[5.483s] Level 1:colcon.colcon_core.environment:checking '/home/emred/catkin_ws/install/gazebo_simulation' for CMake config files
[5.484s] Level 1:colcon.colcon_core.shell:create_environment_hook('gazebo_simulation', 'cmake_prefix_path')
[5.496s] INFO:colcon.colcon_core.shell:Creating environment hook '/home/emred/catkin_ws/install/gazebo_simulation/share/gazebo_simulation/hook/cmake_prefix_path.ps1'
[5.496s] INFO:colcon.colcon_core.shell:Creating environment descriptor '/home/emred/catkin_ws/install/gazebo_simulation/share/gazebo_simulation/hook/cmake_prefix_path.dsv'
[5.497s] INFO:colcon.colcon_core.shell:Creating environment hook '/home/emred/catkin_ws/install/gazebo_simulation/share/gazebo_simulation/hook/cmake_prefix_path.sh'
[5.497s] Level 1:colcon.colcon_core.environment:checking '/home/emred/catkin_ws/install/gazebo_simulation/lib'
[5.497s] Level 1:colcon.colcon_core.environment:checking '/home/emred/catkin_ws/install/gazebo_simulation/bin'
[5.497s] Level 1:colcon.colcon_core.environment:checking '/home/emred/catkin_ws/install/gazebo_simulation/lib/pkgconfig/gazebo_simulation.pc'
[5.497s] Level 1:colcon.colcon_core.environment:checking '/home/emred/catkin_ws/install/gazebo_simulation/lib/python3.10/site-packages'
[5.498s] Level 1:colcon.colcon_core.environment:checking '/home/emred/catkin_ws/install/gazebo_simulation/bin'
[5.510s] INFO:colcon.colcon_core.shell:Creating package script '/home/emred/catkin_ws/install/gazebo_simulation/share/gazebo_simulation/package.ps1'
[5.511s] INFO:colcon.colcon_core.shell:Creating package descriptor '/home/emred/catkin_ws/install/gazebo_simulation/share/gazebo_simulation/package.dsv'
[5.511s] INFO:colcon.colcon_core.shell:Creating package script '/home/emred/catkin_ws/install/gazebo_simulation/share/gazebo_simulation/package.sh'
[5.511s] INFO:colcon.colcon_core.shell:Creating package script '/home/emred/catkin_ws/install/gazebo_simulation/share/gazebo_simulation/package.bash'
[5.511s] INFO:colcon.colcon_core.shell:Creating package script '/home/emred/catkin_ws/install/gazebo_simulation/share/gazebo_simulation/package.zsh'
[5.512s] Level 1:colcon.colcon_core.environment:create_file_with_runtime_dependencies(/home/emred/catkin_ws/install/gazebo_simulation/share/colcon-core/packages/gazebo_simulation)
[5.512s] DEBUG:colcon.colcon_parallel_executor.executor.parallel:closing loop
[5.512s] DEBUG:colcon.colcon_parallel_executor.executor.parallel:loop closed
[5.512s] DEBUG:colcon.colcon_parallel_executor.executor.parallel:run_until_complete finished with '0'
[5.512s] DEBUG:colcon.colcon_core.event_reactor:joining thread
[5.549s] INFO:colcon.colcon_core.plugin_system:Skipping extension 'colcon_notification.desktop_notification.terminal_notifier': Not used on non-Darwin systems
[5.549s] INFO:colcon.colcon_core.plugin_system:Skipping extension 'colcon_notification.desktop_notification.win32': Not used on non-Windows systems
[5.549s] INFO:colcon.colcon_notification.desktop_notification:Sending desktop notification using 'notify2'
[5.576s] DEBUG:colcon.colcon_core.event_reactor:joined thread
[5.589s] INFO:colcon.colcon_core.shell:Creating prefix script '/home/emred/catkin_ws/install/local_setup.ps1'
[5.590s] INFO:colcon.colcon_core.shell:Creating prefix util module '/home/emred/catkin_ws/install/_local_setup_util_ps1.py'
[5.591s] INFO:colcon.colcon_core.shell:Creating prefix chain script '/home/emred/catkin_ws/install/setup.ps1'
[5.604s] INFO:colcon.colcon_core.shell:Creating prefix script '/home/emred/catkin_ws/install/local_setup.sh'
[5.605s] INFO:colcon.colcon_core.shell:Creating prefix util module '/home/emred/catkin_ws/install/_local_setup_util_sh.py'
[5.605s] INFO:colcon.colcon_core.shell:Creating prefix chain script '/home/emred/catkin_ws/install/setup.sh'
[5.619s] INFO:colcon.colcon_core.shell:Creating prefix script '/home/emred/catkin_ws/install/local_setup.bash'
[5.619s] INFO:colcon.colcon_core.shell:Creating prefix chain script '/home/emred/catkin_ws/install/setup.bash'
[5.632s] INFO:colcon.colcon_core.shell:Creating prefix script '/home/emred/catkin_ws/install/local_setup.zsh'
[5.633s] INFO:colcon.colcon_core.shell:Creating prefix chain script '/home/emred/catkin_ws/install/setup.zsh'
