-- Install configuration: ""
-- Up-to-date: /home/emred/catkin_ws/install/beetle_navigation2/share/beetle_navigation2/src
-- Up-to-date: /home/emred/catkin_ws/install/beetle_navigation2/share/beetle_navigation2/src/.gitkeep
-- Up-to-date: /home/emred/catkin_ws/install/beetle_navigation2/share/beetle_navigation2/launch
-- Up-to-date: /home/emred/catkin_ws/install/beetle_navigation2/share/beetle_navigation2/launch/driver.launch.py
-- Up-to-date: /home/emred/catkin_ws/install/beetle_navigation2/share/beetle_navigation2/launch/bringup.launch.py
-- Up-to-date: /home/emred/catkin_ws/install/beetle_navigation2/share/beetle_navigation2/launch/localization.launch.py
-- Up-to-date: /home/emred/catkin_ws/install/beetle_navigation2/share/beetle_navigation2/rviz
-- Up-to-date: /home/emred/catkin_ws/install/beetle_navigation2/share/beetle_navigation2/rviz/default_view.rviz
-- Up-to-date: /home/emred/catkin_ws/install/beetle_navigation2/share/beetle_navigation2/config
-- Up-to-date: /home/emred/catkin_ws/install/beetle_navigation2/share/beetle_navigation2/config/navigation_params.yaml
-- Up-to-date: /home/emred/catkin_ws/install/beetle_navigation2/share/beetle_navigation2/maps
-- Up-to-date: /home/emred/catkin_ws/install/beetle_navigation2/share/beetle_navigation2/maps/map.pgm
-- Up-to-date: /home/emred/catkin_ws/install/beetle_navigation2/share/beetle_navigation2/maps/map.pgm.bk
-- Up-to-date: /home/emred/catkin_ws/install/beetle_navigation2/share/beetle_navigation2/maps/map.yaml
-- Up-to-date: /home/emred/catkin_ws/install/beetle_navigation2/share/beetle_navigation2/behavior_trees
-- Up-to-date: /home/emred/catkin_ws/install/beetle_navigation2/share/beetle_navigation2/behavior_trees/navigate_to_pose_w_replanning_and_recovery.xml
-- Up-to-date: /home/emred/catkin_ws/install/beetle_navigation2/share/beetle_navigation2/behavior_trees/navigate_through_poses_w_replanning_and_recovery.xml
-- Up-to-date: /home/emred/catkin_ws/install/beetle_navigation2/share/ament_index/resource_index/package_run_dependencies/beetle_navigation2
-- Up-to-date: /home/emred/catkin_ws/install/beetle_navigation2/share/ament_index/resource_index/parent_prefix_path/beetle_navigation2
-- Up-to-date: /home/emred/catkin_ws/install/beetle_navigation2/share/beetle_navigation2/environment/ament_prefix_path.sh
-- Up-to-date: /home/emred/catkin_ws/install/beetle_navigation2/share/beetle_navigation2/environment/ament_prefix_path.dsv
-- Up-to-date: /home/emred/catkin_ws/install/beetle_navigation2/share/beetle_navigation2/environment/path.sh
-- Up-to-date: /home/emred/catkin_ws/install/beetle_navigation2/share/beetle_navigation2/environment/path.dsv
-- Up-to-date: /home/emred/catkin_ws/install/beetle_navigation2/share/beetle_navigation2/local_setup.bash
-- Up-to-date: /home/emred/catkin_ws/install/beetle_navigation2/share/beetle_navigation2/local_setup.sh
-- Up-to-date: /home/emred/catkin_ws/install/beetle_navigation2/share/beetle_navigation2/local_setup.zsh
-- Up-to-date: /home/emred/catkin_ws/install/beetle_navigation2/share/beetle_navigation2/local_setup.dsv
-- Up-to-date: /home/emred/catkin_ws/install/beetle_navigation2/share/beetle_navigation2/package.dsv
-- Up-to-date: /home/emred/catkin_ws/install/beetle_navigation2/share/ament_index/resource_index/packages/beetle_navigation2
-- Up-to-date: /home/emred/catkin_ws/install/beetle_navigation2/share/beetle_navigation2/cmake/beetle_navigation2Config.cmake
-- Up-to-date: /home/emred/catkin_ws/install/beetle_navigation2/share/beetle_navigation2/cmake/beetle_navigation2Config-version.cmake
-- Up-to-date: /home/emred/catkin_ws/install/beetle_navigation2/share/beetle_navigation2/package.xml
