[0.081s] Invoking command in '/home/emred/catkin_ws/build/beetle_navigation2': CMAKE_PREFIX_PATH=/home/emred/catkin_ws/install/beetle_msg_forwarder:/home/emred/catkin_ws/install/beetle_gazebo:/home/emred/catkin_ws/install/map_odom_static_broadcaster:/home/emred/catkin_ws/install/beetle_msgs:/home/emred/catkin_ws/install/beetle_description:/home/emred/catkin_ws/install/ackermann_drive_controller:/home/emred/catkin_ws/install/beetle_navigation2:/home/emred/catkin_ws/install/gazebo_simulation:/home/emred/catkin_ws/install/four_ws_control:/home/emred/catkin_ws/install/traktor:/home/emred/catkin_ws/install/beetle_evaluation:/opt/ros/humble LD_LIBRARY_PATH=/home/emred/catkin_ws/install/beetle_msgs/lib:/home/emred/catkin_ws/install/ackermann_drive_controller/lib:/usr/lib/x86_64-linux-gnu/gazebo-11/plugins:/opt/ros/humble/opt/rviz_ogre_vendor/lib:/opt/ros/humble/lib/x86_64-linux-gnu:/opt/ros/humble/lib:/usr/share/gazebo/../../lib/x86_64-linux-gnu/gazebo-11/plugins /usr/bin/cmake --build /home/emred/catkin_ws/build/beetle_navigation2 -- -j16 -l16
[0.130s] Invoked command in '/home/emred/catkin_ws/build/beetle_navigation2' returned '0': CMAKE_PREFIX_PATH=/home/emred/catkin_ws/install/beetle_msg_forwarder:/home/emred/catkin_ws/install/beetle_gazebo:/home/emred/catkin_ws/install/map_odom_static_broadcaster:/home/emred/catkin_ws/install/beetle_msgs:/home/emred/catkin_ws/install/beetle_description:/home/emred/catkin_ws/install/ackermann_drive_controller:/home/emred/catkin_ws/install/beetle_navigation2:/home/emred/catkin_ws/install/gazebo_simulation:/home/emred/catkin_ws/install/four_ws_control:/home/emred/catkin_ws/install/traktor:/home/emred/catkin_ws/install/beetle_evaluation:/opt/ros/humble LD_LIBRARY_PATH=/home/emred/catkin_ws/install/beetle_msgs/lib:/home/emred/catkin_ws/install/ackermann_drive_controller/lib:/usr/lib/x86_64-linux-gnu/gazebo-11/plugins:/opt/ros/humble/opt/rviz_ogre_vendor/lib:/opt/ros/humble/lib/x86_64-linux-gnu:/opt/ros/humble/lib:/usr/share/gazebo/../../lib/x86_64-linux-gnu/gazebo-11/plugins /usr/bin/cmake --build /home/emred/catkin_ws/build/beetle_navigation2 -- -j16 -l16
[0.163s] Invoking command in '/home/emred/catkin_ws/build/beetle_navigation2': CMAKE_PREFIX_PATH=/home/emred/catkin_ws/install/beetle_msg_forwarder:/home/emred/catkin_ws/install/beetle_gazebo:/home/emred/catkin_ws/install/map_odom_static_broadcaster:/home/emred/catkin_ws/install/beetle_msgs:/home/emred/catkin_ws/install/beetle_description:/home/emred/catkin_ws/install/ackermann_drive_controller:/home/emred/catkin_ws/install/beetle_navigation2:/home/emred/catkin_ws/install/gazebo_simulation:/home/emred/catkin_ws/install/four_ws_control:/home/emred/catkin_ws/install/traktor:/home/emred/catkin_ws/install/beetle_evaluation:/opt/ros/humble LD_LIBRARY_PATH=/home/emred/catkin_ws/install/beetle_msgs/lib:/home/emred/catkin_ws/install/ackermann_drive_controller/lib:/usr/lib/x86_64-linux-gnu/gazebo-11/plugins:/opt/ros/humble/opt/rviz_ogre_vendor/lib:/opt/ros/humble/lib/x86_64-linux-gnu:/opt/ros/humble/lib:/usr/share/gazebo/../../lib/x86_64-linux-gnu/gazebo-11/plugins /usr/bin/cmake --install /home/emred/catkin_ws/build/beetle_navigation2
[0.171s] -- Install configuration: ""
[0.172s] -- Up-to-date: /home/emred/catkin_ws/install/beetle_navigation2/share/beetle_navigation2/src
[0.172s] -- Up-to-date: /home/emred/catkin_ws/install/beetle_navigation2/share/beetle_navigation2/src/.gitkeep
[0.172s] -- Up-to-date: /home/emred/catkin_ws/install/beetle_navigation2/share/beetle_navigation2/launch
[0.172s] -- Up-to-date: /home/emred/catkin_ws/install/beetle_navigation2/share/beetle_navigation2/launch/driver.launch.py
[0.173s] -- Up-to-date: /home/emred/catkin_ws/install/beetle_navigation2/share/beetle_navigation2/launch/bringup.launch.py
[0.173s] -- Up-to-date: /home/emred/catkin_ws/install/beetle_navigation2/share/beetle_navigation2/launch/localization.launch.py
[0.173s] -- Up-to-date: /home/emred/catkin_ws/install/beetle_navigation2/share/beetle_navigation2/rviz
[0.173s] -- Up-to-date: /home/emred/catkin_ws/install/beetle_navigation2/share/beetle_navigation2/rviz/default_view.rviz
[0.173s] -- Up-to-date: /home/emred/catkin_ws/install/beetle_navigation2/share/beetle_navigation2/config
[0.173s] -- Up-to-date: /home/emred/catkin_ws/install/beetle_navigation2/share/beetle_navigation2/config/navigation_params.yaml
[0.173s] -- Up-to-date: /home/emred/catkin_ws/install/beetle_navigation2/share/beetle_navigation2/maps
[0.173s] -- Up-to-date: /home/emred/catkin_ws/install/beetle_navigation2/share/beetle_navigation2/maps/map.pgm
[0.173s] -- Up-to-date: /home/emred/catkin_ws/install/beetle_navigation2/share/beetle_navigation2/maps/map.pgm.bk
[0.173s] -- Up-to-date: /home/emred/catkin_ws/install/beetle_navigation2/share/beetle_navigation2/maps/map.yaml
[0.173s] -- Up-to-date: /home/emred/catkin_ws/install/beetle_navigation2/share/beetle_navigation2/behavior_trees
[0.173s] -- Up-to-date: /home/emred/catkin_ws/install/beetle_navigation2/share/beetle_navigation2/behavior_trees/navigate_to_pose_w_replanning_and_recovery.xml
[0.174s] -- Up-to-date: /home/emred/catkin_ws/install/beetle_navigation2/share/beetle_navigation2/behavior_trees/navigate_through_poses_w_replanning_and_recovery.xml
[0.174s] -- Up-to-date: /home/emred/catkin_ws/install/beetle_navigation2/share/ament_index/resource_index/package_run_dependencies/beetle_navigation2
[0.174s] -- Up-to-date: /home/emred/catkin_ws/install/beetle_navigation2/share/ament_index/resource_index/parent_prefix_path/beetle_navigation2
[0.174s] -- Up-to-date: /home/emred/catkin_ws/install/beetle_navigation2/share/beetle_navigation2/environment/ament_prefix_path.sh
[0.174s] -- Up-to-date: /home/emred/catkin_ws/install/beetle_navigation2/share/beetle_navigation2/environment/ament_prefix_path.dsv
[0.174s] -- Up-to-date: /home/emred/catkin_ws/install/beetle_navigation2/share/beetle_navigation2/environment/path.sh
[0.174s] -- Up-to-date: /home/emred/catkin_ws/install/beetle_navigation2/share/beetle_navigation2/environment/path.dsv
[0.174s] -- Up-to-date: /home/emred/catkin_ws/install/beetle_navigation2/share/beetle_navigation2/local_setup.bash
[0.174s] -- Up-to-date: /home/emred/catkin_ws/install/beetle_navigation2/share/beetle_navigation2/local_setup.sh
[0.175s] -- Up-to-date: /home/emred/catkin_ws/install/beetle_navigation2/share/beetle_navigation2/local_setup.zsh
[0.175s] -- Up-to-date: /home/emred/catkin_ws/install/beetle_navigation2/share/beetle_navigation2/local_setup.dsv
[0.175s] -- Up-to-date: /home/emred/catkin_ws/install/beetle_navigation2/share/beetle_navigation2/package.dsv
[0.176s] -- Up-to-date: /home/emred/catkin_ws/install/beetle_navigation2/share/ament_index/resource_index/packages/beetle_navigation2
[0.176s] -- Up-to-date: /home/emred/catkin_ws/install/beetle_navigation2/share/beetle_navigation2/cmake/beetle_navigation2Config.cmake
[0.176s] -- Up-to-date: /home/emred/catkin_ws/install/beetle_navigation2/share/beetle_navigation2/cmake/beetle_navigation2Config-version.cmake
[0.176s] -- Up-to-date: /home/emred/catkin_ws/install/beetle_navigation2/share/beetle_navigation2/package.xml
[0.176s] Invoked command in '/home/emred/catkin_ws/build/beetle_navigation2' returned '0': CMAKE_PREFIX_PATH=/home/emred/catkin_ws/install/beetle_msg_forwarder:/home/emred/catkin_ws/install/beetle_gazebo:/home/emred/catkin_ws/install/map_odom_static_broadcaster:/home/emred/catkin_ws/install/beetle_msgs:/home/emred/catkin_ws/install/beetle_description:/home/emred/catkin_ws/install/ackermann_drive_controller:/home/emred/catkin_ws/install/beetle_navigation2:/home/emred/catkin_ws/install/gazebo_simulation:/home/emred/catkin_ws/install/four_ws_control:/home/emred/catkin_ws/install/traktor:/home/emred/catkin_ws/install/beetle_evaluation:/opt/ros/humble LD_LIBRARY_PATH=/home/emred/catkin_ws/install/beetle_msgs/lib:/home/emred/catkin_ws/install/ackermann_drive_controller/lib:/usr/lib/x86_64-linux-gnu/gazebo-11/plugins:/opt/ros/humble/opt/rviz_ogre_vendor/lib:/opt/ros/humble/lib/x86_64-linux-gnu:/opt/ros/humble/lib:/usr/share/gazebo/../../lib/x86_64-linux-gnu/gazebo-11/plugins /usr/bin/cmake --install /home/emred/catkin_ws/build/beetle_navigation2
