[0.206s] Invoking command in '/home/emred/catkin_ws/build/beetle_msg_forwarder': CMAKE_PREFIX_PATH=/home/emred/catkin_ws/install/beetle_msgs:/home/emred/catkin_ws/install/beetle_navigation2:/home/emred/catkin_ws/install/map_odom_static_broadcaster:/home/emred/catkin_ws/install/gazebo_simulation:/home/emred/catkin_ws/install/four_ws_control:/home/emred/catkin_ws/install/beetle_msg_forwarder:/home/emred/catkin_ws/install/beetle_gazebo:/home/emred/catkin_ws/install/beetle_description:/home/emred/catkin_ws/install/ackermann_drive_controller:/home/emred/catkin_ws/install/traktor:/home/emred/catkin_ws/install/beetle_evaluation:/opt/ros/humble LD_LIBRARY_PATH=/home/emred/catkin_ws/install/beetle_msgs/lib:/home/emred/catkin_ws/install/ackermann_drive_controller/lib:/usr/lib/x86_64-linux-gnu/gazebo-11/plugins:/opt/ros/humble/opt/rviz_ogre_vendor/lib:/opt/ros/humble/lib/x86_64-linux-gnu:/opt/ros/humble/lib:/usr/share/gazebo/../../lib/x86_64-linux-gnu/gazebo-11/plugins /usr/bin/cmake --build /home/emred/catkin_ws/build/beetle_msg_forwarder -- -j16 -l16
[0.260s] [35m[1mConsolidate compiler generated dependencies of target beetle_msg_forwarder[0m
[0.285s] [100%] Built target beetle_msg_forwarder
[0.315s] Invoked command in '/home/emred/catkin_ws/build/beetle_msg_forwarder' returned '0': CMAKE_PREFIX_PATH=/home/emred/catkin_ws/install/beetle_msgs:/home/emred/catkin_ws/install/beetle_navigation2:/home/emred/catkin_ws/install/map_odom_static_broadcaster:/home/emred/catkin_ws/install/gazebo_simulation:/home/emred/catkin_ws/install/four_ws_control:/home/emred/catkin_ws/install/beetle_msg_forwarder:/home/emred/catkin_ws/install/beetle_gazebo:/home/emred/catkin_ws/install/beetle_description:/home/emred/catkin_ws/install/ackermann_drive_controller:/home/emred/catkin_ws/install/traktor:/home/emred/catkin_ws/install/beetle_evaluation:/opt/ros/humble LD_LIBRARY_PATH=/home/emred/catkin_ws/install/beetle_msgs/lib:/home/emred/catkin_ws/install/ackermann_drive_controller/lib:/usr/lib/x86_64-linux-gnu/gazebo-11/plugins:/opt/ros/humble/opt/rviz_ogre_vendor/lib:/opt/ros/humble/lib/x86_64-linux-gnu:/opt/ros/humble/lib:/usr/share/gazebo/../../lib/x86_64-linux-gnu/gazebo-11/plugins /usr/bin/cmake --build /home/emred/catkin_ws/build/beetle_msg_forwarder -- -j16 -l16
[0.350s] Invoking command in '/home/emred/catkin_ws/build/beetle_msg_forwarder': CMAKE_PREFIX_PATH=/home/emred/catkin_ws/install/beetle_msgs:/home/emred/catkin_ws/install/beetle_navigation2:/home/emred/catkin_ws/install/map_odom_static_broadcaster:/home/emred/catkin_ws/install/gazebo_simulation:/home/emred/catkin_ws/install/four_ws_control:/home/emred/catkin_ws/install/beetle_msg_forwarder:/home/emred/catkin_ws/install/beetle_gazebo:/home/emred/catkin_ws/install/beetle_description:/home/emred/catkin_ws/install/ackermann_drive_controller:/home/emred/catkin_ws/install/traktor:/home/emred/catkin_ws/install/beetle_evaluation:/opt/ros/humble LD_LIBRARY_PATH=/home/emred/catkin_ws/install/beetle_msgs/lib:/home/emred/catkin_ws/install/ackermann_drive_controller/lib:/usr/lib/x86_64-linux-gnu/gazebo-11/plugins:/opt/ros/humble/opt/rviz_ogre_vendor/lib:/opt/ros/humble/lib/x86_64-linux-gnu:/opt/ros/humble/lib:/usr/share/gazebo/../../lib/x86_64-linux-gnu/gazebo-11/plugins /usr/bin/cmake --install /home/emred/catkin_ws/build/beetle_msg_forwarder
[0.360s] -- Install configuration: ""
[0.360s] -- Up-to-date: /home/emred/catkin_ws/install/beetle_msg_forwarder/lib/beetle_msg_forwarder/beetle_msg_forwarder
[0.360s] -- Up-to-date: /home/emred/catkin_ws/install/beetle_msg_forwarder/share/ament_index/resource_index/package_run_dependencies/beetle_msg_forwarder
[0.361s] -- Up-to-date: /home/emred/catkin_ws/install/beetle_msg_forwarder/share/ament_index/resource_index/parent_prefix_path/beetle_msg_forwarder
[0.361s] -- Up-to-date: /home/emred/catkin_ws/install/beetle_msg_forwarder/share/beetle_msg_forwarder/environment/ament_prefix_path.sh
[0.361s] -- Up-to-date: /home/emred/catkin_ws/install/beetle_msg_forwarder/share/beetle_msg_forwarder/environment/ament_prefix_path.dsv
[0.361s] -- Up-to-date: /home/emred/catkin_ws/install/beetle_msg_forwarder/share/beetle_msg_forwarder/environment/path.sh
[0.361s] -- Up-to-date: /home/emred/catkin_ws/install/beetle_msg_forwarder/share/beetle_msg_forwarder/environment/path.dsv
[0.361s] -- Up-to-date: /home/emred/catkin_ws/install/beetle_msg_forwarder/share/beetle_msg_forwarder/local_setup.bash
[0.361s] -- Up-to-date: /home/emred/catkin_ws/install/beetle_msg_forwarder/share/beetle_msg_forwarder/local_setup.sh
[0.361s] -- Up-to-date: /home/emred/catkin_ws/install/beetle_msg_forwarder/share/beetle_msg_forwarder/local_setup.zsh
[0.361s] -- Up-to-date: /home/emred/catkin_ws/install/beetle_msg_forwarder/share/beetle_msg_forwarder/local_setup.dsv
[0.361s] -- Installing: /home/emred/catkin_ws/install/beetle_msg_forwarder/share/beetle_msg_forwarder/package.dsv
[0.361s] -- Up-to-date: /home/emred/catkin_ws/install/beetle_msg_forwarder/share/ament_index/resource_index/packages/beetle_msg_forwarder
[0.362s] -- Up-to-date: /home/emred/catkin_ws/install/beetle_msg_forwarder/share/beetle_msg_forwarder/cmake/beetle_msg_forwarderConfig.cmake
[0.362s] -- Up-to-date: /home/emred/catkin_ws/install/beetle_msg_forwarder/share/beetle_msg_forwarder/cmake/beetle_msg_forwarderConfig-version.cmake
[0.362s] -- Up-to-date: /home/emred/catkin_ws/install/beetle_msg_forwarder/share/beetle_msg_forwarder/package.xml
[0.364s] Invoked command in '/home/emred/catkin_ws/build/beetle_msg_forwarder' returned '0': CMAKE_PREFIX_PATH=/home/emred/catkin_ws/install/beetle_msgs:/home/emred/catkin_ws/install/beetle_navigation2:/home/emred/catkin_ws/install/map_odom_static_broadcaster:/home/emred/catkin_ws/install/gazebo_simulation:/home/emred/catkin_ws/install/four_ws_control:/home/emred/catkin_ws/install/beetle_msg_forwarder:/home/emred/catkin_ws/install/beetle_gazebo:/home/emred/catkin_ws/install/beetle_description:/home/emred/catkin_ws/install/ackermann_drive_controller:/home/emred/catkin_ws/install/traktor:/home/emred/catkin_ws/install/beetle_evaluation:/opt/ros/humble LD_LIBRARY_PATH=/home/emred/catkin_ws/install/beetle_msgs/lib:/home/emred/catkin_ws/install/ackermann_drive_controller/lib:/usr/lib/x86_64-linux-gnu/gazebo-11/plugins:/opt/ros/humble/opt/rviz_ogre_vendor/lib:/opt/ros/humble/lib/x86_64-linux-gnu:/opt/ros/humble/lib:/usr/share/gazebo/../../lib/x86_64-linux-gnu/gazebo-11/plugins /usr/bin/cmake --install /home/emred/catkin_ws/build/beetle_msg_forwarder
