[0.129s] Invoking command in '/home/emred/catkin_ws/build/beetle_gazebo': CMAKE_PREFIX_PATH=/home/emred/catkin_ws/install/beetle_description:/home/emred/catkin_ws/install/ackermann_drive_controller:/home/emred/catkin_ws/install/beetle_navigation2:/home/emred/catkin_ws/install/map_odom_static_broadcaster:/home/emred/catkin_ws/install/gazebo_simulation:/home/emred/catkin_ws/install/four_ws_control:/home/emred/catkin_ws/install/beetle_msg_forwarder:/home/emred/catkin_ws/install/beetle_msgs:/home/emred/catkin_ws/install/beetle_gazebo:/home/emred/catkin_ws/install/traktor:/home/emred/catkin_ws/install/beetle_evaluation:/opt/ros/humble LD_LIBRARY_PATH=/home/emred/catkin_ws/install/ackermann_drive_controller/lib:/home/emred/catkin_ws/install/beetle_msgs/lib:/usr/lib/x86_64-linux-gnu/gazebo-11/plugins:/opt/ros/humble/opt/rviz_ogre_vendor/lib:/opt/ros/humble/lib/x86_64-linux-gnu:/opt/ros/humble/lib:/usr/share/gazebo/../../lib/x86_64-linux-gnu/gazebo-11/plugins /usr/bin/cmake --build /home/emred/catkin_ws/build/beetle_gazebo -- -j16 -l16
[0.177s] Invoked command in '/home/emred/catkin_ws/build/beetle_gazebo' returned '0': CMAKE_PREFIX_PATH=/home/emred/catkin_ws/install/beetle_description:/home/emred/catkin_ws/install/ackermann_drive_controller:/home/emred/catkin_ws/install/beetle_navigation2:/home/emred/catkin_ws/install/map_odom_static_broadcaster:/home/emred/catkin_ws/install/gazebo_simulation:/home/emred/catkin_ws/install/four_ws_control:/home/emred/catkin_ws/install/beetle_msg_forwarder:/home/emred/catkin_ws/install/beetle_msgs:/home/emred/catkin_ws/install/beetle_gazebo:/home/emred/catkin_ws/install/traktor:/home/emred/catkin_ws/install/beetle_evaluation:/opt/ros/humble LD_LIBRARY_PATH=/home/emred/catkin_ws/install/ackermann_drive_controller/lib:/home/emred/catkin_ws/install/beetle_msgs/lib:/usr/lib/x86_64-linux-gnu/gazebo-11/plugins:/opt/ros/humble/opt/rviz_ogre_vendor/lib:/opt/ros/humble/lib/x86_64-linux-gnu:/opt/ros/humble/lib:/usr/share/gazebo/../../lib/x86_64-linux-gnu/gazebo-11/plugins /usr/bin/cmake --build /home/emred/catkin_ws/build/beetle_gazebo -- -j16 -l16
[0.349s] Invoking command in '/home/emred/catkin_ws/build/beetle_gazebo': CMAKE_PREFIX_PATH=/home/emred/catkin_ws/install/beetle_description:/home/emred/catkin_ws/install/ackermann_drive_controller:/home/emred/catkin_ws/install/beetle_navigation2:/home/emred/catkin_ws/install/map_odom_static_broadcaster:/home/emred/catkin_ws/install/gazebo_simulation:/home/emred/catkin_ws/install/four_ws_control:/home/emred/catkin_ws/install/beetle_msg_forwarder:/home/emred/catkin_ws/install/beetle_msgs:/home/emred/catkin_ws/install/beetle_gazebo:/home/emred/catkin_ws/install/traktor:/home/emred/catkin_ws/install/beetle_evaluation:/opt/ros/humble LD_LIBRARY_PATH=/home/emred/catkin_ws/install/ackermann_drive_controller/lib:/home/emred/catkin_ws/install/beetle_msgs/lib:/usr/lib/x86_64-linux-gnu/gazebo-11/plugins:/opt/ros/humble/opt/rviz_ogre_vendor/lib:/opt/ros/humble/lib/x86_64-linux-gnu:/opt/ros/humble/lib:/usr/share/gazebo/../../lib/x86_64-linux-gnu/gazebo-11/plugins /usr/bin/cmake --install /home/emred/catkin_ws/build/beetle_gazebo
[0.426s] -- Install configuration: ""
[0.426s] -- Up-to-date: /home/emred/catkin_ws/install/beetle_gazebo/share/beetle_gazebo/src
[0.426s] -- Up-to-date: /home/emred/catkin_ws/install/beetle_gazebo/share/beetle_gazebo/src/.gitkeep
[0.426s] -- Up-to-date: /home/emred/catkin_ws/install/beetle_gazebo/share/beetle_gazebo/launch
[0.426s] -- Up-to-date: /home/emred/catkin_ws/install/beetle_gazebo/share/beetle_gazebo/launch/robot.launch.py
[0.426s] -- Up-to-date: /home/emred/catkin_ws/install/beetle_gazebo/share/beetle_gazebo/rviz
[0.426s] -- Up-to-date: /home/emred/catkin_ws/install/beetle_gazebo/share/beetle_gazebo/rviz/default_view.rviz
[0.426s] -- Up-to-date: /home/emred/catkin_ws/install/beetle_gazebo/share/beetle_gazebo/config
[0.427s] -- Up-to-date: /home/emred/catkin_ws/install/beetle_gazebo/share/beetle_gazebo/config/ackermann_controller.yaml
[0.427s] -- Up-to-date: /home/emred/catkin_ws/install/beetle_gazebo/share/beetle_gazebo/worlds
[0.427s] -- Up-to-date: /home/emred/catkin_ws/install/beetle_gazebo/share/beetle_gazebo/worlds/ctu_college_of_tech_workshop.world
[0.427s] -- Up-to-date: /home/emred/catkin_ws/install/beetle_gazebo/share/beetle_gazebo/worlds/empty.world
[0.427s] -- Up-to-date: /home/emred/catkin_ws/install/beetle_gazebo/share/ament_index/resource_index/package_run_dependencies/beetle_gazebo
[0.427s] -- Up-to-date: /home/emred/catkin_ws/install/beetle_gazebo/share/ament_index/resource_index/parent_prefix_path/beetle_gazebo
[0.427s] -- Up-to-date: /home/emred/catkin_ws/install/beetle_gazebo/share/beetle_gazebo/environment/ament_prefix_path.sh
[0.427s] -- Up-to-date: /home/emred/catkin_ws/install/beetle_gazebo/share/beetle_gazebo/environment/ament_prefix_path.dsv
[0.427s] -- Up-to-date: /home/emred/catkin_ws/install/beetle_gazebo/share/beetle_gazebo/environment/path.sh
[0.428s] -- Up-to-date: /home/emred/catkin_ws/install/beetle_gazebo/share/beetle_gazebo/environment/path.dsv
[0.428s] -- Up-to-date: /home/emred/catkin_ws/install/beetle_gazebo/share/beetle_gazebo/local_setup.bash
[0.428s] -- Up-to-date: /home/emred/catkin_ws/install/beetle_gazebo/share/beetle_gazebo/local_setup.sh
[0.428s] -- Up-to-date: /home/emred/catkin_ws/install/beetle_gazebo/share/beetle_gazebo/local_setup.zsh
[0.428s] -- Up-to-date: /home/emred/catkin_ws/install/beetle_gazebo/share/beetle_gazebo/local_setup.dsv
[0.428s] -- Up-to-date: /home/emred/catkin_ws/install/beetle_gazebo/share/beetle_gazebo/package.dsv
[0.428s] -- Up-to-date: /home/emred/catkin_ws/install/beetle_gazebo/share/ament_index/resource_index/packages/beetle_gazebo
[0.428s] -- Up-to-date: /home/emred/catkin_ws/install/beetle_gazebo/share/beetle_gazebo/cmake/beetle_gazeboConfig.cmake
[0.428s] -- Up-to-date: /home/emred/catkin_ws/install/beetle_gazebo/share/beetle_gazebo/cmake/beetle_gazeboConfig-version.cmake
[0.428s] -- Up-to-date: /home/emred/catkin_ws/install/beetle_gazebo/share/beetle_gazebo/package.xml
[0.581s] Invoked command in '/home/emred/catkin_ws/build/beetle_gazebo' returned '0': CMAKE_PREFIX_PATH=/home/emred/catkin_ws/install/beetle_description:/home/emred/catkin_ws/install/ackermann_drive_controller:/home/emred/catkin_ws/install/beetle_navigation2:/home/emred/catkin_ws/install/map_odom_static_broadcaster:/home/emred/catkin_ws/install/gazebo_simulation:/home/emred/catkin_ws/install/four_ws_control:/home/emred/catkin_ws/install/beetle_msg_forwarder:/home/emred/catkin_ws/install/beetle_msgs:/home/emred/catkin_ws/install/beetle_gazebo:/home/emred/catkin_ws/install/traktor:/home/emred/catkin_ws/install/beetle_evaluation:/opt/ros/humble LD_LIBRARY_PATH=/home/emred/catkin_ws/install/ackermann_drive_controller/lib:/home/emred/catkin_ws/install/beetle_msgs/lib:/usr/lib/x86_64-linux-gnu/gazebo-11/plugins:/opt/ros/humble/opt/rviz_ogre_vendor/lib:/opt/ros/humble/lib/x86_64-linux-gnu:/opt/ros/humble/lib:/usr/share/gazebo/../../lib/x86_64-linux-gnu/gazebo-11/plugins /usr/bin/cmake --install /home/emred/catkin_ws/build/beetle_gazebo
