[0.059s] Invoking command in '/home/emred/ack_drive/build/my_robot_bringup': AMENT_PREFIX_PATH=/home/emred/ack_drive/install/my_robot_description:${AMENT_PREFIX_PATH} CMAKE_PREFIX_PATH=/home/emred/ack_drive/install/my_robot_description:/home/emred/tas-gps/install/my_robot_bringup:/home/emred/tas-gps/install/my_robot_description:/home/emred/tas-gps/install/moveon_control:/opt/ros/humble /usr/bin/cmake --build /home/emred/ack_drive/build/my_robot_bringup -- -j16 -l16
[0.117s] Invoked command in '/home/emred/ack_drive/build/my_robot_bringup' returned '0': AMENT_PREFIX_PATH=/home/emred/ack_drive/install/my_robot_description:${AMENT_PREFIX_PATH} CMAKE_PREFIX_PATH=/home/emred/ack_drive/install/my_robot_description:/home/emred/tas-gps/install/my_robot_bringup:/home/emred/tas-gps/install/my_robot_description:/home/emred/tas-gps/install/moveon_control:/opt/ros/humble /usr/bin/cmake --build /home/emred/ack_drive/build/my_robot_bringup -- -j16 -l16
[0.149s] Invoking command in '/home/emred/ack_drive/build/my_robot_bringup': AMENT_PREFIX_PATH=/home/emred/ack_drive/install/my_robot_description:${AMENT_PREFIX_PATH} CMAKE_PREFIX_PATH=/home/emred/ack_drive/install/my_robot_description:/home/emred/tas-gps/install/my_robot_bringup:/home/emred/tas-gps/install/my_robot_description:/home/emred/tas-gps/install/moveon_control:/opt/ros/humble /usr/bin/cmake --install /home/emred/ack_drive/build/my_robot_bringup
[0.158s] -- Install configuration: ""
[0.158s] -- Up-to-date: /home/emred/ack_drive/install/my_robot_bringup/share/my_robot_bringup//launch
[0.158s] -- Up-to-date: /home/emred/ack_drive/install/my_robot_bringup/share/my_robot_bringup//launch/my_robot_gazebo.launch.xml
[0.158s] -- Up-to-date: /home/emred/ack_drive/install/my_robot_bringup/share/my_robot_bringup//rviz
[0.159s] -- Up-to-date: /home/emred/ack_drive/install/my_robot_bringup/share/my_robot_bringup//rviz/urdf_config.rviz
[0.159s] -- Up-to-date: /home/emred/ack_drive/install/my_robot_bringup/share/my_robot_bringup//worlds
[0.159s] -- Up-to-date: /home/emred/ack_drive/install/my_robot_bringup/share/my_robot_bringup//worlds/test_world.world
[0.159s] -- Up-to-date: /home/emred/ack_drive/install/my_robot_bringup/share/ament_index/resource_index/package_run_dependencies/my_robot_bringup
[0.159s] -- Up-to-date: /home/emred/ack_drive/install/my_robot_bringup/share/ament_index/resource_index/parent_prefix_path/my_robot_bringup
[0.159s] -- Up-to-date: /home/emred/ack_drive/install/my_robot_bringup/share/my_robot_bringup/environment/ament_prefix_path.sh
[0.159s] -- Up-to-date: /home/emred/ack_drive/install/my_robot_bringup/share/my_robot_bringup/environment/ament_prefix_path.dsv
[0.159s] -- Up-to-date: /home/emred/ack_drive/install/my_robot_bringup/share/my_robot_bringup/environment/path.sh
[0.160s] -- Up-to-date: /home/emred/ack_drive/install/my_robot_bringup/share/my_robot_bringup/environment/path.dsv
[0.160s] -- Up-to-date: /home/emred/ack_drive/install/my_robot_bringup/share/my_robot_bringup/local_setup.bash
[0.160s] -- Up-to-date: /home/emred/ack_drive/install/my_robot_bringup/share/my_robot_bringup/local_setup.sh
[0.160s] -- Up-to-date: /home/emred/ack_drive/install/my_robot_bringup/share/my_robot_bringup/local_setup.zsh
[0.160s] -- Up-to-date: /home/emred/ack_drive/install/my_robot_bringup/share/my_robot_bringup/local_setup.dsv
[0.160s] -- Up-to-date: /home/emred/ack_drive/install/my_robot_bringup/share/my_robot_bringup/package.dsv
[0.160s] -- Up-to-date: /home/emred/ack_drive/install/my_robot_bringup/share/ament_index/resource_index/packages/my_robot_bringup
[0.160s] -- Up-to-date: /home/emred/ack_drive/install/my_robot_bringup/share/my_robot_bringup/cmake/my_robot_bringupConfig.cmake
[0.160s] -- Up-to-date: /home/emred/ack_drive/install/my_robot_bringup/share/my_robot_bringup/cmake/my_robot_bringupConfig-version.cmake
[0.161s] -- Up-to-date: /home/emred/ack_drive/install/my_robot_bringup/share/my_robot_bringup/package.xml
[0.161s] Invoked command in '/home/emred/ack_drive/build/my_robot_bringup' returned '0': AMENT_PREFIX_PATH=/home/emred/ack_drive/install/my_robot_description:${AMENT_PREFIX_PATH} CMAKE_PREFIX_PATH=/home/emred/ack_drive/install/my_robot_description:/home/emred/tas-gps/install/my_robot_bringup:/home/emred/tas-gps/install/my_robot_description:/home/emred/tas-gps/install/moveon_control:/opt/ros/humble /usr/bin/cmake --install /home/emred/ack_drive/build/my_robot_bringup
