[0.083s] Invoking command in '/home/emred/catkin_ws/build/beetle_navigation2': AMENT_PREFIX_PATH=/home/emred/catkin_ws/install/beetle_msg_forwarder:/home/emred/catkin_ws/install/beetle_gazebo:/home/emred/catkin_ws/install/map_odom_static_broadcaster:/home/emred/catkin_ws/install/beetle_msgs:/home/emred/catkin_ws/install/beetle_description:/home/emred/catkin_ws/install/ackermann_drive_controller:${AMENT_PREFIX_PATH} CMAKE_PREFIX_PATH=/home/emred/catkin_ws/install/beetle_msg_forwarder:/home/emred/catkin_ws/install/beetle_gazebo:/home/emred/catkin_ws/install/map_odom_static_broadcaster:/home/emred/catkin_ws/install/beetle_msgs:/home/emred/catkin_ws/install/beetle_description:/home/emred/catkin_ws/install/ackermann_drive_controller:/home/emred/catkin_ws/install/gazebo_simulation:/home/emred/catkin_ws/install/four_ws_control:/home/emred/catkin_ws/install/traktor:/opt/ros/humble LD_LIBRARY_PATH=/home/emred/catkin_ws/install/beetle_msgs/lib:/home/emred/catkin_ws/install/ackermann_drive_controller/lib:/usr/lib/x86_64-linux-gnu/gazebo-11/plugins:/opt/ros/humble/opt/rviz_ogre_vendor/lib:/opt/ros/humble/lib/x86_64-linux-gnu:/opt/ros/humble/lib:/usr/share/gazebo/../../lib/x86_64-linux-gnu/gazebo-11/plugins PYTHONPATH=/home/emred/catkin_ws/install/beetle_msgs/local/lib/python3.10/dist-packages:${PYTHONPATH} /usr/bin/cmake /home/emred/catkin_ws/src/beetle/beetle_navigation2 -DCMAKE_INSTALL_PREFIX=/home/emred/catkin_ws/install/beetle_navigation2
[0.166s] -- The C compiler identification is GNU 11.4.0
[0.237s] -- The CXX compiler identification is GNU 11.4.0
[0.244s] -- Detecting C compiler ABI info
[0.356s] -- Detecting C compiler ABI info - done
[0.371s] -- Check for working C compiler: /usr/bin/cc - skipped
[0.372s] -- Detecting C compile features
[0.372s] -- Detecting C compile features - done
[0.380s] -- Detecting CXX compiler ABI info
[0.513s] -- Detecting CXX compiler ABI info - done
[0.530s] -- Check for working CXX compiler: /usr/bin/c++ - skipped
[0.530s] -- Detecting CXX compile features
[0.532s] -- Detecting CXX compile features - done
[0.541s] -- Found ament_cmake: 1.3.7 (/opt/ros/humble/share/ament_cmake/cmake)
[0.850s] -- Found Python3: /usr/bin/python3.10 (found version "3.10.12") found components: Interpreter 
[1.042s] -- Found ament_lint_auto: 0.12.10 (/opt/ros/humble/share/ament_lint_auto/cmake)
[1.154s] -- Added test 'flake8' to check Python code syntax and style conventions
[1.155s] -- Added test 'lint_cmake' to check CMake code style
[1.155s] -- Added test 'pep257' to check Python code against some of the docstring style conventions in PEP 257
[1.157s] -- Added test 'xmllint' to check XML markup files
[1.158s] -- Configuring done
[1.168s] -- Generating done
[1.168s] -- Build files have been written to: /home/emred/catkin_ws/build/beetle_navigation2
[1.174s] Invoked command in '/home/emred/catkin_ws/build/beetle_navigation2' returned '0': AMENT_PREFIX_PATH=/home/emred/catkin_ws/install/beetle_msg_forwarder:/home/emred/catkin_ws/install/beetle_gazebo:/home/emred/catkin_ws/install/map_odom_static_broadcaster:/home/emred/catkin_ws/install/beetle_msgs:/home/emred/catkin_ws/install/beetle_description:/home/emred/catkin_ws/install/ackermann_drive_controller:${AMENT_PREFIX_PATH} CMAKE_PREFIX_PATH=/home/emred/catkin_ws/install/beetle_msg_forwarder:/home/emred/catkin_ws/install/beetle_gazebo:/home/emred/catkin_ws/install/map_odom_static_broadcaster:/home/emred/catkin_ws/install/beetle_msgs:/home/emred/catkin_ws/install/beetle_description:/home/emred/catkin_ws/install/ackermann_drive_controller:/home/emred/catkin_ws/install/gazebo_simulation:/home/emred/catkin_ws/install/four_ws_control:/home/emred/catkin_ws/install/traktor:/opt/ros/humble LD_LIBRARY_PATH=/home/emred/catkin_ws/install/beetle_msgs/lib:/home/emred/catkin_ws/install/ackermann_drive_controller/lib:/usr/lib/x86_64-linux-gnu/gazebo-11/plugins:/opt/ros/humble/opt/rviz_ogre_vendor/lib:/opt/ros/humble/lib/x86_64-linux-gnu:/opt/ros/humble/lib:/usr/share/gazebo/../../lib/x86_64-linux-gnu/gazebo-11/plugins PYTHONPATH=/home/emred/catkin_ws/install/beetle_msgs/local/lib/python3.10/dist-packages:${PYTHONPATH} /usr/bin/cmake /home/emred/catkin_ws/src/beetle/beetle_navigation2 -DCMAKE_INSTALL_PREFIX=/home/emred/catkin_ws/install/beetle_navigation2
[1.176s] Invoking command in '/home/emred/catkin_ws/build/beetle_navigation2': AMENT_PREFIX_PATH=/home/emred/catkin_ws/install/beetle_msg_forwarder:/home/emred/catkin_ws/install/beetle_gazebo:/home/emred/catkin_ws/install/map_odom_static_broadcaster:/home/emred/catkin_ws/install/beetle_msgs:/home/emred/catkin_ws/install/beetle_description:/home/emred/catkin_ws/install/ackermann_drive_controller:${AMENT_PREFIX_PATH} CMAKE_PREFIX_PATH=/home/emred/catkin_ws/install/beetle_msg_forwarder:/home/emred/catkin_ws/install/beetle_gazebo:/home/emred/catkin_ws/install/map_odom_static_broadcaster:/home/emred/catkin_ws/install/beetle_msgs:/home/emred/catkin_ws/install/beetle_description:/home/emred/catkin_ws/install/ackermann_drive_controller:/home/emred/catkin_ws/install/gazebo_simulation:/home/emred/catkin_ws/install/four_ws_control:/home/emred/catkin_ws/install/traktor:/opt/ros/humble LD_LIBRARY_PATH=/home/emred/catkin_ws/install/beetle_msgs/lib:/home/emred/catkin_ws/install/ackermann_drive_controller/lib:/usr/lib/x86_64-linux-gnu/gazebo-11/plugins:/opt/ros/humble/opt/rviz_ogre_vendor/lib:/opt/ros/humble/lib/x86_64-linux-gnu:/opt/ros/humble/lib:/usr/share/gazebo/../../lib/x86_64-linux-gnu/gazebo-11/plugins PYTHONPATH=/home/emred/catkin_ws/install/beetle_msgs/local/lib/python3.10/dist-packages:${PYTHONPATH} /usr/bin/cmake --build /home/emred/catkin_ws/build/beetle_navigation2 -- -j16 -l16
[1.262s] Invoked command in '/home/emred/catkin_ws/build/beetle_navigation2' returned '0': AMENT_PREFIX_PATH=/home/emred/catkin_ws/install/beetle_msg_forwarder:/home/emred/catkin_ws/install/beetle_gazebo:/home/emred/catkin_ws/install/map_odom_static_broadcaster:/home/emred/catkin_ws/install/beetle_msgs:/home/emred/catkin_ws/install/beetle_description:/home/emred/catkin_ws/install/ackermann_drive_controller:${AMENT_PREFIX_PATH} CMAKE_PREFIX_PATH=/home/emred/catkin_ws/install/beetle_msg_forwarder:/home/emred/catkin_ws/install/beetle_gazebo:/home/emred/catkin_ws/install/map_odom_static_broadcaster:/home/emred/catkin_ws/install/beetle_msgs:/home/emred/catkin_ws/install/beetle_description:/home/emred/catkin_ws/install/ackermann_drive_controller:/home/emred/catkin_ws/install/gazebo_simulation:/home/emred/catkin_ws/install/four_ws_control:/home/emred/catkin_ws/install/traktor:/opt/ros/humble LD_LIBRARY_PATH=/home/emred/catkin_ws/install/beetle_msgs/lib:/home/emred/catkin_ws/install/ackermann_drive_controller/lib:/usr/lib/x86_64-linux-gnu/gazebo-11/plugins:/opt/ros/humble/opt/rviz_ogre_vendor/lib:/opt/ros/humble/lib/x86_64-linux-gnu:/opt/ros/humble/lib:/usr/share/gazebo/../../lib/x86_64-linux-gnu/gazebo-11/plugins PYTHONPATH=/home/emred/catkin_ws/install/beetle_msgs/local/lib/python3.10/dist-packages:${PYTHONPATH} /usr/bin/cmake --build /home/emred/catkin_ws/build/beetle_navigation2 -- -j16 -l16
[1.306s] Invoking command in '/home/emred/catkin_ws/build/beetle_navigation2': AMENT_PREFIX_PATH=/home/emred/catkin_ws/install/beetle_msg_forwarder:/home/emred/catkin_ws/install/beetle_gazebo:/home/emred/catkin_ws/install/map_odom_static_broadcaster:/home/emred/catkin_ws/install/beetle_msgs:/home/emred/catkin_ws/install/beetle_description:/home/emred/catkin_ws/install/ackermann_drive_controller:${AMENT_PREFIX_PATH} CMAKE_PREFIX_PATH=/home/emred/catkin_ws/install/beetle_msg_forwarder:/home/emred/catkin_ws/install/beetle_gazebo:/home/emred/catkin_ws/install/map_odom_static_broadcaster:/home/emred/catkin_ws/install/beetle_msgs:/home/emred/catkin_ws/install/beetle_description:/home/emred/catkin_ws/install/ackermann_drive_controller:/home/emred/catkin_ws/install/gazebo_simulation:/home/emred/catkin_ws/install/four_ws_control:/home/emred/catkin_ws/install/traktor:/opt/ros/humble LD_LIBRARY_PATH=/home/emred/catkin_ws/install/beetle_msgs/lib:/home/emred/catkin_ws/install/ackermann_drive_controller/lib:/usr/lib/x86_64-linux-gnu/gazebo-11/plugins:/opt/ros/humble/opt/rviz_ogre_vendor/lib:/opt/ros/humble/lib/x86_64-linux-gnu:/opt/ros/humble/lib:/usr/share/gazebo/../../lib/x86_64-linux-gnu/gazebo-11/plugins PYTHONPATH=/home/emred/catkin_ws/install/beetle_msgs/local/lib/python3.10/dist-packages:${PYTHONPATH} /usr/bin/cmake --install /home/emred/catkin_ws/build/beetle_navigation2
[1.324s] -- Install configuration: ""
[1.324s] -- Installing: /home/emred/catkin_ws/install/beetle_navigation2/share/beetle_navigation2/src
[1.325s] -- Installing: /home/emred/catkin_ws/install/beetle_navigation2/share/beetle_navigation2/src/.gitkeep
[1.325s] -- Installing: /home/emred/catkin_ws/install/beetle_navigation2/share/beetle_navigation2/launch
[1.325s] -- Installing: /home/emred/catkin_ws/install/beetle_navigation2/share/beetle_navigation2/launch/driver.launch.py
[1.326s] -- Installing: /home/emred/catkin_ws/install/beetle_navigation2/share/beetle_navigation2/launch/bringup.launch.py
[1.326s] -- Installing: /home/emred/catkin_ws/install/beetle_navigation2/share/beetle_navigation2/launch/localization.launch.py
[1.326s] -- Installing: /home/emred/catkin_ws/install/beetle_navigation2/share/beetle_navigation2/rviz
[1.327s] -- Installing: /home/emred/catkin_ws/install/beetle_navigation2/share/beetle_navigation2/rviz/default_view.rviz
[1.327s] -- Installing: /home/emred/catkin_ws/install/beetle_navigation2/share/beetle_navigation2/config
[1.327s] -- Installing: /home/emred/catkin_ws/install/beetle_navigation2/share/beetle_navigation2/config/navigation_params.yaml
[1.328s] -- Installing: /home/emred/catkin_ws/install/beetle_navigation2/share/beetle_navigation2/maps
[1.328s] -- Installing: /home/emred/catkin_ws/install/beetle_navigation2/share/beetle_navigation2/maps/map.pgm
[1.364s] -- Installing: /home/emred/catkin_ws/install/beetle_navigation2/share/beetle_navigation2/maps/map.pgm.bk
[1.364s] -- Installing: /home/emred/catkin_ws/install/beetle_navigation2/share/beetle_navigation2/maps/map.yaml
[1.365s] -- Installing: /home/emred/catkin_ws/install/beetle_navigation2/share/beetle_navigation2/behavior_trees
[1.365s] -- Installing: /home/emred/catkin_ws/install/beetle_navigation2/share/beetle_navigation2/behavior_trees/navigate_to_pose_w_replanning_and_recovery.xml
[1.365s] -- Installing: /home/emred/catkin_ws/install/beetle_navigation2/share/beetle_navigation2/behavior_trees/navigate_through_poses_w_replanning_and_recovery.xml
[1.365s] -- Installing: /home/emred/catkin_ws/install/beetle_navigation2/share/ament_index/resource_index/package_run_dependencies/beetle_navigation2
[1.370s] -- Installing: /home/emred/catkin_ws/install/beetle_navigation2/share/ament_index/resource_index/parent_prefix_path/beetle_navigation2
[1.371s] -- Installing: /home/emred/catkin_ws/install/beetle_navigation2/share/beetle_navigation2/environment/ament_prefix_path.sh
[1.371s] -- Installing: /home/emred/catkin_ws/install/beetle_navigation2/share/beetle_navigation2/environment/ament_prefix_path.dsv
[1.371s] -- Installing: /home/emred/catkin_ws/install/beetle_navigation2/share/beetle_navigation2/environment/path.sh
[1.371s] -- Installing: /home/emred/catkin_ws/install/beetle_navigation2/share/beetle_navigation2/environment/path.dsv
[1.371s] -- Installing: /home/emred/catkin_ws/install/beetle_navigation2/share/beetle_navigation2/local_setup.bash
[1.372s] -- Installing: /home/emred/catkin_ws/install/beetle_navigation2/share/beetle_navigation2/local_setup.sh
[1.372s] -- Installing: /home/emred/catkin_ws/install/beetle_navigation2/share/beetle_navigation2/local_setup.zsh
[1.372s] -- Installing: /home/emred/catkin_ws/install/beetle_navigation2/share/beetle_navigation2/local_setup.dsv
[1.372s] -- Installing: /home/emred/catkin_ws/install/beetle_navigation2/share/beetle_navigation2/package.dsv
[1.373s] -- Installing: /home/emred/catkin_ws/install/beetle_navigation2/share/ament_index/resource_index/packages/beetle_navigation2
[1.373s] -- Installing: /home/emred/catkin_ws/install/beetle_navigation2/share/beetle_navigation2/cmake/beetle_navigation2Config.cmake
[1.373s] -- Installing: /home/emred/catkin_ws/install/beetle_navigation2/share/beetle_navigation2/cmake/beetle_navigation2Config-version.cmake
[1.373s] -- Installing: /home/emred/catkin_ws/install/beetle_navigation2/share/beetle_navigation2/package.xml
[1.376s] Invoked command in '/home/emred/catkin_ws/build/beetle_navigation2' returned '0': AMENT_PREFIX_PATH=/home/emred/catkin_ws/install/beetle_msg_forwarder:/home/emred/catkin_ws/install/beetle_gazebo:/home/emred/catkin_ws/install/map_odom_static_broadcaster:/home/emred/catkin_ws/install/beetle_msgs:/home/emred/catkin_ws/install/beetle_description:/home/emred/catkin_ws/install/ackermann_drive_controller:${AMENT_PREFIX_PATH} CMAKE_PREFIX_PATH=/home/emred/catkin_ws/install/beetle_msg_forwarder:/home/emred/catkin_ws/install/beetle_gazebo:/home/emred/catkin_ws/install/map_odom_static_broadcaster:/home/emred/catkin_ws/install/beetle_msgs:/home/emred/catkin_ws/install/beetle_description:/home/emred/catkin_ws/install/ackermann_drive_controller:/home/emred/catkin_ws/install/gazebo_simulation:/home/emred/catkin_ws/install/four_ws_control:/home/emred/catkin_ws/install/traktor:/opt/ros/humble LD_LIBRARY_PATH=/home/emred/catkin_ws/install/beetle_msgs/lib:/home/emred/catkin_ws/install/ackermann_drive_controller/lib:/usr/lib/x86_64-linux-gnu/gazebo-11/plugins:/opt/ros/humble/opt/rviz_ogre_vendor/lib:/opt/ros/humble/lib/x86_64-linux-gnu:/opt/ros/humble/lib:/usr/share/gazebo/../../lib/x86_64-linux-gnu/gazebo-11/plugins PYTHONPATH=/home/emred/catkin_ws/install/beetle_msgs/local/lib/python3.10/dist-packages:${PYTHONPATH} /usr/bin/cmake --install /home/emred/catkin_ws/build/beetle_navigation2
