[0.076s] Invoking command in '/home/emred/ack_drive/build/my_robot_bringup': AMENT_PREFIX_PATH=/home/emred/ack_drive/install/my_robot_description:${AMENT_PREFIX_PATH} CMAKE_PREFIX_PATH=/home/emred/ack_drive/install/my_robot_description:/home/emred/tas-gps/install/my_robot_bringup:/home/emred/tas-gps/install/my_robot_description:/home/emred/tas-gps/install/moveon_control:/opt/ros/humble /usr/bin/cmake /home/emred/ack_drive/src/my_robot_bringup -DCMAKE_INSTALL_PREFIX=/home/emred/ack_drive/install/my_robot_bringup
[0.155s] -- The C compiler identification is GNU 11.4.0
[0.213s] -- The CXX compiler identification is GNU 11.4.0
[0.223s] -- Detecting C compiler ABI info
[0.312s] -- Detecting C compiler ABI info - done
[0.319s] -- Check for working C compiler: /usr/bin/cc - skipped
[0.319s] -- Detecting C compile features
[0.319s] -- Detecting C compile features - done
[0.322s] -- Detecting CXX compiler ABI info
[0.447s] -- Detecting CXX compiler ABI info - done
[0.453s] -- Check for working CXX compiler: /usr/bin/c++ - skipped
[0.453s] -- Detecting CXX compile features
[0.453s] -- Detecting CXX compile features - done
[0.456s] -- Found ament_cmake: 1.3.7 (/opt/ros/humble/share/ament_cmake/cmake)
[0.710s] -- Found Python3: /usr/bin/python3.10 (found version "3.10.12") found components: Interpreter 
[0.930s] -- Configuring done
[0.932s] -- Generating done
[0.933s] -- Build files have been written to: /home/emred/ack_drive/build/my_robot_bringup
[0.937s] Invoked command in '/home/emred/ack_drive/build/my_robot_bringup' returned '0': AMENT_PREFIX_PATH=/home/emred/ack_drive/install/my_robot_description:${AMENT_PREFIX_PATH} CMAKE_PREFIX_PATH=/home/emred/ack_drive/install/my_robot_description:/home/emred/tas-gps/install/my_robot_bringup:/home/emred/tas-gps/install/my_robot_description:/home/emred/tas-gps/install/moveon_control:/opt/ros/humble /usr/bin/cmake /home/emred/ack_drive/src/my_robot_bringup -DCMAKE_INSTALL_PREFIX=/home/emred/ack_drive/install/my_robot_bringup
[0.939s] Invoking command in '/home/emred/ack_drive/build/my_robot_bringup': AMENT_PREFIX_PATH=/home/emred/ack_drive/install/my_robot_description:${AMENT_PREFIX_PATH} CMAKE_PREFIX_PATH=/home/emred/ack_drive/install/my_robot_description:/home/emred/tas-gps/install/my_robot_bringup:/home/emred/tas-gps/install/my_robot_description:/home/emred/tas-gps/install/moveon_control:/opt/ros/humble /usr/bin/cmake --build /home/emred/ack_drive/build/my_robot_bringup -- -j16 -l16
[1.009s] Invoked command in '/home/emred/ack_drive/build/my_robot_bringup' returned '0': AMENT_PREFIX_PATH=/home/emred/ack_drive/install/my_robot_description:${AMENT_PREFIX_PATH} CMAKE_PREFIX_PATH=/home/emred/ack_drive/install/my_robot_description:/home/emred/tas-gps/install/my_robot_bringup:/home/emred/tas-gps/install/my_robot_description:/home/emred/tas-gps/install/moveon_control:/opt/ros/humble /usr/bin/cmake --build /home/emred/ack_drive/build/my_robot_bringup -- -j16 -l16
[1.059s] Invoking command in '/home/emred/ack_drive/build/my_robot_bringup': AMENT_PREFIX_PATH=/home/emred/ack_drive/install/my_robot_description:${AMENT_PREFIX_PATH} CMAKE_PREFIX_PATH=/home/emred/ack_drive/install/my_robot_description:/home/emred/tas-gps/install/my_robot_bringup:/home/emred/tas-gps/install/my_robot_description:/home/emred/tas-gps/install/moveon_control:/opt/ros/humble /usr/bin/cmake --install /home/emred/ack_drive/build/my_robot_bringup
[1.067s] -- Install configuration: ""
[1.067s] -- Installing: /home/emred/ack_drive/install/my_robot_bringup/share/my_robot_bringup//launch
[1.067s] -- Installing: /home/emred/ack_drive/install/my_robot_bringup/share/my_robot_bringup//launch/my_robot_gazebo.launch.xml
[1.068s] -- Installing: /home/emred/ack_drive/install/my_robot_bringup/share/my_robot_bringup//rviz
[1.068s] -- Installing: /home/emred/ack_drive/install/my_robot_bringup/share/my_robot_bringup//rviz/urdf_config.rviz
[1.068s] -- Installing: /home/emred/ack_drive/install/my_robot_bringup/share/my_robot_bringup//worlds
[1.068s] -- Installing: /home/emred/ack_drive/install/my_robot_bringup/share/my_robot_bringup//worlds/test_world.world
[1.068s] -- Installing: /home/emred/ack_drive/install/my_robot_bringup/share/ament_index/resource_index/package_run_dependencies/my_robot_bringup
[1.068s] -- Installing: /home/emred/ack_drive/install/my_robot_bringup/share/ament_index/resource_index/parent_prefix_path/my_robot_bringup
[1.068s] -- Installing: /home/emred/ack_drive/install/my_robot_bringup/share/my_robot_bringup/environment/ament_prefix_path.sh
[1.069s] -- Installing: /home/emred/ack_drive/install/my_robot_bringup/share/my_robot_bringup/environment/ament_prefix_path.dsv
[1.069s] -- Installing: /home/emred/ack_drive/install/my_robot_bringup/share/my_robot_bringup/environment/path.sh
[1.069s] -- Installing: /home/emred/ack_drive/install/my_robot_bringup/share/my_robot_bringup/environment/path.dsv
[1.069s] -- Installing: /home/emred/ack_drive/install/my_robot_bringup/share/my_robot_bringup/local_setup.bash
[1.069s] -- Installing: /home/emred/ack_drive/install/my_robot_bringup/share/my_robot_bringup/local_setup.sh
[1.069s] -- Installing: /home/emred/ack_drive/install/my_robot_bringup/share/my_robot_bringup/local_setup.zsh
[1.069s] -- Installing: /home/emred/ack_drive/install/my_robot_bringup/share/my_robot_bringup/local_setup.dsv
[1.070s] -- Installing: /home/emred/ack_drive/install/my_robot_bringup/share/my_robot_bringup/package.dsv
[1.070s] -- Installing: /home/emred/ack_drive/install/my_robot_bringup/share/ament_index/resource_index/packages/my_robot_bringup
[1.070s] -- Installing: /home/emred/ack_drive/install/my_robot_bringup/share/my_robot_bringup/cmake/my_robot_bringupConfig.cmake
[1.070s] -- Installing: /home/emred/ack_drive/install/my_robot_bringup/share/my_robot_bringup/cmake/my_robot_bringupConfig-version.cmake
[1.070s] -- Installing: /home/emred/ack_drive/install/my_robot_bringup/share/my_robot_bringup/package.xml
[1.072s] Invoked command in '/home/emred/ack_drive/build/my_robot_bringup' returned '0': AMENT_PREFIX_PATH=/home/emred/ack_drive/install/my_robot_description:${AMENT_PREFIX_PATH} CMAKE_PREFIX_PATH=/home/emred/ack_drive/install/my_robot_description:/home/emred/tas-gps/install/my_robot_bringup:/home/emred/tas-gps/install/my_robot_description:/home/emred/tas-gps/install/moveon_control:/opt/ros/humble /usr/bin/cmake --install /home/emred/ack_drive/build/my_robot_bringup
