[  2%] Built target beetle_msgs__cpp
[ 12%] Built target beetle_msgs__rosidl_generator_c
[ 12%] Built target ament_cmake_python_copy_beetle_msgs
[ 23%] Built target beetle_msgs__rosidl_typesupport_fastrtps_cpp
[ 44%] Built target beetle_msgs__rosidl_typesupport_cpp
[ 44%] Built target beetle_msgs__rosidl_typesupport_introspection_cpp
[ 55%] Built target beetle_msgs__rosidl_typesupport_c
[ 65%] Built target beetle_msgs__rosidl_typesupport_fastrtps_c
[ 76%] Built target beetle_msgs__rosidl_typesupport_introspection_c
[ 76%] Built target beetle_msgs
[ 78%] Built target beetle_msgs__py
[ 87%] Built target beetle_msgs__rosidl_generator_py
[100%] Built target beetle_msgs__rosidl_typesupport_introspection_c__pyext
[100%] Built target beetle_msgs__rosidl_typesupport_c__pyext
[100%] Built target beetle_msgs__rosidl_typesupport_fastrtps_c__pyext
running egg_info
writing beetle_msgs.egg-info/PKG-INFO
writing dependency_links to beetle_msgs.egg-info/dependency_links.txt
writing top-level names to beetle_msgs.egg-info/top_level.txt
reading manifest file 'beetle_msgs.egg-info/SOURCES.txt'
writing manifest file 'beetle_msgs.egg-info/SOURCES.txt'
[100%] Built target ament_cmake_python_build_beetle_msgs_egg
-- Install configuration: ""
-- Up-to-date: /home/emred/catkin_ws/install/beetle_msgs/share/ament_index/resource_index/rosidl_interfaces/beetle_msgs
-- Up-to-date: /home/emred/catkin_ws/install/beetle_msgs/include/beetle_msgs/beetle_msgs
-- Up-to-date: /home/emred/catkin_ws/install/beetle_msgs/include/beetle_msgs/beetle_msgs/msg
-- Up-to-date: /home/emred/catkin_ws/install/beetle_msgs/include/beetle_msgs/beetle_msgs/msg/detail
-- Up-to-date: /home/emred/catkin_ws/install/beetle_msgs/include/beetle_msgs/beetle_msgs/msg/detail/twist_lite__functions.c
-- Up-to-date: /home/emred/catkin_ws/install/beetle_msgs/include/beetle_msgs/beetle_msgs/msg/detail/twist_lite__functions.h
-- Up-to-date: /home/emred/catkin_ws/install/beetle_msgs/include/beetle_msgs/beetle_msgs/msg/detail/odometry_lite__struct.h
-- Up-to-date: /home/emred/catkin_ws/install/beetle_msgs/include/beetle_msgs/beetle_msgs/msg/detail/odometry_lite__functions.h
-- Up-to-date: /home/emred/catkin_ws/install/beetle_msgs/include/beetle_msgs/beetle_msgs/msg/detail/twist_lite__type_support.h
-- Up-to-date: /home/emred/catkin_ws/install/beetle_msgs/include/beetle_msgs/beetle_msgs/msg/detail/odometry_lite__type_support.h
-- Up-to-date: /home/emred/catkin_ws/install/beetle_msgs/include/beetle_msgs/beetle_msgs/msg/detail/twist_lite__struct.h
-- Up-to-date: /home/emred/catkin_ws/install/beetle_msgs/include/beetle_msgs/beetle_msgs/msg/detail/pose_lite__type_support.h
-- Up-to-date: /home/emred/catkin_ws/install/beetle_msgs/include/beetle_msgs/beetle_msgs/msg/detail/pose_lite__functions.c
-- Up-to-date: /home/emred/catkin_ws/install/beetle_msgs/include/beetle_msgs/beetle_msgs/msg/detail/pose_lite__functions.h
-- Up-to-date: /home/emred/catkin_ws/install/beetle_msgs/include/beetle_msgs/beetle_msgs/msg/detail/odometry_lite__functions.c
-- Up-to-date: /home/emred/catkin_ws/install/beetle_msgs/include/beetle_msgs/beetle_msgs/msg/detail/pose_lite__struct.h
-- Up-to-date: /home/emred/catkin_ws/install/beetle_msgs/include/beetle_msgs/beetle_msgs/msg/rosidl_generator_c__visibility_control.h
-- Up-to-date: /home/emred/catkin_ws/install/beetle_msgs/include/beetle_msgs/beetle_msgs/msg/pose_lite.h
-- Up-to-date: /home/emred/catkin_ws/install/beetle_msgs/include/beetle_msgs/beetle_msgs/msg/odometry_lite.h
-- Up-to-date: /home/emred/catkin_ws/install/beetle_msgs/include/beetle_msgs/beetle_msgs/msg/twist_lite.h
-- Up-to-date: /home/emred/catkin_ws/install/beetle_msgs/share/beetle_msgs/environment/library_path.sh
-- Up-to-date: /home/emred/catkin_ws/install/beetle_msgs/share/beetle_msgs/environment/library_path.dsv
-- Up-to-date: /home/emred/catkin_ws/install/beetle_msgs/lib/libbeetle_msgs__rosidl_generator_c.so
-- Up-to-date: /home/emred/catkin_ws/install/beetle_msgs/include/beetle_msgs/beetle_msgs
-- Up-to-date: /home/emred/catkin_ws/install/beetle_msgs/include/beetle_msgs/beetle_msgs/msg
-- Up-to-date: /home/emred/catkin_ws/install/beetle_msgs/include/beetle_msgs/beetle_msgs/msg/detail
-- Up-to-date: /home/emred/catkin_ws/install/beetle_msgs/include/beetle_msgs/beetle_msgs/msg/detail/pose_lite__rosidl_typesupport_fastrtps_c.h
-- Up-to-date: /home/emred/catkin_ws/install/beetle_msgs/include/beetle_msgs/beetle_msgs/msg/detail/odometry_lite__rosidl_typesupport_fastrtps_c.h
-- Up-to-date: /home/emred/catkin_ws/install/beetle_msgs/include/beetle_msgs/beetle_msgs/msg/detail/twist_lite__rosidl_typesupport_fastrtps_c.h
-- Up-to-date: /home/emred/catkin_ws/install/beetle_msgs/include/beetle_msgs/beetle_msgs/msg/rosidl_typesupport_fastrtps_c__visibility_control.h
-- Up-to-date: /home/emred/catkin_ws/install/beetle_msgs/lib/libbeetle_msgs__rosidl_typesupport_fastrtps_c.so
-- Up-to-date: /home/emred/catkin_ws/install/beetle_msgs/include/beetle_msgs/beetle_msgs
-- Up-to-date: /home/emred/catkin_ws/install/beetle_msgs/include/beetle_msgs/beetle_msgs/msg
-- Up-to-date: /home/emred/catkin_ws/install/beetle_msgs/include/beetle_msgs/beetle_msgs/msg/detail
-- Up-to-date: /home/emred/catkin_ws/install/beetle_msgs/include/beetle_msgs/beetle_msgs/msg/detail/pose_lite__type_support.c
-- Up-to-date: /home/emred/catkin_ws/install/beetle_msgs/include/beetle_msgs/beetle_msgs/msg/detail/twist_lite__type_support.c
-- Up-to-date: /home/emred/catkin_ws/install/beetle_msgs/include/beetle_msgs/beetle_msgs/msg/detail/twist_lite__rosidl_typesupport_introspection_c.h
-- Up-to-date: /home/emred/catkin_ws/install/beetle_msgs/include/beetle_msgs/beetle_msgs/msg/detail/odometry_lite__type_support.c
-- Up-to-date: /home/emred/catkin_ws/install/beetle_msgs/include/beetle_msgs/beetle_msgs/msg/detail/odometry_lite__rosidl_typesupport_introspection_c.h
-- Up-to-date: /home/emred/catkin_ws/install/beetle_msgs/include/beetle_msgs/beetle_msgs/msg/detail/pose_lite__rosidl_typesupport_introspection_c.h
-- Up-to-date: /home/emred/catkin_ws/install/beetle_msgs/include/beetle_msgs/beetle_msgs/msg/rosidl_typesupport_introspection_c__visibility_control.h
-- Up-to-date: /home/emred/catkin_ws/install/beetle_msgs/lib/libbeetle_msgs__rosidl_typesupport_introspection_c.so
-- Up-to-date: /home/emred/catkin_ws/install/beetle_msgs/lib/libbeetle_msgs__rosidl_typesupport_c.so
-- Up-to-date: /home/emred/catkin_ws/install/beetle_msgs/include/beetle_msgs/beetle_msgs
-- Up-to-date: /home/emred/catkin_ws/install/beetle_msgs/include/beetle_msgs/beetle_msgs/msg
-- Up-to-date: /home/emred/catkin_ws/install/beetle_msgs/include/beetle_msgs/beetle_msgs/msg/detail
-- Up-to-date: /home/emred/catkin_ws/install/beetle_msgs/include/beetle_msgs/beetle_msgs/msg/detail/odometry_lite__builder.hpp
-- Up-to-date: /home/emred/catkin_ws/install/beetle_msgs/include/beetle_msgs/beetle_msgs/msg/detail/odometry_lite__struct.hpp
-- Up-to-date: /home/emred/catkin_ws/install/beetle_msgs/include/beetle_msgs/beetle_msgs/msg/detail/pose_lite__builder.hpp
-- Up-to-date: /home/emred/catkin_ws/install/beetle_msgs/include/beetle_msgs/beetle_msgs/msg/detail/twist_lite__struct.hpp
-- Up-to-date: /home/emred/catkin_ws/install/beetle_msgs/include/beetle_msgs/beetle_msgs/msg/detail/twist_lite__builder.hpp
-- Up-to-date: /home/emred/catkin_ws/install/beetle_msgs/include/beetle_msgs/beetle_msgs/msg/detail/twist_lite__traits.hpp
-- Up-to-date: /home/emred/catkin_ws/install/beetle_msgs/include/beetle_msgs/beetle_msgs/msg/detail/odometry_lite__traits.hpp
-- Up-to-date: /home/emred/catkin_ws/install/beetle_msgs/include/beetle_msgs/beetle_msgs/msg/detail/pose_lite__traits.hpp
-- Up-to-date: /home/emred/catkin_ws/install/beetle_msgs/include/beetle_msgs/beetle_msgs/msg/detail/pose_lite__struct.hpp
-- Up-to-date: /home/emred/catkin_ws/install/beetle_msgs/include/beetle_msgs/beetle_msgs/msg/pose_lite.hpp
-- Up-to-date: /home/emred/catkin_ws/install/beetle_msgs/include/beetle_msgs/beetle_msgs/msg/twist_lite.hpp
-- Up-to-date: /home/emred/catkin_ws/install/beetle_msgs/include/beetle_msgs/beetle_msgs/msg/odometry_lite.hpp
-- Up-to-date: /home/emred/catkin_ws/install/beetle_msgs/include/beetle_msgs/beetle_msgs
-- Up-to-date: /home/emred/catkin_ws/install/beetle_msgs/include/beetle_msgs/beetle_msgs/msg
-- Up-to-date: /home/emred/catkin_ws/install/beetle_msgs/include/beetle_msgs/beetle_msgs/msg/detail
-- Up-to-date: /home/emred/catkin_ws/install/beetle_msgs/include/beetle_msgs/beetle_msgs/msg/detail/pose_lite__rosidl_typesupport_fastrtps_cpp.hpp
-- Up-to-date: /home/emred/catkin_ws/install/beetle_msgs/include/beetle_msgs/beetle_msgs/msg/detail/twist_lite__rosidl_typesupport_fastrtps_cpp.hpp
-- Up-to-date: /home/emred/catkin_ws/install/beetle_msgs/include/beetle_msgs/beetle_msgs/msg/detail/odometry_lite__rosidl_typesupport_fastrtps_cpp.hpp
-- Up-to-date: /home/emred/catkin_ws/install/beetle_msgs/include/beetle_msgs/beetle_msgs/msg/detail/dds_fastrtps
-- Up-to-date: /home/emred/catkin_ws/install/beetle_msgs/include/beetle_msgs/beetle_msgs/msg/rosidl_typesupport_fastrtps_cpp__visibility_control.h
-- Up-to-date: /home/emred/catkin_ws/install/beetle_msgs/lib/libbeetle_msgs__rosidl_typesupport_fastrtps_cpp.so
-- Up-to-date: /home/emred/catkin_ws/install/beetle_msgs/include/beetle_msgs/beetle_msgs
-- Up-to-date: /home/emred/catkin_ws/install/beetle_msgs/include/beetle_msgs/beetle_msgs/msg
-- Up-to-date: /home/emred/catkin_ws/install/beetle_msgs/include/beetle_msgs/beetle_msgs/msg/detail
-- Up-to-date: /home/emred/catkin_ws/install/beetle_msgs/include/beetle_msgs/beetle_msgs/msg/detail/pose_lite__type_support.cpp
-- Up-to-date: /home/emred/catkin_ws/install/beetle_msgs/include/beetle_msgs/beetle_msgs/msg/detail/twist_lite__type_support.cpp
-- Up-to-date: /home/emred/catkin_ws/install/beetle_msgs/include/beetle_msgs/beetle_msgs/msg/detail/pose_lite__rosidl_typesupport_introspection_cpp.hpp
-- Up-to-date: /home/emred/catkin_ws/install/beetle_msgs/include/beetle_msgs/beetle_msgs/msg/detail/twist_lite__rosidl_typesupport_introspection_cpp.hpp
-- Up-to-date: /home/emred/catkin_ws/install/beetle_msgs/include/beetle_msgs/beetle_msgs/msg/detail/odometry_lite__rosidl_typesupport_introspection_cpp.hpp
-- Up-to-date: /home/emred/catkin_ws/install/beetle_msgs/include/beetle_msgs/beetle_msgs/msg/detail/odometry_lite__type_support.cpp
-- Up-to-date: /home/emred/catkin_ws/install/beetle_msgs/lib/libbeetle_msgs__rosidl_typesupport_introspection_cpp.so
-- Up-to-date: /home/emred/catkin_ws/install/beetle_msgs/lib/libbeetle_msgs__rosidl_typesupport_cpp.so
-- Up-to-date: /home/emred/catkin_ws/install/beetle_msgs/share/beetle_msgs/environment/pythonpath.sh
-- Up-to-date: /home/emred/catkin_ws/install/beetle_msgs/share/beetle_msgs/environment/pythonpath.dsv
-- Up-to-date: /home/emred/catkin_ws/install/beetle_msgs/local/lib/python3.10/dist-packages/beetle_msgs-0.0.0-py3.10.egg-info
-- Installing: /home/emred/catkin_ws/install/beetle_msgs/local/lib/python3.10/dist-packages/beetle_msgs-0.0.0-py3.10.egg-info/PKG-INFO
-- Installing: /home/emred/catkin_ws/install/beetle_msgs/local/lib/python3.10/dist-packages/beetle_msgs-0.0.0-py3.10.egg-info/top_level.txt
-- Installing: /home/emred/catkin_ws/install/beetle_msgs/local/lib/python3.10/dist-packages/beetle_msgs-0.0.0-py3.10.egg-info/dependency_links.txt
-- Installing: /home/emred/catkin_ws/install/beetle_msgs/local/lib/python3.10/dist-packages/beetle_msgs-0.0.0-py3.10.egg-info/SOURCES.txt
-- Up-to-date: /home/emred/catkin_ws/install/beetle_msgs/local/lib/python3.10/dist-packages/beetle_msgs
-- Up-to-date: /home/emred/catkin_ws/install/beetle_msgs/local/lib/python3.10/dist-packages/beetle_msgs/__init__.py
-- Up-to-date: /home/emred/catkin_ws/install/beetle_msgs/local/lib/python3.10/dist-packages/beetle_msgs/_beetle_msgs_s.ep.rosidl_typesupport_fastrtps_c.c
-- Up-to-date: /home/emred/catkin_ws/install/beetle_msgs/local/lib/python3.10/dist-packages/beetle_msgs/libbeetle_msgs__rosidl_generator_py.so
-- Up-to-date: /home/emred/catkin_ws/install/beetle_msgs/local/lib/python3.10/dist-packages/beetle_msgs/beetle_msgs_s__rosidl_typesupport_fastrtps_c.cpython-310-x86_64-linux-gnu.so
-- Up-to-date: /home/emred/catkin_ws/install/beetle_msgs/local/lib/python3.10/dist-packages/beetle_msgs/_beetle_msgs_s.ep.rosidl_typesupport_introspection_c.c
-- Up-to-date: /home/emred/catkin_ws/install/beetle_msgs/local/lib/python3.10/dist-packages/beetle_msgs/msg
-- Up-to-date: /home/emred/catkin_ws/install/beetle_msgs/local/lib/python3.10/dist-packages/beetle_msgs/msg/_odometry_lite_s.c
-- Up-to-date: /home/emred/catkin_ws/install/beetle_msgs/local/lib/python3.10/dist-packages/beetle_msgs/msg/__init__.py
-- Up-to-date: /home/emred/catkin_ws/install/beetle_msgs/local/lib/python3.10/dist-packages/beetle_msgs/msg/_twist_lite_s.c
-- Up-to-date: /home/emred/catkin_ws/install/beetle_msgs/local/lib/python3.10/dist-packages/beetle_msgs/msg/_twist_lite.py
-- Up-to-date: /home/emred/catkin_ws/install/beetle_msgs/local/lib/python3.10/dist-packages/beetle_msgs/msg/_pose_lite.py
-- Up-to-date: /home/emred/catkin_ws/install/beetle_msgs/local/lib/python3.10/dist-packages/beetle_msgs/msg/_pose_lite_s.c
-- Up-to-date: /home/emred/catkin_ws/install/beetle_msgs/local/lib/python3.10/dist-packages/beetle_msgs/msg/_odometry_lite.py
-- Up-to-date: /home/emred/catkin_ws/install/beetle_msgs/local/lib/python3.10/dist-packages/beetle_msgs/beetle_msgs_s__rosidl_typesupport_introspection_c.cpython-310-x86_64-linux-gnu.so
-- Up-to-date: /home/emred/catkin_ws/install/beetle_msgs/local/lib/python3.10/dist-packages/beetle_msgs/_beetle_msgs_s.ep.rosidl_typesupport_c.c
-- Up-to-date: /home/emred/catkin_ws/install/beetle_msgs/local/lib/python3.10/dist-packages/beetle_msgs/beetle_msgs_s__rosidl_typesupport_c.cpython-310-x86_64-linux-gnu.so
Listing '/home/emred/catkin_ws/install/beetle_msgs/local/lib/python3.10/dist-packages/beetle_msgs'...
Listing '/home/emred/catkin_ws/install/beetle_msgs/local/lib/python3.10/dist-packages/beetle_msgs/msg'...
-- Up-to-date: /home/emred/catkin_ws/install/beetle_msgs/local/lib/python3.10/dist-packages/beetle_msgs/beetle_msgs_s__rosidl_typesupport_fastrtps_c.cpython-310-x86_64-linux-gnu.so
-- Up-to-date: /home/emred/catkin_ws/install/beetle_msgs/local/lib/python3.10/dist-packages/beetle_msgs/beetle_msgs_s__rosidl_typesupport_introspection_c.cpython-310-x86_64-linux-gnu.so
-- Up-to-date: /home/emred/catkin_ws/install/beetle_msgs/local/lib/python3.10/dist-packages/beetle_msgs/beetle_msgs_s__rosidl_typesupport_c.cpython-310-x86_64-linux-gnu.so
-- Up-to-date: /home/emred/catkin_ws/install/beetle_msgs/lib/libbeetle_msgs__rosidl_generator_py.so
-- Up-to-date: /home/emred/catkin_ws/install/beetle_msgs/share/beetle_msgs/msg/PoseLite.idl
-- Up-to-date: /home/emred/catkin_ws/install/beetle_msgs/share/beetle_msgs/msg/TwistLite.idl
-- Up-to-date: /home/emred/catkin_ws/install/beetle_msgs/share/beetle_msgs/msg/OdometryLite.idl
-- Up-to-date: /home/emred/catkin_ws/install/beetle_msgs/share/beetle_msgs/msg/PoseLite.msg
-- Up-to-date: /home/emred/catkin_ws/install/beetle_msgs/share/beetle_msgs/msg/TwistLite.msg
-- Up-to-date: /home/emred/catkin_ws/install/beetle_msgs/share/beetle_msgs/msg/OdometryLite.msg
-- Up-to-date: /home/emred/catkin_ws/install/beetle_msgs/share/ament_index/resource_index/package_run_dependencies/beetle_msgs
-- Up-to-date: /home/emred/catkin_ws/install/beetle_msgs/share/ament_index/resource_index/parent_prefix_path/beetle_msgs
-- Up-to-date: /home/emred/catkin_ws/install/beetle_msgs/share/beetle_msgs/environment/ament_prefix_path.sh
-- Up-to-date: /home/emred/catkin_ws/install/beetle_msgs/share/beetle_msgs/environment/ament_prefix_path.dsv
-- Up-to-date: /home/emred/catkin_ws/install/beetle_msgs/share/beetle_msgs/environment/path.sh
-- Up-to-date: /home/emred/catkin_ws/install/beetle_msgs/share/beetle_msgs/environment/path.dsv
-- Up-to-date: /home/emred/catkin_ws/install/beetle_msgs/share/beetle_msgs/local_setup.bash
-- Up-to-date: /home/emred/catkin_ws/install/beetle_msgs/share/beetle_msgs/local_setup.sh
-- Up-to-date: /home/emred/catkin_ws/install/beetle_msgs/share/beetle_msgs/local_setup.zsh
-- Up-to-date: /home/emred/catkin_ws/install/beetle_msgs/share/beetle_msgs/local_setup.dsv
-- Installing: /home/emred/catkin_ws/install/beetle_msgs/share/beetle_msgs/package.dsv
-- Up-to-date: /home/emred/catkin_ws/install/beetle_msgs/share/ament_index/resource_index/packages/beetle_msgs
-- Up-to-date: /home/emred/catkin_ws/install/beetle_msgs/share/beetle_msgs/cmake/export_beetle_msgs__rosidl_generator_cExport.cmake
-- Up-to-date: /home/emred/catkin_ws/install/beetle_msgs/share/beetle_msgs/cmake/export_beetle_msgs__rosidl_generator_cExport-noconfig.cmake
-- Up-to-date: /home/emred/catkin_ws/install/beetle_msgs/share/beetle_msgs/cmake/export_beetle_msgs__rosidl_typesupport_fastrtps_cExport.cmake
-- Up-to-date: /home/emred/catkin_ws/install/beetle_msgs/share/beetle_msgs/cmake/export_beetle_msgs__rosidl_typesupport_fastrtps_cExport-noconfig.cmake
-- Up-to-date: /home/emred/catkin_ws/install/beetle_msgs/share/beetle_msgs/cmake/beetle_msgs__rosidl_typesupport_introspection_cExport.cmake
-- Up-to-date: /home/emred/catkin_ws/install/beetle_msgs/share/beetle_msgs/cmake/beetle_msgs__rosidl_typesupport_introspection_cExport-noconfig.cmake
-- Up-to-date: /home/emred/catkin_ws/install/beetle_msgs/share/beetle_msgs/cmake/beetle_msgs__rosidl_typesupport_cExport.cmake
-- Up-to-date: /home/emred/catkin_ws/install/beetle_msgs/share/beetle_msgs/cmake/beetle_msgs__rosidl_typesupport_cExport-noconfig.cmake
-- Up-to-date: /home/emred/catkin_ws/install/beetle_msgs/share/beetle_msgs/cmake/export_beetle_msgs__rosidl_generator_cppExport.cmake
-- Up-to-date: /home/emred/catkin_ws/install/beetle_msgs/share/beetle_msgs/cmake/export_beetle_msgs__rosidl_typesupport_fastrtps_cppExport.cmake
-- Up-to-date: /home/emred/catkin_ws/install/beetle_msgs/share/beetle_msgs/cmake/export_beetle_msgs__rosidl_typesupport_fastrtps_cppExport-noconfig.cmake
-- Up-to-date: /home/emred/catkin_ws/install/beetle_msgs/share/beetle_msgs/cmake/beetle_msgs__rosidl_typesupport_introspection_cppExport.cmake
-- Up-to-date: /home/emred/catkin_ws/install/beetle_msgs/share/beetle_msgs/cmake/beetle_msgs__rosidl_typesupport_introspection_cppExport-noconfig.cmake
-- Up-to-date: /home/emred/catkin_ws/install/beetle_msgs/share/beetle_msgs/cmake/beetle_msgs__rosidl_typesupport_cppExport.cmake
-- Up-to-date: /home/emred/catkin_ws/install/beetle_msgs/share/beetle_msgs/cmake/beetle_msgs__rosidl_typesupport_cppExport-noconfig.cmake
-- Up-to-date: /home/emred/catkin_ws/install/beetle_msgs/share/beetle_msgs/cmake/export_beetle_msgs__rosidl_generator_pyExport.cmake
-- Up-to-date: /home/emred/catkin_ws/install/beetle_msgs/share/beetle_msgs/cmake/export_beetle_msgs__rosidl_generator_pyExport-noconfig.cmake
-- Up-to-date: /home/emred/catkin_ws/install/beetle_msgs/share/beetle_msgs/cmake/rosidl_cmake-extras.cmake
-- Up-to-date: /home/emred/catkin_ws/install/beetle_msgs/share/beetle_msgs/cmake/ament_cmake_export_include_directories-extras.cmake
-- Up-to-date: /home/emred/catkin_ws/install/beetle_msgs/share/beetle_msgs/cmake/ament_cmake_export_libraries-extras.cmake
-- Up-to-date: /home/emred/catkin_ws/install/beetle_msgs/share/beetle_msgs/cmake/ament_cmake_export_targets-extras.cmake
-- Up-to-date: /home/emred/catkin_ws/install/beetle_msgs/share/beetle_msgs/cmake/rosidl_cmake_export_typesupport_targets-extras.cmake
-- Up-to-date: /home/emred/catkin_ws/install/beetle_msgs/share/beetle_msgs/cmake/ament_cmake_export_dependencies-extras.cmake
-- Up-to-date: /home/emred/catkin_ws/install/beetle_msgs/share/beetle_msgs/cmake/rosidl_cmake_export_typesupport_libraries-extras.cmake
-- Up-to-date: /home/emred/catkin_ws/install/beetle_msgs/share/beetle_msgs/cmake/beetle_msgsConfig.cmake
-- Up-to-date: /home/emred/catkin_ws/install/beetle_msgs/share/beetle_msgs/cmake/beetle_msgsConfig-version.cmake
-- Up-to-date: /home/emred/catkin_ws/install/beetle_msgs/share/beetle_msgs/package.xml
