[0.442s] Invoking command in '/home/emred/catkin_ws/build/beetle_msgs': CMAKE_PREFIX_PATH=${CMAKE_PREFIX_PATH}:/home/emred/catkin_ws/install/traktor:/home/emred/catkin_ws/install/beetle_evaluation:/opt/ros/humble /usr/bin/cmake --build /home/emred/catkin_ws/build/beetle_msgs -- -j16 -l16
[0.824s] [35m[1mConsolidate compiler generated dependencies of target beetle_msgs__rosidl_generator_c[0m
[0.824s] [  2%] Built target beetle_msgs__cpp
[0.824s] [ 12%] Built target beetle_msgs__rosidl_generator_c
[0.824s] [35m[1mConsolidate compiler generated dependencies of target beetle_msgs__rosidl_typesupport_introspection_cpp[0m
[0.825s] [35m[1mConsolidate compiler generated dependencies of target beetle_msgs__rosidl_typesupport_fastrtps_cpp[0m
[0.825s] [35m[1mConsolidate compiler generated dependencies of target beetle_msgs__rosidl_typesupport_cpp[0m
[0.825s] [ 12%] Built target ament_cmake_python_copy_beetle_msgs
[0.826s] [35m[1mConsolidate compiler generated dependencies of target beetle_msgs__rosidl_typesupport_c[0m
[0.826s] [35m[1mConsolidate compiler generated dependencies of target beetle_msgs__rosidl_typesupport_introspection_c[0m
[0.827s] [35m[1mConsolidate compiler generated dependencies of target beetle_msgs__rosidl_typesupport_fastrtps_c[0m
[0.827s] [ 34%] Built target beetle_msgs__rosidl_typesupport_introspection_cpp
[0.827s] [ 34%] Built target beetle_msgs__rosidl_typesupport_cpp
[0.829s] [ 55%] Built target beetle_msgs__rosidl_typesupport_introspection_c
[0.830s] [ 55%] Built target beetle_msgs__rosidl_typesupport_fastrtps_cpp
[0.831s] [ 65%] Built target beetle_msgs__rosidl_typesupport_c
[0.831s] [ 76%] Built target beetle_msgs__rosidl_typesupport_fastrtps_c
[0.832s] [ 76%] Built target beetle_msgs
[0.832s] [ 78%] Built target beetle_msgs__py
[0.833s] [35m[1mConsolidate compiler generated dependencies of target beetle_msgs__rosidl_generator_py[0m
[0.833s] [ 87%] Built target beetle_msgs__rosidl_generator_py
[0.833s] [35m[1mConsolidate compiler generated dependencies of target beetle_msgs__rosidl_typesupport_c__pyext[0m
[0.833s] [35m[1mConsolidate compiler generated dependencies of target beetle_msgs__rosidl_typesupport_introspection_c__pyext[0m
[0.833s] [35m[1mConsolidate compiler generated dependencies of target beetle_msgs__rosidl_typesupport_fastrtps_c__pyext[0m
[0.833s] [100%] Built target beetle_msgs__rosidl_typesupport_fastrtps_c__pyext
[0.833s] [100%] Built target beetle_msgs__rosidl_typesupport_introspection_c__pyext
[0.833s] [100%] Built target beetle_msgs__rosidl_typesupport_c__pyext
[0.834s] running egg_info
[0.834s] writing beetle_msgs.egg-info/PKG-INFO
[0.834s] writing dependency_links to beetle_msgs.egg-info/dependency_links.txt
[0.834s] writing top-level names to beetle_msgs.egg-info/top_level.txt
[0.834s] reading manifest file 'beetle_msgs.egg-info/SOURCES.txt'
[0.834s] writing manifest file 'beetle_msgs.egg-info/SOURCES.txt'
[0.875s] [100%] Built target ament_cmake_python_build_beetle_msgs_egg
[1.168s] Invoked command in '/home/emred/catkin_ws/build/beetle_msgs' returned '0': CMAKE_PREFIX_PATH=${CMAKE_PREFIX_PATH}:/home/emred/catkin_ws/install/traktor:/home/emred/catkin_ws/install/beetle_evaluation:/opt/ros/humble /usr/bin/cmake --build /home/emred/catkin_ws/build/beetle_msgs -- -j16 -l16
[1.511s] Invoking command in '/home/emred/catkin_ws/build/beetle_msgs': CMAKE_PREFIX_PATH=${CMAKE_PREFIX_PATH}:/home/emred/catkin_ws/install/traktor:/home/emred/catkin_ws/install/beetle_evaluation:/opt/ros/humble /usr/bin/cmake --install /home/emred/catkin_ws/build/beetle_msgs
[1.583s] -- Install configuration: ""
[1.583s] -- Up-to-date: /home/emred/catkin_ws/install/beetle_msgs/share/ament_index/resource_index/rosidl_interfaces/beetle_msgs
[1.584s] -- Up-to-date: /home/emred/catkin_ws/install/beetle_msgs/include/beetle_msgs/beetle_msgs
[1.584s] -- Up-to-date: /home/emred/catkin_ws/install/beetle_msgs/include/beetle_msgs/beetle_msgs/msg
[1.584s] -- Up-to-date: /home/emred/catkin_ws/install/beetle_msgs/include/beetle_msgs/beetle_msgs/msg/detail
[1.585s] -- Up-to-date: /home/emred/catkin_ws/install/beetle_msgs/include/beetle_msgs/beetle_msgs/msg/detail/twist_lite__functions.c
[1.585s] -- Up-to-date: /home/emred/catkin_ws/install/beetle_msgs/include/beetle_msgs/beetle_msgs/msg/detail/twist_lite__functions.h
[1.585s] -- Up-to-date: /home/emred/catkin_ws/install/beetle_msgs/include/beetle_msgs/beetle_msgs/msg/detail/odometry_lite__struct.h
[1.585s] -- Up-to-date: /home/emred/catkin_ws/install/beetle_msgs/include/beetle_msgs/beetle_msgs/msg/detail/odometry_lite__functions.h
[1.585s] -- Up-to-date: /home/emred/catkin_ws/install/beetle_msgs/include/beetle_msgs/beetle_msgs/msg/detail/twist_lite__type_support.h
[1.586s] -- Up-to-date: /home/emred/catkin_ws/install/beetle_msgs/include/beetle_msgs/beetle_msgs/msg/detail/odometry_lite__type_support.h
[1.586s] -- Up-to-date: /home/emred/catkin_ws/install/beetle_msgs/include/beetle_msgs/beetle_msgs/msg/detail/twist_lite__struct.h
[1.586s] -- Up-to-date: /home/emred/catkin_ws/install/beetle_msgs/include/beetle_msgs/beetle_msgs/msg/detail/pose_lite__type_support.h
[1.586s] -- Up-to-date: /home/emred/catkin_ws/install/beetle_msgs/include/beetle_msgs/beetle_msgs/msg/detail/pose_lite__functions.c
[1.586s] -- Up-to-date: /home/emred/catkin_ws/install/beetle_msgs/include/beetle_msgs/beetle_msgs/msg/detail/pose_lite__functions.h
[1.586s] -- Up-to-date: /home/emred/catkin_ws/install/beetle_msgs/include/beetle_msgs/beetle_msgs/msg/detail/odometry_lite__functions.c
[1.586s] -- Up-to-date: /home/emred/catkin_ws/install/beetle_msgs/include/beetle_msgs/beetle_msgs/msg/detail/pose_lite__struct.h
[1.586s] -- Up-to-date: /home/emred/catkin_ws/install/beetle_msgs/include/beetle_msgs/beetle_msgs/msg/rosidl_generator_c__visibility_control.h
[1.587s] -- Up-to-date: /home/emred/catkin_ws/install/beetle_msgs/include/beetle_msgs/beetle_msgs/msg/pose_lite.h
[1.587s] -- Up-to-date: /home/emred/catkin_ws/install/beetle_msgs/include/beetle_msgs/beetle_msgs/msg/odometry_lite.h
[1.587s] -- Up-to-date: /home/emred/catkin_ws/install/beetle_msgs/include/beetle_msgs/beetle_msgs/msg/twist_lite.h
[1.587s] -- Up-to-date: /home/emred/catkin_ws/install/beetle_msgs/share/beetle_msgs/environment/library_path.sh
[1.587s] -- Up-to-date: /home/emred/catkin_ws/install/beetle_msgs/share/beetle_msgs/environment/library_path.dsv
[1.587s] -- Up-to-date: /home/emred/catkin_ws/install/beetle_msgs/lib/libbeetle_msgs__rosidl_generator_c.so
[1.587s] -- Up-to-date: /home/emred/catkin_ws/install/beetle_msgs/include/beetle_msgs/beetle_msgs
[1.587s] -- Up-to-date: /home/emred/catkin_ws/install/beetle_msgs/include/beetle_msgs/beetle_msgs/msg
[1.588s] -- Up-to-date: /home/emred/catkin_ws/install/beetle_msgs/include/beetle_msgs/beetle_msgs/msg/detail
[1.588s] -- Up-to-date: /home/emred/catkin_ws/install/beetle_msgs/include/beetle_msgs/beetle_msgs/msg/detail/pose_lite__rosidl_typesupport_fastrtps_c.h
[1.588s] -- Up-to-date: /home/emred/catkin_ws/install/beetle_msgs/include/beetle_msgs/beetle_msgs/msg/detail/odometry_lite__rosidl_typesupport_fastrtps_c.h
[1.588s] -- Up-to-date: /home/emred/catkin_ws/install/beetle_msgs/include/beetle_msgs/beetle_msgs/msg/detail/twist_lite__rosidl_typesupport_fastrtps_c.h
[1.588s] -- Up-to-date: /home/emred/catkin_ws/install/beetle_msgs/include/beetle_msgs/beetle_msgs/msg/rosidl_typesupport_fastrtps_c__visibility_control.h
[1.588s] -- Up-to-date: /home/emred/catkin_ws/install/beetle_msgs/lib/libbeetle_msgs__rosidl_typesupport_fastrtps_c.so
[1.588s] -- Up-to-date: /home/emred/catkin_ws/install/beetle_msgs/include/beetle_msgs/beetle_msgs
[1.588s] -- Up-to-date: /home/emred/catkin_ws/install/beetle_msgs/include/beetle_msgs/beetle_msgs/msg
[1.589s] -- Up-to-date: /home/emred/catkin_ws/install/beetle_msgs/include/beetle_msgs/beetle_msgs/msg/detail
[1.589s] -- Up-to-date: /home/emred/catkin_ws/install/beetle_msgs/include/beetle_msgs/beetle_msgs/msg/detail/pose_lite__type_support.c
[1.589s] -- Up-to-date: /home/emred/catkin_ws/install/beetle_msgs/include/beetle_msgs/beetle_msgs/msg/detail/twist_lite__type_support.c
[1.589s] -- Up-to-date: /home/emred/catkin_ws/install/beetle_msgs/include/beetle_msgs/beetle_msgs/msg/detail/twist_lite__rosidl_typesupport_introspection_c.h
[1.589s] -- Up-to-date: /home/emred/catkin_ws/install/beetle_msgs/include/beetle_msgs/beetle_msgs/msg/detail/odometry_lite__type_support.c
[1.589s] -- Up-to-date: /home/emred/catkin_ws/install/beetle_msgs/include/beetle_msgs/beetle_msgs/msg/detail/odometry_lite__rosidl_typesupport_introspection_c.h
[1.589s] -- Up-to-date: /home/emred/catkin_ws/install/beetle_msgs/include/beetle_msgs/beetle_msgs/msg/detail/pose_lite__rosidl_typesupport_introspection_c.h
[1.589s] -- Up-to-date: /home/emred/catkin_ws/install/beetle_msgs/include/beetle_msgs/beetle_msgs/msg/rosidl_typesupport_introspection_c__visibility_control.h
[1.590s] -- Up-to-date: /home/emred/catkin_ws/install/beetle_msgs/lib/libbeetle_msgs__rosidl_typesupport_introspection_c.so
[1.590s] -- Up-to-date: /home/emred/catkin_ws/install/beetle_msgs/lib/libbeetle_msgs__rosidl_typesupport_c.so
[1.590s] -- Up-to-date: /home/emred/catkin_ws/install/beetle_msgs/include/beetle_msgs/beetle_msgs
[1.590s] -- Up-to-date: /home/emred/catkin_ws/install/beetle_msgs/include/beetle_msgs/beetle_msgs/msg
[1.590s] -- Up-to-date: /home/emred/catkin_ws/install/beetle_msgs/include/beetle_msgs/beetle_msgs/msg/detail
[1.590s] -- Up-to-date: /home/emred/catkin_ws/install/beetle_msgs/include/beetle_msgs/beetle_msgs/msg/detail/odometry_lite__builder.hpp
[1.590s] -- Up-to-date: /home/emred/catkin_ws/install/beetle_msgs/include/beetle_msgs/beetle_msgs/msg/detail/odometry_lite__struct.hpp
[1.590s] -- Up-to-date: /home/emred/catkin_ws/install/beetle_msgs/include/beetle_msgs/beetle_msgs/msg/detail/pose_lite__builder.hpp
[1.590s] -- Up-to-date: /home/emred/catkin_ws/install/beetle_msgs/include/beetle_msgs/beetle_msgs/msg/detail/twist_lite__struct.hpp
[1.591s] -- Up-to-date: /home/emred/catkin_ws/install/beetle_msgs/include/beetle_msgs/beetle_msgs/msg/detail/twist_lite__builder.hpp
[1.591s] -- Up-to-date: /home/emred/catkin_ws/install/beetle_msgs/include/beetle_msgs/beetle_msgs/msg/detail/twist_lite__traits.hpp
[1.591s] -- Up-to-date: /home/emred/catkin_ws/install/beetle_msgs/include/beetle_msgs/beetle_msgs/msg/detail/odometry_lite__traits.hpp
[1.591s] -- Up-to-date: /home/emred/catkin_ws/install/beetle_msgs/include/beetle_msgs/beetle_msgs/msg/detail/pose_lite__traits.hpp
[1.591s] -- Up-to-date: /home/emred/catkin_ws/install/beetle_msgs/include/beetle_msgs/beetle_msgs/msg/detail/pose_lite__struct.hpp
[1.591s] -- Up-to-date: /home/emred/catkin_ws/install/beetle_msgs/include/beetle_msgs/beetle_msgs/msg/pose_lite.hpp
[1.591s] -- Up-to-date: /home/emred/catkin_ws/install/beetle_msgs/include/beetle_msgs/beetle_msgs/msg/twist_lite.hpp
[1.591s] -- Up-to-date: /home/emred/catkin_ws/install/beetle_msgs/include/beetle_msgs/beetle_msgs/msg/odometry_lite.hpp
[1.592s] -- Up-to-date: /home/emred/catkin_ws/install/beetle_msgs/include/beetle_msgs/beetle_msgs
[1.592s] -- Up-to-date: /home/emred/catkin_ws/install/beetle_msgs/include/beetle_msgs/beetle_msgs/msg
[1.592s] -- Up-to-date: /home/emred/catkin_ws/install/beetle_msgs/include/beetle_msgs/beetle_msgs/msg/detail
[1.592s] -- Up-to-date: /home/emred/catkin_ws/install/beetle_msgs/include/beetle_msgs/beetle_msgs/msg/detail/pose_lite__rosidl_typesupport_fastrtps_cpp.hpp
[1.592s] -- Up-to-date: /home/emred/catkin_ws/install/beetle_msgs/include/beetle_msgs/beetle_msgs/msg/detail/twist_lite__rosidl_typesupport_fastrtps_cpp.hpp
[1.592s] -- Up-to-date: /home/emred/catkin_ws/install/beetle_msgs/include/beetle_msgs/beetle_msgs/msg/detail/odometry_lite__rosidl_typesupport_fastrtps_cpp.hpp
[1.592s] -- Up-to-date: /home/emred/catkin_ws/install/beetle_msgs/include/beetle_msgs/beetle_msgs/msg/detail/dds_fastrtps
[1.592s] -- Up-to-date: /home/emred/catkin_ws/install/beetle_msgs/include/beetle_msgs/beetle_msgs/msg/rosidl_typesupport_fastrtps_cpp__visibility_control.h
[1.593s] -- Up-to-date: /home/emred/catkin_ws/install/beetle_msgs/lib/libbeetle_msgs__rosidl_typesupport_fastrtps_cpp.so
[1.593s] -- Up-to-date: /home/emred/catkin_ws/install/beetle_msgs/include/beetle_msgs/beetle_msgs
[1.593s] -- Up-to-date: /home/emred/catkin_ws/install/beetle_msgs/include/beetle_msgs/beetle_msgs/msg
[1.593s] -- Up-to-date: /home/emred/catkin_ws/install/beetle_msgs/include/beetle_msgs/beetle_msgs/msg/detail
[1.593s] -- Up-to-date: /home/emred/catkin_ws/install/beetle_msgs/include/beetle_msgs/beetle_msgs/msg/detail/pose_lite__type_support.cpp
[1.593s] -- Up-to-date: /home/emred/catkin_ws/install/beetle_msgs/include/beetle_msgs/beetle_msgs/msg/detail/twist_lite__type_support.cpp
[1.593s] -- Up-to-date: /home/emred/catkin_ws/install/beetle_msgs/include/beetle_msgs/beetle_msgs/msg/detail/pose_lite__rosidl_typesupport_introspection_cpp.hpp
[1.593s] -- Up-to-date: /home/emred/catkin_ws/install/beetle_msgs/include/beetle_msgs/beetle_msgs/msg/detail/twist_lite__rosidl_typesupport_introspection_cpp.hpp
[1.594s] -- Up-to-date: /home/emred/catkin_ws/install/beetle_msgs/include/beetle_msgs/beetle_msgs/msg/detail/odometry_lite__rosidl_typesupport_introspection_cpp.hpp
[1.594s] -- Up-to-date: /home/emred/catkin_ws/install/beetle_msgs/include/beetle_msgs/beetle_msgs/msg/detail/odometry_lite__type_support.cpp
[1.594s] -- Up-to-date: /home/emred/catkin_ws/install/beetle_msgs/lib/libbeetle_msgs__rosidl_typesupport_introspection_cpp.so
[1.594s] -- Up-to-date: /home/emred/catkin_ws/install/beetle_msgs/lib/libbeetle_msgs__rosidl_typesupport_cpp.so
[1.594s] -- Up-to-date: /home/emred/catkin_ws/install/beetle_msgs/share/beetle_msgs/environment/pythonpath.sh
[1.594s] -- Up-to-date: /home/emred/catkin_ws/install/beetle_msgs/share/beetle_msgs/environment/pythonpath.dsv
[1.595s] -- Up-to-date: /home/emred/catkin_ws/install/beetle_msgs/local/lib/python3.10/dist-packages/beetle_msgs-0.0.0-py3.10.egg-info
[1.595s] -- Installing: /home/emred/catkin_ws/install/beetle_msgs/local/lib/python3.10/dist-packages/beetle_msgs-0.0.0-py3.10.egg-info/PKG-INFO
[1.595s] -- Installing: /home/emred/catkin_ws/install/beetle_msgs/local/lib/python3.10/dist-packages/beetle_msgs-0.0.0-py3.10.egg-info/top_level.txt
[1.595s] -- Installing: /home/emred/catkin_ws/install/beetle_msgs/local/lib/python3.10/dist-packages/beetle_msgs-0.0.0-py3.10.egg-info/dependency_links.txt
[1.595s] -- Installing: /home/emred/catkin_ws/install/beetle_msgs/local/lib/python3.10/dist-packages/beetle_msgs-0.0.0-py3.10.egg-info/SOURCES.txt
[1.595s] -- Up-to-date: /home/emred/catkin_ws/install/beetle_msgs/local/lib/python3.10/dist-packages/beetle_msgs
[1.595s] -- Up-to-date: /home/emred/catkin_ws/install/beetle_msgs/local/lib/python3.10/dist-packages/beetle_msgs/__init__.py
[1.596s] -- Up-to-date: /home/emred/catkin_ws/install/beetle_msgs/local/lib/python3.10/dist-packages/beetle_msgs/_beetle_msgs_s.ep.rosidl_typesupport_fastrtps_c.c
[1.596s] -- Up-to-date: /home/emred/catkin_ws/install/beetle_msgs/local/lib/python3.10/dist-packages/beetle_msgs/libbeetle_msgs__rosidl_generator_py.so
[1.596s] -- Up-to-date: /home/emred/catkin_ws/install/beetle_msgs/local/lib/python3.10/dist-packages/beetle_msgs/beetle_msgs_s__rosidl_typesupport_fastrtps_c.cpython-310-x86_64-linux-gnu.so
[1.596s] -- Up-to-date: /home/emred/catkin_ws/install/beetle_msgs/local/lib/python3.10/dist-packages/beetle_msgs/_beetle_msgs_s.ep.rosidl_typesupport_introspection_c.c
[1.596s] -- Up-to-date: /home/emred/catkin_ws/install/beetle_msgs/local/lib/python3.10/dist-packages/beetle_msgs/msg
[1.596s] -- Up-to-date: /home/emred/catkin_ws/install/beetle_msgs/local/lib/python3.10/dist-packages/beetle_msgs/msg/_odometry_lite_s.c
[1.596s] -- Up-to-date: /home/emred/catkin_ws/install/beetle_msgs/local/lib/python3.10/dist-packages/beetle_msgs/msg/__init__.py
[1.597s] -- Up-to-date: /home/emred/catkin_ws/install/beetle_msgs/local/lib/python3.10/dist-packages/beetle_msgs/msg/_twist_lite_s.c
[1.597s] -- Up-to-date: /home/emred/catkin_ws/install/beetle_msgs/local/lib/python3.10/dist-packages/beetle_msgs/msg/_twist_lite.py
[1.597s] -- Up-to-date: /home/emred/catkin_ws/install/beetle_msgs/local/lib/python3.10/dist-packages/beetle_msgs/msg/_pose_lite.py
[1.597s] -- Up-to-date: /home/emred/catkin_ws/install/beetle_msgs/local/lib/python3.10/dist-packages/beetle_msgs/msg/_pose_lite_s.c
[1.597s] -- Up-to-date: /home/emred/catkin_ws/install/beetle_msgs/local/lib/python3.10/dist-packages/beetle_msgs/msg/_odometry_lite.py
[1.597s] -- Up-to-date: /home/emred/catkin_ws/install/beetle_msgs/local/lib/python3.10/dist-packages/beetle_msgs/beetle_msgs_s__rosidl_typesupport_introspection_c.cpython-310-x86_64-linux-gnu.so
[1.597s] -- Up-to-date: /home/emred/catkin_ws/install/beetle_msgs/local/lib/python3.10/dist-packages/beetle_msgs/_beetle_msgs_s.ep.rosidl_typesupport_c.c
[1.598s] -- Up-to-date: /home/emred/catkin_ws/install/beetle_msgs/local/lib/python3.10/dist-packages/beetle_msgs/beetle_msgs_s__rosidl_typesupport_c.cpython-310-x86_64-linux-gnu.so
[1.598s] Listing '/home/emred/catkin_ws/install/beetle_msgs/local/lib/python3.10/dist-packages/beetle_msgs'...
[1.598s] Listing '/home/emred/catkin_ws/install/beetle_msgs/local/lib/python3.10/dist-packages/beetle_msgs/msg'...
[1.598s] -- Up-to-date: /home/emred/catkin_ws/install/beetle_msgs/local/lib/python3.10/dist-packages/beetle_msgs/beetle_msgs_s__rosidl_typesupport_fastrtps_c.cpython-310-x86_64-linux-gnu.so
[1.599s] -- Up-to-date: /home/emred/catkin_ws/install/beetle_msgs/local/lib/python3.10/dist-packages/beetle_msgs/beetle_msgs_s__rosidl_typesupport_introspection_c.cpython-310-x86_64-linux-gnu.so
[1.599s] -- Up-to-date: /home/emred/catkin_ws/install/beetle_msgs/local/lib/python3.10/dist-packages/beetle_msgs/beetle_msgs_s__rosidl_typesupport_c.cpython-310-x86_64-linux-gnu.so
[1.599s] -- Up-to-date: /home/emred/catkin_ws/install/beetle_msgs/lib/libbeetle_msgs__rosidl_generator_py.so
[1.599s] -- Up-to-date: /home/emred/catkin_ws/install/beetle_msgs/share/beetle_msgs/msg/PoseLite.idl
[1.600s] -- Up-to-date: /home/emred/catkin_ws/install/beetle_msgs/share/beetle_msgs/msg/TwistLite.idl
[1.600s] -- Up-to-date: /home/emred/catkin_ws/install/beetle_msgs/share/beetle_msgs/msg/OdometryLite.idl
[1.600s] -- Up-to-date: /home/emred/catkin_ws/install/beetle_msgs/share/beetle_msgs/msg/PoseLite.msg
[1.600s] -- Up-to-date: /home/emred/catkin_ws/install/beetle_msgs/share/beetle_msgs/msg/TwistLite.msg
[1.600s] -- Up-to-date: /home/emred/catkin_ws/install/beetle_msgs/share/beetle_msgs/msg/OdometryLite.msg
[1.600s] -- Up-to-date: /home/emred/catkin_ws/install/beetle_msgs/share/ament_index/resource_index/package_run_dependencies/beetle_msgs
[1.601s] -- Up-to-date: /home/emred/catkin_ws/install/beetle_msgs/share/ament_index/resource_index/parent_prefix_path/beetle_msgs
[1.601s] -- Up-to-date: /home/emred/catkin_ws/install/beetle_msgs/share/beetle_msgs/environment/ament_prefix_path.sh
[1.601s] -- Up-to-date: /home/emred/catkin_ws/install/beetle_msgs/share/beetle_msgs/environment/ament_prefix_path.dsv
[1.602s] -- Up-to-date: /home/emred/catkin_ws/install/beetle_msgs/share/beetle_msgs/environment/path.sh
[1.602s] -- Up-to-date: /home/emred/catkin_ws/install/beetle_msgs/share/beetle_msgs/environment/path.dsv
[1.602s] -- Up-to-date: /home/emred/catkin_ws/install/beetle_msgs/share/beetle_msgs/local_setup.bash
[1.602s] -- Up-to-date: /home/emred/catkin_ws/install/beetle_msgs/share/beetle_msgs/local_setup.sh
[1.603s] -- Up-to-date: /home/emred/catkin_ws/install/beetle_msgs/share/beetle_msgs/local_setup.zsh
[1.603s] -- Up-to-date: /home/emred/catkin_ws/install/beetle_msgs/share/beetle_msgs/local_setup.dsv
[1.603s] -- Installing: /home/emred/catkin_ws/install/beetle_msgs/share/beetle_msgs/package.dsv
[1.603s] -- Up-to-date: /home/emred/catkin_ws/install/beetle_msgs/share/ament_index/resource_index/packages/beetle_msgs
[1.603s] -- Up-to-date: /home/emred/catkin_ws/install/beetle_msgs/share/beetle_msgs/cmake/export_beetle_msgs__rosidl_generator_cExport.cmake
[1.604s] -- Up-to-date: /home/emred/catkin_ws/install/beetle_msgs/share/beetle_msgs/cmake/export_beetle_msgs__rosidl_generator_cExport-noconfig.cmake
[1.604s] -- Up-to-date: /home/emred/catkin_ws/install/beetle_msgs/share/beetle_msgs/cmake/export_beetle_msgs__rosidl_typesupport_fastrtps_cExport.cmake
[1.604s] -- Up-to-date: /home/emred/catkin_ws/install/beetle_msgs/share/beetle_msgs/cmake/export_beetle_msgs__rosidl_typesupport_fastrtps_cExport-noconfig.cmake
[1.604s] -- Up-to-date: /home/emred/catkin_ws/install/beetle_msgs/share/beetle_msgs/cmake/beetle_msgs__rosidl_typesupport_introspection_cExport.cmake
[1.605s] -- Up-to-date: /home/emred/catkin_ws/install/beetle_msgs/share/beetle_msgs/cmake/beetle_msgs__rosidl_typesupport_introspection_cExport-noconfig.cmake
[1.605s] -- Up-to-date: /home/emred/catkin_ws/install/beetle_msgs/share/beetle_msgs/cmake/beetle_msgs__rosidl_typesupport_cExport.cmake
[1.605s] -- Up-to-date: /home/emred/catkin_ws/install/beetle_msgs/share/beetle_msgs/cmake/beetle_msgs__rosidl_typesupport_cExport-noconfig.cmake
[1.605s] -- Up-to-date: /home/emred/catkin_ws/install/beetle_msgs/share/beetle_msgs/cmake/export_beetle_msgs__rosidl_generator_cppExport.cmake
[1.605s] -- Up-to-date: /home/emred/catkin_ws/install/beetle_msgs/share/beetle_msgs/cmake/export_beetle_msgs__rosidl_typesupport_fastrtps_cppExport.cmake
[1.606s] -- Up-to-date: /home/emred/catkin_ws/install/beetle_msgs/share/beetle_msgs/cmake/export_beetle_msgs__rosidl_typesupport_fastrtps_cppExport-noconfig.cmake
[1.606s] -- Up-to-date: /home/emred/catkin_ws/install/beetle_msgs/share/beetle_msgs/cmake/beetle_msgs__rosidl_typesupport_introspection_cppExport.cmake
[1.606s] -- Up-to-date: /home/emred/catkin_ws/install/beetle_msgs/share/beetle_msgs/cmake/beetle_msgs__rosidl_typesupport_introspection_cppExport-noconfig.cmake
[1.606s] -- Up-to-date: /home/emred/catkin_ws/install/beetle_msgs/share/beetle_msgs/cmake/beetle_msgs__rosidl_typesupport_cppExport.cmake
[1.606s] -- Up-to-date: /home/emred/catkin_ws/install/beetle_msgs/share/beetle_msgs/cmake/beetle_msgs__rosidl_typesupport_cppExport-noconfig.cmake
[1.607s] -- Up-to-date: /home/emred/catkin_ws/install/beetle_msgs/share/beetle_msgs/cmake/export_beetle_msgs__rosidl_generator_pyExport.cmake
[1.607s] -- Up-to-date: /home/emred/catkin_ws/install/beetle_msgs/share/beetle_msgs/cmake/export_beetle_msgs__rosidl_generator_pyExport-noconfig.cmake
[1.607s] -- Up-to-date: /home/emred/catkin_ws/install/beetle_msgs/share/beetle_msgs/cmake/rosidl_cmake-extras.cmake
[1.607s] -- Up-to-date: /home/emred/catkin_ws/install/beetle_msgs/share/beetle_msgs/cmake/ament_cmake_export_include_directories-extras.cmake
[1.607s] -- Up-to-date: /home/emred/catkin_ws/install/beetle_msgs/share/beetle_msgs/cmake/ament_cmake_export_libraries-extras.cmake
[1.608s] -- Up-to-date: /home/emred/catkin_ws/install/beetle_msgs/share/beetle_msgs/cmake/ament_cmake_export_targets-extras.cmake
[1.608s] -- Up-to-date: /home/emred/catkin_ws/install/beetle_msgs/share/beetle_msgs/cmake/rosidl_cmake_export_typesupport_targets-extras.cmake
[1.608s] -- Up-to-date: /home/emred/catkin_ws/install/beetle_msgs/share/beetle_msgs/cmake/ament_cmake_export_dependencies-extras.cmake
[1.608s] -- Up-to-date: /home/emred/catkin_ws/install/beetle_msgs/share/beetle_msgs/cmake/rosidl_cmake_export_typesupport_libraries-extras.cmake
[1.608s] -- Up-to-date: /home/emred/catkin_ws/install/beetle_msgs/share/beetle_msgs/cmake/beetle_msgsConfig.cmake
[1.608s] -- Up-to-date: /home/emred/catkin_ws/install/beetle_msgs/share/beetle_msgs/cmake/beetle_msgsConfig-version.cmake
[1.609s] -- Up-to-date: /home/emred/catkin_ws/install/beetle_msgs/share/beetle_msgs/package.xml
[1.901s] Invoked command in '/home/emred/catkin_ws/build/beetle_msgs' returned '0': CMAKE_PREFIX_PATH=${CMAKE_PREFIX_PATH}:/home/emred/catkin_ws/install/traktor:/home/emred/catkin_ws/install/beetle_evaluation:/opt/ros/humble /usr/bin/cmake --install /home/emred/catkin_ws/build/beetle_msgs
