[0.181s] Invoking command in '/home/emred/ack_drive/build/four_ws_control': CMAKE_PREFIX_PATH=${CMAKE_PREFIX_PATH}:/home/emred/tas-gps/install/moveon_control:/opt/ros/humble /usr/bin/cmake /home/emred/ack_drive/src/four_ws_control -DCMAKE_INSTALL_PREFIX=/home/emred/ack_drive/install/four_ws_control
[0.255s] -- The C compiler identification is GNU 11.4.0
[0.312s] -- The CXX compiler identification is GNU 11.4.0
[0.319s] -- Detecting C compiler ABI info
[0.425s] -- Detecting C compiler ABI info - done
[0.431s] -- Check for working C compiler: /usr/bin/cc - skipped
[0.433s] -- Detecting C compile features
[0.433s] -- Detecting C compile features - done
[0.434s] -- Detecting CXX compiler ABI info
[0.523s] -- Detecting CXX compiler ABI info - done
[0.529s] -- Check for working CXX compiler: /usr/bin/c++ - skipped
[0.529s] -- Detecting CXX compile features
[0.529s] -- Detecting CXX compile features - done
[0.532s] -- Found ament_cmake: 1.3.7 (/opt/ros/humble/share/ament_cmake/cmake)
[0.695s] -- Found Python3: /usr/bin/python3.10 (found version "3.10.12") found components: Interpreter 
[0.788s] -- Found ament_lint_auto: 0.12.10 (/opt/ros/humble/share/ament_lint_auto/cmake)
[0.868s] -- Added test 'copyright' to check source files copyright and LICENSE
[0.869s] -- Added test 'flake8' to check Python code syntax and style conventions
[0.869s] -- Added test 'lint_cmake' to check CMake code style
[0.870s] -- Added test 'pep257' to check Python code against some of the docstring style conventions in PEP 257
[0.871s] -- Added test 'xmllint' to check XML markup files
[0.872s] -- Configuring done
[0.875s] -- Generating done
[0.876s] -- Build files have been written to: /home/emred/ack_drive/build/four_ws_control
[0.881s] Invoked command in '/home/emred/ack_drive/build/four_ws_control' returned '0': CMAKE_PREFIX_PATH=${CMAKE_PREFIX_PATH}:/home/emred/tas-gps/install/moveon_control:/opt/ros/humble /usr/bin/cmake /home/emred/ack_drive/src/four_ws_control -DCMAKE_INSTALL_PREFIX=/home/emred/ack_drive/install/four_ws_control
[0.883s] Invoking command in '/home/emred/ack_drive/build/four_ws_control': CMAKE_PREFIX_PATH=${CMAKE_PREFIX_PATH}:/home/emred/tas-gps/install/moveon_control:/opt/ros/humble /usr/bin/cmake --build /home/emred/ack_drive/build/four_ws_control -- -j16 -l16
[0.926s] Invoked command in '/home/emred/ack_drive/build/four_ws_control' returned '0': CMAKE_PREFIX_PATH=${CMAKE_PREFIX_PATH}:/home/emred/tas-gps/install/moveon_control:/opt/ros/humble /usr/bin/cmake --build /home/emred/ack_drive/build/four_ws_control -- -j16 -l16
[0.964s] Invoking command in '/home/emred/ack_drive/build/four_ws_control': CMAKE_PREFIX_PATH=${CMAKE_PREFIX_PATH}:/home/emred/tas-gps/install/moveon_control:/opt/ros/humble /usr/bin/cmake --install /home/emred/ack_drive/build/four_ws_control
[0.972s] -- Install configuration: ""
[0.972s] -- Installing: /home/emred/ack_drive/install/four_ws_control/share/four_ws_control//scripts
[0.972s] -- Installing: /home/emred/ack_drive/install/four_ws_control/share/four_ws_control//scripts/robot_control.py
[0.972s] -- Installing: /home/emred/ack_drive/install/four_ws_control/share/four_ws_control//launch
[0.972s] -- Installing: /home/emred/ack_drive/install/four_ws_control/share/four_ws_control//launch/four_ws_control.launch.py
[0.972s] -- Installing: /home/emred/ack_drive/install/four_ws_control/lib/four_ws_control/robot_control.py
[0.973s] -- Installing: /home/emred/ack_drive/install/four_ws_control/lib/four_ws_control/four_ws_control.launch.py
[0.973s] -- Installing: /home/emred/ack_drive/install/four_ws_control/share/ament_index/resource_index/package_run_dependencies/four_ws_control
[0.973s] -- Installing: /home/emred/ack_drive/install/four_ws_control/share/ament_index/resource_index/parent_prefix_path/four_ws_control
[0.973s] -- Installing: /home/emred/ack_drive/install/four_ws_control/share/four_ws_control/environment/ament_prefix_path.sh
[0.973s] -- Installing: /home/emred/ack_drive/install/four_ws_control/share/four_ws_control/environment/ament_prefix_path.dsv
[0.973s] -- Installing: /home/emred/ack_drive/install/four_ws_control/share/four_ws_control/environment/path.sh
[0.973s] -- Installing: /home/emred/ack_drive/install/four_ws_control/share/four_ws_control/environment/path.dsv
[0.973s] -- Installing: /home/emred/ack_drive/install/four_ws_control/share/four_ws_control/local_setup.bash
[0.973s] -- Installing: /home/emred/ack_drive/install/four_ws_control/share/four_ws_control/local_setup.sh
[0.974s] -- Installing: /home/emred/ack_drive/install/four_ws_control/share/four_ws_control/local_setup.zsh
[0.974s] -- Installing: /home/emred/ack_drive/install/four_ws_control/share/four_ws_control/local_setup.dsv
[0.974s] -- Installing: /home/emred/ack_drive/install/four_ws_control/share/four_ws_control/package.dsv
[0.974s] -- Installing: /home/emred/ack_drive/install/four_ws_control/share/ament_index/resource_index/packages/four_ws_control
[0.974s] -- Installing: /home/emred/ack_drive/install/four_ws_control/share/four_ws_control/cmake/four_ws_controlConfig.cmake
[0.974s] -- Installing: /home/emred/ack_drive/install/four_ws_control/share/four_ws_control/cmake/four_ws_controlConfig-version.cmake
[0.975s] -- Installing: /home/emred/ack_drive/install/four_ws_control/share/four_ws_control/package.xml
[0.977s] Invoked command in '/home/emred/ack_drive/build/four_ws_control' returned '0': CMAKE_PREFIX_PATH=${CMAKE_PREFIX_PATH}:/home/emred/tas-gps/install/moveon_control:/opt/ros/humble /usr/bin/cmake --install /home/emred/ack_drive/build/four_ws_control
