[0.347s] Invoking command in '/home/emred/catkin_ws/build/my_robot_description': CMAKE_PREFIX_PATH=${CMAKE_PREFIX_PATH}:/home/emred/catkin_ws/install/traktor:/home/emred/catkin_ws/install/beetle_evaluation:/opt/ros/humble /usr/bin/cmake --build /home/emred/catkin_ws/build/my_robot_description -- -j16 -l16
[0.697s] Invoked command in '/home/emred/catkin_ws/build/my_robot_description' returned '0': CMAKE_PREFIX_PATH=${CMAKE_PREFIX_PATH}:/home/emred/catkin_ws/install/traktor:/home/emred/catkin_ws/install/beetle_evaluation:/opt/ros/humble /usr/bin/cmake --build /home/emred/catkin_ws/build/my_robot_description -- -j16 -l16
[1.031s] Invoking command in '/home/emred/catkin_ws/build/my_robot_description': CMAKE_PREFIX_PATH=${CMAKE_PREFIX_PATH}:/home/emred/catkin_ws/install/traktor:/home/emred/catkin_ws/install/beetle_evaluation:/opt/ros/humble /usr/bin/cmake --install /home/emred/catkin_ws/build/my_robot_description
[1.046s] -- Install configuration: ""
[1.047s] -- Up-to-date: /home/emred/catkin_ws/install/my_robot_description/share/my_robot_description//urdf
[1.048s] -- Up-to-date: /home/emred/catkin_ws/install/my_robot_description/share/my_robot_description//urdf/my_robot.urdf.xacro
[1.050s] -- Up-to-date: /home/emred/catkin_ws/install/my_robot_description/share/my_robot_description//urdf/mobile_base_gazebo.xacro
[1.051s] -- Up-to-date: /home/emred/catkin_ws/install/my_robot_description/share/my_robot_description//urdf/common_properties.xacro
[1.051s] -- Up-to-date: /home/emred/catkin_ws/install/my_robot_description/share/my_robot_description//urdf/mobile_base.xacro
[1.053s] -- Up-to-date: /home/emred/catkin_ws/install/my_robot_description/share/my_robot_description//launch
[1.053s] -- Up-to-date: /home/emred/catkin_ws/install/my_robot_description/share/my_robot_description//launch/display.launch.py
[1.053s] -- Up-to-date: /home/emred/catkin_ws/install/my_robot_description/share/my_robot_description//launch/display.launch.xml
[1.054s] -- Up-to-date: /home/emred/catkin_ws/install/my_robot_description/share/my_robot_description//rviz
[1.054s] -- Up-to-date: /home/emred/catkin_ws/install/my_robot_description/share/my_robot_description//rviz/urdf_config.rviz
[1.055s] -- Up-to-date: /home/emred/catkin_ws/install/my_robot_description/share/ament_index/resource_index/package_run_dependencies/my_robot_description
[1.056s] -- Up-to-date: /home/emred/catkin_ws/install/my_robot_description/share/ament_index/resource_index/parent_prefix_path/my_robot_description
[1.056s] -- Up-to-date: /home/emred/catkin_ws/install/my_robot_description/share/my_robot_description/environment/ament_prefix_path.sh
[1.056s] -- Up-to-date: /home/emred/catkin_ws/install/my_robot_description/share/my_robot_description/environment/ament_prefix_path.dsv
[1.056s] -- Up-to-date: /home/emred/catkin_ws/install/my_robot_description/share/my_robot_description/environment/path.sh
[1.057s] -- Up-to-date: /home/emred/catkin_ws/install/my_robot_description/share/my_robot_description/environment/path.dsv
[1.057s] -- Up-to-date: /home/emred/catkin_ws/install/my_robot_description/share/my_robot_description/local_setup.bash
[1.057s] -- Up-to-date: /home/emred/catkin_ws/install/my_robot_description/share/my_robot_description/local_setup.sh
[1.058s] -- Up-to-date: /home/emred/catkin_ws/install/my_robot_description/share/my_robot_description/local_setup.zsh
[1.059s] -- Up-to-date: /home/emred/catkin_ws/install/my_robot_description/share/my_robot_description/local_setup.dsv
[1.059s] -- Up-to-date: /home/emred/catkin_ws/install/my_robot_description/share/my_robot_description/package.dsv
[1.060s] -- Up-to-date: /home/emred/catkin_ws/install/my_robot_description/share/ament_index/resource_index/packages/my_robot_description
[1.060s] -- Up-to-date: /home/emred/catkin_ws/install/my_robot_description/share/my_robot_description/cmake/my_robot_descriptionConfig.cmake
[1.060s] -- Up-to-date: /home/emred/catkin_ws/install/my_robot_description/share/my_robot_description/cmake/my_robot_descriptionConfig-version.cmake
[1.060s] -- Up-to-date: /home/emred/catkin_ws/install/my_robot_description/share/my_robot_description/package.xml
[1.064s] Invoked command in '/home/emred/catkin_ws/build/my_robot_description' returned '0': CMAKE_PREFIX_PATH=${CMAKE_PREFIX_PATH}:/home/emred/catkin_ws/install/traktor:/home/emred/catkin_ws/install/beetle_evaluation:/opt/ros/humble /usr/bin/cmake --install /home/emred/catkin_ws/build/my_robot_description
