[0.188s] Invoking command in '/home/emred/catkin_ws/build/four_ws_control': CMAKE_PREFIX_PATH=${CMAKE_PREFIX_PATH}:/home/emred/catkin_ws/install/traktor:/opt/ros/humble /usr/bin/cmake --build /home/emred/catkin_ws/build/four_ws_control -- -j16 -l16
[0.536s] Invoked command in '/home/emred/catkin_ws/build/four_ws_control' returned '0': CMAKE_PREFIX_PATH=${CMAKE_PREFIX_PATH}:/home/emred/catkin_ws/install/traktor:/opt/ros/humble /usr/bin/cmake --build /home/emred/catkin_ws/build/four_ws_control -- -j16 -l16
[0.617s] Invoking command in '/home/emred/catkin_ws/build/four_ws_control': CMAKE_PREFIX_PATH=${CMAKE_PREFIX_PATH}:/home/emred/catkin_ws/install/traktor:/opt/ros/humble /usr/bin/cmake --install /home/emred/catkin_ws/build/four_ws_control
[0.635s] -- Install configuration: ""
[0.636s] -- Up-to-date: /home/emred/catkin_ws/install/four_ws_control/share/four_ws_control//scripts
[0.636s] -- Up-to-date: /home/emred/catkin_ws/install/four_ws_control/share/four_ws_control//scripts/robot_control.py
[0.636s] -- Up-to-date: /home/emred/catkin_ws/install/four_ws_control/share/four_ws_control//launch
[0.636s] -- Up-to-date: /home/emred/catkin_ws/install/four_ws_control/share/four_ws_control//launch/four_ws_control.launch.py
[0.636s] -- Up-to-date: /home/emred/catkin_ws/install/four_ws_control/lib/four_ws_control/robot_control.py
[0.636s] -- Up-to-date: /home/emred/catkin_ws/install/four_ws_control/lib/four_ws_control/four_ws_control.launch.py
[0.637s] -- Up-to-date: /home/emred/catkin_ws/install/four_ws_control/share/ament_index/resource_index/package_run_dependencies/four_ws_control
[0.637s] -- Up-to-date: /home/emred/catkin_ws/install/four_ws_control/share/ament_index/resource_index/parent_prefix_path/four_ws_control
[0.637s] -- Up-to-date: /home/emred/catkin_ws/install/four_ws_control/share/four_ws_control/environment/ament_prefix_path.sh
[0.637s] -- Up-to-date: /home/emred/catkin_ws/install/four_ws_control/share/four_ws_control/environment/ament_prefix_path.dsv
[0.637s] -- Up-to-date: /home/emred/catkin_ws/install/four_ws_control/share/four_ws_control/environment/path.sh
[0.637s] -- Up-to-date: /home/emred/catkin_ws/install/four_ws_control/share/four_ws_control/environment/path.dsv
[0.637s] -- Up-to-date: /home/emred/catkin_ws/install/four_ws_control/share/four_ws_control/local_setup.bash
[0.637s] -- Up-to-date: /home/emred/catkin_ws/install/four_ws_control/share/four_ws_control/local_setup.sh
[0.638s] -- Up-to-date: /home/emred/catkin_ws/install/four_ws_control/share/four_ws_control/local_setup.zsh
[0.638s] -- Up-to-date: /home/emred/catkin_ws/install/four_ws_control/share/four_ws_control/local_setup.dsv
[0.638s] -- Installing: /home/emred/catkin_ws/install/four_ws_control/share/four_ws_control/package.dsv
[0.639s] -- Up-to-date: /home/emred/catkin_ws/install/four_ws_control/share/ament_index/resource_index/packages/four_ws_control
[0.639s] -- Up-to-date: /home/emred/catkin_ws/install/four_ws_control/share/four_ws_control/cmake/four_ws_controlConfig.cmake
[0.639s] -- Up-to-date: /home/emred/catkin_ws/install/four_ws_control/share/four_ws_control/cmake/four_ws_controlConfig-version.cmake
[0.639s] -- Up-to-date: /home/emred/catkin_ws/install/four_ws_control/share/four_ws_control/package.xml
[0.645s] Invoked command in '/home/emred/catkin_ws/build/four_ws_control' returned '0': CMAKE_PREFIX_PATH=${CMAKE_PREFIX_PATH}:/home/emred/catkin_ws/install/traktor:/opt/ros/humble /usr/bin/cmake --install /home/emred/catkin_ws/build/four_ws_control
