-- Install configuration: ""
-- Up-to-date: /home/emred/catkin_ws/install/beetle_description/share/beetle_description/src
-- Up-to-date: /home/emred/catkin_ws/install/beetle_description/share/beetle_description/src/.gitkeep
-- Up-to-date: /home/emred/catkin_ws/install/beetle_description/share/beetle_description/launch
-- Up-to-date: /home/emred/catkin_ws/install/beetle_description/share/beetle_description/launch/display.launch.py
-- Up-to-date: /home/emred/catkin_ws/install/beetle_description/share/beetle_description/rviz
-- Up-to-date: /home/emred/catkin_ws/install/beetle_description/share/beetle_description/rviz/default_view.rviz
-- Up-to-date: /home/emred/catkin_ws/install/beetle_description/share/beetle_description/urdf
-- Up-to-date: /home/emred/catkin_ws/install/beetle_description/share/beetle_description/urdf/basic_shapes.xacro.xml
-- Up-to-date: /home/emred/catkin_ws/install/beetle_description/share/beetle_description/urdf/beetle.urdf
-- Up-to-date: /home/emred/catkin_ws/install/beetle_description/share/ament_index/resource_index/package_run_dependencies/beetle_description
-- Up-to-date: /home/emred/catkin_ws/install/beetle_description/share/ament_index/resource_index/parent_prefix_path/beetle_description
-- Up-to-date: /home/emred/catkin_ws/install/beetle_description/share/beetle_description/environment/ament_prefix_path.sh
-- Up-to-date: /home/emred/catkin_ws/install/beetle_description/share/beetle_description/environment/ament_prefix_path.dsv
-- Up-to-date: /home/emred/catkin_ws/install/beetle_description/share/beetle_description/environment/path.sh
-- Up-to-date: /home/emred/catkin_ws/install/beetle_description/share/beetle_description/environment/path.dsv
-- Up-to-date: /home/emred/catkin_ws/install/beetle_description/share/beetle_description/local_setup.bash
-- Up-to-date: /home/emred/catkin_ws/install/beetle_description/share/beetle_description/local_setup.sh
-- Up-to-date: /home/emred/catkin_ws/install/beetle_description/share/beetle_description/local_setup.zsh
-- Up-to-date: /home/emred/catkin_ws/install/beetle_description/share/beetle_description/local_setup.dsv
-- Installing: /home/emred/catkin_ws/install/beetle_description/share/beetle_description/package.dsv
-- Up-to-date: /home/emred/catkin_ws/install/beetle_description/share/ament_index/resource_index/packages/beetle_description
-- Up-to-date: /home/emred/catkin_ws/install/beetle_description/share/beetle_description/cmake/beetle_descriptionConfig.cmake
-- Up-to-date: /home/emred/catkin_ws/install/beetle_description/share/beetle_description/cmake/beetle_descriptionConfig-version.cmake
-- Up-to-date: /home/emred/catkin_ws/install/beetle_description/share/beetle_description/package.xml
