-- The C compiler identification is GNU 11.4.0
-- The CXX compiler identification is GNU 11.4.0
-- Detecting C compiler ABI info
-- Detecting C compiler ABI info - done
-- Check for working C compiler: /usr/bin/cc - skipped
-- Detecting C compile features
-- Detecting C compile features - done
-- Detecting CXX compiler ABI info
-- Detecting CXX compiler ABI info - done
-- Check for working CXX compiler: /usr/bin/c++ - skipped
-- Detecting CXX compile features
-- Detecting CXX compile features - done
-- Found ament_cmake: 1.3.7 (/opt/ros/humble/share/ament_cmake/cmake)
-- Found Python3: /usr/bin/python3.10 (found version "3.10.12") found components: Interpreter 
-- Found ament_lint_auto: 0.12.10 (/opt/ros/humble/share/ament_lint_auto/cmake)
-- Found rosidl_default_generators: 1.2.0 (/opt/ros/humble/share/rosidl_default_generators/cmake)
-- Using all available rosidl_typesupport_c: rosidl_typesupport_fastrtps_c;rosidl_typesupport_introspection_c
-- Found rosidl_adapter: 3.1.5 (/opt/ros/humble/share/rosidl_adapter/cmake)
-- Using all available rosidl_typesupport_cpp: rosidl_typesupport_fastrtps_cpp;rosidl_typesupport_introspection_cpp
-- Found ament_cmake_ros: 0.10.0 (/opt/ros/humble/share/ament_cmake_ros/cmake)
-- Using all available rosidl_typesupport_c: rosidl_typesupport_fastrtps_c;rosidl_typesupport_introspection_c
-- Using all available rosidl_typesupport_cpp: rosidl_typesupport_fastrtps_cpp;rosidl_typesupport_introspection_cpp
-- Found PythonInterp: /usr/bin/python3 (found suitable version "3.10.12", minimum required is "3.6") 
-- Found python_cmake_module: 0.10.0 (/opt/ros/humble/share/python_cmake_module/cmake)
-- Found PythonLibs: /usr/lib/x86_64-linux-gnu/libpython3.10.so (found suitable version "3.10.12", minimum required is "3.5") 
-- Using PYTHON_EXECUTABLE: /usr/bin/python3
-- Using PYTHON_INCLUDE_DIRS: /usr/include/python3.10
-- Using PYTHON_LIBRARIES: /usr/lib/x86_64-linux-gnu/libpython3.10.so
-- Found PythonExtra: .so  
-- Added test 'lint_cmake' to check CMake code style
-- Added test 'xmllint' to check XML markup files
-- Configuring done
-- Generating done
-- Build files have been written to: /home/emred/catkin_ws/build/beetle_msgs
[  2%] [34m[1mGenerating C code for ROS interfaces[0m
[  4%] [34m[1mGenerating C++ code for ROS interfaces[0m
[  4%] Built target ament_cmake_python_copy_beetle_msgs
running egg_info
creating beetle_msgs.egg-info
writing beetle_msgs.egg-info/PKG-INFO
writing dependency_links to beetle_msgs.egg-info/dependency_links.txt
writing top-level names to beetle_msgs.egg-info/top_level.txt
writing manifest file 'beetle_msgs.egg-info/SOURCES.txt'
reading manifest file 'beetle_msgs.egg-info/SOURCES.txt'
writing manifest file 'beetle_msgs.egg-info/SOURCES.txt'
[  4%] Built target beetle_msgs__cpp
[ 10%] [34m[1mGenerating C++ type support for eProsima Fast-RTPS[0m
[ 10%] [34m[1mGenerating C++ introspection for ROS interfaces[0m
[ 10%] [34m[1mGenerating C++ type support dispatch for ROS interfaces[0m
[ 10%] Built target ament_cmake_python_build_beetle_msgs_egg
[ 12%] [32mBuilding C object CMakeFiles/beetle_msgs__rosidl_generator_c.dir/rosidl_generator_c/beetle_msgs/msg/detail/odometry_lite__functions.c.o[0m
[ 17%] [32mBuilding C object CMakeFiles/beetle_msgs__rosidl_generator_c.dir/rosidl_generator_c/beetle_msgs/msg/detail/twist_lite__functions.c.o[0m
[ 17%] [32mBuilding C object CMakeFiles/beetle_msgs__rosidl_generator_c.dir/rosidl_generator_c/beetle_msgs/msg/detail/pose_lite__functions.c.o[0m
[ 19%] [32m[1mLinking C shared library libbeetle_msgs__rosidl_generator_c.so[0m
[ 19%] Built target beetle_msgs__rosidl_generator_c
[ 25%] [34m[1mGenerating C introspection for ROS interfaces[0m
[ 25%] [34m[1mGenerating C type support dispatch for ROS interfaces[0m
[ 25%] [34m[1mGenerating C type support for eProsima Fast-RTPS[0m
[ 27%] [32mBuilding CXX object CMakeFiles/beetle_msgs__rosidl_typesupport_cpp.dir/rosidl_typesupport_cpp/beetle_msgs/msg/pose_lite__type_support.cpp.o[0m
[ 29%] [32mBuilding CXX object CMakeFiles/beetle_msgs__rosidl_typesupport_cpp.dir/rosidl_typesupport_cpp/beetle_msgs/msg/odometry_lite__type_support.cpp.o[0m
[ 31%] [32mBuilding CXX object CMakeFiles/beetle_msgs__rosidl_typesupport_cpp.dir/rosidl_typesupport_cpp/beetle_msgs/msg/twist_lite__type_support.cpp.o[0m
[ 38%] [32mBuilding CXX object CMakeFiles/beetle_msgs__rosidl_typesupport_introspection_cpp.dir/rosidl_typesupport_introspection_cpp/beetle_msgs/msg/detail/odometry_lite__type_support.cpp.o[0m
[ 38%] [32mBuilding CXX object CMakeFiles/beetle_msgs__rosidl_typesupport_introspection_cpp.dir/rosidl_typesupport_introspection_cpp/beetle_msgs/msg/detail/twist_lite__type_support.cpp.o[0m
[ 38%] [32mBuilding CXX object CMakeFiles/beetle_msgs__rosidl_typesupport_introspection_cpp.dir/rosidl_typesupport_introspection_cpp/beetle_msgs/msg/detail/pose_lite__type_support.cpp.o[0m
[ 42%] [32mBuilding CXX object CMakeFiles/beetle_msgs__rosidl_typesupport_fastrtps_cpp.dir/rosidl_typesupport_fastrtps_cpp/beetle_msgs/msg/detail/dds_fastrtps/pose_lite__type_support.cpp.o[0m
[ 42%] [32mBuilding CXX object CMakeFiles/beetle_msgs__rosidl_typesupport_fastrtps_cpp.dir/rosidl_typesupport_fastrtps_cpp/beetle_msgs/msg/detail/dds_fastrtps/twist_lite__type_support.cpp.o[0m
[ 44%] [32mBuilding CXX object CMakeFiles/beetle_msgs__rosidl_typesupport_fastrtps_cpp.dir/rosidl_typesupport_fastrtps_cpp/beetle_msgs/msg/detail/dds_fastrtps/odometry_lite__type_support.cpp.o[0m
[ 48%] [32mBuilding CXX object CMakeFiles/beetle_msgs__rosidl_typesupport_c.dir/rosidl_typesupport_c/beetle_msgs/msg/twist_lite__type_support.cpp.o[0m
[ 48%] [32mBuilding CXX object CMakeFiles/beetle_msgs__rosidl_typesupport_c.dir/rosidl_typesupport_c/beetle_msgs/msg/pose_lite__type_support.cpp.o[0m
[ 51%] [32mBuilding CXX object CMakeFiles/beetle_msgs__rosidl_typesupport_c.dir/rosidl_typesupport_c/beetle_msgs/msg/odometry_lite__type_support.cpp.o[0m
[ 53%] [32mBuilding C object CMakeFiles/beetle_msgs__rosidl_typesupport_introspection_c.dir/rosidl_typesupport_introspection_c/beetle_msgs/msg/detail/pose_lite__type_support.c.o[0m
[ 55%] [32mBuilding C object CMakeFiles/beetle_msgs__rosidl_typesupport_introspection_c.dir/rosidl_typesupport_introspection_c/beetle_msgs/msg/detail/twist_lite__type_support.c.o[0m
[ 57%] [32mBuilding C object CMakeFiles/beetle_msgs__rosidl_typesupport_introspection_c.dir/rosidl_typesupport_introspection_c/beetle_msgs/msg/detail/odometry_lite__type_support.c.o[0m
[ 59%] [32m[1mLinking CXX shared library libbeetle_msgs__rosidl_typesupport_c.so[0m
[ 61%] [32m[1mLinking C shared library libbeetle_msgs__rosidl_typesupport_introspection_c.so[0m
[ 63%] [32mBuilding CXX object CMakeFiles/beetle_msgs__rosidl_typesupport_fastrtps_c.dir/rosidl_typesupport_fastrtps_c/beetle_msgs/msg/detail/pose_lite__type_support_c.cpp.o[0m
[ 65%] [32m[1mLinking CXX shared library libbeetle_msgs__rosidl_typesupport_cpp.so[0m
[ 68%] [32mBuilding CXX object CMakeFiles/beetle_msgs__rosidl_typesupport_fastrtps_c.dir/rosidl_typesupport_fastrtps_c/beetle_msgs/msg/detail/odometry_lite__type_support_c.cpp.o[0m
[ 70%] [32mBuilding CXX object CMakeFiles/beetle_msgs__rosidl_typesupport_fastrtps_c.dir/rosidl_typesupport_fastrtps_c/beetle_msgs/msg/detail/twist_lite__type_support_c.cpp.o[0m
[ 70%] Built target beetle_msgs__rosidl_typesupport_introspection_c
[ 70%] Built target beetle_msgs__rosidl_typesupport_c
[ 70%] Built target beetle_msgs__rosidl_typesupport_cpp
[ 72%] [32m[1mLinking CXX shared library libbeetle_msgs__rosidl_typesupport_introspection_cpp.so[0m
[ 74%] [32m[1mLinking CXX shared library libbeetle_msgs__rosidl_typesupport_fastrtps_cpp.so[0m
[ 74%] Built target beetle_msgs__rosidl_typesupport_introspection_cpp
[ 74%] Built target beetle_msgs__rosidl_typesupport_fastrtps_cpp
[ 76%] [32m[1mLinking CXX shared library libbeetle_msgs__rosidl_typesupport_fastrtps_c.so[0m
[ 76%] Built target beetle_msgs__rosidl_typesupport_fastrtps_c
[ 76%] Built target beetle_msgs
[ 78%] [34m[1mGenerating Python code for ROS interfaces[0m
[ 78%] Built target beetle_msgs__py
[ 82%] [32mBuilding C object CMakeFiles/beetle_msgs__rosidl_generator_py.dir/rosidl_generator_py/beetle_msgs/msg/_pose_lite_s.c.o[0m
[ 82%] [32mBuilding C object CMakeFiles/beetle_msgs__rosidl_generator_py.dir/rosidl_generator_py/beetle_msgs/msg/_odometry_lite_s.c.o[0m
[ 85%] [32mBuilding C object CMakeFiles/beetle_msgs__rosidl_generator_py.dir/rosidl_generator_py/beetle_msgs/msg/_twist_lite_s.c.o[0m
[ 87%] [32m[1mLinking C shared library rosidl_generator_py/beetle_msgs/libbeetle_msgs__rosidl_generator_py.so[0m
[ 87%] Built target beetle_msgs__rosidl_generator_py
[ 89%] [32mBuilding C object CMakeFiles/beetle_msgs__rosidl_typesupport_introspection_c__pyext.dir/rosidl_generator_py/beetle_msgs/_beetle_msgs_s.ep.rosidl_typesupport_introspection_c.c.o[0m
[ 91%] [32mBuilding C object CMakeFiles/beetle_msgs__rosidl_typesupport_fastrtps_c__pyext.dir/rosidl_generator_py/beetle_msgs/_beetle_msgs_s.ep.rosidl_typesupport_fastrtps_c.c.o[0m
[ 93%] [32mBuilding C object CMakeFiles/beetle_msgs__rosidl_typesupport_c__pyext.dir/rosidl_generator_py/beetle_msgs/_beetle_msgs_s.ep.rosidl_typesupport_c.c.o[0m
[ 95%] [32m[1mLinking C shared library rosidl_generator_py/beetle_msgs/beetle_msgs_s__rosidl_typesupport_introspection_c.cpython-310-x86_64-linux-gnu.so[0m
[ 97%] [32m[1mLinking C shared library rosidl_generator_py/beetle_msgs/beetle_msgs_s__rosidl_typesupport_c.cpython-310-x86_64-linux-gnu.so[0m
[100%] [32m[1mLinking C shared library rosidl_generator_py/beetle_msgs/beetle_msgs_s__rosidl_typesupport_fastrtps_c.cpython-310-x86_64-linux-gnu.so[0m
[100%] Built target beetle_msgs__rosidl_typesupport_introspection_c__pyext
[100%] Built target beetle_msgs__rosidl_typesupport_c__pyext
[100%] Built target beetle_msgs__rosidl_typesupport_fastrtps_c__pyext
-- Install configuration: ""
-- Installing: /home/emred/catkin_ws/install/beetle_msgs/share/ament_index/resource_index/rosidl_interfaces/beetle_msgs
-- Installing: /home/emred/catkin_ws/install/beetle_msgs/include/beetle_msgs/beetle_msgs
-- Installing: /home/emred/catkin_ws/install/beetle_msgs/include/beetle_msgs/beetle_msgs/msg
-- Installing: /home/emred/catkin_ws/install/beetle_msgs/include/beetle_msgs/beetle_msgs/msg/detail
-- Installing: /home/emred/catkin_ws/install/beetle_msgs/include/beetle_msgs/beetle_msgs/msg/detail/twist_lite__functions.c
-- Installing: /home/emred/catkin_ws/install/beetle_msgs/include/beetle_msgs/beetle_msgs/msg/detail/twist_lite__functions.h
-- Installing: /home/emred/catkin_ws/install/beetle_msgs/include/beetle_msgs/beetle_msgs/msg/detail/odometry_lite__struct.h
-- Installing: /home/emred/catkin_ws/install/beetle_msgs/include/beetle_msgs/beetle_msgs/msg/detail/odometry_lite__functions.h
-- Installing: /home/emred/catkin_ws/install/beetle_msgs/include/beetle_msgs/beetle_msgs/msg/detail/twist_lite__type_support.h
-- Installing: /home/emred/catkin_ws/install/beetle_msgs/include/beetle_msgs/beetle_msgs/msg/detail/odometry_lite__type_support.h
-- Installing: /home/emred/catkin_ws/install/beetle_msgs/include/beetle_msgs/beetle_msgs/msg/detail/twist_lite__struct.h
-- Installing: /home/emred/catkin_ws/install/beetle_msgs/include/beetle_msgs/beetle_msgs/msg/detail/pose_lite__type_support.h
-- Installing: /home/emred/catkin_ws/install/beetle_msgs/include/beetle_msgs/beetle_msgs/msg/detail/pose_lite__functions.c
-- Installing: /home/emred/catkin_ws/install/beetle_msgs/include/beetle_msgs/beetle_msgs/msg/detail/pose_lite__functions.h
-- Installing: /home/emred/catkin_ws/install/beetle_msgs/include/beetle_msgs/beetle_msgs/msg/detail/odometry_lite__functions.c
-- Installing: /home/emred/catkin_ws/install/beetle_msgs/include/beetle_msgs/beetle_msgs/msg/detail/pose_lite__struct.h
-- Installing: /home/emred/catkin_ws/install/beetle_msgs/include/beetle_msgs/beetle_msgs/msg/rosidl_generator_c__visibility_control.h
-- Installing: /home/emred/catkin_ws/install/beetle_msgs/include/beetle_msgs/beetle_msgs/msg/pose_lite.h
-- Installing: /home/emred/catkin_ws/install/beetle_msgs/include/beetle_msgs/beetle_msgs/msg/odometry_lite.h
-- Installing: /home/emred/catkin_ws/install/beetle_msgs/include/beetle_msgs/beetle_msgs/msg/twist_lite.h
-- Installing: /home/emred/catkin_ws/install/beetle_msgs/share/beetle_msgs/environment/library_path.sh
-- Installing: /home/emred/catkin_ws/install/beetle_msgs/share/beetle_msgs/environment/library_path.dsv
-- Installing: /home/emred/catkin_ws/install/beetle_msgs/lib/libbeetle_msgs__rosidl_generator_c.so
-- Set runtime path of "/home/emred/catkin_ws/install/beetle_msgs/lib/libbeetle_msgs__rosidl_generator_c.so" to ""
-- Up-to-date: /home/emred/catkin_ws/install/beetle_msgs/include/beetle_msgs/beetle_msgs
-- Up-to-date: /home/emred/catkin_ws/install/beetle_msgs/include/beetle_msgs/beetle_msgs/msg
-- Up-to-date: /home/emred/catkin_ws/install/beetle_msgs/include/beetle_msgs/beetle_msgs/msg/detail
-- Installing: /home/emred/catkin_ws/install/beetle_msgs/include/beetle_msgs/beetle_msgs/msg/detail/pose_lite__rosidl_typesupport_fastrtps_c.h
-- Installing: /home/emred/catkin_ws/install/beetle_msgs/include/beetle_msgs/beetle_msgs/msg/detail/odometry_lite__rosidl_typesupport_fastrtps_c.h
-- Installing: /home/emred/catkin_ws/install/beetle_msgs/include/beetle_msgs/beetle_msgs/msg/detail/twist_lite__rosidl_typesupport_fastrtps_c.h
-- Installing: /home/emred/catkin_ws/install/beetle_msgs/include/beetle_msgs/beetle_msgs/msg/rosidl_typesupport_fastrtps_c__visibility_control.h
-- Installing: /home/emred/catkin_ws/install/beetle_msgs/lib/libbeetle_msgs__rosidl_typesupport_fastrtps_c.so
-- Set runtime path of "/home/emred/catkin_ws/install/beetle_msgs/lib/libbeetle_msgs__rosidl_typesupport_fastrtps_c.so" to ""
-- Up-to-date: /home/emred/catkin_ws/install/beetle_msgs/include/beetle_msgs/beetle_msgs
-- Up-to-date: /home/emred/catkin_ws/install/beetle_msgs/include/beetle_msgs/beetle_msgs/msg
-- Up-to-date: /home/emred/catkin_ws/install/beetle_msgs/include/beetle_msgs/beetle_msgs/msg/detail
-- Installing: /home/emred/catkin_ws/install/beetle_msgs/include/beetle_msgs/beetle_msgs/msg/detail/pose_lite__type_support.c
-- Installing: /home/emred/catkin_ws/install/beetle_msgs/include/beetle_msgs/beetle_msgs/msg/detail/twist_lite__type_support.c
-- Installing: /home/emred/catkin_ws/install/beetle_msgs/include/beetle_msgs/beetle_msgs/msg/detail/twist_lite__rosidl_typesupport_introspection_c.h
-- Installing: /home/emred/catkin_ws/install/beetle_msgs/include/beetle_msgs/beetle_msgs/msg/detail/odometry_lite__type_support.c
-- Installing: /home/emred/catkin_ws/install/beetle_msgs/include/beetle_msgs/beetle_msgs/msg/detail/odometry_lite__rosidl_typesupport_introspection_c.h
-- Installing: /home/emred/catkin_ws/install/beetle_msgs/include/beetle_msgs/beetle_msgs/msg/detail/pose_lite__rosidl_typesupport_introspection_c.h
-- Installing: /home/emred/catkin_ws/install/beetle_msgs/include/beetle_msgs/beetle_msgs/msg/rosidl_typesupport_introspection_c__visibility_control.h
-- Installing: /home/emred/catkin_ws/install/beetle_msgs/lib/libbeetle_msgs__rosidl_typesupport_introspection_c.so
-- Set runtime path of "/home/emred/catkin_ws/install/beetle_msgs/lib/libbeetle_msgs__rosidl_typesupport_introspection_c.so" to ""
-- Installing: /home/emred/catkin_ws/install/beetle_msgs/lib/libbeetle_msgs__rosidl_typesupport_c.so
-- Set runtime path of "/home/emred/catkin_ws/install/beetle_msgs/lib/libbeetle_msgs__rosidl_typesupport_c.so" to ""
-- Up-to-date: /home/emred/catkin_ws/install/beetle_msgs/include/beetle_msgs/beetle_msgs
-- Up-to-date: /home/emred/catkin_ws/install/beetle_msgs/include/beetle_msgs/beetle_msgs/msg
-- Up-to-date: /home/emred/catkin_ws/install/beetle_msgs/include/beetle_msgs/beetle_msgs/msg/detail
-- Installing: /home/emred/catkin_ws/install/beetle_msgs/include/beetle_msgs/beetle_msgs/msg/detail/odometry_lite__builder.hpp
-- Installing: /home/emred/catkin_ws/install/beetle_msgs/include/beetle_msgs/beetle_msgs/msg/detail/odometry_lite__struct.hpp
-- Installing: /home/emred/catkin_ws/install/beetle_msgs/include/beetle_msgs/beetle_msgs/msg/detail/pose_lite__builder.hpp
-- Installing: /home/emred/catkin_ws/install/beetle_msgs/include/beetle_msgs/beetle_msgs/msg/detail/twist_lite__struct.hpp
-- Installing: /home/emred/catkin_ws/install/beetle_msgs/include/beetle_msgs/beetle_msgs/msg/detail/twist_lite__builder.hpp
-- Installing: /home/emred/catkin_ws/install/beetle_msgs/include/beetle_msgs/beetle_msgs/msg/detail/twist_lite__traits.hpp
-- Installing: /home/emred/catkin_ws/install/beetle_msgs/include/beetle_msgs/beetle_msgs/msg/detail/odometry_lite__traits.hpp
-- Installing: /home/emred/catkin_ws/install/beetle_msgs/include/beetle_msgs/beetle_msgs/msg/detail/pose_lite__traits.hpp
-- Installing: /home/emred/catkin_ws/install/beetle_msgs/include/beetle_msgs/beetle_msgs/msg/detail/pose_lite__struct.hpp
-- Installing: /home/emred/catkin_ws/install/beetle_msgs/include/beetle_msgs/beetle_msgs/msg/pose_lite.hpp
-- Installing: /home/emred/catkin_ws/install/beetle_msgs/include/beetle_msgs/beetle_msgs/msg/twist_lite.hpp
-- Installing: /home/emred/catkin_ws/install/beetle_msgs/include/beetle_msgs/beetle_msgs/msg/odometry_lite.hpp
-- Up-to-date: /home/emred/catkin_ws/install/beetle_msgs/include/beetle_msgs/beetle_msgs
-- Up-to-date: /home/emred/catkin_ws/install/beetle_msgs/include/beetle_msgs/beetle_msgs/msg
-- Up-to-date: /home/emred/catkin_ws/install/beetle_msgs/include/beetle_msgs/beetle_msgs/msg/detail
-- Installing: /home/emred/catkin_ws/install/beetle_msgs/include/beetle_msgs/beetle_msgs/msg/detail/pose_lite__rosidl_typesupport_fastrtps_cpp.hpp
-- Installing: /home/emred/catkin_ws/install/beetle_msgs/include/beetle_msgs/beetle_msgs/msg/detail/twist_lite__rosidl_typesupport_fastrtps_cpp.hpp
-- Installing: /home/emred/catkin_ws/install/beetle_msgs/include/beetle_msgs/beetle_msgs/msg/detail/odometry_lite__rosidl_typesupport_fastrtps_cpp.hpp
-- Installing: /home/emred/catkin_ws/install/beetle_msgs/include/beetle_msgs/beetle_msgs/msg/detail/dds_fastrtps
-- Installing: /home/emred/catkin_ws/install/beetle_msgs/include/beetle_msgs/beetle_msgs/msg/rosidl_typesupport_fastrtps_cpp__visibility_control.h
-- Installing: /home/emred/catkin_ws/install/beetle_msgs/lib/libbeetle_msgs__rosidl_typesupport_fastrtps_cpp.so
-- Set runtime path of "/home/emred/catkin_ws/install/beetle_msgs/lib/libbeetle_msgs__rosidl_typesupport_fastrtps_cpp.so" to ""
-- Up-to-date: /home/emred/catkin_ws/install/beetle_msgs/include/beetle_msgs/beetle_msgs
-- Up-to-date: /home/emred/catkin_ws/install/beetle_msgs/include/beetle_msgs/beetle_msgs/msg
-- Up-to-date: /home/emred/catkin_ws/install/beetle_msgs/include/beetle_msgs/beetle_msgs/msg/detail
-- Installing: /home/emred/catkin_ws/install/beetle_msgs/include/beetle_msgs/beetle_msgs/msg/detail/pose_lite__type_support.cpp
-- Installing: /home/emred/catkin_ws/install/beetle_msgs/include/beetle_msgs/beetle_msgs/msg/detail/twist_lite__type_support.cpp
-- Installing: /home/emred/catkin_ws/install/beetle_msgs/include/beetle_msgs/beetle_msgs/msg/detail/pose_lite__rosidl_typesupport_introspection_cpp.hpp
-- Installing: /home/emred/catkin_ws/install/beetle_msgs/include/beetle_msgs/beetle_msgs/msg/detail/twist_lite__rosidl_typesupport_introspection_cpp.hpp
-- Installing: /home/emred/catkin_ws/install/beetle_msgs/include/beetle_msgs/beetle_msgs/msg/detail/odometry_lite__rosidl_typesupport_introspection_cpp.hpp
-- Installing: /home/emred/catkin_ws/install/beetle_msgs/include/beetle_msgs/beetle_msgs/msg/detail/odometry_lite__type_support.cpp
-- Installing: /home/emred/catkin_ws/install/beetle_msgs/lib/libbeetle_msgs__rosidl_typesupport_introspection_cpp.so
-- Set runtime path of "/home/emred/catkin_ws/install/beetle_msgs/lib/libbeetle_msgs__rosidl_typesupport_introspection_cpp.so" to ""
-- Installing: /home/emred/catkin_ws/install/beetle_msgs/lib/libbeetle_msgs__rosidl_typesupport_cpp.so
-- Set runtime path of "/home/emred/catkin_ws/install/beetle_msgs/lib/libbeetle_msgs__rosidl_typesupport_cpp.so" to ""
-- Installing: /home/emred/catkin_ws/install/beetle_msgs/share/beetle_msgs/environment/pythonpath.sh
-- Installing: /home/emred/catkin_ws/install/beetle_msgs/share/beetle_msgs/environment/pythonpath.dsv
-- Installing: /home/emred/catkin_ws/install/beetle_msgs/local/lib/python3.10/dist-packages/beetle_msgs-0.0.0-py3.10.egg-info
-- Installing: /home/emred/catkin_ws/install/beetle_msgs/local/lib/python3.10/dist-packages/beetle_msgs-0.0.0-py3.10.egg-info/PKG-INFO
-- Installing: /home/emred/catkin_ws/install/beetle_msgs/local/lib/python3.10/dist-packages/beetle_msgs-0.0.0-py3.10.egg-info/top_level.txt
-- Installing: /home/emred/catkin_ws/install/beetle_msgs/local/lib/python3.10/dist-packages/beetle_msgs-0.0.0-py3.10.egg-info/dependency_links.txt
-- Installing: /home/emred/catkin_ws/install/beetle_msgs/local/lib/python3.10/dist-packages/beetle_msgs-0.0.0-py3.10.egg-info/SOURCES.txt
-- Installing: /home/emred/catkin_ws/install/beetle_msgs/local/lib/python3.10/dist-packages/beetle_msgs
-- Installing: /home/emred/catkin_ws/install/beetle_msgs/local/lib/python3.10/dist-packages/beetle_msgs/__init__.py
-- Installing: /home/emred/catkin_ws/install/beetle_msgs/local/lib/python3.10/dist-packages/beetle_msgs/_beetle_msgs_s.ep.rosidl_typesupport_fastrtps_c.c
-- Installing: /home/emred/catkin_ws/install/beetle_msgs/local/lib/python3.10/dist-packages/beetle_msgs/libbeetle_msgs__rosidl_generator_py.so
-- Installing: /home/emred/catkin_ws/install/beetle_msgs/local/lib/python3.10/dist-packages/beetle_msgs/beetle_msgs_s__rosidl_typesupport_fastrtps_c.cpython-310-x86_64-linux-gnu.so
-- Installing: /home/emred/catkin_ws/install/beetle_msgs/local/lib/python3.10/dist-packages/beetle_msgs/_beetle_msgs_s.ep.rosidl_typesupport_introspection_c.c
-- Installing: /home/emred/catkin_ws/install/beetle_msgs/local/lib/python3.10/dist-packages/beetle_msgs/msg
-- Installing: /home/emred/catkin_ws/install/beetle_msgs/local/lib/python3.10/dist-packages/beetle_msgs/msg/_odometry_lite_s.c
-- Installing: /home/emred/catkin_ws/install/beetle_msgs/local/lib/python3.10/dist-packages/beetle_msgs/msg/__init__.py
-- Installing: /home/emred/catkin_ws/install/beetle_msgs/local/lib/python3.10/dist-packages/beetle_msgs/msg/_twist_lite_s.c
-- Installing: /home/emred/catkin_ws/install/beetle_msgs/local/lib/python3.10/dist-packages/beetle_msgs/msg/_twist_lite.py
-- Installing: /home/emred/catkin_ws/install/beetle_msgs/local/lib/python3.10/dist-packages/beetle_msgs/msg/_pose_lite.py
-- Installing: /home/emred/catkin_ws/install/beetle_msgs/local/lib/python3.10/dist-packages/beetle_msgs/msg/_pose_lite_s.c
-- Installing: /home/emred/catkin_ws/install/beetle_msgs/local/lib/python3.10/dist-packages/beetle_msgs/msg/_odometry_lite.py
-- Installing: /home/emred/catkin_ws/install/beetle_msgs/local/lib/python3.10/dist-packages/beetle_msgs/beetle_msgs_s__rosidl_typesupport_introspection_c.cpython-310-x86_64-linux-gnu.so
-- Installing: /home/emred/catkin_ws/install/beetle_msgs/local/lib/python3.10/dist-packages/beetle_msgs/_beetle_msgs_s.ep.rosidl_typesupport_c.c
-- Installing: /home/emred/catkin_ws/install/beetle_msgs/local/lib/python3.10/dist-packages/beetle_msgs/beetle_msgs_s__rosidl_typesupport_c.cpython-310-x86_64-linux-gnu.so
Listing '/home/emred/catkin_ws/install/beetle_msgs/local/lib/python3.10/dist-packages/beetle_msgs'...
Compiling '/home/emred/catkin_ws/install/beetle_msgs/local/lib/python3.10/dist-packages/beetle_msgs/__init__.py'...
Listing '/home/emred/catkin_ws/install/beetle_msgs/local/lib/python3.10/dist-packages/beetle_msgs/msg'...
Compiling '/home/emred/catkin_ws/install/beetle_msgs/local/lib/python3.10/dist-packages/beetle_msgs/msg/__init__.py'...
Compiling '/home/emred/catkin_ws/install/beetle_msgs/local/lib/python3.10/dist-packages/beetle_msgs/msg/_odometry_lite.py'...
Compiling '/home/emred/catkin_ws/install/beetle_msgs/local/lib/python3.10/dist-packages/beetle_msgs/msg/_pose_lite.py'...
Compiling '/home/emred/catkin_ws/install/beetle_msgs/local/lib/python3.10/dist-packages/beetle_msgs/msg/_twist_lite.py'...
-- Installing: /home/emred/catkin_ws/install/beetle_msgs/local/lib/python3.10/dist-packages/beetle_msgs/beetle_msgs_s__rosidl_typesupport_fastrtps_c.cpython-310-x86_64-linux-gnu.so
-- Set runtime path of "/home/emred/catkin_ws/install/beetle_msgs/local/lib/python3.10/dist-packages/beetle_msgs/beetle_msgs_s__rosidl_typesupport_fastrtps_c.cpython-310-x86_64-linux-gnu.so" to ""
-- Installing: /home/emred/catkin_ws/install/beetle_msgs/local/lib/python3.10/dist-packages/beetle_msgs/beetle_msgs_s__rosidl_typesupport_introspection_c.cpython-310-x86_64-linux-gnu.so
-- Set runtime path of "/home/emred/catkin_ws/install/beetle_msgs/local/lib/python3.10/dist-packages/beetle_msgs/beetle_msgs_s__rosidl_typesupport_introspection_c.cpython-310-x86_64-linux-gnu.so" to ""
-- Installing: /home/emred/catkin_ws/install/beetle_msgs/local/lib/python3.10/dist-packages/beetle_msgs/beetle_msgs_s__rosidl_typesupport_c.cpython-310-x86_64-linux-gnu.so
-- Set runtime path of "/home/emred/catkin_ws/install/beetle_msgs/local/lib/python3.10/dist-packages/beetle_msgs/beetle_msgs_s__rosidl_typesupport_c.cpython-310-x86_64-linux-gnu.so" to ""
-- Installing: /home/emred/catkin_ws/install/beetle_msgs/lib/libbeetle_msgs__rosidl_generator_py.so
-- Set runtime path of "/home/emred/catkin_ws/install/beetle_msgs/lib/libbeetle_msgs__rosidl_generator_py.so" to ""
-- Installing: /home/emred/catkin_ws/install/beetle_msgs/share/beetle_msgs/msg/PoseLite.idl
-- Installing: /home/emred/catkin_ws/install/beetle_msgs/share/beetle_msgs/msg/TwistLite.idl
-- Installing: /home/emred/catkin_ws/install/beetle_msgs/share/beetle_msgs/msg/OdometryLite.idl
-- Installing: /home/emred/catkin_ws/install/beetle_msgs/share/beetle_msgs/msg/PoseLite.msg
-- Installing: /home/emred/catkin_ws/install/beetle_msgs/share/beetle_msgs/msg/TwistLite.msg
-- Installing: /home/emred/catkin_ws/install/beetle_msgs/share/beetle_msgs/msg/OdometryLite.msg
-- Installing: /home/emred/catkin_ws/install/beetle_msgs/share/ament_index/resource_index/package_run_dependencies/beetle_msgs
-- Installing: /home/emred/catkin_ws/install/beetle_msgs/share/ament_index/resource_index/parent_prefix_path/beetle_msgs
-- Installing: /home/emred/catkin_ws/install/beetle_msgs/share/beetle_msgs/environment/ament_prefix_path.sh
-- Installing: /home/emred/catkin_ws/install/beetle_msgs/share/beetle_msgs/environment/ament_prefix_path.dsv
-- Installing: /home/emred/catkin_ws/install/beetle_msgs/share/beetle_msgs/environment/path.sh
-- Installing: /home/emred/catkin_ws/install/beetle_msgs/share/beetle_msgs/environment/path.dsv
-- Installing: /home/emred/catkin_ws/install/beetle_msgs/share/beetle_msgs/local_setup.bash
-- Installing: /home/emred/catkin_ws/install/beetle_msgs/share/beetle_msgs/local_setup.sh
-- Installing: /home/emred/catkin_ws/install/beetle_msgs/share/beetle_msgs/local_setup.zsh
-- Installing: /home/emred/catkin_ws/install/beetle_msgs/share/beetle_msgs/local_setup.dsv
-- Installing: /home/emred/catkin_ws/install/beetle_msgs/share/beetle_msgs/package.dsv
-- Installing: /home/emred/catkin_ws/install/beetle_msgs/share/ament_index/resource_index/packages/beetle_msgs
-- Installing: /home/emred/catkin_ws/install/beetle_msgs/share/beetle_msgs/cmake/export_beetle_msgs__rosidl_generator_cExport.cmake
-- Installing: /home/emred/catkin_ws/install/beetle_msgs/share/beetle_msgs/cmake/export_beetle_msgs__rosidl_generator_cExport-noconfig.cmake
-- Installing: /home/emred/catkin_ws/install/beetle_msgs/share/beetle_msgs/cmake/export_beetle_msgs__rosidl_typesupport_fastrtps_cExport.cmake
-- Installing: /home/emred/catkin_ws/install/beetle_msgs/share/beetle_msgs/cmake/export_beetle_msgs__rosidl_typesupport_fastrtps_cExport-noconfig.cmake
-- Installing: /home/emred/catkin_ws/install/beetle_msgs/share/beetle_msgs/cmake/beetle_msgs__rosidl_typesupport_introspection_cExport.cmake
-- Installing: /home/emred/catkin_ws/install/beetle_msgs/share/beetle_msgs/cmake/beetle_msgs__rosidl_typesupport_introspection_cExport-noconfig.cmake
-- Installing: /home/emred/catkin_ws/install/beetle_msgs/share/beetle_msgs/cmake/beetle_msgs__rosidl_typesupport_cExport.cmake
-- Installing: /home/emred/catkin_ws/install/beetle_msgs/share/beetle_msgs/cmake/beetle_msgs__rosidl_typesupport_cExport-noconfig.cmake
-- Installing: /home/emred/catkin_ws/install/beetle_msgs/share/beetle_msgs/cmake/export_beetle_msgs__rosidl_generator_cppExport.cmake
-- Installing: /home/emred/catkin_ws/install/beetle_msgs/share/beetle_msgs/cmake/export_beetle_msgs__rosidl_typesupport_fastrtps_cppExport.cmake
-- Installing: /home/emred/catkin_ws/install/beetle_msgs/share/beetle_msgs/cmake/export_beetle_msgs__rosidl_typesupport_fastrtps_cppExport-noconfig.cmake
-- Installing: /home/emred/catkin_ws/install/beetle_msgs/share/beetle_msgs/cmake/beetle_msgs__rosidl_typesupport_introspection_cppExport.cmake
-- Installing: /home/emred/catkin_ws/install/beetle_msgs/share/beetle_msgs/cmake/beetle_msgs__rosidl_typesupport_introspection_cppExport-noconfig.cmake
-- Installing: /home/emred/catkin_ws/install/beetle_msgs/share/beetle_msgs/cmake/beetle_msgs__rosidl_typesupport_cppExport.cmake
-- Installing: /home/emred/catkin_ws/install/beetle_msgs/share/beetle_msgs/cmake/beetle_msgs__rosidl_typesupport_cppExport-noconfig.cmake
-- Installing: /home/emred/catkin_ws/install/beetle_msgs/share/beetle_msgs/cmake/export_beetle_msgs__rosidl_generator_pyExport.cmake
-- Installing: /home/emred/catkin_ws/install/beetle_msgs/share/beetle_msgs/cmake/export_beetle_msgs__rosidl_generator_pyExport-noconfig.cmake
-- Installing: /home/emred/catkin_ws/install/beetle_msgs/share/beetle_msgs/cmake/rosidl_cmake-extras.cmake
-- Installing: /home/emred/catkin_ws/install/beetle_msgs/share/beetle_msgs/cmake/ament_cmake_export_include_directories-extras.cmake
-- Installing: /home/emred/catkin_ws/install/beetle_msgs/share/beetle_msgs/cmake/ament_cmake_export_libraries-extras.cmake
-- Installing: /home/emred/catkin_ws/install/beetle_msgs/share/beetle_msgs/cmake/ament_cmake_export_targets-extras.cmake
-- Installing: /home/emred/catkin_ws/install/beetle_msgs/share/beetle_msgs/cmake/rosidl_cmake_export_typesupport_targets-extras.cmake
-- Installing: /home/emred/catkin_ws/install/beetle_msgs/share/beetle_msgs/cmake/ament_cmake_export_dependencies-extras.cmake
-- Installing: /home/emred/catkin_ws/install/beetle_msgs/share/beetle_msgs/cmake/rosidl_cmake_export_typesupport_libraries-extras.cmake
-- Installing: /home/emred/catkin_ws/install/beetle_msgs/share/beetle_msgs/cmake/beetle_msgsConfig.cmake
-- Installing: /home/emred/catkin_ws/install/beetle_msgs/share/beetle_msgs/cmake/beetle_msgsConfig-version.cmake
-- Installing: /home/emred/catkin_ws/install/beetle_msgs/share/beetle_msgs/package.xml
