[0.233s] Invoking command in '/home/emred/ack_drive/build/my_robot_description': CMAKE_PREFIX_PATH=${CMAKE_PREFIX_PATH}:/home/emred/tas-gps/install/moveon_control:/opt/ros/humble /usr/bin/cmake /home/emred/ack_drive/src/my_robot_description -DCMAKE_INSTALL_PREFIX=/home/emred/ack_drive/install/my_robot_description
[0.309s] -- The C compiler identification is GNU 11.4.0
[0.380s] -- The CXX compiler identification is GNU 11.4.0
[0.388s] -- Detecting C compiler ABI info
[0.489s] -- Detecting C compiler ABI info - done
[0.499s] -- Check for working C compiler: /usr/bin/cc - skipped
[0.499s] -- Detecting C compile features
[0.499s] -- Detecting C compile features - done
[0.503s] -- Detecting CXX compiler ABI info
[0.620s] -- Detecting CXX compiler ABI info - done
[0.626s] -- Check for working CXX compiler: /usr/bin/c++ - skipped
[0.626s] -- Detecting CXX compile features
[0.627s] -- Detecting CXX compile features - done
[0.630s] -- Found ament_cmake: 1.3.7 (/opt/ros/humble/share/ament_cmake/cmake)
[0.853s] -- Found Python3: /usr/bin/python3.10 (found version "3.10.12") found components: Interpreter 
[1.082s] -- Configuring done
[1.085s] -- Generating done
[1.086s] -- Build files have been written to: /home/emred/ack_drive/build/my_robot_description
[1.091s] Invoked command in '/home/emred/ack_drive/build/my_robot_description' returned '0': CMAKE_PREFIX_PATH=${CMAKE_PREFIX_PATH}:/home/emred/tas-gps/install/moveon_control:/opt/ros/humble /usr/bin/cmake /home/emred/ack_drive/src/my_robot_description -DCMAKE_INSTALL_PREFIX=/home/emred/ack_drive/install/my_robot_description
[1.093s] Invoking command in '/home/emred/ack_drive/build/my_robot_description': CMAKE_PREFIX_PATH=${CMAKE_PREFIX_PATH}:/home/emred/tas-gps/install/moveon_control:/opt/ros/humble /usr/bin/cmake --build /home/emred/ack_drive/build/my_robot_description -- -j16 -l16
[1.172s] Invoked command in '/home/emred/ack_drive/build/my_robot_description' returned '0': CMAKE_PREFIX_PATH=${CMAKE_PREFIX_PATH}:/home/emred/tas-gps/install/moveon_control:/opt/ros/humble /usr/bin/cmake --build /home/emred/ack_drive/build/my_robot_description -- -j16 -l16
[1.227s] Invoking command in '/home/emred/ack_drive/build/my_robot_description': CMAKE_PREFIX_PATH=${CMAKE_PREFIX_PATH}:/home/emred/tas-gps/install/moveon_control:/opt/ros/humble /usr/bin/cmake --install /home/emred/ack_drive/build/my_robot_description
[1.235s] -- Install configuration: ""
[1.235s] -- Installing: /home/emred/ack_drive/install/my_robot_description/share/my_robot_description//urdf
[1.236s] -- Installing: /home/emred/ack_drive/install/my_robot_description/share/my_robot_description//urdf/my_robot.urdf.xacro
[1.236s] -- Installing: /home/emred/ack_drive/install/my_robot_description/share/my_robot_description//urdf/mobile_base_gazebo.xacro
[1.236s] -- Installing: /home/emred/ack_drive/install/my_robot_description/share/my_robot_description//urdf/common_properties.xacro
[1.236s] -- Installing: /home/emred/ack_drive/install/my_robot_description/share/my_robot_description//urdf/mobile_base.xacro
[1.236s] -- Installing: /home/emred/ack_drive/install/my_robot_description/share/my_robot_description//launch
[1.236s] -- Installing: /home/emred/ack_drive/install/my_robot_description/share/my_robot_description//launch/display.launch.py
[1.236s] -- Installing: /home/emred/ack_drive/install/my_robot_description/share/my_robot_description//launch/display.launch.xml
[1.236s] -- Installing: /home/emred/ack_drive/install/my_robot_description/share/my_robot_description//rviz
[1.237s] -- Installing: /home/emred/ack_drive/install/my_robot_description/share/my_robot_description//rviz/urdf_config.rviz
[1.237s] -- Installing: /home/emred/ack_drive/install/my_robot_description/share/ament_index/resource_index/package_run_dependencies/my_robot_description
[1.237s] -- Installing: /home/emred/ack_drive/install/my_robot_description/share/ament_index/resource_index/parent_prefix_path/my_robot_description
[1.237s] -- Installing: /home/emred/ack_drive/install/my_robot_description/share/my_robot_description/environment/ament_prefix_path.sh
[1.237s] -- Installing: /home/emred/ack_drive/install/my_robot_description/share/my_robot_description/environment/ament_prefix_path.dsv
[1.237s] -- Installing: /home/emred/ack_drive/install/my_robot_description/share/my_robot_description/environment/path.sh
[1.237s] -- Installing: /home/emred/ack_drive/install/my_robot_description/share/my_robot_description/environment/path.dsv
[1.237s] -- Installing: /home/emred/ack_drive/install/my_robot_description/share/my_robot_description/local_setup.bash
[1.237s] -- Installing: /home/emred/ack_drive/install/my_robot_description/share/my_robot_description/local_setup.sh
[1.238s] -- Installing: /home/emred/ack_drive/install/my_robot_description/share/my_robot_description/local_setup.zsh
[1.238s] -- Installing: /home/emred/ack_drive/install/my_robot_description/share/my_robot_description/local_setup.dsv
[1.238s] -- Installing: /home/emred/ack_drive/install/my_robot_description/share/my_robot_description/package.dsv
[1.238s] -- Installing: /home/emred/ack_drive/install/my_robot_description/share/ament_index/resource_index/packages/my_robot_description
[1.238s] -- Installing: /home/emred/ack_drive/install/my_robot_description/share/my_robot_description/cmake/my_robot_descriptionConfig.cmake
[1.238s] -- Installing: /home/emred/ack_drive/install/my_robot_description/share/my_robot_description/cmake/my_robot_descriptionConfig-version.cmake
[1.238s] -- Installing: /home/emred/ack_drive/install/my_robot_description/share/my_robot_description/package.xml
[1.241s] Invoked command in '/home/emred/ack_drive/build/my_robot_description' returned '0': CMAKE_PREFIX_PATH=${CMAKE_PREFIX_PATH}:/home/emred/tas-gps/install/moveon_control:/opt/ros/humble /usr/bin/cmake --install /home/emred/ack_drive/build/my_robot_description
