[0.186s] Invoking command in '/home/emred/catkin_ws/build/four_ws_control': CMAKE_PREFIX_PATH=${CMAKE_PREFIX_PATH}:/home/emred/catkin_ws/install/traktor:/opt/ros/humble /usr/bin/cmake --build /home/emred/catkin_ws/build/four_ws_control -- -j16 -l16
[0.543s] Invoked command in '/home/emred/catkin_ws/build/four_ws_control' returned '0': CMAKE_PREFIX_PATH=${CMAKE_PREFIX_PATH}:/home/emred/catkin_ws/install/traktor:/opt/ros/humble /usr/bin/cmake --build /home/emred/catkin_ws/build/four_ws_control -- -j16 -l16
[0.597s] Invoking command in '/home/emred/catkin_ws/build/four_ws_control': CMAKE_PREFIX_PATH=${CMAKE_PREFIX_PATH}:/home/emred/catkin_ws/install/traktor:/opt/ros/humble /usr/bin/cmake --install /home/emred/catkin_ws/build/four_ws_control
[0.605s] -- Install configuration: ""
[0.606s] -- Up-to-date: /home/emred/catkin_ws/install/four_ws_control/share/four_ws_control//scripts
[0.606s] -- Up-to-date: /home/emred/catkin_ws/install/four_ws_control/share/four_ws_control//scripts/robot_control.py
[0.606s] -- Up-to-date: /home/emred/catkin_ws/install/four_ws_control/share/four_ws_control//launch
[0.606s] -- Up-to-date: /home/emred/catkin_ws/install/four_ws_control/share/four_ws_control//launch/four_ws_control.launch.py
[0.606s] -- Up-to-date: /home/emred/catkin_ws/install/four_ws_control/lib/four_ws_control/robot_control.py
[0.606s] -- Up-to-date: /home/emred/catkin_ws/install/four_ws_control/lib/four_ws_control/four_ws_control.launch.py
[0.606s] -- Up-to-date: /home/emred/catkin_ws/install/four_ws_control/share/ament_index/resource_index/package_run_dependencies/four_ws_control
[0.606s] -- Up-to-date: /home/emred/catkin_ws/install/four_ws_control/share/ament_index/resource_index/parent_prefix_path/four_ws_control
[0.606s] -- Up-to-date: /home/emred/catkin_ws/install/four_ws_control/share/four_ws_control/environment/ament_prefix_path.sh
[0.606s] -- Up-to-date: /home/emred/catkin_ws/install/four_ws_control/share/four_ws_control/environment/ament_prefix_path.dsv
[0.606s] -- Up-to-date: /home/emred/catkin_ws/install/four_ws_control/share/four_ws_control/environment/path.sh
[0.607s] -- Up-to-date: /home/emred/catkin_ws/install/four_ws_control/share/four_ws_control/environment/path.dsv
[0.607s] -- Up-to-date: /home/emred/catkin_ws/install/four_ws_control/share/four_ws_control/local_setup.bash
[0.607s] -- Up-to-date: /home/emred/catkin_ws/install/four_ws_control/share/four_ws_control/local_setup.sh
[0.607s] -- Up-to-date: /home/emred/catkin_ws/install/four_ws_control/share/four_ws_control/local_setup.zsh
[0.607s] -- Up-to-date: /home/emred/catkin_ws/install/four_ws_control/share/four_ws_control/local_setup.dsv
[0.607s] -- Installing: /home/emred/catkin_ws/install/four_ws_control/share/four_ws_control/package.dsv
[0.607s] -- Up-to-date: /home/emred/catkin_ws/install/four_ws_control/share/ament_index/resource_index/packages/four_ws_control
[0.607s] -- Up-to-date: /home/emred/catkin_ws/install/four_ws_control/share/four_ws_control/cmake/four_ws_controlConfig.cmake
[0.607s] -- Up-to-date: /home/emred/catkin_ws/install/four_ws_control/share/four_ws_control/cmake/four_ws_controlConfig-version.cmake
[0.607s] -- Up-to-date: /home/emred/catkin_ws/install/four_ws_control/share/four_ws_control/package.xml
[0.608s] Invoked command in '/home/emred/catkin_ws/build/four_ws_control' returned '0': CMAKE_PREFIX_PATH=${CMAKE_PREFIX_PATH}:/home/emred/catkin_ws/install/traktor:/opt/ros/humble /usr/bin/cmake --install /home/emred/catkin_ws/build/four_ws_control
