[0.531s] Invoking command in '/home/emred/catkin_ws/build/gazebo_simulation': CMAKE_PREFIX_PATH=${CMAKE_PREFIX_PATH}:/home/emred/catkin_ws/install/traktor:/home/emred/catkin_ws/install/beetle_evaluation:/opt/ros/humble /usr/bin/cmake --build /home/emred/catkin_ws/build/gazebo_simulation -- -j16 -l16
[0.878s] Invoked command in '/home/emred/catkin_ws/build/gazebo_simulation' returned '0': CMAKE_PREFIX_PATH=${CMAKE_PREFIX_PATH}:/home/emred/catkin_ws/install/traktor:/home/emred/catkin_ws/install/beetle_evaluation:/opt/ros/humble /usr/bin/cmake --build /home/emred/catkin_ws/build/gazebo_simulation -- -j16 -l16
[0.978s] Invoking command in '/home/emred/catkin_ws/build/gazebo_simulation': CMAKE_PREFIX_PATH=${CMAKE_PREFIX_PATH}:/home/emred/catkin_ws/install/traktor:/home/emred/catkin_ws/install/beetle_evaluation:/opt/ros/humble /usr/bin/cmake --install /home/emred/catkin_ws/build/gazebo_simulation
[0.988s] -- Install configuration: ""
[0.989s] -- Up-to-date: /home/emred/catkin_ws/install/gazebo_simulation/share/gazebo_simulation//launch
[0.989s] -- Up-to-date: /home/emred/catkin_ws/install/gazebo_simulation/share/gazebo_simulation//launch/robot_sim.launch.py
[0.990s] -- Up-to-date: /home/emred/catkin_ws/install/gazebo_simulation/share/gazebo_simulation//launch/robot_state_publisher.launch.py
[0.990s] -- Up-to-date: /home/emred/catkin_ws/install/gazebo_simulation/share/gazebo_simulation//models
[0.990s] -- Up-to-date: /home/emred/catkin_ws/install/gazebo_simulation/share/gazebo_simulation//models/rs_robot
[0.990s] -- Up-to-date: /home/emred/catkin_ws/install/gazebo_simulation/share/gazebo_simulation//models/rs_robot/rs_robot.sdf
[0.991s] -- Up-to-date: /home/emred/catkin_ws/install/gazebo_simulation/share/gazebo_simulation//models/rs_robot/model.config
[0.991s] -- Up-to-date: /home/emred/catkin_ws/install/gazebo_simulation/share/gazebo_simulation//models/rs_robot/meshes
[0.991s] -- Up-to-date: /home/emred/catkin_ws/install/gazebo_simulation/share/gazebo_simulation//models/rs_robot/meshes/STL
[0.991s] -- Up-to-date: /home/emred/catkin_ws/install/gazebo_simulation/share/gazebo_simulation//models/rs_robot/meshes/STL/base
[0.991s] -- Up-to-date: /home/emred/catkin_ws/install/gazebo_simulation/share/gazebo_simulation//models/rs_robot/meshes/STL/base/base_link_old.stl
[0.991s] -- Up-to-date: /home/emred/catkin_ws/install/gazebo_simulation/share/gazebo_simulation//models/rs_robot/meshes/STL/base/base_link.stl
[0.992s] -- Up-to-date: /home/emred/catkin_ws/install/gazebo_simulation/share/gazebo_simulation//models/rs_robot/meshes/STL/lidar_base
[0.992s] -- Up-to-date: /home/emred/catkin_ws/install/gazebo_simulation/share/gazebo_simulation//models/rs_robot/meshes/STL/lidar_base/YDlidar_base.stl
[0.992s] -- Up-to-date: /home/emred/catkin_ws/install/gazebo_simulation/share/gazebo_simulation//models/rs_robot/meshes/STL/suspension
[0.992s] -- Up-to-date: /home/emred/catkin_ws/install/gazebo_simulation/share/gazebo_simulation//models/rs_robot/meshes/STL/suspension/REAR_LEFT_LINKSTL.stl
[0.993s] -- Up-to-date: /home/emred/catkin_ws/install/gazebo_simulation/share/gazebo_simulation//models/rs_robot/meshes/STL/suspension/FRONT_RIGHT_LINKSTL.stl
[0.993s] -- Up-to-date: /home/emred/catkin_ws/install/gazebo_simulation/share/gazebo_simulation//models/rs_robot/meshes/STL/suspension/FRONT_LEFT_LINKSTL.stl
[0.993s] -- Up-to-date: /home/emred/catkin_ws/install/gazebo_simulation/share/gazebo_simulation//models/rs_robot/meshes/STL/suspension/sus_link.stl
[0.994s] -- Up-to-date: /home/emred/catkin_ws/install/gazebo_simulation/share/gazebo_simulation//models/rs_robot/meshes/STL/suspension/REAR_RIGHT_LINKSTL.stl
[0.994s] -- Up-to-date: /home/emred/catkin_ws/install/gazebo_simulation/share/gazebo_simulation//models/rs_robot/meshes/STL/wheel
[0.994s] -- Up-to-date: /home/emred/catkin_ws/install/gazebo_simulation/share/gazebo_simulation//models/rs_robot/meshes/STL/wheel/robot_wheel.stl
[0.994s] -- Up-to-date: /home/emred/catkin_ws/install/gazebo_simulation/share/gazebo_simulation//models/rs_robot/meshes/STL/sensors
[0.994s] -- Up-to-date: /home/emred/catkin_ws/install/gazebo_simulation/share/gazebo_simulation//models/rs_robot/meshes/STL/sensors/camera
[0.994s] -- Up-to-date: /home/emred/catkin_ws/install/gazebo_simulation/share/gazebo_simulation//models/rs_robot/meshes/STL/sensors/rear_lrf
[0.994s] -- Up-to-date: /home/emred/catkin_ws/install/gazebo_simulation/share/gazebo_simulation//models/rs_robot/meshes/STL/sensors/rear_lrf/rear_lrf.stl
[0.994s] -- Up-to-date: /home/emred/catkin_ws/install/gazebo_simulation/share/gazebo_simulation//models/rs_robot/meshes/STL/sensors/front_lrf
[0.995s] -- Up-to-date: /home/emred/catkin_ws/install/gazebo_simulation/share/gazebo_simulation//models/rs_robot/meshes/STL/sensors/front_lrf/front_lrf.stl
[0.995s] -- Up-to-date: /home/emred/catkin_ws/install/gazebo_simulation/share/gazebo_simulation//models/rs_robot/meshes/STL/sensors/gim30
[0.995s] -- Up-to-date: /home/emred/catkin_ws/install/gazebo_simulation/share/gazebo_simulation//models/rs_robot/meshes/STL/sensors/gim30/gim30.stl
[0.995s] -- Up-to-date: /home/emred/catkin_ws/install/gazebo_simulation/share/gazebo_simulation//models/rs_robot/meshes/STL/sensors/gps
[0.995s] -- Up-to-date: /home/emred/catkin_ws/install/gazebo_simulation/share/gazebo_simulation//models/rs_robot/meshes/STL/sensors/gps/gps.stl
[0.995s] -- Up-to-date: /home/emred/catkin_ws/install/gazebo_simulation/share/gazebo_simulation//models/rs_robot/meshes/STL/lidar_head
[0.995s] -- Up-to-date: /home/emred/catkin_ws/install/gazebo_simulation/share/gazebo_simulation//models/rs_robot/meshes/STL/lidar_head/YDlidar_head v4.stl
[0.995s] -- Up-to-date: /home/emred/catkin_ws/install/gazebo_simulation/share/gazebo_simulation//models/rs_robot/meshes/DAE
[0.995s] -- Up-to-date: /home/emred/catkin_ws/install/gazebo_simulation/share/gazebo_simulation//models/rs_robot/meshes/DAE/base
[0.995s] -- Up-to-date: /home/emred/catkin_ws/install/gazebo_simulation/share/gazebo_simulation//models/rs_robot/meshes/DAE/base/base_linkOLD.dae
[0.995s] -- Up-to-date: /home/emred/catkin_ws/install/gazebo_simulation/share/gazebo_simulation//models/rs_robot/meshes/DAE/base/base_link.dae
[0.995s] -- Up-to-date: /home/emred/catkin_ws/install/gazebo_simulation/share/gazebo_simulation//models/rs_robot/meshes/DAE/lidar_base
[0.996s] -- Up-to-date: /home/emred/catkin_ws/install/gazebo_simulation/share/gazebo_simulation//models/rs_robot/meshes/DAE/lidar_base/YDlidar_base.dae
[0.996s] -- Up-to-date: /home/emred/catkin_ws/install/gazebo_simulation/share/gazebo_simulation//models/rs_robot/meshes/DAE/suspension
[0.996s] -- Up-to-date: /home/emred/catkin_ws/install/gazebo_simulation/share/gazebo_simulation//models/rs_robot/meshes/DAE/suspension/rear_right_link.dae
[0.996s] -- Up-to-date: /home/emred/catkin_ws/install/gazebo_simulation/share/gazebo_simulation//models/rs_robot/meshes/DAE/suspension/rear_left_link.dae
[0.996s] -- Up-to-date: /home/emred/catkin_ws/install/gazebo_simulation/share/gazebo_simulation//models/rs_robot/meshes/DAE/suspension/front_right_link.dae
[0.996s] -- Up-to-date: /home/emred/catkin_ws/install/gazebo_simulation/share/gazebo_simulation//models/rs_robot/meshes/DAE/suspension/front_left_link.dae
[0.996s] -- Up-to-date: /home/emred/catkin_ws/install/gazebo_simulation/share/gazebo_simulation//models/rs_robot/meshes/DAE/wheel
[0.996s] -- Up-to-date: /home/emred/catkin_ws/install/gazebo_simulation/share/gazebo_simulation//models/rs_robot/meshes/DAE/wheel/wheel_link.dae
[0.996s] -- Up-to-date: /home/emred/catkin_ws/install/gazebo_simulation/share/gazebo_simulation//models/rs_robot/meshes/DAE/sensors
[0.996s] -- Up-to-date: /home/emred/catkin_ws/install/gazebo_simulation/share/gazebo_simulation//models/rs_robot/meshes/DAE/sensors/camera
[0.996s] -- Up-to-date: /home/emred/catkin_ws/install/gazebo_simulation/share/gazebo_simulation//models/rs_robot/meshes/DAE/sensors/camera/camera.dae
[0.997s] -- Up-to-date: /home/emred/catkin_ws/install/gazebo_simulation/share/gazebo_simulation//models/rs_robot/meshes/DAE/sensors/rear_lrf
[0.997s] -- Up-to-date: /home/emred/catkin_ws/install/gazebo_simulation/share/gazebo_simulation//models/rs_robot/meshes/DAE/sensors/rear_lrf/urg_texture.png
[0.997s] -- Up-to-date: /home/emred/catkin_ws/install/gazebo_simulation/share/gazebo_simulation//models/rs_robot/meshes/DAE/sensors/rear_lrf/rear_lrf.dae
[0.997s] -- Up-to-date: /home/emred/catkin_ws/install/gazebo_simulation/share/gazebo_simulation//models/rs_robot/meshes/DAE/sensors/front_lrf
[0.997s] -- Up-to-date: /home/emred/catkin_ws/install/gazebo_simulation/share/gazebo_simulation//models/rs_robot/meshes/DAE/sensors/front_lrf/lrf_texture.png
[0.997s] -- Up-to-date: /home/emred/catkin_ws/install/gazebo_simulation/share/gazebo_simulation//models/rs_robot/meshes/DAE/sensors/front_lrf/front_lrf.dae
[0.997s] -- Up-to-date: /home/emred/catkin_ws/install/gazebo_simulation/share/gazebo_simulation//models/rs_robot/meshes/DAE/sensors/gim30
[0.997s] -- Up-to-date: /home/emred/catkin_ws/install/gazebo_simulation/share/gazebo_simulation//models/rs_robot/meshes/DAE/sensors/gim30/gim30_lrf_texture.png
[0.997s] -- Up-to-date: /home/emred/catkin_ws/install/gazebo_simulation/share/gazebo_simulation//models/rs_robot/meshes/DAE/sensors/gim30/gim30.dae
[0.998s] -- Up-to-date: /home/emred/catkin_ws/install/gazebo_simulation/share/gazebo_simulation//models/rs_robot/meshes/DAE/sensors/gps
[0.998s] -- Up-to-date: /home/emred/catkin_ws/install/gazebo_simulation/share/gazebo_simulation//models/rs_robot/meshes/DAE/sensors/gps/gps.dae
[0.998s] -- Up-to-date: /home/emred/catkin_ws/install/gazebo_simulation/share/gazebo_simulation//models/rs_robot/meshes/DAE/sensors/gps/gps_texture.png
[0.999s] -- Up-to-date: /home/emred/catkin_ws/install/gazebo_simulation/share/gazebo_simulation//models/rs_robot/meshes/DAE/lidar_head
[0.999s] -- Up-to-date: /home/emred/catkin_ws/install/gazebo_simulation/share/gazebo_simulation//models/rs_robot/meshes/DAE/lidar_head/YDlidar_head.dae
[0.999s] -- Up-to-date: /home/emred/catkin_ws/install/gazebo_simulation/share/gazebo_simulation//models/rs_robot/config
[0.999s] -- Up-to-date: /home/emred/catkin_ws/install/gazebo_simulation/share/gazebo_simulation//models/rs_robot/config/controllers.yaml
[1.000s] -- Up-to-date: /home/emred/catkin_ws/install/gazebo_simulation/share/gazebo_simulation//worlds
[1.000s] -- Up-to-date: /home/emred/catkin_ws/install/gazebo_simulation/share/gazebo_simulation//worlds/4ws_world.model
[1.001s] -- Up-to-date: /home/emred/catkin_ws/install/gazebo_simulation/share/gazebo_simulation//urdf
[1.001s] -- Up-to-date: /home/emred/catkin_ws/install/gazebo_simulation/share/gazebo_simulation//urdf/rs_robot.urdf
[1.001s] -- Up-to-date: /home/emred/catkin_ws/install/gazebo_simulation/lib/gazebo_simulation/robot_sim.launch.py
[1.001s] -- Up-to-date: /home/emred/catkin_ws/install/gazebo_simulation/lib/gazebo_simulation/robot_state_publisher.launch.py
[1.002s] -- Up-to-date: /home/emred/catkin_ws/install/gazebo_simulation/share/ament_index/resource_index/package_run_dependencies/gazebo_simulation
[1.002s] -- Up-to-date: /home/emred/catkin_ws/install/gazebo_simulation/share/ament_index/resource_index/parent_prefix_path/gazebo_simulation
[1.002s] -- Up-to-date: /home/emred/catkin_ws/install/gazebo_simulation/share/gazebo_simulation/environment/ament_prefix_path.sh
[1.003s] -- Up-to-date: /home/emred/catkin_ws/install/gazebo_simulation/share/gazebo_simulation/environment/ament_prefix_path.dsv
[1.003s] -- Up-to-date: /home/emred/catkin_ws/install/gazebo_simulation/share/gazebo_simulation/environment/path.sh
[1.003s] -- Up-to-date: /home/emred/catkin_ws/install/gazebo_simulation/share/gazebo_simulation/environment/path.dsv
[1.004s] -- Up-to-date: /home/emred/catkin_ws/install/gazebo_simulation/share/gazebo_simulation/local_setup.bash
[1.004s] -- Up-to-date: /home/emred/catkin_ws/install/gazebo_simulation/share/gazebo_simulation/local_setup.sh
[1.004s] -- Up-to-date: /home/emred/catkin_ws/install/gazebo_simulation/share/gazebo_simulation/local_setup.zsh
[1.005s] -- Up-to-date: /home/emred/catkin_ws/install/gazebo_simulation/share/gazebo_simulation/local_setup.dsv
[1.006s] -- Installing: /home/emred/catkin_ws/install/gazebo_simulation/share/gazebo_simulation/package.dsv
[1.006s] -- Up-to-date: /home/emred/catkin_ws/install/gazebo_simulation/share/ament_index/resource_index/packages/gazebo_simulation
[1.006s] -- Up-to-date: /home/emred/catkin_ws/install/gazebo_simulation/share/gazebo_simulation/cmake/ament_cmake_export_include_directories-extras.cmake
[1.006s] -- Up-to-date: /home/emred/catkin_ws/install/gazebo_simulation/share/gazebo_simulation/cmake/ament_cmake_export_dependencies-extras.cmake
[1.007s] -- Up-to-date: /home/emred/catkin_ws/install/gazebo_simulation/share/gazebo_simulation/cmake/gazebo_simulationConfig.cmake
[1.007s] -- Up-to-date: /home/emred/catkin_ws/install/gazebo_simulation/share/gazebo_simulation/cmake/gazebo_simulationConfig-version.cmake
[1.007s] -- Up-to-date: /home/emred/catkin_ws/install/gazebo_simulation/share/gazebo_simulation/package.xml
[1.165s] Invoked command in '/home/emred/catkin_ws/build/gazebo_simulation' returned '0': CMAKE_PREFIX_PATH=${CMAKE_PREFIX_PATH}:/home/emred/catkin_ws/install/traktor:/home/emred/catkin_ws/install/beetle_evaluation:/opt/ros/humble /usr/bin/cmake --install /home/emred/catkin_ws/build/gazebo_simulation
