[0.724s] Invoking command in '/home/emred/catkin_ws/build/traktor': PYTHONPATH=/home/emred/catkin_ws/build/traktor/prefix_override:/home/emred/catkin_ws/install/traktor/lib/python3.10/site-packages:${PYTHONPATH} /usr/bin/python3 setup.py develop --uninstall --editable --build-directory /home/emred/catkin_ws/build/traktor/build
[0.974s] running develop
[1.117s] Removing /home/emred/catkin_ws/install/traktor/lib/python3.10/site-packages/traktor.egg-link (link to .)
[1.153s] Invoked command in '/home/emred/catkin_ws/build/traktor' returned '0': PYTHONPATH=/home/emred/catkin_ws/build/traktor/prefix_override:/home/emred/catkin_ws/install/traktor/lib/python3.10/site-packages:${PYTHONPATH} /usr/bin/python3 setup.py develop --uninstall --editable --build-directory /home/emred/catkin_ws/build/traktor/build
[1.157s] Invoking command in '/home/emred/catkin_ws/src/traktor': PYTHONPATH=/home/emred/catkin_ws/build/traktor/prefix_override:/home/emred/catkin_ws/install/traktor/lib/python3.10/site-packages:${PYTHONPATH} /usr/bin/python3 setup.py egg_info --egg-base ../../build/traktor build --build-base /home/emred/catkin_ws/build/traktor/build install --record /home/emred/catkin_ws/build/traktor/install.log --single-version-externally-managed
[1.365s] running egg_info
[1.365s] writing ../../build/traktor/traktor.egg-info/PKG-INFO
[1.365s] writing dependency_links to ../../build/traktor/traktor.egg-info/dependency_links.txt
[1.365s] writing entry points to ../../build/traktor/traktor.egg-info/entry_points.txt
[1.366s] writing requirements to ../../build/traktor/traktor.egg-info/requires.txt
[1.366s] writing top-level names to ../../build/traktor/traktor.egg-info/top_level.txt
[1.367s] reading manifest file '../../build/traktor/traktor.egg-info/SOURCES.txt'
[1.367s] writing manifest file '../../build/traktor/traktor.egg-info/SOURCES.txt'
[1.368s] running build
[1.368s] running build_py
[1.368s] creating /home/emred/catkin_ws/build/traktor/build
[1.368s] creating /home/emred/catkin_ws/build/traktor/build/lib
[1.368s] creating /home/emred/catkin_ws/build/traktor/build/lib/traktor
[1.369s] copying traktor/__init__.py -> /home/emred/catkin_ws/build/traktor/build/lib/traktor
[1.369s] running install
[1.369s] running install_lib
[1.369s] creating /home/emred/catkin_ws/install/traktor/lib/python3.10/site-packages/traktor
[1.369s] copying /home/emred/catkin_ws/build/traktor/build/lib/traktor/__init__.py -> /home/emred/catkin_ws/install/traktor/lib/python3.10/site-packages/traktor
[1.369s] byte-compiling /home/emred/catkin_ws/install/traktor/lib/python3.10/site-packages/traktor/__init__.py to __init__.cpython-310.pyc
[1.370s] running install_data
[1.370s] running install_egg_info
[1.371s] Copying ../../build/traktor/traktor.egg-info to /home/emred/catkin_ws/install/traktor/lib/python3.10/site-packages/traktor-0.0.0-py3.10.egg-info
[1.372s] running install_scripts
[1.388s] writing list of installed files to '/home/emred/catkin_ws/build/traktor/install.log'
[1.418s] Invoked command in '/home/emred/catkin_ws/src/traktor' returned '0': PYTHONPATH=/home/emred/catkin_ws/build/traktor/prefix_override:/home/emred/catkin_ws/install/traktor/lib/python3.10/site-packages:${PYTHONPATH} /usr/bin/python3 setup.py egg_info --egg-base ../../build/traktor build --build-base /home/emred/catkin_ws/build/traktor/build install --record /home/emred/catkin_ws/build/traktor/install.log --single-version-externally-managed
