[0.130s] Invoking command in '/home/emred/catkin_ws/build/gazebo_simulation': CMAKE_PREFIX_PATH=/home/emred/catkin_ws/install/traktor:/opt/ros/humble /usr/bin/cmake /home/emred/catkin_ws/src/gazebo_simulation -DCMAKE_INSTALL_PREFIX=/home/emred/catkin_ws/install/gazebo_simulation
[0.250s] -- The C compiler identification is GNU 11.4.0
[0.346s] -- The CXX compiler identification is GNU 11.4.0
[0.356s] -- Detecting C compiler ABI info
[0.446s] -- Detecting C compiler ABI info - done
[0.453s] -- Check for working C compiler: /usr/bin/cc - skipped
[0.453s] -- Detecting C compile features
[0.454s] -- Detecting C compile features - done
[0.457s] -- Detecting CXX compiler ABI info
[0.559s] -- Detecting CXX compiler ABI info - done
[0.566s] -- Check for working CXX compiler: /usr/bin/c++ - skipped
[0.566s] -- Detecting CXX compile features
[0.566s] -- Detecting CXX compile features - done
[0.573s] -- Found ament_cmake: 1.3.7 (/opt/ros/humble/share/ament_cmake/cmake)
[0.761s] -- Found Python3: /usr/bin/python3.10 (found version "3.10.12") found components: Interpreter 
[0.867s] [33mCMake Warning (dev) at /usr/share/cmake-3.22/Modules/FindPackageHandleStandardArgs.cmake:438 (message):
[0.867s]   The package name passed to `find_package_handle_standard_args` (PkgConfig)
[0.867s]   does not match the name of the calling package (gazebo).  This can lead to
[0.867s]   problems in calling code that expects `find_package` result variables
[0.867s]   (e.g., `_FOUND`) to follow a certain pattern.
[0.867s] Call Stack (most recent call first):
[0.868s]   /usr/share/cmake-3.22/Modules/FindPkgConfig.cmake:99 (find_package_handle_standard_args)
[0.868s]   /usr/lib/x86_64-linux-gnu/cmake/gazebo/gazebo-config.cmake:72 (include)
[0.868s]   CMakeLists.txt:20 (find_package)
[0.868s] This warning is for project developers.  Use -Wno-dev to suppress it.
[0.868s] [0m
[0.868s] -- Found PkgConfig: /usr/bin/pkg-config (found version "0.29.2") 
[0.874s] -- Checking for module 'bullet>=2.82'
[0.898s] --   Found bullet, version 3.05
[1.076s] -- Found fcl: /usr/include (found suitable version "0.7.0", minimum required is "0.5.0") 
[1.154s] -- Found assimp: /usr/include (found version "5.2.0") 
[1.182s] -- Found DART: /usr/include (Required is at least version "6.6") found components: dart 
[1.463s] -- Found Boost: /usr/lib/x86_64-linux-gnu/cmake/Boost-1.74.0/BoostConfig.cmake (found suitable version "1.74.0", minimum required is "1.40.0") found components: thread system filesystem program_options regex iostreams date_time 
[1.493s] -- Found Protobuf: /usr/lib/x86_64-linux-gnu/libprotobuf.so (found version "3.12.4") 
[1.507s] -- Looking for ignition-math6 -- found version 6.15.1
[1.521s] -- Searching for dependencies of ignition-math6
[1.522s] -- Looking for OGRE...
[1.522s] -- OGRE_PREFIX_WATCH changed.
[1.531s] -- Checking for module 'OGRE'
[1.564s] --   Found OGRE, version 1.9.0
[1.646s] -- Found Ogre Ghadamon (1.9.0)
[1.656s] -- Found OGRE: optimized;/usr/lib/x86_64-linux-gnu/libOgreMain.so;debug;/usr/lib/x86_64-linux-gnu/libOgreMain.so
[1.664s] -- Looking for OGRE_Paging...
[1.669s] -- Found OGRE_Paging: optimized;/usr/lib/x86_64-linux-gnu/libOgrePaging.so;debug;/usr/lib/x86_64-linux-gnu/libOgrePaging.so
[1.669s] -- Looking for OGRE_Terrain...
[1.673s] -- Found OGRE_Terrain: optimized;/usr/lib/x86_64-linux-gnu/libOgreTerrain.so;debug;/usr/lib/x86_64-linux-gnu/libOgreTerrain.so
[1.674s] -- Looking for OGRE_Property...
[1.677s] -- Found OGRE_Property: optimized;/usr/lib/x86_64-linux-gnu/libOgreProperty.so;debug;/usr/lib/x86_64-linux-gnu/libOgreProperty.so
[1.678s] -- Looking for OGRE_RTShaderSystem...
[1.682s] -- Found OGRE_RTShaderSystem: optimized;/usr/lib/x86_64-linux-gnu/libOgreRTShaderSystem.so;debug;/usr/lib/x86_64-linux-gnu/libOgreRTShaderSystem.so
[1.682s] -- Looking for OGRE_Volume...
[1.686s] -- Found OGRE_Volume: optimized;/usr/lib/x86_64-linux-gnu/libOgreVolume.so;debug;/usr/lib/x86_64-linux-gnu/libOgreVolume.so
[1.686s] -- Looking for OGRE_Overlay...
[1.690s] -- Found OGRE_Overlay: optimized;/usr/lib/x86_64-linux-gnu/libOgreOverlay.so;debug;/usr/lib/x86_64-linux-gnu/libOgreOverlay.so
[1.785s] -- Looking for ignition-math6 -- found version 6.15.1
[1.788s] -- Looking for ignition-transport8 -- found version 8.2.1
[1.788s] -- Searching for dependencies of ignition-transport8
[1.810s] -- Found Protobuf: /usr/lib/x86_64-linux-gnu/libprotobuf.so (found suitable version "3.12.4", minimum required is "3") 
[1.824s] -- Config-file not installed for ZeroMQ -- checking for pkg-config
[1.829s] -- Checking for module 'libzmq >= 4'
[1.861s] --   Found libzmq , version 4.3.4
[1.947s] -- Found ZeroMQ: TRUE (Required is at least version "4") 
[1.962s] -- Checking for module 'uuid'
[1.992s] --   Found uuid, version 2.37.2
[2.067s] -- Found UUID: TRUE  
[2.074s] -- Looking for ignition-msgs5 -- found version 5.8.1
[2.074s] -- Searching for dependencies of ignition-msgs5
[2.101s] -- Looking for ignition-math6 -- found version 6.15.1
[2.108s] -- Checking for module 'tinyxml2'
[2.133s] --   Found tinyxml2, version 9.0.0
[2.214s] -- Looking for ignition-msgs5 -- found version 5.8.1
[2.217s] -- Looking for ignition-common3 -- found version 3.14.0
[2.217s] -- Searching for dependencies of ignition-common3
[2.217s] -- Looking for dlfcn.h - found
[2.218s] -- Looking for libdl - found
[2.219s] -- Found DL: TRUE  
[2.234s] -- Found tinyobjloader: /usr/lib/x86_64-linux-gnu/cmake/tinyobjloader/tinyobjloader-config.cmake (found version "2.0.0") 
[2.235s] -- Searching for <ignition-common3> component [graphics]
[2.239s] -- Looking for ignition-common3-graphics -- found version 3.14.0
[2.239s] -- Searching for dependencies of ignition-common3-graphics
[2.239s] -- Looking for ignition-math6 -- found version 6.15.1
[2.243s] -- Looking for ignition-fuel_tools4 -- found version 4.4.0
[2.243s] -- Searching for dependencies of ignition-fuel_tools4
[2.413s] -- Found CURL: /usr/lib/x86_64-linux-gnu/libcurl.so (found version "7.81.0")  
[2.436s] -- Checking for module 'jsoncpp'
[2.466s] --   Found jsoncpp, version 1.9.5
[2.549s] -- Found JSONCPP: TRUE  
[2.566s] -- Checking for module 'libzip'
[2.597s] --   Found libzip, version 1.7.3
[2.666s] -- Found ZIP: TRUE  
[2.666s] -- Looking for ignition-common3 -- found version 3.14.0
[2.666s] -- Looking for ignition-math6 -- found version 6.15.1
[2.667s] -- Looking for ignition-msgs5 -- found version 5.8.1
[2.674s] -- Found gazebo_ros_pkgs: 3.7.0 (/opt/ros/humble/share/gazebo_ros_pkgs/cmake)
[2.676s] -- Found geometry_msgs: 4.2.3 (/opt/ros/humble/share/geometry_msgs/cmake)
[2.719s] -- Found rosidl_generator_c: 3.1.5 (/opt/ros/humble/share/rosidl_generator_c/cmake)
[2.725s] -- Found rosidl_adapter: 3.1.5 (/opt/ros/humble/share/rosidl_adapter/cmake)
[2.736s] -- Found rosidl_generator_cpp: 3.1.5 (/opt/ros/humble/share/rosidl_generator_cpp/cmake)
[2.754s] -- Using all available rosidl_typesupport_c: rosidl_typesupport_fastrtps_c;rosidl_typesupport_introspection_c
[2.775s] -- Using all available rosidl_typesupport_cpp: rosidl_typesupport_fastrtps_cpp;rosidl_typesupport_introspection_cpp
[2.889s] -- Found rclcpp: 16.0.8 (/opt/ros/humble/share/rclcpp/cmake)
[2.955s] -- Found rmw_implementation_cmake: 6.1.1 (/opt/ros/humble/share/rmw_implementation_cmake/cmake)
[2.959s] -- Found rmw_fastrtps_cpp: 6.2.6 (/opt/ros/humble/share/rmw_fastrtps_cpp/cmake)
[3.129s] -- Found OpenSSL: /usr/lib/x86_64-linux-gnu/libcrypto.so (found version "3.0.2")  
[3.156s] -- Found FastRTPS: /opt/ros/humble/include  
[3.212s] -- Using RMW implementation 'rmw_fastrtps_cpp' as default
[3.223s] -- Found Threads: TRUE  
[3.344s] -- Found sensor_msgs: 4.2.3 (/opt/ros/humble/share/sensor_msgs/cmake)
[3.422s] -- Found tf2: 0.25.5 (/opt/ros/humble/share/tf2/cmake)
[3.525s] -- Configuring done
[3.530s] -- Generating done
[3.533s] -- Build files have been written to: /home/emred/catkin_ws/build/gazebo_simulation
[3.544s] Invoked command in '/home/emred/catkin_ws/build/gazebo_simulation' returned '0': CMAKE_PREFIX_PATH=/home/emred/catkin_ws/install/traktor:/opt/ros/humble /usr/bin/cmake /home/emred/catkin_ws/src/gazebo_simulation -DCMAKE_INSTALL_PREFIX=/home/emred/catkin_ws/install/gazebo_simulation
[3.547s] Invoking command in '/home/emred/catkin_ws/build/gazebo_simulation': CMAKE_PREFIX_PATH=/home/emred/catkin_ws/install/traktor:/opt/ros/humble /usr/bin/cmake --build /home/emred/catkin_ws/build/gazebo_simulation -- -j16 -l16
[3.640s] Invoked command in '/home/emred/catkin_ws/build/gazebo_simulation' returned '0': CMAKE_PREFIX_PATH=/home/emred/catkin_ws/install/traktor:/opt/ros/humble /usr/bin/cmake --build /home/emred/catkin_ws/build/gazebo_simulation -- -j16 -l16
[3.700s] Invoking command in '/home/emred/catkin_ws/build/gazebo_simulation': CMAKE_PREFIX_PATH=/home/emred/catkin_ws/install/traktor:/opt/ros/humble /usr/bin/cmake --install /home/emred/catkin_ws/build/gazebo_simulation
[3.717s] -- Install configuration: ""
[3.717s] -- Installing: /home/emred/catkin_ws/install/gazebo_simulation/share/gazebo_simulation//launch
[3.717s] -- Installing: /home/emred/catkin_ws/install/gazebo_simulation/share/gazebo_simulation//launch/robot_sim.launch.py
[3.718s] -- Installing: /home/emred/catkin_ws/install/gazebo_simulation/share/gazebo_simulation//launch/robot_state_publisher.launch.py
[3.718s] -- Installing: /home/emred/catkin_ws/install/gazebo_simulation/share/gazebo_simulation//models
[3.718s] -- Installing: /home/emred/catkin_ws/install/gazebo_simulation/share/gazebo_simulation//models/rs_robot
[3.718s] -- Installing: /home/emred/catkin_ws/install/gazebo_simulation/share/gazebo_simulation//models/rs_robot/rs_robot.sdf
[3.719s] -- Installing: /home/emred/catkin_ws/install/gazebo_simulation/share/gazebo_simulation//models/rs_robot/model.config
[3.719s] -- Installing: /home/emred/catkin_ws/install/gazebo_simulation/share/gazebo_simulation//models/rs_robot/meshes
[3.719s] -- Installing: /home/emred/catkin_ws/install/gazebo_simulation/share/gazebo_simulation//models/rs_robot/meshes/STL
[3.719s] -- Installing: /home/emred/catkin_ws/install/gazebo_simulation/share/gazebo_simulation//models/rs_robot/meshes/STL/base
[3.720s] -- Installing: /home/emred/catkin_ws/install/gazebo_simulation/share/gazebo_simulation//models/rs_robot/meshes/STL/base/base_link_old.stl
[3.725s] -- Installing: /home/emred/catkin_ws/install/gazebo_simulation/share/gazebo_simulation//models/rs_robot/meshes/STL/base/base_link.stl
[3.726s] -- Installing: /home/emred/catkin_ws/install/gazebo_simulation/share/gazebo_simulation//models/rs_robot/meshes/STL/lidar_base
[3.726s] -- Installing: /home/emred/catkin_ws/install/gazebo_simulation/share/gazebo_simulation//models/rs_robot/meshes/STL/lidar_base/YDlidar_base.stl
[3.728s] -- Installing: /home/emred/catkin_ws/install/gazebo_simulation/share/gazebo_simulation//models/rs_robot/meshes/STL/suspension
[3.729s] -- Installing: /home/emred/catkin_ws/install/gazebo_simulation/share/gazebo_simulation//models/rs_robot/meshes/STL/suspension/REAR_LEFT_LINKSTL.stl
[3.731s] -- Installing: /home/emred/catkin_ws/install/gazebo_simulation/share/gazebo_simulation//models/rs_robot/meshes/STL/suspension/FRONT_RIGHT_LINKSTL.stl
[3.734s] -- Installing: /home/emred/catkin_ws/install/gazebo_simulation/share/gazebo_simulation//models/rs_robot/meshes/STL/suspension/FRONT_LEFT_LINKSTL.stl
[3.736s] -- Installing: /home/emred/catkin_ws/install/gazebo_simulation/share/gazebo_simulation//models/rs_robot/meshes/STL/suspension/sus_link.stl
[3.736s] -- Installing: /home/emred/catkin_ws/install/gazebo_simulation/share/gazebo_simulation//models/rs_robot/meshes/STL/suspension/REAR_RIGHT_LINKSTL.stl
[3.739s] -- Installing: /home/emred/catkin_ws/install/gazebo_simulation/share/gazebo_simulation//models/rs_robot/meshes/STL/wheel
[3.739s] -- Installing: /home/emred/catkin_ws/install/gazebo_simulation/share/gazebo_simulation//models/rs_robot/meshes/STL/wheel/robot_wheel.stl
[3.741s] -- Installing: /home/emred/catkin_ws/install/gazebo_simulation/share/gazebo_simulation//models/rs_robot/meshes/STL/sensors
[3.741s] -- Installing: /home/emred/catkin_ws/install/gazebo_simulation/share/gazebo_simulation//models/rs_robot/meshes/STL/sensors/camera
[3.742s] -- Installing: /home/emred/catkin_ws/install/gazebo_simulation/share/gazebo_simulation//models/rs_robot/meshes/STL/sensors/rear_lrf
[3.742s] -- Installing: /home/emred/catkin_ws/install/gazebo_simulation/share/gazebo_simulation//models/rs_robot/meshes/STL/sensors/rear_lrf/rear_lrf.stl
[3.743s] -- Installing: /home/emred/catkin_ws/install/gazebo_simulation/share/gazebo_simulation//models/rs_robot/meshes/STL/sensors/front_lrf
[3.743s] -- Installing: /home/emred/catkin_ws/install/gazebo_simulation/share/gazebo_simulation//models/rs_robot/meshes/STL/sensors/front_lrf/front_lrf.stl
[3.754s] -- Installing: /home/emred/catkin_ws/install/gazebo_simulation/share/gazebo_simulation//models/rs_robot/meshes/STL/sensors/gim30
[3.754s] -- Installing: /home/emred/catkin_ws/install/gazebo_simulation/share/gazebo_simulation//models/rs_robot/meshes/STL/sensors/gim30/gim30.stl
[3.771s] -- Installing: /home/emred/catkin_ws/install/gazebo_simulation/share/gazebo_simulation//models/rs_robot/meshes/STL/sensors/gps
[3.771s] -- Installing: /home/emred/catkin_ws/install/gazebo_simulation/share/gazebo_simulation//models/rs_robot/meshes/STL/sensors/gps/gps.stl
[3.775s] -- Installing: /home/emred/catkin_ws/install/gazebo_simulation/share/gazebo_simulation//models/rs_robot/meshes/STL/lidar_head
[3.775s] -- Installing: /home/emred/catkin_ws/install/gazebo_simulation/share/gazebo_simulation//models/rs_robot/meshes/STL/lidar_head/YDlidar_head v4.stl
[3.775s] -- Installing: /home/emred/catkin_ws/install/gazebo_simulation/share/gazebo_simulation//models/rs_robot/meshes/DAE
[3.776s] -- Installing: /home/emred/catkin_ws/install/gazebo_simulation/share/gazebo_simulation//models/rs_robot/meshes/DAE/base
[3.776s] -- Installing: /home/emred/catkin_ws/install/gazebo_simulation/share/gazebo_simulation//models/rs_robot/meshes/DAE/base/base_linkOLD.dae
[3.795s] -- Installing: /home/emred/catkin_ws/install/gazebo_simulation/share/gazebo_simulation//models/rs_robot/meshes/DAE/base/base_link.dae
[3.814s] -- Installing: /home/emred/catkin_ws/install/gazebo_simulation/share/gazebo_simulation//models/rs_robot/meshes/DAE/lidar_base
[3.814s] -- Installing: /home/emred/catkin_ws/install/gazebo_simulation/share/gazebo_simulation//models/rs_robot/meshes/DAE/lidar_base/YDlidar_base.dae
[3.815s] -- Installing: /home/emred/catkin_ws/install/gazebo_simulation/share/gazebo_simulation//models/rs_robot/meshes/DAE/suspension
[3.815s] -- Installing: /home/emred/catkin_ws/install/gazebo_simulation/share/gazebo_simulation//models/rs_robot/meshes/DAE/suspension/rear_right_link.dae
[3.820s] -- Installing: /home/emred/catkin_ws/install/gazebo_simulation/share/gazebo_simulation//models/rs_robot/meshes/DAE/suspension/rear_left_link.dae
[3.824s] -- Installing: /home/emred/catkin_ws/install/gazebo_simulation/share/gazebo_simulation//models/rs_robot/meshes/DAE/suspension/front_right_link.dae
[3.828s] -- Installing: /home/emred/catkin_ws/install/gazebo_simulation/share/gazebo_simulation//models/rs_robot/meshes/DAE/suspension/front_left_link.dae
[3.833s] -- Installing: /home/emred/catkin_ws/install/gazebo_simulation/share/gazebo_simulation//models/rs_robot/meshes/DAE/wheel
[3.833s] -- Installing: /home/emred/catkin_ws/install/gazebo_simulation/share/gazebo_simulation//models/rs_robot/meshes/DAE/wheel/wheel_link.dae
[3.836s] -- Installing: /home/emred/catkin_ws/install/gazebo_simulation/share/gazebo_simulation//models/rs_robot/meshes/DAE/sensors
[3.837s] -- Installing: /home/emred/catkin_ws/install/gazebo_simulation/share/gazebo_simulation//models/rs_robot/meshes/DAE/sensors/camera
[3.837s] -- Installing: /home/emred/catkin_ws/install/gazebo_simulation/share/gazebo_simulation//models/rs_robot/meshes/DAE/sensors/camera/camera.dae
[3.837s] -- Installing: /home/emred/catkin_ws/install/gazebo_simulation/share/gazebo_simulation//models/rs_robot/meshes/DAE/sensors/rear_lrf
[3.837s] -- Installing: /home/emred/catkin_ws/install/gazebo_simulation/share/gazebo_simulation//models/rs_robot/meshes/DAE/sensors/rear_lrf/urg_texture.png
[3.837s] -- Installing: /home/emred/catkin_ws/install/gazebo_simulation/share/gazebo_simulation//models/rs_robot/meshes/DAE/sensors/rear_lrf/rear_lrf.dae
[3.841s] -- Installing: /home/emred/catkin_ws/install/gazebo_simulation/share/gazebo_simulation//models/rs_robot/meshes/DAE/sensors/front_lrf
[3.841s] -- Installing: /home/emred/catkin_ws/install/gazebo_simulation/share/gazebo_simulation//models/rs_robot/meshes/DAE/sensors/front_lrf/lrf_texture.png
[3.841s] -- Installing: /home/emred/catkin_ws/install/gazebo_simulation/share/gazebo_simulation//models/rs_robot/meshes/DAE/sensors/front_lrf/front_lrf.dae
[3.874s] -- Installing: /home/emred/catkin_ws/install/gazebo_simulation/share/gazebo_simulation//models/rs_robot/meshes/DAE/sensors/gim30
[3.874s] -- Installing: /home/emred/catkin_ws/install/gazebo_simulation/share/gazebo_simulation//models/rs_robot/meshes/DAE/sensors/gim30/gim30_lrf_texture.png
[3.874s] -- Installing: /home/emred/catkin_ws/install/gazebo_simulation/share/gazebo_simulation//models/rs_robot/meshes/DAE/sensors/gim30/gim30.dae
[3.915s] -- Installing: /home/emred/catkin_ws/install/gazebo_simulation/share/gazebo_simulation//models/rs_robot/meshes/DAE/sensors/gps
[3.916s] -- Installing: /home/emred/catkin_ws/install/gazebo_simulation/share/gazebo_simulation//models/rs_robot/meshes/DAE/sensors/gps/gps.dae
[3.927s] -- Installing: /home/emred/catkin_ws/install/gazebo_simulation/share/gazebo_simulation//models/rs_robot/meshes/DAE/sensors/gps/gps_texture.png
[3.927s] -- Installing: /home/emred/catkin_ws/install/gazebo_simulation/share/gazebo_simulation//models/rs_robot/meshes/DAE/lidar_head
[3.927s] -- Installing: /home/emred/catkin_ws/install/gazebo_simulation/share/gazebo_simulation//models/rs_robot/meshes/DAE/lidar_head/YDlidar_head.dae
[3.927s] -- Installing: /home/emred/catkin_ws/install/gazebo_simulation/share/gazebo_simulation//models/rs_robot/config
[3.928s] -- Installing: /home/emred/catkin_ws/install/gazebo_simulation/share/gazebo_simulation//models/rs_robot/config/controllers.yaml
[3.928s] -- Installing: /home/emred/catkin_ws/install/gazebo_simulation/share/gazebo_simulation//worlds
[3.928s] -- Installing: /home/emred/catkin_ws/install/gazebo_simulation/share/gazebo_simulation//worlds/4ws_world.model
[3.928s] -- Installing: /home/emred/catkin_ws/install/gazebo_simulation/share/gazebo_simulation//urdf
[3.928s] -- Installing: /home/emred/catkin_ws/install/gazebo_simulation/share/gazebo_simulation//urdf/rs_robot.urdf
[3.929s] -- Installing: /home/emred/catkin_ws/install/gazebo_simulation/lib/gazebo_simulation/robot_sim.launch.py
[3.929s] -- Installing: /home/emred/catkin_ws/install/gazebo_simulation/lib/gazebo_simulation/robot_state_publisher.launch.py
[3.929s] -- Installing: /home/emred/catkin_ws/install/gazebo_simulation/share/ament_index/resource_index/package_run_dependencies/gazebo_simulation
[3.929s] -- Installing: /home/emred/catkin_ws/install/gazebo_simulation/share/ament_index/resource_index/parent_prefix_path/gazebo_simulation
[3.929s] -- Installing: /home/emred/catkin_ws/install/gazebo_simulation/share/gazebo_simulation/environment/ament_prefix_path.sh
[3.930s] -- Installing: /home/emred/catkin_ws/install/gazebo_simulation/share/gazebo_simulation/environment/ament_prefix_path.dsv
[3.930s] -- Installing: /home/emred/catkin_ws/install/gazebo_simulation/share/gazebo_simulation/environment/path.sh
[3.930s] -- Installing: /home/emred/catkin_ws/install/gazebo_simulation/share/gazebo_simulation/environment/path.dsv
[3.930s] -- Installing: /home/emred/catkin_ws/install/gazebo_simulation/share/gazebo_simulation/local_setup.bash
[3.930s] -- Installing: /home/emred/catkin_ws/install/gazebo_simulation/share/gazebo_simulation/local_setup.sh
[3.931s] -- Installing: /home/emred/catkin_ws/install/gazebo_simulation/share/gazebo_simulation/local_setup.zsh
[3.931s] -- Installing: /home/emred/catkin_ws/install/gazebo_simulation/share/gazebo_simulation/local_setup.dsv
[3.931s] -- Installing: /home/emred/catkin_ws/install/gazebo_simulation/share/gazebo_simulation/package.dsv
[3.931s] -- Installing: /home/emred/catkin_ws/install/gazebo_simulation/share/ament_index/resource_index/packages/gazebo_simulation
[3.931s] -- Installing: /home/emred/catkin_ws/install/gazebo_simulation/share/gazebo_simulation/cmake/ament_cmake_export_include_directories-extras.cmake
[3.931s] -- Installing: /home/emred/catkin_ws/install/gazebo_simulation/share/gazebo_simulation/cmake/ament_cmake_export_dependencies-extras.cmake
[3.932s] -- Installing: /home/emred/catkin_ws/install/gazebo_simulation/share/gazebo_simulation/cmake/gazebo_simulationConfig.cmake
[3.932s] -- Installing: /home/emred/catkin_ws/install/gazebo_simulation/share/gazebo_simulation/cmake/gazebo_simulationConfig-version.cmake
[3.932s] -- Installing: /home/emred/catkin_ws/install/gazebo_simulation/share/gazebo_simulation/package.xml
[3.933s] Invoked command in '/home/emred/catkin_ws/build/gazebo_simulation' returned '0': CMAKE_PREFIX_PATH=/home/emred/catkin_ws/install/traktor:/opt/ros/humble /usr/bin/cmake --install /home/emred/catkin_ws/build/gazebo_simulation
