[0.338s] Invoking command in '/home/emred/catkin_ws/build/my_robot_description': CMAKE_PREFIX_PATH=${CMAKE_PREFIX_PATH}:/home/emred/catkin_ws/install/traktor:/home/emred/catkin_ws/install/beetle_evaluation:/opt/ros/humble /usr/bin/cmake /home/emred/catkin_ws/src/my_robot_description -DCMAKE_INSTALL_PREFIX=/home/emred/catkin_ws/install/my_robot_description
[0.724s] -- The C compiler identification is GNU 11.4.0
[0.724s] -- The CXX compiler identification is GNU 11.4.0
[0.724s] -- Detecting C compiler ABI info
[0.724s] -- Detecting C compiler ABI info - done
[0.724s] -- Check for working C compiler: /usr/bin/cc - skipped
[0.724s] -- Detecting C compile features
[0.724s] -- Detecting C compile features - done
[0.724s] -- Detecting CXX compiler ABI info
[0.776s] -- Detecting CXX compiler ABI info - done
[0.783s] -- Check for working CXX compiler: /usr/bin/c++ - skipped
[0.783s] -- Detecting CXX compile features
[0.784s] -- Detecting CXX compile features - done
[0.789s] -- Found ament_cmake: 1.3.7 (/opt/ros/humble/share/ament_cmake/cmake)
[1.010s] -- Found Python3: /usr/bin/python3.10 (found version "3.10.12") found components: Interpreter 
[1.207s] -- Configuring done
[1.210s] -- Generating done
[1.211s] -- Build files have been written to: /home/emred/catkin_ws/build/my_robot_description
[1.396s] Invoked command in '/home/emred/catkin_ws/build/my_robot_description' returned '0': CMAKE_PREFIX_PATH=${CMAKE_PREFIX_PATH}:/home/emred/catkin_ws/install/traktor:/home/emred/catkin_ws/install/beetle_evaluation:/opt/ros/humble /usr/bin/cmake /home/emred/catkin_ws/src/my_robot_description -DCMAKE_INSTALL_PREFIX=/home/emred/catkin_ws/install/my_robot_description
[1.398s] Invoking command in '/home/emred/catkin_ws/build/my_robot_description': CMAKE_PREFIX_PATH=${CMAKE_PREFIX_PATH}:/home/emred/catkin_ws/install/traktor:/home/emred/catkin_ws/install/beetle_evaluation:/opt/ros/humble /usr/bin/cmake --build /home/emred/catkin_ws/build/my_robot_description -- -j16 -l16
[1.498s] Invoked command in '/home/emred/catkin_ws/build/my_robot_description' returned '0': CMAKE_PREFIX_PATH=${CMAKE_PREFIX_PATH}:/home/emred/catkin_ws/install/traktor:/home/emred/catkin_ws/install/beetle_evaluation:/opt/ros/humble /usr/bin/cmake --build /home/emred/catkin_ws/build/my_robot_description -- -j16 -l16
[1.790s] Invoking command in '/home/emred/catkin_ws/build/my_robot_description': CMAKE_PREFIX_PATH=${CMAKE_PREFIX_PATH}:/home/emred/catkin_ws/install/traktor:/home/emred/catkin_ws/install/beetle_evaluation:/opt/ros/humble /usr/bin/cmake --install /home/emred/catkin_ws/build/my_robot_description
[1.852s] -- Install configuration: ""
[1.852s] -- Installing: /home/emred/catkin_ws/install/my_robot_description/share/my_robot_description//urdf
[1.852s] -- Installing: /home/emred/catkin_ws/install/my_robot_description/share/my_robot_description//urdf/my_robot.urdf.xacro
[1.852s] -- Installing: /home/emred/catkin_ws/install/my_robot_description/share/my_robot_description//urdf/mobile_base_gazebo.xacro
[1.852s] -- Installing: /home/emred/catkin_ws/install/my_robot_description/share/my_robot_description//urdf/common_properties.xacro
[1.853s] -- Installing: /home/emred/catkin_ws/install/my_robot_description/share/my_robot_description//urdf/mobile_base.xacro
[1.853s] -- Installing: /home/emred/catkin_ws/install/my_robot_description/share/my_robot_description//launch
[1.853s] -- Installing: /home/emred/catkin_ws/install/my_robot_description/share/my_robot_description//launch/display.launch.py
[1.853s] -- Installing: /home/emred/catkin_ws/install/my_robot_description/share/my_robot_description//launch/display.launch.xml
[1.853s] -- Installing: /home/emred/catkin_ws/install/my_robot_description/share/my_robot_description//rviz
[1.853s] -- Installing: /home/emred/catkin_ws/install/my_robot_description/share/my_robot_description//rviz/urdf_config.rviz
[1.853s] -- Installing: /home/emred/catkin_ws/install/my_robot_description/share/ament_index/resource_index/package_run_dependencies/my_robot_description
[1.853s] -- Installing: /home/emred/catkin_ws/install/my_robot_description/share/ament_index/resource_index/parent_prefix_path/my_robot_description
[1.853s] -- Installing: /home/emred/catkin_ws/install/my_robot_description/share/my_robot_description/environment/ament_prefix_path.sh
[1.853s] -- Installing: /home/emred/catkin_ws/install/my_robot_description/share/my_robot_description/environment/ament_prefix_path.dsv
[1.854s] -- Installing: /home/emred/catkin_ws/install/my_robot_description/share/my_robot_description/environment/path.sh
[1.854s] -- Installing: /home/emred/catkin_ws/install/my_robot_description/share/my_robot_description/environment/path.dsv
[1.854s] -- Installing: /home/emred/catkin_ws/install/my_robot_description/share/my_robot_description/local_setup.bash
[1.854s] -- Installing: /home/emred/catkin_ws/install/my_robot_description/share/my_robot_description/local_setup.sh
[1.854s] -- Installing: /home/emred/catkin_ws/install/my_robot_description/share/my_robot_description/local_setup.zsh
[1.856s] -- Installing: /home/emred/catkin_ws/install/my_robot_description/share/my_robot_description/local_setup.dsv
[1.856s] -- Installing: /home/emred/catkin_ws/install/my_robot_description/share/my_robot_description/package.dsv
[1.857s] -- Installing: /home/emred/catkin_ws/install/my_robot_description/share/ament_index/resource_index/packages/my_robot_description
[1.857s] -- Installing: /home/emred/catkin_ws/install/my_robot_description/share/my_robot_description/cmake/my_robot_descriptionConfig.cmake
[1.857s] -- Installing: /home/emred/catkin_ws/install/my_robot_description/share/my_robot_description/cmake/my_robot_descriptionConfig-version.cmake
[1.857s] -- Installing: /home/emred/catkin_ws/install/my_robot_description/share/my_robot_description/package.xml
[1.859s] Invoked command in '/home/emred/catkin_ws/build/my_robot_description' returned '0': CMAKE_PREFIX_PATH=${CMAKE_PREFIX_PATH}:/home/emred/catkin_ws/install/traktor:/home/emred/catkin_ws/install/beetle_evaluation:/opt/ros/humble /usr/bin/cmake --install /home/emred/catkin_ws/build/my_robot_description
