[0.400s] Invoking command in '/home/emred/catkin_ws/build/map_odom_static_broadcaster': CMAKE_PREFIX_PATH=${CMAKE_PREFIX_PATH}:/home/emred/catkin_ws/install/traktor:/home/emred/catkin_ws/install/beetle_evaluation:/opt/ros/humble /usr/bin/cmake --build /home/emred/catkin_ws/build/map_odom_static_broadcaster -- -j16 -l16
[0.754s] [100%] Built target map_odom_static_broadcaster
[1.061s] Invoked command in '/home/emred/catkin_ws/build/map_odom_static_broadcaster' returned '0': CMAKE_PREFIX_PATH=${CMAKE_PREFIX_PATH}:/home/emred/catkin_ws/install/traktor:/home/emred/catkin_ws/install/beetle_evaluation:/opt/ros/humble /usr/bin/cmake --build /home/emred/catkin_ws/build/map_odom_static_broadcaster -- -j16 -l16
[1.118s] Invoking command in '/home/emred/catkin_ws/build/map_odom_static_broadcaster': CMAKE_PREFIX_PATH=${CMAKE_PREFIX_PATH}:/home/emred/catkin_ws/install/traktor:/home/emred/catkin_ws/install/beetle_evaluation:/opt/ros/humble /usr/bin/cmake --install /home/emred/catkin_ws/build/map_odom_static_broadcaster
[1.130s] -- Install configuration: ""
[1.130s] -- Up-to-date: /home/emred/catkin_ws/install/map_odom_static_broadcaster/lib/map_odom_static_broadcaster/map_odom_static_broadcaster
[1.130s] -- Up-to-date: /home/emred/catkin_ws/install/map_odom_static_broadcaster/share/ament_index/resource_index/package_run_dependencies/map_odom_static_broadcaster
[1.130s] -- Up-to-date: /home/emred/catkin_ws/install/map_odom_static_broadcaster/share/ament_index/resource_index/parent_prefix_path/map_odom_static_broadcaster
[1.131s] -- Up-to-date: /home/emred/catkin_ws/install/map_odom_static_broadcaster/share/map_odom_static_broadcaster/environment/ament_prefix_path.sh
[1.133s] -- Up-to-date: /home/emred/catkin_ws/install/map_odom_static_broadcaster/share/map_odom_static_broadcaster/environment/ament_prefix_path.dsv
[1.133s] -- Up-to-date: /home/emred/catkin_ws/install/map_odom_static_broadcaster/share/map_odom_static_broadcaster/environment/path.sh
[1.134s] -- Up-to-date: /home/emred/catkin_ws/install/map_odom_static_broadcaster/share/map_odom_static_broadcaster/environment/path.dsv
[1.134s] -- Up-to-date: /home/emred/catkin_ws/install/map_odom_static_broadcaster/share/map_odom_static_broadcaster/local_setup.bash
[1.134s] -- Up-to-date: /home/emred/catkin_ws/install/map_odom_static_broadcaster/share/map_odom_static_broadcaster/local_setup.sh
[1.134s] -- Up-to-date: /home/emred/catkin_ws/install/map_odom_static_broadcaster/share/map_odom_static_broadcaster/local_setup.zsh
[1.134s] -- Up-to-date: /home/emred/catkin_ws/install/map_odom_static_broadcaster/share/map_odom_static_broadcaster/local_setup.dsv
[1.135s] -- Installing: /home/emred/catkin_ws/install/map_odom_static_broadcaster/share/map_odom_static_broadcaster/package.dsv
[1.135s] -- Up-to-date: /home/emred/catkin_ws/install/map_odom_static_broadcaster/share/ament_index/resource_index/packages/map_odom_static_broadcaster
[1.135s] -- Up-to-date: /home/emred/catkin_ws/install/map_odom_static_broadcaster/share/map_odom_static_broadcaster/cmake/map_odom_static_broadcasterConfig.cmake
[1.135s] -- Up-to-date: /home/emred/catkin_ws/install/map_odom_static_broadcaster/share/map_odom_static_broadcaster/cmake/map_odom_static_broadcasterConfig-version.cmake
[1.135s] -- Up-to-date: /home/emred/catkin_ws/install/map_odom_static_broadcaster/share/map_odom_static_broadcaster/package.xml
[1.309s] Invoked command in '/home/emred/catkin_ws/build/map_odom_static_broadcaster' returned '0': CMAKE_PREFIX_PATH=${CMAKE_PREFIX_PATH}:/home/emred/catkin_ws/install/traktor:/home/emred/catkin_ws/install/beetle_evaluation:/opt/ros/humble /usr/bin/cmake --install /home/emred/catkin_ws/build/map_odom_static_broadcaster
