[0.185s] Invoking command in '/home/emred/ack_drive/build/four_ws_control': CMAKE_PREFIX_PATH=${CMAKE_PREFIX_PATH}:/home/emred/tas-gps/install/moveon_control:/opt/ros/humble /usr/bin/cmake --build /home/emred/ack_drive/build/four_ws_control -- -j16 -l16
[0.528s] Invoked command in '/home/emred/ack_drive/build/four_ws_control' returned '0': CMAKE_PREFIX_PATH=${CMAKE_PREFIX_PATH}:/home/emred/tas-gps/install/moveon_control:/opt/ros/humble /usr/bin/cmake --build /home/emred/ack_drive/build/four_ws_control -- -j16 -l16
[0.567s] Invoking command in '/home/emred/ack_drive/build/four_ws_control': CMAKE_PREFIX_PATH=${CMAKE_PREFIX_PATH}:/home/emred/tas-gps/install/moveon_control:/opt/ros/humble /usr/bin/cmake --install /home/emred/ack_drive/build/four_ws_control
[0.577s] -- Install configuration: ""
[0.577s] -- Up-to-date: /home/emred/ack_drive/install/four_ws_control/share/four_ws_control//scripts
[0.578s] -- Up-to-date: /home/emred/ack_drive/install/four_ws_control/share/four_ws_control//scripts/robot_control.py
[0.578s] -- Up-to-date: /home/emred/ack_drive/install/four_ws_control/share/four_ws_control//launch
[0.578s] -- Up-to-date: /home/emred/ack_drive/install/four_ws_control/share/four_ws_control//launch/four_ws_control.launch.py
[0.578s] -- Up-to-date: /home/emred/ack_drive/install/four_ws_control/lib/four_ws_control/robot_control.py
[0.578s] -- Up-to-date: /home/emred/ack_drive/install/four_ws_control/lib/four_ws_control/four_ws_control.launch.py
[0.578s] -- Up-to-date: /home/emred/ack_drive/install/four_ws_control/share/ament_index/resource_index/package_run_dependencies/four_ws_control
[0.578s] -- Up-to-date: /home/emred/ack_drive/install/four_ws_control/share/ament_index/resource_index/parent_prefix_path/four_ws_control
[0.578s] -- Up-to-date: /home/emred/ack_drive/install/four_ws_control/share/four_ws_control/environment/ament_prefix_path.sh
[0.578s] -- Up-to-date: /home/emred/ack_drive/install/four_ws_control/share/four_ws_control/environment/ament_prefix_path.dsv
[0.579s] -- Up-to-date: /home/emred/ack_drive/install/four_ws_control/share/four_ws_control/environment/path.sh
[0.579s] -- Up-to-date: /home/emred/ack_drive/install/four_ws_control/share/four_ws_control/environment/path.dsv
[0.579s] -- Up-to-date: /home/emred/ack_drive/install/four_ws_control/share/four_ws_control/local_setup.bash
[0.579s] -- Up-to-date: /home/emred/ack_drive/install/four_ws_control/share/four_ws_control/local_setup.sh
[0.579s] -- Up-to-date: /home/emred/ack_drive/install/four_ws_control/share/four_ws_control/local_setup.zsh
[0.579s] -- Up-to-date: /home/emred/ack_drive/install/four_ws_control/share/four_ws_control/local_setup.dsv
[0.579s] -- Up-to-date: /home/emred/ack_drive/install/four_ws_control/share/four_ws_control/package.dsv
[0.579s] -- Up-to-date: /home/emred/ack_drive/install/four_ws_control/share/ament_index/resource_index/packages/four_ws_control
[0.579s] -- Up-to-date: /home/emred/ack_drive/install/four_ws_control/share/four_ws_control/cmake/four_ws_controlConfig.cmake
[0.579s] -- Up-to-date: /home/emred/ack_drive/install/four_ws_control/share/four_ws_control/cmake/four_ws_controlConfig-version.cmake
[0.579s] -- Up-to-date: /home/emred/ack_drive/install/four_ws_control/share/four_ws_control/package.xml
[0.580s] Invoked command in '/home/emred/ack_drive/build/four_ws_control' returned '0': CMAKE_PREFIX_PATH=${CMAKE_PREFIX_PATH}:/home/emred/tas-gps/install/moveon_control:/opt/ros/humble /usr/bin/cmake --install /home/emred/ack_drive/build/four_ws_control
