-- The C compiler identification is GNU 11.4.0
-- The CXX compiler identification is GNU 11.4.0
-- Detecting C compiler ABI info
-- Detecting C compiler ABI info - done
-- Check for working C compiler: /usr/bin/cc - skipped
-- Detecting C compile features
-- Detecting C compile features - done
-- Detecting CXX compiler ABI info
-- Detecting CXX compiler ABI info - done
-- Check for working CXX compiler: /usr/bin/c++ - skipped
-- Detecting CXX compile features
-- Detecting CXX compile features - done
-- Found ament_cmake: 1.3.7 (/opt/ros/humble/share/ament_cmake/cmake)
-- Found Python3: /usr/bin/python3.10 (found version "3.10.12") found components: Interpreter 
-- Found controller_interface: 2.37.0 (/opt/ros/humble/share/controller_interface/cmake)
-- Found rosidl_generator_c: 3.1.5 (/opt/ros/humble/share/rosidl_generator_c/cmake)
-- Found rosidl_adapter: 3.1.5 (/opt/ros/humble/share/rosidl_adapter/cmake)
-- Found rosidl_generator_cpp: 3.1.5 (/opt/ros/humble/share/rosidl_generator_cpp/cmake)
-- Using all available rosidl_typesupport_c: rosidl_typesupport_fastrtps_c;rosidl_typesupport_introspection_c
-- Using all available rosidl_typesupport_cpp: rosidl_typesupport_fastrtps_cpp;rosidl_typesupport_introspection_cpp
-- Found rmw_implementation_cmake: 6.1.1 (/opt/ros/humble/share/rmw_implementation_cmake/cmake)
-- Found rmw_fastrtps_cpp: 6.2.6 (/opt/ros/humble/share/rmw_fastrtps_cpp/cmake)
-- Found TinyXML2 via Config file: TinyXML2_DIR-NOTFOUND
-- Found OpenSSL: /usr/lib/x86_64-linux-gnu/libcrypto.so (found version "3.0.2")  
-- Found TinyXML2 via Config file: TinyXML2_DIR-NOTFOUND
-- Found FastRTPS: /opt/ros/humble/include  
-- Found TinyXML2 via Config file: TinyXML2_DIR-NOTFOUND
-- Found TinyXML2 via Config file: TinyXML2_DIR-NOTFOUND
-- Using RMW implementation 'rmw_fastrtps_cpp' as default
-- Looking for pthread.h
-- Looking for pthread.h - found
-- Performing Test CMAKE_HAVE_LIBC_PTHREAD
-- Performing Test CMAKE_HAVE_LIBC_PTHREAD - Success
-- Found Threads: TRUE  
-- Found nav_msgs: 4.2.3 (/opt/ros/humble/share/nav_msgs/cmake)
-- Found realtime_tools: 2.5.0 (/opt/ros/humble/share/realtime_tools/cmake)
-- Found tf2: 0.25.5 (/opt/ros/humble/share/tf2/cmake)
-- Found tf2_msgs: 0.25.5 (/opt/ros/humble/share/tf2_msgs/cmake)
-- Found ament_cmake_gmock: 1.3.7 (/opt/ros/humble/share/ament_cmake_gmock/cmake)
-- Found controller_manager: 2.37.0 (/opt/ros/humble/share/controller_manager/cmake)
-- Found ros2_control_test_assets: 2.37.0 (/opt/ros/humble/share/ros2_control_test_assets/cmake)
-- Found gmock sources under '/opt/ros/humble/src/gmock_vendor': C++ tests using 'Google Mock' will be built
-- Found ament_cmake_gtest: 1.3.7 (/opt/ros/humble/share/ament_cmake_gtest/cmake)
-- Found gtest sources under '/opt/ros/humble/src/gtest_vendor': C++ tests using 'Google Test' will be built
-- Configuring done
-- Generating done
-- Build files have been written to: /home/emred/catkin_ws/build/ackermann_drive_controller
[ 23%] [32mBuilding CXX object gmock/CMakeFiles/gmock.dir/opt/ros/humble/src/gtest_vendor/src/gtest-all.cc.o[0m
[ 23%] [32mBuilding CXX object gmock/CMakeFiles/gmock.dir/src/gmock-all.cc.o[0m
[ 23%] [32mBuilding CXX object gmock/CMakeFiles/gmock_main.dir/src/gmock_main.cc.o[0m
[ 30%] [32mBuilding CXX object CMakeFiles/ackermann_drive_controller.dir/src/ackermann_drive_controller.cpp.o[0m
[ 38%] [32mBuilding CXX object CMakeFiles/ackermann_drive_controller.dir/src/odometry.cpp.o[0m
[ 46%] [32mBuilding CXX object CMakeFiles/ackermann_drive_controller.dir/src/speed_limiter.cpp.o[0m
[ 53%] [32m[1mLinking CXX static library libgmock_main.a[0m
[ 53%] Built target gmock_main
[ 61%] [32m[1mLinking CXX static library libgmock.a[0m
[ 61%] Built target gmock
[ 69%] [32mBuilding CXX object CMakeFiles/test_load_ackermann_drive_controller.dir/test/test_load_ackermann_drive_controller.cpp.o[0m
[ 76%] [32m[1mLinking CXX executable test_load_ackermann_drive_controller[0m
[ 76%] Built target test_load_ackermann_drive_controller
[ 84%] [32m[1mLinking CXX shared library libackermann_drive_controller.so[0m
[ 84%] Built target ackermann_drive_controller
[ 92%] [32mBuilding CXX object CMakeFiles/test_ackermann_drive_controller.dir/test/test_ackermann_drive_controller.cpp.o[0m
[100%] [32m[1mLinking CXX executable test_ackermann_drive_controller[0m
[100%] Built target test_ackermann_drive_controller
-- Install configuration: ""
-- Installing: /home/emred/catkin_ws/install/ackermann_drive_controller/share/ackermann_drive_controller/ackermann_drive_plugin.xml
-- Installing: /home/emred/catkin_ws/install/ackermann_drive_controller/include
-- Installing: /home/emred/catkin_ws/install/ackermann_drive_controller/include/ackermann_drive_controller
-- Installing: /home/emred/catkin_ws/install/ackermann_drive_controller/include/ackermann_drive_controller/ackermann_drive_controller.hpp
-- Installing: /home/emred/catkin_ws/install/ackermann_drive_controller/include/ackermann_drive_controller/visibility_control.h
-- Installing: /home/emred/catkin_ws/install/ackermann_drive_controller/include/ackermann_drive_controller/odometry.hpp
-- Installing: /home/emred/catkin_ws/install/ackermann_drive_controller/include/ackermann_drive_controller/speed_limiter.hpp
-- Installing: /home/emred/catkin_ws/install/ackermann_drive_controller/lib/libackermann_drive_controller.so
-- Set runtime path of "/home/emred/catkin_ws/install/ackermann_drive_controller/lib/libackermann_drive_controller.so" to ""
-- Installing: /home/emred/catkin_ws/install/ackermann_drive_controller/share/ackermann_drive_controller/environment/library_path.sh
-- Installing: /home/emred/catkin_ws/install/ackermann_drive_controller/share/ackermann_drive_controller/environment/library_path.dsv
-- Installing: /home/emred/catkin_ws/install/ackermann_drive_controller/share/ament_index/resource_index/package_run_dependencies/ackermann_drive_controller
-- Installing: /home/emred/catkin_ws/install/ackermann_drive_controller/share/ament_index/resource_index/parent_prefix_path/ackermann_drive_controller
-- Installing: /home/emred/catkin_ws/install/ackermann_drive_controller/share/ackermann_drive_controller/environment/ament_prefix_path.sh
-- Installing: /home/emred/catkin_ws/install/ackermann_drive_controller/share/ackermann_drive_controller/environment/ament_prefix_path.dsv
-- Installing: /home/emred/catkin_ws/install/ackermann_drive_controller/share/ackermann_drive_controller/environment/path.sh
-- Installing: /home/emred/catkin_ws/install/ackermann_drive_controller/share/ackermann_drive_controller/environment/path.dsv
-- Installing: /home/emred/catkin_ws/install/ackermann_drive_controller/share/ackermann_drive_controller/local_setup.bash
-- Installing: /home/emred/catkin_ws/install/ackermann_drive_controller/share/ackermann_drive_controller/local_setup.sh
-- Installing: /home/emred/catkin_ws/install/ackermann_drive_controller/share/ackermann_drive_controller/local_setup.zsh
-- Installing: /home/emred/catkin_ws/install/ackermann_drive_controller/share/ackermann_drive_controller/local_setup.dsv
-- Installing: /home/emred/catkin_ws/install/ackermann_drive_controller/share/ackermann_drive_controller/package.dsv
-- Installing: /home/emred/catkin_ws/install/ackermann_drive_controller/share/ament_index/resource_index/packages/ackermann_drive_controller
-- Installing: /home/emred/catkin_ws/install/ackermann_drive_controller/share/ament_index/resource_index/controller_interface__pluginlib__plugin/ackermann_drive_controller
-- Installing: /home/emred/catkin_ws/install/ackermann_drive_controller/share/ackermann_drive_controller/cmake/ament_cmake_export_dependencies-extras.cmake
-- Installing: /home/emred/catkin_ws/install/ackermann_drive_controller/share/ackermann_drive_controller/cmake/ament_cmake_export_include_directories-extras.cmake
-- Installing: /home/emred/catkin_ws/install/ackermann_drive_controller/share/ackermann_drive_controller/cmake/ament_cmake_export_libraries-extras.cmake
-- Installing: /home/emred/catkin_ws/install/ackermann_drive_controller/share/ackermann_drive_controller/cmake/ackermann_drive_controllerConfig.cmake
-- Installing: /home/emred/catkin_ws/install/ackermann_drive_controller/share/ackermann_drive_controller/cmake/ackermann_drive_controllerConfig-version.cmake
-- Installing: /home/emred/catkin_ws/install/ackermann_drive_controller/share/ackermann_drive_controller/package.xml
