[0.475s] Invoking command in '/home/emred/catkin_ws/build/ackermann_drive_controller': CMAKE_PREFIX_PATH=${CMAKE_PREFIX_PATH}:/home/emred/catkin_ws/install/traktor:/opt/ros/humble /usr/bin/cmake /home/emred/catkin_ws/src/beetle/ackermann_drive_controller -DCMAKE_INSTALL_PREFIX=/home/emred/catkin_ws/install/ackermann_drive_controller
[0.827s] -- The C compiler identification is GNU 11.4.0
[0.827s] -- The CXX compiler identification is GNU 11.4.0
[0.827s] -- Detecting C compiler ABI info
[0.827s] -- Detecting C compiler ABI info - done
[0.827s] -- Check for working C compiler: /usr/bin/cc - skipped
[0.827s] -- Detecting C compile features
[0.827s] -- Detecting C compile features - done
[0.827s] -- Detecting CXX compiler ABI info
[0.827s] -- Detecting CXX compiler ABI info - done
[0.828s] -- Check for working CXX compiler: /usr/bin/c++ - skipped
[0.828s] -- Detecting CXX compile features
[0.828s] -- Detecting CXX compile features - done
[0.828s] -- Found ament_cmake: 1.3.7 (/opt/ros/humble/share/ament_cmake/cmake)
[1.021s] -- Found Python3: /usr/bin/python3.10 (found version "3.10.12") found components: Interpreter 
[1.130s] -- Found controller_interface: 2.37.0 (/opt/ros/humble/share/controller_interface/cmake)
[1.192s] -- Found rosidl_generator_c: 3.1.5 (/opt/ros/humble/share/rosidl_generator_c/cmake)
[1.201s] -- Found rosidl_adapter: 3.1.5 (/opt/ros/humble/share/rosidl_adapter/cmake)
[1.215s] -- Found rosidl_generator_cpp: 3.1.5 (/opt/ros/humble/share/rosidl_generator_cpp/cmake)
[1.243s] -- Using all available rosidl_typesupport_c: rosidl_typesupport_fastrtps_c;rosidl_typesupport_introspection_c
[1.260s] -- Using all available rosidl_typesupport_cpp: rosidl_typesupport_fastrtps_cpp;rosidl_typesupport_introspection_cpp
[1.958s] -- Found rmw_implementation_cmake: 6.1.1 (/opt/ros/humble/share/rmw_implementation_cmake/cmake)
[1.962s] -- Found rmw_fastrtps_cpp: 6.2.6 (/opt/ros/humble/share/rmw_fastrtps_cpp/cmake)
[2.000s] -- Found TinyXML2 via Config file: TinyXML2_DIR-NOTFOUND
[2.087s] -- Found OpenSSL: /usr/lib/x86_64-linux-gnu/libcrypto.so (found version "3.0.2")  
[2.089s] -- Found TinyXML2 via Config file: TinyXML2_DIR-NOTFOUND
[2.106s] -- Found FastRTPS: /opt/ros/humble/include  
[2.114s] -- Found TinyXML2 via Config file: TinyXML2_DIR-NOTFOUND
[2.124s] -- Found TinyXML2 via Config file: TinyXML2_DIR-NOTFOUND
[2.135s] -- Using RMW implementation 'rmw_fastrtps_cpp' as default
[2.146s] -- Looking for pthread.h
[2.243s] -- Looking for pthread.h - found
[2.243s] -- Performing Test CMAKE_HAVE_LIBC_PTHREAD
[2.335s] -- Performing Test CMAKE_HAVE_LIBC_PTHREAD - Success
[2.336s] -- Found Threads: TRUE  
[2.588s] -- Found nav_msgs: 4.2.3 (/opt/ros/humble/share/nav_msgs/cmake)
[2.685s] -- Found realtime_tools: 2.5.0 (/opt/ros/humble/share/realtime_tools/cmake)
[2.728s] -- Found tf2: 0.25.5 (/opt/ros/humble/share/tf2/cmake)
[2.736s] -- Found tf2_msgs: 0.25.5 (/opt/ros/humble/share/tf2_msgs/cmake)
[3.176s] -- Found ament_cmake_gmock: 1.3.7 (/opt/ros/humble/share/ament_cmake_gmock/cmake)
[3.187s] -- Found controller_manager: 2.37.0 (/opt/ros/humble/share/controller_manager/cmake)
[3.536s] -- Found ros2_control_test_assets: 2.37.0 (/opt/ros/humble/share/ros2_control_test_assets/cmake)
[3.541s] -- Found gmock sources under '/opt/ros/humble/src/gmock_vendor': C++ tests using 'Google Mock' will be built
[3.549s] -- Found ament_cmake_gtest: 1.3.7 (/opt/ros/humble/share/ament_cmake_gtest/cmake)
[3.551s] -- Found gtest sources under '/opt/ros/humble/src/gtest_vendor': C++ tests using 'Google Test' will be built
[3.989s] -- Configuring done
[4.085s] -- Generating done
[4.087s] -- Build files have been written to: /home/emred/catkin_ws/build/ackermann_drive_controller
[4.104s] Invoked command in '/home/emred/catkin_ws/build/ackermann_drive_controller' returned '0': CMAKE_PREFIX_PATH=${CMAKE_PREFIX_PATH}:/home/emred/catkin_ws/install/traktor:/opt/ros/humble /usr/bin/cmake /home/emred/catkin_ws/src/beetle/ackermann_drive_controller -DCMAKE_INSTALL_PREFIX=/home/emred/catkin_ws/install/ackermann_drive_controller
[4.107s] Invoking command in '/home/emred/catkin_ws/build/ackermann_drive_controller': CMAKE_PREFIX_PATH=${CMAKE_PREFIX_PATH}:/home/emred/catkin_ws/install/traktor:/opt/ros/humble /usr/bin/cmake --build /home/emred/catkin_ws/build/ackermann_drive_controller -- -j16 -l16
[4.195s] [ 23%] [32mBuilding CXX object gmock/CMakeFiles/gmock.dir/opt/ros/humble/src/gtest_vendor/src/gtest-all.cc.o[0m
[4.195s] [ 23%] [32mBuilding CXX object gmock/CMakeFiles/gmock.dir/src/gmock-all.cc.o[0m
[4.195s] [ 23%] [32mBuilding CXX object gmock/CMakeFiles/gmock_main.dir/src/gmock_main.cc.o[0m
[4.206s] [ 30%] [32mBuilding CXX object CMakeFiles/ackermann_drive_controller.dir/src/ackermann_drive_controller.cpp.o[0m
[4.207s] [ 38%] [32mBuilding CXX object CMakeFiles/ackermann_drive_controller.dir/src/odometry.cpp.o[0m
[4.211s] [ 46%] [32mBuilding CXX object CMakeFiles/ackermann_drive_controller.dir/src/speed_limiter.cpp.o[0m
[5.634s] [ 53%] [32m[1mLinking CXX static library libgmock_main.a[0m
[5.691s] [ 53%] Built target gmock_main
[7.809s] [ 61%] [32m[1mLinking CXX static library libgmock.a[0m
[7.930s] [ 61%] Built target gmock
[7.966s] [ 69%] [32mBuilding CXX object CMakeFiles/test_load_ackermann_drive_controller.dir/test/test_load_ackermann_drive_controller.cpp.o[0m
[12.878s] [ 76%] [32m[1mLinking CXX executable test_load_ackermann_drive_controller[0m
[13.236s] [ 76%] Built target test_load_ackermann_drive_controller
[16.651s] [ 84%] [32m[1mLinking CXX shared library libackermann_drive_controller.so[0m
[18.376s] [ 84%] Built target ackermann_drive_controller
[18.405s] [ 92%] [32mBuilding CXX object CMakeFiles/test_ackermann_drive_controller.dir/test/test_ackermann_drive_controller.cpp.o[0m
[25.923s] [100%] [32m[1mLinking CXX executable test_ackermann_drive_controller[0m
[28.399s] [100%] Built target test_ackermann_drive_controller
[28.417s] Invoked command in '/home/emred/catkin_ws/build/ackermann_drive_controller' returned '0': CMAKE_PREFIX_PATH=${CMAKE_PREFIX_PATH}:/home/emred/catkin_ws/install/traktor:/opt/ros/humble /usr/bin/cmake --build /home/emred/catkin_ws/build/ackermann_drive_controller -- -j16 -l16
[28.494s] Invoking command in '/home/emred/catkin_ws/build/ackermann_drive_controller': CMAKE_PREFIX_PATH=${CMAKE_PREFIX_PATH}:/home/emred/catkin_ws/install/traktor:/opt/ros/humble /usr/bin/cmake --install /home/emred/catkin_ws/build/ackermann_drive_controller
[28.504s] -- Install configuration: ""
[28.504s] -- Installing: /home/emred/catkin_ws/install/ackermann_drive_controller/share/ackermann_drive_controller/ackermann_drive_plugin.xml
[28.504s] -- Installing: /home/emred/catkin_ws/install/ackermann_drive_controller/include
[28.505s] -- Installing: /home/emred/catkin_ws/install/ackermann_drive_controller/include/ackermann_drive_controller
[28.505s] -- Installing: /home/emred/catkin_ws/install/ackermann_drive_controller/include/ackermann_drive_controller/ackermann_drive_controller.hpp
[28.505s] -- Installing: /home/emred/catkin_ws/install/ackermann_drive_controller/include/ackermann_drive_controller/visibility_control.h
[28.505s] -- Installing: /home/emred/catkin_ws/install/ackermann_drive_controller/include/ackermann_drive_controller/odometry.hpp
[28.505s] -- Installing: /home/emred/catkin_ws/install/ackermann_drive_controller/include/ackermann_drive_controller/speed_limiter.hpp
[28.505s] -- Installing: /home/emred/catkin_ws/install/ackermann_drive_controller/lib/libackermann_drive_controller.so
[28.523s] -- Set runtime path of "/home/emred/catkin_ws/install/ackermann_drive_controller/lib/libackermann_drive_controller.so" to ""
[28.523s] -- Installing: /home/emred/catkin_ws/install/ackermann_drive_controller/share/ackermann_drive_controller/environment/library_path.sh
[28.523s] -- Installing: /home/emred/catkin_ws/install/ackermann_drive_controller/share/ackermann_drive_controller/environment/library_path.dsv
[28.524s] -- Installing: /home/emred/catkin_ws/install/ackermann_drive_controller/share/ament_index/resource_index/package_run_dependencies/ackermann_drive_controller
[28.524s] -- Installing: /home/emred/catkin_ws/install/ackermann_drive_controller/share/ament_index/resource_index/parent_prefix_path/ackermann_drive_controller
[28.524s] -- Installing: /home/emred/catkin_ws/install/ackermann_drive_controller/share/ackermann_drive_controller/environment/ament_prefix_path.sh
[28.524s] -- Installing: /home/emred/catkin_ws/install/ackermann_drive_controller/share/ackermann_drive_controller/environment/ament_prefix_path.dsv
[28.524s] -- Installing: /home/emred/catkin_ws/install/ackermann_drive_controller/share/ackermann_drive_controller/environment/path.sh
[28.524s] -- Installing: /home/emred/catkin_ws/install/ackermann_drive_controller/share/ackermann_drive_controller/environment/path.dsv
[28.524s] -- Installing: /home/emred/catkin_ws/install/ackermann_drive_controller/share/ackermann_drive_controller/local_setup.bash
[28.524s] -- Installing: /home/emred/catkin_ws/install/ackermann_drive_controller/share/ackermann_drive_controller/local_setup.sh
[28.525s] -- Installing: /home/emred/catkin_ws/install/ackermann_drive_controller/share/ackermann_drive_controller/local_setup.zsh
[28.525s] -- Installing: /home/emred/catkin_ws/install/ackermann_drive_controller/share/ackermann_drive_controller/local_setup.dsv
[28.525s] -- Installing: /home/emred/catkin_ws/install/ackermann_drive_controller/share/ackermann_drive_controller/package.dsv
[28.525s] -- Installing: /home/emred/catkin_ws/install/ackermann_drive_controller/share/ament_index/resource_index/packages/ackermann_drive_controller
[28.525s] -- Installing: /home/emred/catkin_ws/install/ackermann_drive_controller/share/ament_index/resource_index/controller_interface__pluginlib__plugin/ackermann_drive_controller
[28.526s] -- Installing: /home/emred/catkin_ws/install/ackermann_drive_controller/share/ackermann_drive_controller/cmake/ament_cmake_export_dependencies-extras.cmake
[28.526s] -- Installing: /home/emred/catkin_ws/install/ackermann_drive_controller/share/ackermann_drive_controller/cmake/ament_cmake_export_include_directories-extras.cmake
[28.526s] -- Installing: /home/emred/catkin_ws/install/ackermann_drive_controller/share/ackermann_drive_controller/cmake/ament_cmake_export_libraries-extras.cmake
[28.526s] -- Installing: /home/emred/catkin_ws/install/ackermann_drive_controller/share/ackermann_drive_controller/cmake/ackermann_drive_controllerConfig.cmake
[28.526s] -- Installing: /home/emred/catkin_ws/install/ackermann_drive_controller/share/ackermann_drive_controller/cmake/ackermann_drive_controllerConfig-version.cmake
[28.526s] -- Installing: /home/emred/catkin_ws/install/ackermann_drive_controller/share/ackermann_drive_controller/package.xml
[28.530s] Invoked command in '/home/emred/catkin_ws/build/ackermann_drive_controller' returned '0': CMAKE_PREFIX_PATH=${CMAKE_PREFIX_PATH}:/home/emred/catkin_ws/install/traktor:/opt/ros/humble /usr/bin/cmake --install /home/emred/catkin_ws/build/ackermann_drive_controller
