[0.188s] Invoking command in '/home/emred/catkin_ws/build/four_ws_control': CMAKE_PREFIX_PATH=/home/emred/catkin_ws/install/traktor:/opt/ros/humble /usr/bin/cmake /home/emred/catkin_ws/src/four_ws_control -DCMAKE_INSTALL_PREFIX=/home/emred/catkin_ws/install/four_ws_control
[0.311s] -- The C compiler identification is GNU 11.4.0
[0.425s] -- The CXX compiler identification is GNU 11.4.0
[0.433s] -- Detecting C compiler ABI info
[0.524s] -- Detecting C compiler ABI info - done
[0.533s] -- Check for working C compiler: /usr/bin/cc - skipped
[0.533s] -- Detecting C compile features
[0.534s] -- Detecting C compile features - done
[0.536s] -- Detecting CXX compiler ABI info
[0.633s] -- Detecting CXX compiler ABI info - done
[0.640s] -- Check for working CXX compiler: /usr/bin/c++ - skipped
[0.641s] -- Detecting CXX compile features
[0.641s] -- Detecting CXX compile features - done
[0.644s] -- Found ament_cmake: 1.3.7 (/opt/ros/humble/share/ament_cmake/cmake)
[0.821s] -- Found Python3: /usr/bin/python3.10 (found version "3.10.12") found components: Interpreter 
[0.919s] -- Found ament_lint_auto: 0.12.10 (/opt/ros/humble/share/ament_lint_auto/cmake)
[1.010s] -- Added test 'copyright' to check source files copyright and LICENSE
[1.012s] -- Added test 'flake8' to check Python code syntax and style conventions
[1.013s] -- Added test 'lint_cmake' to check CMake code style
[1.014s] -- Added test 'pep257' to check Python code against some of the docstring style conventions in PEP 257
[1.015s] -- Added test 'xmllint' to check XML markup files
[1.016s] -- Configuring done
[1.020s] -- Generating done
[1.021s] -- Build files have been written to: /home/emred/catkin_ws/build/four_ws_control
[1.026s] Invoked command in '/home/emred/catkin_ws/build/four_ws_control' returned '0': CMAKE_PREFIX_PATH=/home/emred/catkin_ws/install/traktor:/opt/ros/humble /usr/bin/cmake /home/emred/catkin_ws/src/four_ws_control -DCMAKE_INSTALL_PREFIX=/home/emred/catkin_ws/install/four_ws_control
[1.028s] Invoking command in '/home/emred/catkin_ws/build/four_ws_control': CMAKE_PREFIX_PATH=/home/emred/catkin_ws/install/traktor:/opt/ros/humble /usr/bin/cmake --build /home/emred/catkin_ws/build/four_ws_control -- -j16 -l16
[1.074s] Invoked command in '/home/emred/catkin_ws/build/four_ws_control' returned '0': CMAKE_PREFIX_PATH=/home/emred/catkin_ws/install/traktor:/opt/ros/humble /usr/bin/cmake --build /home/emred/catkin_ws/build/four_ws_control -- -j16 -l16
[1.113s] Invoking command in '/home/emred/catkin_ws/build/four_ws_control': CMAKE_PREFIX_PATH=/home/emred/catkin_ws/install/traktor:/opt/ros/humble /usr/bin/cmake --install /home/emred/catkin_ws/build/four_ws_control
[1.121s] -- Install configuration: ""
[1.121s] -- Installing: /home/emred/catkin_ws/install/four_ws_control/share/four_ws_control//scripts
[1.121s] -- Installing: /home/emred/catkin_ws/install/four_ws_control/share/four_ws_control//scripts/robot_control.py
[1.121s] -- Installing: /home/emred/catkin_ws/install/four_ws_control/share/four_ws_control//launch
[1.121s] -- Installing: /home/emred/catkin_ws/install/four_ws_control/share/four_ws_control//launch/four_ws_control.launch.py
[1.121s] -- Installing: /home/emred/catkin_ws/install/four_ws_control/lib/four_ws_control/robot_control.py
[1.122s] -- Installing: /home/emred/catkin_ws/install/four_ws_control/lib/four_ws_control/four_ws_control.launch.py
[1.122s] -- Installing: /home/emred/catkin_ws/install/four_ws_control/share/ament_index/resource_index/package_run_dependencies/four_ws_control
[1.122s] -- Installing: /home/emred/catkin_ws/install/four_ws_control/share/ament_index/resource_index/parent_prefix_path/four_ws_control
[1.122s] -- Installing: /home/emred/catkin_ws/install/four_ws_control/share/four_ws_control/environment/ament_prefix_path.sh
[1.122s] -- Installing: /home/emred/catkin_ws/install/four_ws_control/share/four_ws_control/environment/ament_prefix_path.dsv
[1.122s] -- Installing: /home/emred/catkin_ws/install/four_ws_control/share/four_ws_control/environment/path.sh
[1.122s] -- Installing: /home/emred/catkin_ws/install/four_ws_control/share/four_ws_control/environment/path.dsv
[1.122s] -- Installing: /home/emred/catkin_ws/install/four_ws_control/share/four_ws_control/local_setup.bash
[1.123s] -- Installing: /home/emred/catkin_ws/install/four_ws_control/share/four_ws_control/local_setup.sh
[1.123s] -- Installing: /home/emred/catkin_ws/install/four_ws_control/share/four_ws_control/local_setup.zsh
[1.123s] -- Installing: /home/emred/catkin_ws/install/four_ws_control/share/four_ws_control/local_setup.dsv
[1.123s] -- Installing: /home/emred/catkin_ws/install/four_ws_control/share/four_ws_control/package.dsv
[1.123s] -- Installing: /home/emred/catkin_ws/install/four_ws_control/share/ament_index/resource_index/packages/four_ws_control
[1.123s] -- Installing: /home/emred/catkin_ws/install/four_ws_control/share/four_ws_control/cmake/four_ws_controlConfig.cmake
[1.124s] -- Installing: /home/emred/catkin_ws/install/four_ws_control/share/four_ws_control/cmake/four_ws_controlConfig-version.cmake
[1.124s] -- Installing: /home/emred/catkin_ws/install/four_ws_control/share/four_ws_control/package.xml
[1.126s] Invoked command in '/home/emred/catkin_ws/build/four_ws_control' returned '0': CMAKE_PREFIX_PATH=/home/emred/catkin_ws/install/traktor:/opt/ros/humble /usr/bin/cmake --install /home/emred/catkin_ws/build/four_ws_control
