[35m[1mConsolidate compiler generated dependencies of target gmock_main[0m
[35m[1mConsolidate compiler generated dependencies of target gmock[0m
[35m[1mConsolidate compiler generated dependencies of target ackermann_drive_controller[0m
[ 15%] Built target gmock_main
[ 38%] Built target gmock
[ 69%] Built target ackermann_drive_controller
[35m[1mConsolidate compiler generated dependencies of target test_load_ackermann_drive_controller[0m
[35m[1mConsolidate compiler generated dependencies of target test_ackermann_drive_controller[0m
[ 84%] Built target test_load_ackermann_drive_controller
[100%] Built target test_ackermann_drive_controller
-- Install configuration: ""
-- Up-to-date: /home/emred/catkin_ws/install/ackermann_drive_controller/share/ackermann_drive_controller/ackermann_drive_plugin.xml
-- Up-to-date: /home/emred/catkin_ws/install/ackermann_drive_controller/include
-- Up-to-date: /home/emred/catkin_ws/install/ackermann_drive_controller/include/ackermann_drive_controller
-- Up-to-date: /home/emred/catkin_ws/install/ackermann_drive_controller/include/ackermann_drive_controller/ackermann_drive_controller.hpp
-- Up-to-date: /home/emred/catkin_ws/install/ackermann_drive_controller/include/ackermann_drive_controller/visibility_control.h
-- Up-to-date: /home/emred/catkin_ws/install/ackermann_drive_controller/include/ackermann_drive_controller/odometry.hpp
-- Up-to-date: /home/emred/catkin_ws/install/ackermann_drive_controller/include/ackermann_drive_controller/speed_limiter.hpp
-- Up-to-date: /home/emred/catkin_ws/install/ackermann_drive_controller/lib/libackermann_drive_controller.so
-- Up-to-date: /home/emred/catkin_ws/install/ackermann_drive_controller/share/ackermann_drive_controller/environment/library_path.sh
-- Up-to-date: /home/emred/catkin_ws/install/ackermann_drive_controller/share/ackermann_drive_controller/environment/library_path.dsv
-- Up-to-date: /home/emred/catkin_ws/install/ackermann_drive_controller/share/ament_index/resource_index/package_run_dependencies/ackermann_drive_controller
-- Up-to-date: /home/emred/catkin_ws/install/ackermann_drive_controller/share/ament_index/resource_index/parent_prefix_path/ackermann_drive_controller
-- Up-to-date: /home/emred/catkin_ws/install/ackermann_drive_controller/share/ackermann_drive_controller/environment/ament_prefix_path.sh
-- Up-to-date: /home/emred/catkin_ws/install/ackermann_drive_controller/share/ackermann_drive_controller/environment/ament_prefix_path.dsv
-- Up-to-date: /home/emred/catkin_ws/install/ackermann_drive_controller/share/ackermann_drive_controller/environment/path.sh
-- Up-to-date: /home/emred/catkin_ws/install/ackermann_drive_controller/share/ackermann_drive_controller/environment/path.dsv
-- Up-to-date: /home/emred/catkin_ws/install/ackermann_drive_controller/share/ackermann_drive_controller/local_setup.bash
-- Up-to-date: /home/emred/catkin_ws/install/ackermann_drive_controller/share/ackermann_drive_controller/local_setup.sh
-- Up-to-date: /home/emred/catkin_ws/install/ackermann_drive_controller/share/ackermann_drive_controller/local_setup.zsh
-- Up-to-date: /home/emred/catkin_ws/install/ackermann_drive_controller/share/ackermann_drive_controller/local_setup.dsv
-- Installing: /home/emred/catkin_ws/install/ackermann_drive_controller/share/ackermann_drive_controller/package.dsv
-- Up-to-date: /home/emred/catkin_ws/install/ackermann_drive_controller/share/ament_index/resource_index/packages/ackermann_drive_controller
-- Up-to-date: /home/emred/catkin_ws/install/ackermann_drive_controller/share/ament_index/resource_index/controller_interface__pluginlib__plugin/ackermann_drive_controller
-- Up-to-date: /home/emred/catkin_ws/install/ackermann_drive_controller/share/ackermann_drive_controller/cmake/ament_cmake_export_dependencies-extras.cmake
-- Up-to-date: /home/emred/catkin_ws/install/ackermann_drive_controller/share/ackermann_drive_controller/cmake/ament_cmake_export_include_directories-extras.cmake
-- Up-to-date: /home/emred/catkin_ws/install/ackermann_drive_controller/share/ackermann_drive_controller/cmake/ament_cmake_export_libraries-extras.cmake
-- Up-to-date: /home/emred/catkin_ws/install/ackermann_drive_controller/share/ackermann_drive_controller/cmake/ackermann_drive_controllerConfig.cmake
-- Up-to-date: /home/emred/catkin_ws/install/ackermann_drive_controller/share/ackermann_drive_controller/cmake/ackermann_drive_controllerConfig-version.cmake
-- Up-to-date: /home/emred/catkin_ws/install/ackermann_drive_controller/share/ackermann_drive_controller/package.xml
