[0.552s] Invoking command in '/home/emred/catkin_ws/build/ackermann_drive_controller': CMAKE_PREFIX_PATH=${CMAKE_PREFIX_PATH}:/home/emred/catkin_ws/install/traktor:/home/emred/catkin_ws/install/beetle_evaluation:/opt/ros/humble /usr/bin/cmake --build /home/emred/catkin_ws/build/ackermann_drive_controller -- -j16 -l16
[0.938s] [35m[1mConsolidate compiler generated dependencies of target gmock_main[0m
[0.938s] [35m[1mConsolidate compiler generated dependencies of target gmock[0m
[0.938s] [35m[1mConsolidate compiler generated dependencies of target ackermann_drive_controller[0m
[0.939s] [ 15%] Built target gmock_main
[0.939s] [ 38%] Built target gmock
[0.939s] [ 69%] Built target ackermann_drive_controller
[0.939s] [35m[1mConsolidate compiler generated dependencies of target test_load_ackermann_drive_controller[0m
[0.940s] [35m[1mConsolidate compiler generated dependencies of target test_ackermann_drive_controller[0m
[0.940s] [ 84%] Built target test_load_ackermann_drive_controller
[0.941s] [100%] Built target test_ackermann_drive_controller
[0.954s] Invoked command in '/home/emred/catkin_ws/build/ackermann_drive_controller' returned '0': CMAKE_PREFIX_PATH=${CMAKE_PREFIX_PATH}:/home/emred/catkin_ws/install/traktor:/home/emred/catkin_ws/install/beetle_evaluation:/opt/ros/humble /usr/bin/cmake --build /home/emred/catkin_ws/build/ackermann_drive_controller -- -j16 -l16
[1.306s] Invoking command in '/home/emred/catkin_ws/build/ackermann_drive_controller': CMAKE_PREFIX_PATH=${CMAKE_PREFIX_PATH}:/home/emred/catkin_ws/install/traktor:/home/emred/catkin_ws/install/beetle_evaluation:/opt/ros/humble /usr/bin/cmake --install /home/emred/catkin_ws/build/ackermann_drive_controller
[1.322s] -- Install configuration: ""
[1.322s] -- Up-to-date: /home/emred/catkin_ws/install/ackermann_drive_controller/share/ackermann_drive_controller/ackermann_drive_plugin.xml
[1.323s] -- Up-to-date: /home/emred/catkin_ws/install/ackermann_drive_controller/include
[1.323s] -- Up-to-date: /home/emred/catkin_ws/install/ackermann_drive_controller/include/ackermann_drive_controller
[1.323s] -- Up-to-date: /home/emred/catkin_ws/install/ackermann_drive_controller/include/ackermann_drive_controller/ackermann_drive_controller.hpp
[1.323s] -- Up-to-date: /home/emred/catkin_ws/install/ackermann_drive_controller/include/ackermann_drive_controller/visibility_control.h
[1.323s] -- Up-to-date: /home/emred/catkin_ws/install/ackermann_drive_controller/include/ackermann_drive_controller/odometry.hpp
[1.324s] -- Up-to-date: /home/emred/catkin_ws/install/ackermann_drive_controller/include/ackermann_drive_controller/speed_limiter.hpp
[1.324s] -- Up-to-date: /home/emred/catkin_ws/install/ackermann_drive_controller/lib/libackermann_drive_controller.so
[1.324s] -- Up-to-date: /home/emred/catkin_ws/install/ackermann_drive_controller/share/ackermann_drive_controller/environment/library_path.sh
[1.324s] -- Up-to-date: /home/emred/catkin_ws/install/ackermann_drive_controller/share/ackermann_drive_controller/environment/library_path.dsv
[1.324s] -- Up-to-date: /home/emred/catkin_ws/install/ackermann_drive_controller/share/ament_index/resource_index/package_run_dependencies/ackermann_drive_controller
[1.324s] -- Up-to-date: /home/emred/catkin_ws/install/ackermann_drive_controller/share/ament_index/resource_index/parent_prefix_path/ackermann_drive_controller
[1.325s] -- Up-to-date: /home/emred/catkin_ws/install/ackermann_drive_controller/share/ackermann_drive_controller/environment/ament_prefix_path.sh
[1.325s] -- Up-to-date: /home/emred/catkin_ws/install/ackermann_drive_controller/share/ackermann_drive_controller/environment/ament_prefix_path.dsv
[1.325s] -- Up-to-date: /home/emred/catkin_ws/install/ackermann_drive_controller/share/ackermann_drive_controller/environment/path.sh
[1.326s] -- Up-to-date: /home/emred/catkin_ws/install/ackermann_drive_controller/share/ackermann_drive_controller/environment/path.dsv
[1.326s] -- Up-to-date: /home/emred/catkin_ws/install/ackermann_drive_controller/share/ackermann_drive_controller/local_setup.bash
[1.326s] -- Up-to-date: /home/emred/catkin_ws/install/ackermann_drive_controller/share/ackermann_drive_controller/local_setup.sh
[1.326s] -- Up-to-date: /home/emred/catkin_ws/install/ackermann_drive_controller/share/ackermann_drive_controller/local_setup.zsh
[1.326s] -- Up-to-date: /home/emred/catkin_ws/install/ackermann_drive_controller/share/ackermann_drive_controller/local_setup.dsv
[1.326s] -- Installing: /home/emred/catkin_ws/install/ackermann_drive_controller/share/ackermann_drive_controller/package.dsv
[1.326s] -- Up-to-date: /home/emred/catkin_ws/install/ackermann_drive_controller/share/ament_index/resource_index/packages/ackermann_drive_controller
[1.327s] -- Up-to-date: /home/emred/catkin_ws/install/ackermann_drive_controller/share/ament_index/resource_index/controller_interface__pluginlib__plugin/ackermann_drive_controller
[1.327s] -- Up-to-date: /home/emred/catkin_ws/install/ackermann_drive_controller/share/ackermann_drive_controller/cmake/ament_cmake_export_dependencies-extras.cmake
[1.327s] -- Up-to-date: /home/emred/catkin_ws/install/ackermann_drive_controller/share/ackermann_drive_controller/cmake/ament_cmake_export_include_directories-extras.cmake
[1.327s] -- Up-to-date: /home/emred/catkin_ws/install/ackermann_drive_controller/share/ackermann_drive_controller/cmake/ament_cmake_export_libraries-extras.cmake
[1.327s] -- Up-to-date: /home/emred/catkin_ws/install/ackermann_drive_controller/share/ackermann_drive_controller/cmake/ackermann_drive_controllerConfig.cmake
[1.328s] -- Up-to-date: /home/emred/catkin_ws/install/ackermann_drive_controller/share/ackermann_drive_controller/cmake/ackermann_drive_controllerConfig-version.cmake
[1.328s] -- Up-to-date: /home/emred/catkin_ws/install/ackermann_drive_controller/share/ackermann_drive_controller/package.xml
[1.388s] Invoked command in '/home/emred/catkin_ws/build/ackermann_drive_controller' returned '0': CMAKE_PREFIX_PATH=${CMAKE_PREFIX_PATH}:/home/emred/catkin_ws/install/traktor:/home/emred/catkin_ws/install/beetle_evaluation:/opt/ros/humble /usr/bin/cmake --install /home/emred/catkin_ws/build/ackermann_drive_controller
