[0.733s] Invoking command in '/home/emred/catkin_ws/src/traktor': PYTHONPATH=/home/emred/catkin_ws/build/traktor/prefix_override:/home/emred/catkin_ws/install/traktor/lib/python3.10/site-packages:${PYTHONPATH} /usr/bin/python3 setup.py egg_info --egg-base ../../build/traktor build --build-base /home/emred/catkin_ws/build/traktor/build install --record /home/emred/catkin_ws/build/traktor/install.log --single-version-externally-managed
[0.969s] running egg_info
[0.969s] writing ../../build/traktor/traktor.egg-info/PKG-INFO
[0.970s] writing dependency_links to ../../build/traktor/traktor.egg-info/dependency_links.txt
[0.970s] writing entry points to ../../build/traktor/traktor.egg-info/entry_points.txt
[0.970s] writing requirements to ../../build/traktor/traktor.egg-info/requires.txt
[0.970s] writing top-level names to ../../build/traktor/traktor.egg-info/top_level.txt
[0.971s] reading manifest file '../../build/traktor/traktor.egg-info/SOURCES.txt'
[0.972s] writing manifest file '../../build/traktor/traktor.egg-info/SOURCES.txt'
[0.972s] running build
[0.972s] running build_py
[0.972s] running install
[0.972s] running install_lib
[0.973s] running install_data
[0.973s] running install_egg_info
[0.974s] removing '/home/emred/catkin_ws/install/traktor/lib/python3.10/site-packages/traktor-0.0.0-py3.10.egg-info' (and everything under it)
[0.975s] Copying ../../build/traktor/traktor.egg-info to /home/emred/catkin_ws/install/traktor/lib/python3.10/site-packages/traktor-0.0.0-py3.10.egg-info
[0.976s] running install_scripts
[0.991s] writing list of installed files to '/home/emred/catkin_ws/build/traktor/install.log'
[1.020s] Invoked command in '/home/emred/catkin_ws/src/traktor' returned '0': PYTHONPATH=/home/emred/catkin_ws/build/traktor/prefix_override:/home/emred/catkin_ws/install/traktor/lib/python3.10/site-packages:${PYTHONPATH} /usr/bin/python3 setup.py egg_info --egg-base ../../build/traktor build --build-base /home/emred/catkin_ws/build/traktor/build install --record /home/emred/catkin_ws/build/traktor/install.log --single-version-externally-managed
