[0.836s] Invoking command in '/home/emred/catkin_ws/src/traktor': PYTHONPATH=/home/emred/catkin_ws/build/traktor/prefix_override:/home/emred/catkin_ws/install/traktor/lib/python3.10/site-packages:${PYTHONPATH} /usr/bin/python3 setup.py egg_info --egg-base ../../build/traktor build --build-base /home/emred/catkin_ws/build/traktor/build install --record /home/emred/catkin_ws/build/traktor/install.log --single-version-externally-managed
[1.045s] running egg_info
[1.046s] writing ../../build/traktor/traktor.egg-info/PKG-INFO
[1.046s] writing dependency_links to ../../build/traktor/traktor.egg-info/dependency_links.txt
[1.046s] writing entry points to ../../build/traktor/traktor.egg-info/entry_points.txt
[1.046s] writing requirements to ../../build/traktor/traktor.egg-info/requires.txt
[1.047s] writing top-level names to ../../build/traktor/traktor.egg-info/top_level.txt
[1.048s] reading manifest file '../../build/traktor/traktor.egg-info/SOURCES.txt'
[1.051s] writing manifest file '../../build/traktor/traktor.egg-info/SOURCES.txt'
[1.052s] running build
[1.052s] running build_py
[1.052s] running install
[1.053s] running install_lib
[1.054s] running install_data
[1.054s] running install_egg_info
[1.055s] removing '/home/emred/catkin_ws/install/traktor/lib/python3.10/site-packages/traktor-0.0.0-py3.10.egg-info' (and everything under it)
[1.056s] Copying ../../build/traktor/traktor.egg-info to /home/emred/catkin_ws/install/traktor/lib/python3.10/site-packages/traktor-0.0.0-py3.10.egg-info
[1.056s] running install_scripts
[1.072s] writing list of installed files to '/home/emred/catkin_ws/build/traktor/install.log'
[1.101s] Invoked command in '/home/emred/catkin_ws/src/traktor' returned '0': PYTHONPATH=/home/emred/catkin_ws/build/traktor/prefix_override:/home/emred/catkin_ws/install/traktor/lib/python3.10/site-packages:${PYTHONPATH} /usr/bin/python3 setup.py egg_info --egg-base ../../build/traktor build --build-base /home/emred/catkin_ws/build/traktor/build install --record /home/emred/catkin_ws/build/traktor/install.log --single-version-externally-managed
