[0.426s] Invoking command in '/home/emred/catkin_ws/build/beetle_description': CMAKE_PREFIX_PATH=${CMAKE_PREFIX_PATH}:/home/emred/catkin_ws/install/traktor:/opt/ros/humble /usr/bin/cmake /home/emred/catkin_ws/src/beetle/beetle_description -DCMAKE_INSTALL_PREFIX=/home/emred/catkin_ws/install/beetle_description
[0.775s] -- The C compiler identification is GNU 11.4.0
[0.775s] -- The CXX compiler identification is GNU 11.4.0
[0.777s] -- Detecting C compiler ABI info
[0.777s] -- Detecting C compiler ABI info - done
[0.778s] -- Check for working C compiler: /usr/bin/cc - skipped
[0.778s] -- Detecting C compile features
[0.778s] -- Detecting C compile features - done
[0.778s] -- Detecting CXX compiler ABI info
[0.778s] -- Detecting CXX compiler ABI info - done
[0.778s] -- Check for working CXX compiler: /usr/bin/c++ - skipped
[0.778s] -- Detecting CXX compile features
[0.778s] -- Detecting CXX compile features - done
[0.778s] -- Found ament_cmake: 1.3.7 (/opt/ros/humble/share/ament_cmake/cmake)
[0.965s] -- Found Python3: /usr/bin/python3.10 (found version "3.10.12") found components: Interpreter 
[1.078s] -- Found urdf: 2.6.0 (/opt/ros/humble/share/urdf/cmake)
[1.158s] -- Found ament_lint_auto: 0.12.10 (/opt/ros/humble/share/ament_lint_auto/cmake)
[1.253s] -- Added test 'flake8' to check Python code syntax and style conventions
[1.254s] -- Added test 'lint_cmake' to check CMake code style
[1.255s] -- Added test 'pep257' to check Python code against some of the docstring style conventions in PEP 257
[1.258s] -- Added test 'xmllint' to check XML markup files
[1.260s] -- Configuring done
[1.264s] -- Generating done
[1.265s] -- Build files have been written to: /home/emred/catkin_ws/build/beetle_description
[1.390s] Invoked command in '/home/emred/catkin_ws/build/beetle_description' returned '0': CMAKE_PREFIX_PATH=${CMAKE_PREFIX_PATH}:/home/emred/catkin_ws/install/traktor:/opt/ros/humble /usr/bin/cmake /home/emred/catkin_ws/src/beetle/beetle_description -DCMAKE_INSTALL_PREFIX=/home/emred/catkin_ws/install/beetle_description
[1.391s] Invoking command in '/home/emred/catkin_ws/build/beetle_description': CMAKE_PREFIX_PATH=${CMAKE_PREFIX_PATH}:/home/emred/catkin_ws/install/traktor:/opt/ros/humble /usr/bin/cmake --build /home/emred/catkin_ws/build/beetle_description -- -j16 -l16
[1.456s] Invoked command in '/home/emred/catkin_ws/build/beetle_description' returned '0': CMAKE_PREFIX_PATH=${CMAKE_PREFIX_PATH}:/home/emred/catkin_ws/install/traktor:/opt/ros/humble /usr/bin/cmake --build /home/emred/catkin_ws/build/beetle_description -- -j16 -l16
[1.488s] Invoking command in '/home/emred/catkin_ws/build/beetle_description': CMAKE_PREFIX_PATH=${CMAKE_PREFIX_PATH}:/home/emred/catkin_ws/install/traktor:/opt/ros/humble /usr/bin/cmake --install /home/emred/catkin_ws/build/beetle_description
[1.497s] -- Install configuration: ""
[1.497s] -- Installing: /home/emred/catkin_ws/install/beetle_description/share/beetle_description/src
[1.498s] -- Installing: /home/emred/catkin_ws/install/beetle_description/share/beetle_description/src/.gitkeep
[1.498s] -- Installing: /home/emred/catkin_ws/install/beetle_description/share/beetle_description/launch
[1.498s] -- Installing: /home/emred/catkin_ws/install/beetle_description/share/beetle_description/launch/display.launch.py
[1.498s] -- Installing: /home/emred/catkin_ws/install/beetle_description/share/beetle_description/rviz
[1.498s] -- Installing: /home/emred/catkin_ws/install/beetle_description/share/beetle_description/rviz/default_view.rviz
[1.498s] -- Installing: /home/emred/catkin_ws/install/beetle_description/share/beetle_description/urdf
[1.498s] -- Installing: /home/emred/catkin_ws/install/beetle_description/share/beetle_description/urdf/basic_shapes.xacro.xml
[1.498s] -- Installing: /home/emred/catkin_ws/install/beetle_description/share/beetle_description/urdf/beetle.urdf
[1.498s] -- Installing: /home/emred/catkin_ws/install/beetle_description/share/ament_index/resource_index/package_run_dependencies/beetle_description
[1.499s] -- Installing: /home/emred/catkin_ws/install/beetle_description/share/ament_index/resource_index/parent_prefix_path/beetle_description
[1.499s] -- Installing: /home/emred/catkin_ws/install/beetle_description/share/beetle_description/environment/ament_prefix_path.sh
[1.499s] -- Installing: /home/emred/catkin_ws/install/beetle_description/share/beetle_description/environment/ament_prefix_path.dsv
[1.499s] -- Installing: /home/emred/catkin_ws/install/beetle_description/share/beetle_description/environment/path.sh
[1.499s] -- Installing: /home/emred/catkin_ws/install/beetle_description/share/beetle_description/environment/path.dsv
[1.499s] -- Installing: /home/emred/catkin_ws/install/beetle_description/share/beetle_description/local_setup.bash
[1.499s] -- Installing: /home/emred/catkin_ws/install/beetle_description/share/beetle_description/local_setup.sh
[1.500s] -- Installing: /home/emred/catkin_ws/install/beetle_description/share/beetle_description/local_setup.zsh
[1.500s] -- Installing: /home/emred/catkin_ws/install/beetle_description/share/beetle_description/local_setup.dsv
[1.500s] -- Installing: /home/emred/catkin_ws/install/beetle_description/share/beetle_description/package.dsv
[1.500s] -- Installing: /home/emred/catkin_ws/install/beetle_description/share/ament_index/resource_index/packages/beetle_description
[1.500s] -- Installing: /home/emred/catkin_ws/install/beetle_description/share/beetle_description/cmake/beetle_descriptionConfig.cmake
[1.500s] -- Installing: /home/emred/catkin_ws/install/beetle_description/share/beetle_description/cmake/beetle_descriptionConfig-version.cmake
[1.500s] -- Installing: /home/emred/catkin_ws/install/beetle_description/share/beetle_description/package.xml
[1.504s] Invoked command in '/home/emred/catkin_ws/build/beetle_description' returned '0': CMAKE_PREFIX_PATH=${CMAKE_PREFIX_PATH}:/home/emred/catkin_ws/install/traktor:/opt/ros/humble /usr/bin/cmake --install /home/emred/catkin_ws/build/beetle_description
