[0.876s] Invoking command in '/home/emred/ack_drive/src/traktor': PYTHONPATH=/home/emred/ack_drive/build/traktor/prefix_override:/home/emred/ack_drive/install/traktor/lib/python3.10/site-packages:${PYTHONPATH} /usr/bin/python3 setup.py egg_info --egg-base ../../build/traktor build --build-base /home/emred/ack_drive/build/traktor/build install --record /home/emred/ack_drive/build/traktor/install.log --single-version-externally-managed
[1.084s] running egg_info
[1.084s] writing ../../build/traktor/traktor.egg-info/PKG-INFO
[1.085s] writing dependency_links to ../../build/traktor/traktor.egg-info/dependency_links.txt
[1.085s] writing entry points to ../../build/traktor/traktor.egg-info/entry_points.txt
[1.085s] writing requirements to ../../build/traktor/traktor.egg-info/requires.txt
[1.085s] writing top-level names to ../../build/traktor/traktor.egg-info/top_level.txt
[1.085s] reading manifest file '../../build/traktor/traktor.egg-info/SOURCES.txt'
[1.086s] writing manifest file '../../build/traktor/traktor.egg-info/SOURCES.txt'
[1.086s] running build
[1.086s] running build_py
[1.086s] running install
[1.086s] running install_lib
[1.087s] running install_data
[1.088s] running install_egg_info
[1.089s] removing '/home/emred/ack_drive/install/traktor/lib/python3.10/site-packages/traktor-0.0.0-py3.10.egg-info' (and everything under it)
[1.089s] Copying ../../build/traktor/traktor.egg-info to /home/emred/ack_drive/install/traktor/lib/python3.10/site-packages/traktor-0.0.0-py3.10.egg-info
[1.090s] running install_scripts
[1.107s] writing list of installed files to '/home/emred/ack_drive/build/traktor/install.log'
[1.137s] Invoked command in '/home/emred/ack_drive/src/traktor' returned '0': PYTHONPATH=/home/emred/ack_drive/build/traktor/prefix_override:/home/emred/ack_drive/install/traktor/lib/python3.10/site-packages:${PYTHONPATH} /usr/bin/python3 setup.py egg_info --egg-base ../../build/traktor build --build-base /home/emred/ack_drive/build/traktor/build install --record /home/emred/ack_drive/build/traktor/install.log --single-version-externally-managed
