running develop
Removing /home/emred/catkin_ws/install/traktor/lib/python3.10/site-packages/traktor.egg-link (link to .)
running egg_info
writing ../../build/traktor/traktor.egg-info/PKG-INFO
writing dependency_links to ../../build/traktor/traktor.egg-info/dependency_links.txt
writing entry points to ../../build/traktor/traktor.egg-info/entry_points.txt
writing requirements to ../../build/traktor/traktor.egg-info/requires.txt
writing top-level names to ../../build/traktor/traktor.egg-info/top_level.txt
reading manifest file '../../build/traktor/traktor.egg-info/SOURCES.txt'
writing manifest file '../../build/traktor/traktor.egg-info/SOURCES.txt'
running build
running build_py
running install
running install_lib
creating /home/emred/catkin_ws/install/traktor/lib/python3.10/site-packages/traktor
copying /home/emred/catkin_ws/build/traktor/build/lib/traktor/__init__.py -> /home/emred/catkin_ws/install/traktor/lib/python3.10/site-packages/traktor
byte-compiling /home/emred/catkin_ws/install/traktor/lib/python3.10/site-packages/traktor/__init__.py to __init__.cpython-310.pyc
running install_data
running install_egg_info
Copying ../../build/traktor/traktor.egg-info to /home/emred/catkin_ws/install/traktor/lib/python3.10/site-packages/traktor-0.0.0-py3.10.egg-info
running install_scripts
writing list of installed files to '/home/emred/catkin_ws/build/traktor/install.log'
