[0.795s] Invoking command in '/home/emred/catkin_ws/build/traktor': PYTHONPATH=/home/emred/catkin_ws/build/traktor/prefix_override:/home/emred/catkin_ws/install/traktor/lib/python3.10/site-packages:${PYTHONPATH} /usr/bin/python3 setup.py develop --uninstall --editable --build-directory /home/emred/catkin_ws/build/traktor/build
[1.052s] running develop
[1.195s] Removing /home/emred/catkin_ws/install/traktor/lib/python3.10/site-packages/traktor.egg-link (link to .)
[1.230s] Invoked command in '/home/emred/catkin_ws/build/traktor' returned '0': PYTHONPATH=/home/emred/catkin_ws/build/traktor/prefix_override:/home/emred/catkin_ws/install/traktor/lib/python3.10/site-packages:${PYTHONPATH} /usr/bin/python3 setup.py develop --uninstall --editable --build-directory /home/emred/catkin_ws/build/traktor/build
[1.233s] Invoking command in '/home/emred/catkin_ws/src/traktor': PYTHONPATH=/home/emred/catkin_ws/build/traktor/prefix_override:/home/emred/catkin_ws/install/traktor/lib/python3.10/site-packages:${PYTHONPATH} /usr/bin/python3 setup.py egg_info --egg-base ../../build/traktor build --build-base /home/emred/catkin_ws/build/traktor/build install --record /home/emred/catkin_ws/build/traktor/install.log --single-version-externally-managed
[1.470s] running egg_info
[1.471s] writing ../../build/traktor/traktor.egg-info/PKG-INFO
[1.471s] writing dependency_links to ../../build/traktor/traktor.egg-info/dependency_links.txt
[1.471s] writing entry points to ../../build/traktor/traktor.egg-info/entry_points.txt
[1.471s] writing requirements to ../../build/traktor/traktor.egg-info/requires.txt
[1.472s] writing top-level names to ../../build/traktor/traktor.egg-info/top_level.txt
[1.473s] reading manifest file '../../build/traktor/traktor.egg-info/SOURCES.txt'
[1.474s] writing manifest file '../../build/traktor/traktor.egg-info/SOURCES.txt'
[1.474s] running build
[1.474s] running build_py
[1.474s] running install
[1.475s] running install_lib
[1.475s] creating /home/emred/catkin_ws/install/traktor/lib/python3.10/site-packages/traktor
[1.475s] copying /home/emred/catkin_ws/build/traktor/build/lib/traktor/__init__.py -> /home/emred/catkin_ws/install/traktor/lib/python3.10/site-packages/traktor
[1.476s] byte-compiling /home/emred/catkin_ws/install/traktor/lib/python3.10/site-packages/traktor/__init__.py to __init__.cpython-310.pyc
[1.476s] running install_data
[1.476s] running install_egg_info
[1.477s] Copying ../../build/traktor/traktor.egg-info to /home/emred/catkin_ws/install/traktor/lib/python3.10/site-packages/traktor-0.0.0-py3.10.egg-info
[1.478s] running install_scripts
[1.494s] writing list of installed files to '/home/emred/catkin_ws/build/traktor/install.log'
[1.523s] Invoked command in '/home/emred/catkin_ws/src/traktor' returned '0': PYTHONPATH=/home/emred/catkin_ws/build/traktor/prefix_override:/home/emred/catkin_ws/install/traktor/lib/python3.10/site-packages:${PYTHONPATH} /usr/bin/python3 setup.py egg_info --egg-base ../../build/traktor build --build-base /home/emred/catkin_ws/build/traktor/build install --record /home/emred/catkin_ws/build/traktor/install.log --single-version-externally-managed
