-- Install configuration: ""
-- Up-to-date: /home/emred/catkin_ws/install/beetle_gazebo/share/beetle_gazebo/src
-- Up-to-date: /home/emred/catkin_ws/install/beetle_gazebo/share/beetle_gazebo/src/.gitkeep
-- Up-to-date: /home/emred/catkin_ws/install/beetle_gazebo/share/beetle_gazebo/launch
-- Up-to-date: /home/emred/catkin_ws/install/beetle_gazebo/share/beetle_gazebo/launch/robot.launch.py
-- Up-to-date: /home/emred/catkin_ws/install/beetle_gazebo/share/beetle_gazebo/rviz
-- Up-to-date: /home/emred/catkin_ws/install/beetle_gazebo/share/beetle_gazebo/rviz/default_view.rviz
-- Up-to-date: /home/emred/catkin_ws/install/beetle_gazebo/share/beetle_gazebo/config
-- Up-to-date: /home/emred/catkin_ws/install/beetle_gazebo/share/beetle_gazebo/config/ackermann_controller.yaml
-- Up-to-date: /home/emred/catkin_ws/install/beetle_gazebo/share/beetle_gazebo/worlds
-- Up-to-date: /home/emred/catkin_ws/install/beetle_gazebo/share/beetle_gazebo/worlds/ctu_college_of_tech_workshop.world
-- Up-to-date: /home/emred/catkin_ws/install/beetle_gazebo/share/beetle_gazebo/worlds/empty.world
-- Up-to-date: /home/emred/catkin_ws/install/beetle_gazebo/share/ament_index/resource_index/package_run_dependencies/beetle_gazebo
-- Up-to-date: /home/emred/catkin_ws/install/beetle_gazebo/share/ament_index/resource_index/parent_prefix_path/beetle_gazebo
-- Up-to-date: /home/emred/catkin_ws/install/beetle_gazebo/share/beetle_gazebo/environment/ament_prefix_path.sh
-- Up-to-date: /home/emred/catkin_ws/install/beetle_gazebo/share/beetle_gazebo/environment/ament_prefix_path.dsv
-- Up-to-date: /home/emred/catkin_ws/install/beetle_gazebo/share/beetle_gazebo/environment/path.sh
-- Up-to-date: /home/emred/catkin_ws/install/beetle_gazebo/share/beetle_gazebo/environment/path.dsv
-- Up-to-date: /home/emred/catkin_ws/install/beetle_gazebo/share/beetle_gazebo/local_setup.bash
-- Up-to-date: /home/emred/catkin_ws/install/beetle_gazebo/share/beetle_gazebo/local_setup.sh
-- Up-to-date: /home/emred/catkin_ws/install/beetle_gazebo/share/beetle_gazebo/local_setup.zsh
-- Up-to-date: /home/emred/catkin_ws/install/beetle_gazebo/share/beetle_gazebo/local_setup.dsv
-- Installing: /home/emred/catkin_ws/install/beetle_gazebo/share/beetle_gazebo/package.dsv
-- Up-to-date: /home/emred/catkin_ws/install/beetle_gazebo/share/ament_index/resource_index/packages/beetle_gazebo
-- Up-to-date: /home/emred/catkin_ws/install/beetle_gazebo/share/beetle_gazebo/cmake/beetle_gazeboConfig.cmake
-- Up-to-date: /home/emred/catkin_ws/install/beetle_gazebo/share/beetle_gazebo/cmake/beetle_gazeboConfig-version.cmake
-- Up-to-date: /home/emred/catkin_ws/install/beetle_gazebo/share/beetle_gazebo/package.xml
