-- The C compiler identification is GNU 11.4.0
-- The CXX compiler identification is GNU 11.4.0
-- Detecting C compiler ABI info
-- Detecting C compiler ABI info - done
-- Check for working C compiler: /usr/bin/cc - skipped
-- Detecting C compile features
-- Detecting C compile features - done
-- Detecting CXX compiler ABI info
-- Detecting CXX compiler ABI info - done
-- Check for working CXX compiler: /usr/bin/c++ - skipped
-- Detecting CXX compile features
-- Detecting CXX compile features - done
-- Found ament_cmake: 1.3.7 (/opt/ros/humble/share/ament_cmake/cmake)
-- Found Python3: /usr/bin/python3.10 (found version "3.10.12") found components: Interpreter 
-- Found geometry_msgs: 4.2.3 (/opt/ros/humble/share/geometry_msgs/cmake)
-- Found rosidl_generator_c: 3.1.5 (/opt/ros/humble/share/rosidl_generator_c/cmake)
-- Found rosidl_adapter: 3.1.5 (/opt/ros/humble/share/rosidl_adapter/cmake)
-- Found rosidl_generator_cpp: 3.1.5 (/opt/ros/humble/share/rosidl_generator_cpp/cmake)
-- Using all available rosidl_typesupport_c: rosidl_typesupport_fastrtps_c;rosidl_typesupport_introspection_c
-- Using all available rosidl_typesupport_cpp: rosidl_typesupport_fastrtps_cpp;rosidl_typesupport_introspection_cpp
-- Found rclcpp: 16.0.8 (/opt/ros/humble/share/rclcpp/cmake)
-- Found rmw_implementation_cmake: 6.1.1 (/opt/ros/humble/share/rmw_implementation_cmake/cmake)
-- Found rmw_fastrtps_cpp: 6.2.6 (/opt/ros/humble/share/rmw_fastrtps_cpp/cmake)
-- Found OpenSSL: /usr/lib/x86_64-linux-gnu/libcrypto.so (found version "3.0.2")  
-- Found FastRTPS: /opt/ros/humble/include  
-- Using RMW implementation 'rmw_fastrtps_cpp' as default
-- Looking for pthread.h
-- Looking for pthread.h - found
-- Performing Test CMAKE_HAVE_LIBC_PTHREAD
-- Performing Test CMAKE_HAVE_LIBC_PTHREAD - Success
-- Found Threads: TRUE  
-- Found tf2: 0.25.5 (/opt/ros/humble/share/tf2/cmake)
-- Found tf2_ros: 0.25.5 (/opt/ros/humble/share/tf2_ros/cmake)
-- Found ament_lint_auto: 0.12.10 (/opt/ros/humble/share/ament_lint_auto/cmake)
-- Added test 'cppcheck' to perform static code analysis on C / C++ code
-- Configured cppcheck include dirs: $<BUILD_INTERFACE:/home/emred/catkin_ws/src/beetle/map_odom_static_broadcaster/include>
-- Configured cppcheck exclude dirs and/or files: 
-- Added test 'lint_cmake' to check CMake code style
-- Added test 'uncrustify' to check C / C++ code style
-- Configured uncrustify additional arguments: 
-- Added test 'xmllint' to check XML markup files
-- Configuring done
-- Generating done
-- Build files have been written to: /home/emred/catkin_ws/build/map_odom_static_broadcaster
[ 50%] [32mBuilding CXX object CMakeFiles/map_odom_static_broadcaster.dir/src/map_odom_static_broadcaster.cpp.o[0m
[100%] [32m[1mLinking CXX executable map_odom_static_broadcaster[0m
[100%] Built target map_odom_static_broadcaster
-- Install configuration: ""
-- Installing: /home/emred/catkin_ws/install/map_odom_static_broadcaster/lib/map_odom_static_broadcaster/map_odom_static_broadcaster
-- Set runtime path of "/home/emred/catkin_ws/install/map_odom_static_broadcaster/lib/map_odom_static_broadcaster/map_odom_static_broadcaster" to ""
-- Installing: /home/emred/catkin_ws/install/map_odom_static_broadcaster/share/ament_index/resource_index/package_run_dependencies/map_odom_static_broadcaster
-- Installing: /home/emred/catkin_ws/install/map_odom_static_broadcaster/share/ament_index/resource_index/parent_prefix_path/map_odom_static_broadcaster
-- Installing: /home/emred/catkin_ws/install/map_odom_static_broadcaster/share/map_odom_static_broadcaster/environment/ament_prefix_path.sh
-- Installing: /home/emred/catkin_ws/install/map_odom_static_broadcaster/share/map_odom_static_broadcaster/environment/ament_prefix_path.dsv
-- Installing: /home/emred/catkin_ws/install/map_odom_static_broadcaster/share/map_odom_static_broadcaster/environment/path.sh
-- Installing: /home/emred/catkin_ws/install/map_odom_static_broadcaster/share/map_odom_static_broadcaster/environment/path.dsv
-- Installing: /home/emred/catkin_ws/install/map_odom_static_broadcaster/share/map_odom_static_broadcaster/local_setup.bash
-- Installing: /home/emred/catkin_ws/install/map_odom_static_broadcaster/share/map_odom_static_broadcaster/local_setup.sh
-- Installing: /home/emred/catkin_ws/install/map_odom_static_broadcaster/share/map_odom_static_broadcaster/local_setup.zsh
-- Installing: /home/emred/catkin_ws/install/map_odom_static_broadcaster/share/map_odom_static_broadcaster/local_setup.dsv
-- Installing: /home/emred/catkin_ws/install/map_odom_static_broadcaster/share/map_odom_static_broadcaster/package.dsv
-- Installing: /home/emred/catkin_ws/install/map_odom_static_broadcaster/share/ament_index/resource_index/packages/map_odom_static_broadcaster
-- Installing: /home/emred/catkin_ws/install/map_odom_static_broadcaster/share/map_odom_static_broadcaster/cmake/map_odom_static_broadcasterConfig.cmake
-- Installing: /home/emred/catkin_ws/install/map_odom_static_broadcaster/share/map_odom_static_broadcaster/cmake/map_odom_static_broadcasterConfig-version.cmake
-- Installing: /home/emred/catkin_ws/install/map_odom_static_broadcaster/share/map_odom_static_broadcaster/package.xml
