[0.321s] Invoking command in '/home/emred/catkin_ws/build/map_odom_static_broadcaster': CMAKE_PREFIX_PATH=${CMAKE_PREFIX_PATH}:/home/emred/catkin_ws/install/traktor:/opt/ros/humble /usr/bin/cmake /home/emred/catkin_ws/src/beetle/map_odom_static_broadcaster -DCMAKE_INSTALL_PREFIX=/home/emred/catkin_ws/install/map_odom_static_broadcaster
[0.669s] -- The C compiler identification is GNU 11.4.0
[0.669s] -- The CXX compiler identification is GNU 11.4.0
[0.669s] -- Detecting C compiler ABI info
[0.669s] -- Detecting C compiler ABI info - done
[0.669s] -- Check for working C compiler: /usr/bin/cc - skipped
[0.669s] -- Detecting C compile features
[0.669s] -- Detecting C compile features - done
[0.669s] -- Detecting CXX compiler ABI info
[0.670s] -- Detecting CXX compiler ABI info - done
[0.677s] -- Check for working CXX compiler: /usr/bin/c++ - skipped
[0.677s] -- Detecting CXX compile features
[0.678s] -- Detecting CXX compile features - done
[0.681s] -- Found ament_cmake: 1.3.7 (/opt/ros/humble/share/ament_cmake/cmake)
[0.876s] -- Found Python3: /usr/bin/python3.10 (found version "3.10.12") found components: Interpreter 
[0.977s] -- Found geometry_msgs: 4.2.3 (/opt/ros/humble/share/geometry_msgs/cmake)
[1.029s] -- Found rosidl_generator_c: 3.1.5 (/opt/ros/humble/share/rosidl_generator_c/cmake)
[1.038s] -- Found rosidl_adapter: 3.1.5 (/opt/ros/humble/share/rosidl_adapter/cmake)
[1.052s] -- Found rosidl_generator_cpp: 3.1.5 (/opt/ros/humble/share/rosidl_generator_cpp/cmake)
[1.083s] -- Using all available rosidl_typesupport_c: rosidl_typesupport_fastrtps_c;rosidl_typesupport_introspection_c
[1.104s] -- Using all available rosidl_typesupport_cpp: rosidl_typesupport_fastrtps_cpp;rosidl_typesupport_introspection_cpp
[1.254s] -- Found rclcpp: 16.0.8 (/opt/ros/humble/share/rclcpp/cmake)
[1.328s] -- Found rmw_implementation_cmake: 6.1.1 (/opt/ros/humble/share/rmw_implementation_cmake/cmake)
[1.333s] -- Found rmw_fastrtps_cpp: 6.2.6 (/opt/ros/humble/share/rmw_fastrtps_cpp/cmake)
[1.482s] -- Found OpenSSL: /usr/lib/x86_64-linux-gnu/libcrypto.so (found version "3.0.2")  
[1.522s] -- Found FastRTPS: /opt/ros/humble/include  
[1.579s] -- Using RMW implementation 'rmw_fastrtps_cpp' as default
[1.593s] -- Looking for pthread.h
[1.689s] -- Looking for pthread.h - found
[1.689s] -- Performing Test CMAKE_HAVE_LIBC_PTHREAD
[1.784s] -- Performing Test CMAKE_HAVE_LIBC_PTHREAD - Success
[1.786s] -- Found Threads: TRUE  
[1.914s] -- Found tf2: 0.25.5 (/opt/ros/humble/share/tf2/cmake)
[1.931s] -- Found tf2_ros: 0.25.5 (/opt/ros/humble/share/tf2_ros/cmake)
[2.254s] -- Found ament_lint_auto: 0.12.10 (/opt/ros/humble/share/ament_lint_auto/cmake)
[2.333s] -- Added test 'cppcheck' to perform static code analysis on C / C++ code
[2.333s] -- Configured cppcheck include dirs: $<BUILD_INTERFACE:/home/emred/catkin_ws/src/beetle/map_odom_static_broadcaster/include>
[2.333s] -- Configured cppcheck exclude dirs and/or files: 
[2.333s] -- Added test 'lint_cmake' to check CMake code style
[2.334s] -- Added test 'uncrustify' to check C / C++ code style
[2.334s] -- Configured uncrustify additional arguments: 
[2.335s] -- Added test 'xmllint' to check XML markup files
[2.336s] -- Configuring done
[2.348s] -- Generating done
[2.350s] -- Build files have been written to: /home/emred/catkin_ws/build/map_odom_static_broadcaster
[2.362s] Invoked command in '/home/emred/catkin_ws/build/map_odom_static_broadcaster' returned '0': CMAKE_PREFIX_PATH=${CMAKE_PREFIX_PATH}:/home/emred/catkin_ws/install/traktor:/opt/ros/humble /usr/bin/cmake /home/emred/catkin_ws/src/beetle/map_odom_static_broadcaster -DCMAKE_INSTALL_PREFIX=/home/emred/catkin_ws/install/map_odom_static_broadcaster
[2.364s] Invoking command in '/home/emred/catkin_ws/build/map_odom_static_broadcaster': CMAKE_PREFIX_PATH=${CMAKE_PREFIX_PATH}:/home/emred/catkin_ws/install/traktor:/opt/ros/humble /usr/bin/cmake --build /home/emred/catkin_ws/build/map_odom_static_broadcaster -- -j16 -l16
[2.438s] [ 50%] [32mBuilding CXX object CMakeFiles/map_odom_static_broadcaster.dir/src/map_odom_static_broadcaster.cpp.o[0m
[7.175s] [100%] [32m[1mLinking CXX executable map_odom_static_broadcaster[0m
[7.518s] [100%] Built target map_odom_static_broadcaster
[7.544s] Invoked command in '/home/emred/catkin_ws/build/map_odom_static_broadcaster' returned '0': CMAKE_PREFIX_PATH=${CMAKE_PREFIX_PATH}:/home/emred/catkin_ws/install/traktor:/opt/ros/humble /usr/bin/cmake --build /home/emred/catkin_ws/build/map_odom_static_broadcaster -- -j16 -l16
[7.587s] Invoking command in '/home/emred/catkin_ws/build/map_odom_static_broadcaster': CMAKE_PREFIX_PATH=${CMAKE_PREFIX_PATH}:/home/emred/catkin_ws/install/traktor:/opt/ros/humble /usr/bin/cmake --install /home/emred/catkin_ws/build/map_odom_static_broadcaster
[7.604s] -- Install configuration: ""
[7.604s] -- Installing: /home/emred/catkin_ws/install/map_odom_static_broadcaster/lib/map_odom_static_broadcaster/map_odom_static_broadcaster
[7.607s] -- Set runtime path of "/home/emred/catkin_ws/install/map_odom_static_broadcaster/lib/map_odom_static_broadcaster/map_odom_static_broadcaster" to ""
[7.607s] -- Installing: /home/emred/catkin_ws/install/map_odom_static_broadcaster/share/ament_index/resource_index/package_run_dependencies/map_odom_static_broadcaster
[7.608s] -- Installing: /home/emred/catkin_ws/install/map_odom_static_broadcaster/share/ament_index/resource_index/parent_prefix_path/map_odom_static_broadcaster
[7.608s] -- Installing: /home/emred/catkin_ws/install/map_odom_static_broadcaster/share/map_odom_static_broadcaster/environment/ament_prefix_path.sh
[7.608s] -- Installing: /home/emred/catkin_ws/install/map_odom_static_broadcaster/share/map_odom_static_broadcaster/environment/ament_prefix_path.dsv
[7.609s] -- Installing: /home/emred/catkin_ws/install/map_odom_static_broadcaster/share/map_odom_static_broadcaster/environment/path.sh
[7.609s] -- Installing: /home/emred/catkin_ws/install/map_odom_static_broadcaster/share/map_odom_static_broadcaster/environment/path.dsv
[7.609s] -- Installing: /home/emred/catkin_ws/install/map_odom_static_broadcaster/share/map_odom_static_broadcaster/local_setup.bash
[7.610s] -- Installing: /home/emred/catkin_ws/install/map_odom_static_broadcaster/share/map_odom_static_broadcaster/local_setup.sh
[7.610s] -- Installing: /home/emred/catkin_ws/install/map_odom_static_broadcaster/share/map_odom_static_broadcaster/local_setup.zsh
[7.610s] -- Installing: /home/emred/catkin_ws/install/map_odom_static_broadcaster/share/map_odom_static_broadcaster/local_setup.dsv
[7.610s] -- Installing: /home/emred/catkin_ws/install/map_odom_static_broadcaster/share/map_odom_static_broadcaster/package.dsv
[7.611s] -- Installing: /home/emred/catkin_ws/install/map_odom_static_broadcaster/share/ament_index/resource_index/packages/map_odom_static_broadcaster
[7.611s] -- Installing: /home/emred/catkin_ws/install/map_odom_static_broadcaster/share/map_odom_static_broadcaster/cmake/map_odom_static_broadcasterConfig.cmake
[7.611s] -- Installing: /home/emred/catkin_ws/install/map_odom_static_broadcaster/share/map_odom_static_broadcaster/cmake/map_odom_static_broadcasterConfig-version.cmake
[7.612s] -- Installing: /home/emred/catkin_ws/install/map_odom_static_broadcaster/share/map_odom_static_broadcaster/package.xml
[7.616s] Invoked command in '/home/emred/catkin_ws/build/map_odom_static_broadcaster' returned '0': CMAKE_PREFIX_PATH=${CMAKE_PREFIX_PATH}:/home/emred/catkin_ws/install/traktor:/opt/ros/humble /usr/bin/cmake --install /home/emred/catkin_ws/build/map_odom_static_broadcaster
