[0.129s] Invoking command in '/home/emred/ack_drive/build/gazebo_simulation': CMAKE_PREFIX_PATH=${CMAKE_PREFIX_PATH}:/home/emred/tas-gps/install/moveon_control:/opt/ros/humble /usr/bin/cmake /home/emred/ack_drive/src/gazebo_simulation -DCMAKE_INSTALL_PREFIX=/home/emred/ack_drive/install/gazebo_simulation
[0.223s] -- The C compiler identification is GNU 11.4.0
[0.316s] -- The CXX compiler identification is GNU 11.4.0
[0.330s] -- Detecting C compiler ABI info
[0.419s] -- Detecting C compiler ABI info - done
[0.426s] -- Check for working C compiler: /usr/bin/cc - skipped
[0.426s] -- Detecting C compile features
[0.426s] -- Detecting C compile features - done
[0.428s] -- Detecting CXX compiler ABI info
[0.519s] -- Detecting CXX compiler ABI info - done
[0.525s] -- Check for working CXX compiler: /usr/bin/c++ - skipped
[0.526s] -- Detecting CXX compile features
[0.526s] -- Detecting CXX compile features - done
[0.529s] -- Found ament_cmake: 1.3.7 (/opt/ros/humble/share/ament_cmake/cmake)
[0.692s] -- Found Python3: /usr/bin/python3.10 (found version "3.10.12") found components: Interpreter 
[0.792s] [33mCMake Warning (dev) at /usr/share/cmake-3.22/Modules/FindPackageHandleStandardArgs.cmake:438 (message):
[0.793s]   The package name passed to `find_package_handle_standard_args` (PkgConfig)
[0.793s]   does not match the name of the calling package (gazebo).  This can lead to
[0.793s]   problems in calling code that expects `find_package` result variables
[0.793s]   (e.g., `_FOUND`) to follow a certain pattern.
[0.793s] Call Stack (most recent call first):
[0.793s]   /usr/share/cmake-3.22/Modules/FindPkgConfig.cmake:99 (find_package_handle_standard_args)
[0.793s]   /usr/lib/x86_64-linux-gnu/cmake/gazebo/gazebo-config.cmake:72 (include)
[0.793s]   CMakeLists.txt:20 (find_package)
[0.793s] This warning is for project developers.  Use -Wno-dev to suppress it.
[0.794s] [0m
[0.794s] -- Found PkgConfig: /usr/bin/pkg-config (found version "0.29.2") 
[0.794s] -- Checking for module 'bullet>=2.82'
[0.813s] --   Found bullet, version 3.05
[0.968s] -- Found fcl: /usr/include (found suitable version "0.7.0", minimum required is "0.5.0") 
[1.046s] -- Found assimp: /usr/include (found version "5.2.0") 
[1.067s] -- Found DART: /usr/include (Required is at least version "6.6") found components: dart 
[1.296s] -- Found Boost: /usr/lib/x86_64-linux-gnu/cmake/Boost-1.74.0/BoostConfig.cmake (found suitable version "1.74.0", minimum required is "1.40.0") found components: thread system filesystem program_options regex iostreams date_time 
[1.306s] -- Found Protobuf: /usr/lib/x86_64-linux-gnu/libprotobuf.so (found version "3.12.4") 
[1.311s] -- Looking for ignition-math6 -- found version 6.15.1
[1.317s] -- Searching for dependencies of ignition-math6
[1.318s] -- Looking for OGRE...
[1.319s] -- OGRE_PREFIX_WATCH changed.
[1.325s] -- Checking for module 'OGRE'
[1.345s] --   Found OGRE, version 1.9.0
[1.396s] -- Found Ogre Ghadamon (1.9.0)
[1.406s] -- Found OGRE: optimized;/usr/lib/x86_64-linux-gnu/libOgreMain.so;debug;/usr/lib/x86_64-linux-gnu/libOgreMain.so
[1.413s] -- Looking for OGRE_Paging...
[1.418s] -- Found OGRE_Paging: optimized;/usr/lib/x86_64-linux-gnu/libOgrePaging.so;debug;/usr/lib/x86_64-linux-gnu/libOgrePaging.so
[1.418s] -- Looking for OGRE_Terrain...
[1.422s] -- Found OGRE_Terrain: optimized;/usr/lib/x86_64-linux-gnu/libOgreTerrain.so;debug;/usr/lib/x86_64-linux-gnu/libOgreTerrain.so
[1.422s] -- Looking for OGRE_Property...
[1.427s] -- Found OGRE_Property: optimized;/usr/lib/x86_64-linux-gnu/libOgreProperty.so;debug;/usr/lib/x86_64-linux-gnu/libOgreProperty.so
[1.427s] -- Looking for OGRE_RTShaderSystem...
[1.432s] -- Found OGRE_RTShaderSystem: optimized;/usr/lib/x86_64-linux-gnu/libOgreRTShaderSystem.so;debug;/usr/lib/x86_64-linux-gnu/libOgreRTShaderSystem.so
[1.432s] -- Looking for OGRE_Volume...
[1.435s] -- Found OGRE_Volume: optimized;/usr/lib/x86_64-linux-gnu/libOgreVolume.so;debug;/usr/lib/x86_64-linux-gnu/libOgreVolume.so
[1.435s] -- Looking for OGRE_Overlay...
[1.439s] -- Found OGRE_Overlay: optimized;/usr/lib/x86_64-linux-gnu/libOgreOverlay.so;debug;/usr/lib/x86_64-linux-gnu/libOgreOverlay.so
[1.531s] -- Looking for ignition-math6 -- found version 6.15.1
[1.533s] -- Looking for ignition-transport8 -- found version 8.2.1
[1.534s] -- Searching for dependencies of ignition-transport8
[1.557s] -- Found Protobuf: /usr/lib/x86_64-linux-gnu/libprotobuf.so (found suitable version "3.12.4", minimum required is "3") 
[1.570s] -- Config-file not installed for ZeroMQ -- checking for pkg-config
[1.576s] -- Checking for module 'libzmq >= 4'
[1.595s] --   Found libzmq , version 4.3.4
[1.662s] -- Found ZeroMQ: TRUE (Required is at least version "4") 
[1.670s] -- Checking for module 'uuid'
[1.697s] --   Found uuid, version 2.37.2
[1.777s] -- Found UUID: TRUE  
[1.779s] -- Looking for ignition-msgs5 -- found version 5.8.1
[1.779s] -- Searching for dependencies of ignition-msgs5
[1.805s] -- Looking for ignition-math6 -- found version 6.15.1
[1.812s] -- Checking for module 'tinyxml2'
[1.844s] --   Found tinyxml2, version 9.0.0
[1.930s] -- Looking for ignition-msgs5 -- found version 5.8.1
[1.937s] -- Looking for ignition-common3 -- found version 3.14.0
[1.938s] -- Searching for dependencies of ignition-common3
[1.938s] -- Looking for dlfcn.h - found
[1.940s] -- Looking for libdl - found
[1.943s] -- Found DL: TRUE  
[1.969s] -- Found tinyobjloader: /usr/lib/x86_64-linux-gnu/cmake/tinyobjloader/tinyobjloader-config.cmake (found version "2.0.0") 
[1.970s] -- Searching for <ignition-common3> component [graphics]
[1.977s] -- Looking for ignition-common3-graphics -- found version 3.14.0
[1.978s] -- Searching for dependencies of ignition-common3-graphics
[1.979s] -- Looking for ignition-math6 -- found version 6.15.1
[1.988s] -- Looking for ignition-fuel_tools4 -- found version 4.4.0
[1.988s] -- Searching for dependencies of ignition-fuel_tools4
[2.111s] -- Found CURL: /usr/lib/x86_64-linux-gnu/libcurl.so (found version "7.81.0")  
[2.120s] -- Checking for module 'jsoncpp'
[2.143s] --   Found jsoncpp, version 1.9.5
[2.213s] -- Found JSONCPP: TRUE  
[2.221s] -- Checking for module 'libzip'
[2.246s] --   Found libzip, version 1.7.3
[2.313s] -- Found ZIP: TRUE  
[2.313s] -- Looking for ignition-common3 -- found version 3.14.0
[2.313s] -- Looking for ignition-math6 -- found version 6.15.1
[2.314s] -- Looking for ignition-msgs5 -- found version 5.8.1
[2.319s] -- Found gazebo_ros_pkgs: 3.7.0 (/opt/ros/humble/share/gazebo_ros_pkgs/cmake)
[2.321s] -- Found geometry_msgs: 4.2.3 (/opt/ros/humble/share/geometry_msgs/cmake)
[2.354s] -- Found rosidl_generator_c: 3.1.5 (/opt/ros/humble/share/rosidl_generator_c/cmake)
[2.359s] -- Found rosidl_adapter: 3.1.5 (/opt/ros/humble/share/rosidl_adapter/cmake)
[2.368s] -- Found rosidl_generator_cpp: 3.1.5 (/opt/ros/humble/share/rosidl_generator_cpp/cmake)
[2.381s] -- Using all available rosidl_typesupport_c: rosidl_typesupport_fastrtps_c;rosidl_typesupport_introspection_c
[2.400s] -- Using all available rosidl_typesupport_cpp: rosidl_typesupport_fastrtps_cpp;rosidl_typesupport_introspection_cpp
[2.504s] -- Found rclcpp: 16.0.8 (/opt/ros/humble/share/rclcpp/cmake)
[2.561s] -- Found rmw_implementation_cmake: 6.1.1 (/opt/ros/humble/share/rmw_implementation_cmake/cmake)
[2.563s] -- Found rmw_fastrtps_cpp: 6.2.6 (/opt/ros/humble/share/rmw_fastrtps_cpp/cmake)
[2.730s] -- Found OpenSSL: /usr/lib/x86_64-linux-gnu/libcrypto.so (found version "3.0.2")  
[2.755s] -- Found FastRTPS: /opt/ros/humble/include  
[2.807s] -- Using RMW implementation 'rmw_fastrtps_cpp' as default
[2.817s] -- Found Threads: TRUE  
[2.927s] -- Found sensor_msgs: 4.2.3 (/opt/ros/humble/share/sensor_msgs/cmake)
[3.000s] -- Found tf2: 0.25.5 (/opt/ros/humble/share/tf2/cmake)
[3.099s] -- Configuring done
[3.105s] -- Generating done
[3.107s] -- Build files have been written to: /home/emred/ack_drive/build/gazebo_simulation
[3.118s] Invoked command in '/home/emred/ack_drive/build/gazebo_simulation' returned '0': CMAKE_PREFIX_PATH=${CMAKE_PREFIX_PATH}:/home/emred/tas-gps/install/moveon_control:/opt/ros/humble /usr/bin/cmake /home/emred/ack_drive/src/gazebo_simulation -DCMAKE_INSTALL_PREFIX=/home/emred/ack_drive/install/gazebo_simulation
[3.122s] Invoking command in '/home/emred/ack_drive/build/gazebo_simulation': CMAKE_PREFIX_PATH=${CMAKE_PREFIX_PATH}:/home/emred/tas-gps/install/moveon_control:/opt/ros/humble /usr/bin/cmake --build /home/emred/ack_drive/build/gazebo_simulation -- -j16 -l16
[3.188s] Invoked command in '/home/emred/ack_drive/build/gazebo_simulation' returned '0': CMAKE_PREFIX_PATH=${CMAKE_PREFIX_PATH}:/home/emred/tas-gps/install/moveon_control:/opt/ros/humble /usr/bin/cmake --build /home/emred/ack_drive/build/gazebo_simulation -- -j16 -l16
[3.235s] Invoking command in '/home/emred/ack_drive/build/gazebo_simulation': CMAKE_PREFIX_PATH=${CMAKE_PREFIX_PATH}:/home/emred/tas-gps/install/moveon_control:/opt/ros/humble /usr/bin/cmake --install /home/emred/ack_drive/build/gazebo_simulation
[3.242s] -- Install configuration: ""
[3.243s] -- Installing: /home/emred/ack_drive/install/gazebo_simulation/share/gazebo_simulation//launch
[3.243s] -- Installing: /home/emred/ack_drive/install/gazebo_simulation/share/gazebo_simulation//launch/robot_sim.launch.py
[3.243s] -- Installing: /home/emred/ack_drive/install/gazebo_simulation/share/gazebo_simulation//launch/robot_state_publisher.launch.py
[3.243s] -- Installing: /home/emred/ack_drive/install/gazebo_simulation/share/gazebo_simulation//models
[3.243s] -- Installing: /home/emred/ack_drive/install/gazebo_simulation/share/gazebo_simulation//models/rs_robot
[3.244s] -- Installing: /home/emred/ack_drive/install/gazebo_simulation/share/gazebo_simulation//models/rs_robot/rs_robot.sdf
[3.244s] -- Installing: /home/emred/ack_drive/install/gazebo_simulation/share/gazebo_simulation//models/rs_robot/model.config
[3.244s] -- Installing: /home/emred/ack_drive/install/gazebo_simulation/share/gazebo_simulation//models/rs_robot/meshes
[3.244s] -- Installing: /home/emred/ack_drive/install/gazebo_simulation/share/gazebo_simulation//models/rs_robot/meshes/STL
[3.244s] -- Installing: /home/emred/ack_drive/install/gazebo_simulation/share/gazebo_simulation//models/rs_robot/meshes/STL/base
[3.244s] -- Installing: /home/emred/ack_drive/install/gazebo_simulation/share/gazebo_simulation//models/rs_robot/meshes/STL/base/base_link_old.stl
[3.245s] -- Installing: /home/emred/ack_drive/install/gazebo_simulation/share/gazebo_simulation//models/rs_robot/meshes/STL/base/base_link.stl
[3.245s] -- Installing: /home/emred/ack_drive/install/gazebo_simulation/share/gazebo_simulation//models/rs_robot/meshes/STL/lidar_base
[3.245s] -- Installing: /home/emred/ack_drive/install/gazebo_simulation/share/gazebo_simulation//models/rs_robot/meshes/STL/lidar_base/YDlidar_base.stl
[3.246s] -- Installing: /home/emred/ack_drive/install/gazebo_simulation/share/gazebo_simulation//models/rs_robot/meshes/STL/suspension
[3.246s] -- Installing: /home/emred/ack_drive/install/gazebo_simulation/share/gazebo_simulation//models/rs_robot/meshes/STL/suspension/REAR_LEFT_LINKSTL.stl
[3.246s] -- Installing: /home/emred/ack_drive/install/gazebo_simulation/share/gazebo_simulation//models/rs_robot/meshes/STL/suspension/FRONT_RIGHT_LINKSTL.stl
[3.247s] -- Installing: /home/emred/ack_drive/install/gazebo_simulation/share/gazebo_simulation//models/rs_robot/meshes/STL/suspension/FRONT_LEFT_LINKSTL.stl
[3.248s] -- Installing: /home/emred/ack_drive/install/gazebo_simulation/share/gazebo_simulation//models/rs_robot/meshes/STL/suspension/sus_link.stl
[3.248s] -- Installing: /home/emred/ack_drive/install/gazebo_simulation/share/gazebo_simulation//models/rs_robot/meshes/STL/suspension/REAR_RIGHT_LINKSTL.stl
[3.249s] -- Installing: /home/emred/ack_drive/install/gazebo_simulation/share/gazebo_simulation//models/rs_robot/meshes/STL/wheel
[3.249s] -- Installing: /home/emred/ack_drive/install/gazebo_simulation/share/gazebo_simulation//models/rs_robot/meshes/STL/wheel/robot_wheel.stl
[3.249s] -- Installing: /home/emred/ack_drive/install/gazebo_simulation/share/gazebo_simulation//models/rs_robot/meshes/STL/sensors
[3.249s] -- Installing: /home/emred/ack_drive/install/gazebo_simulation/share/gazebo_simulation//models/rs_robot/meshes/STL/sensors/rear_lrf
[3.250s] -- Installing: /home/emred/ack_drive/install/gazebo_simulation/share/gazebo_simulation//models/rs_robot/meshes/STL/sensors/rear_lrf/rear_lrf.stl
[3.250s] -- Installing: /home/emred/ack_drive/install/gazebo_simulation/share/gazebo_simulation//models/rs_robot/meshes/STL/sensors/front_lrf
[3.250s] -- Installing: /home/emred/ack_drive/install/gazebo_simulation/share/gazebo_simulation//models/rs_robot/meshes/STL/sensors/front_lrf/front_lrf.stl
[3.257s] -- Installing: /home/emred/ack_drive/install/gazebo_simulation/share/gazebo_simulation//models/rs_robot/meshes/STL/sensors/gim30
[3.257s] -- Installing: /home/emred/ack_drive/install/gazebo_simulation/share/gazebo_simulation//models/rs_robot/meshes/STL/sensors/gim30/gim30.stl
[3.268s] -- Installing: /home/emred/ack_drive/install/gazebo_simulation/share/gazebo_simulation//models/rs_robot/meshes/STL/sensors/gps
[3.268s] -- Installing: /home/emred/ack_drive/install/gazebo_simulation/share/gazebo_simulation//models/rs_robot/meshes/STL/sensors/gps/gps.stl
[3.271s] -- Installing: /home/emred/ack_drive/install/gazebo_simulation/share/gazebo_simulation//models/rs_robot/meshes/STL/lidar_head
[3.271s] -- Installing: /home/emred/ack_drive/install/gazebo_simulation/share/gazebo_simulation//models/rs_robot/meshes/STL/lidar_head/YDlidar_head v4.stl
[3.271s] -- Installing: /home/emred/ack_drive/install/gazebo_simulation/share/gazebo_simulation//models/rs_robot/meshes/DAE
[3.272s] -- Installing: /home/emred/ack_drive/install/gazebo_simulation/share/gazebo_simulation//models/rs_robot/meshes/DAE/base
[3.272s] -- Installing: /home/emred/ack_drive/install/gazebo_simulation/share/gazebo_simulation//models/rs_robot/meshes/DAE/base/base_linkOLD.dae
[3.284s] -- Installing: /home/emred/ack_drive/install/gazebo_simulation/share/gazebo_simulation//models/rs_robot/meshes/DAE/base/base_link.dae
[3.297s] -- Installing: /home/emred/ack_drive/install/gazebo_simulation/share/gazebo_simulation//models/rs_robot/meshes/DAE/lidar_base
[3.298s] -- Installing: /home/emred/ack_drive/install/gazebo_simulation/share/gazebo_simulation//models/rs_robot/meshes/DAE/lidar_base/YDlidar_base.dae
[3.298s] -- Installing: /home/emred/ack_drive/install/gazebo_simulation/share/gazebo_simulation//models/rs_robot/meshes/DAE/suspension
[3.298s] -- Installing: /home/emred/ack_drive/install/gazebo_simulation/share/gazebo_simulation//models/rs_robot/meshes/DAE/suspension/rear_right_link.dae
[3.301s] -- Installing: /home/emred/ack_drive/install/gazebo_simulation/share/gazebo_simulation//models/rs_robot/meshes/DAE/suspension/rear_left_link.dae
[3.304s] -- Installing: /home/emred/ack_drive/install/gazebo_simulation/share/gazebo_simulation//models/rs_robot/meshes/DAE/suspension/front_right_link.dae
[3.307s] -- Installing: /home/emred/ack_drive/install/gazebo_simulation/share/gazebo_simulation//models/rs_robot/meshes/DAE/suspension/front_left_link.dae
[3.309s] -- Installing: /home/emred/ack_drive/install/gazebo_simulation/share/gazebo_simulation//models/rs_robot/meshes/DAE/wheel
[3.310s] -- Installing: /home/emred/ack_drive/install/gazebo_simulation/share/gazebo_simulation//models/rs_robot/meshes/DAE/wheel/wheel_link.dae
[3.312s] -- Installing: /home/emred/ack_drive/install/gazebo_simulation/share/gazebo_simulation//models/rs_robot/meshes/DAE/sensors
[3.312s] -- Installing: /home/emred/ack_drive/install/gazebo_simulation/share/gazebo_simulation//models/rs_robot/meshes/DAE/sensors/camera
[3.312s] -- Installing: /home/emred/ack_drive/install/gazebo_simulation/share/gazebo_simulation//models/rs_robot/meshes/DAE/sensors/camera/camera.dae
[3.313s] -- Installing: /home/emred/ack_drive/install/gazebo_simulation/share/gazebo_simulation//models/rs_robot/meshes/DAE/sensors/rear_lrf
[3.313s] -- Installing: /home/emred/ack_drive/install/gazebo_simulation/share/gazebo_simulation//models/rs_robot/meshes/DAE/sensors/rear_lrf/urg_texture.png
[3.313s] -- Installing: /home/emred/ack_drive/install/gazebo_simulation/share/gazebo_simulation//models/rs_robot/meshes/DAE/sensors/rear_lrf/rear_lrf.dae
[3.314s] -- Installing: /home/emred/ack_drive/install/gazebo_simulation/share/gazebo_simulation//models/rs_robot/meshes/DAE/sensors/front_lrf
[3.314s] -- Installing: /home/emred/ack_drive/install/gazebo_simulation/share/gazebo_simulation//models/rs_robot/meshes/DAE/sensors/front_lrf/lrf_texture.png
[3.314s] -- Installing: /home/emred/ack_drive/install/gazebo_simulation/share/gazebo_simulation//models/rs_robot/meshes/DAE/sensors/front_lrf/front_lrf.dae
[3.337s] -- Installing: /home/emred/ack_drive/install/gazebo_simulation/share/gazebo_simulation//models/rs_robot/meshes/DAE/sensors/gim30
[3.338s] -- Installing: /home/emred/ack_drive/install/gazebo_simulation/share/gazebo_simulation//models/rs_robot/meshes/DAE/sensors/gim30/gim30_lrf_texture.png
[3.338s] -- Installing: /home/emred/ack_drive/install/gazebo_simulation/share/gazebo_simulation//models/rs_robot/meshes/DAE/sensors/gim30/gim30.dae
[3.367s] -- Installing: /home/emred/ack_drive/install/gazebo_simulation/share/gazebo_simulation//models/rs_robot/meshes/DAE/sensors/gps
[3.367s] -- Installing: /home/emred/ack_drive/install/gazebo_simulation/share/gazebo_simulation//models/rs_robot/meshes/DAE/sensors/gps/gps.dae
[3.375s] -- Installing: /home/emred/ack_drive/install/gazebo_simulation/share/gazebo_simulation//models/rs_robot/meshes/DAE/sensors/gps/gps_texture.png
[3.375s] -- Installing: /home/emred/ack_drive/install/gazebo_simulation/share/gazebo_simulation//models/rs_robot/meshes/DAE/lidar_head
[3.375s] -- Installing: /home/emred/ack_drive/install/gazebo_simulation/share/gazebo_simulation//models/rs_robot/meshes/DAE/lidar_head/YDlidar_head.dae
[3.375s] -- Installing: /home/emred/ack_drive/install/gazebo_simulation/share/gazebo_simulation//models/rs_robot/config
[3.376s] -- Installing: /home/emred/ack_drive/install/gazebo_simulation/share/gazebo_simulation//models/rs_robot/config/controllers.yaml
[3.376s] -- Installing: /home/emred/ack_drive/install/gazebo_simulation/share/gazebo_simulation//worlds
[3.376s] -- Installing: /home/emred/ack_drive/install/gazebo_simulation/share/gazebo_simulation//worlds/4ws_world.model
[3.376s] -- Installing: /home/emred/ack_drive/install/gazebo_simulation/share/gazebo_simulation//urdf
[3.377s] -- Installing: /home/emred/ack_drive/install/gazebo_simulation/share/gazebo_simulation//urdf/rs_robot.urdf
[3.377s] -- Installing: /home/emred/ack_drive/install/gazebo_simulation/lib/gazebo_simulation/robot_sim.launch.py
[3.377s] -- Installing: /home/emred/ack_drive/install/gazebo_simulation/lib/gazebo_simulation/robot_state_publisher.launch.py
[3.377s] -- Installing: /home/emred/ack_drive/install/gazebo_simulation/share/ament_index/resource_index/package_run_dependencies/gazebo_simulation
[3.377s] -- Installing: /home/emred/ack_drive/install/gazebo_simulation/share/ament_index/resource_index/parent_prefix_path/gazebo_simulation
[3.377s] -- Installing: /home/emred/ack_drive/install/gazebo_simulation/share/gazebo_simulation/environment/ament_prefix_path.sh
[3.378s] -- Installing: /home/emred/ack_drive/install/gazebo_simulation/share/gazebo_simulation/environment/ament_prefix_path.dsv
[3.378s] -- Installing: /home/emred/ack_drive/install/gazebo_simulation/share/gazebo_simulation/environment/path.sh
[3.378s] -- Installing: /home/emred/ack_drive/install/gazebo_simulation/share/gazebo_simulation/environment/path.dsv
[3.378s] -- Installing: /home/emred/ack_drive/install/gazebo_simulation/share/gazebo_simulation/local_setup.bash
[3.378s] -- Installing: /home/emred/ack_drive/install/gazebo_simulation/share/gazebo_simulation/local_setup.sh
[3.378s] -- Installing: /home/emred/ack_drive/install/gazebo_simulation/share/gazebo_simulation/local_setup.zsh
[3.379s] -- Installing: /home/emred/ack_drive/install/gazebo_simulation/share/gazebo_simulation/local_setup.dsv
[3.379s] -- Installing: /home/emred/ack_drive/install/gazebo_simulation/share/gazebo_simulation/package.dsv
[3.379s] -- Installing: /home/emred/ack_drive/install/gazebo_simulation/share/ament_index/resource_index/packages/gazebo_simulation
[3.379s] -- Installing: /home/emred/ack_drive/install/gazebo_simulation/share/gazebo_simulation/cmake/ament_cmake_export_include_directories-extras.cmake
[3.379s] -- Installing: /home/emred/ack_drive/install/gazebo_simulation/share/gazebo_simulation/cmake/ament_cmake_export_dependencies-extras.cmake
[3.379s] -- Installing: /home/emred/ack_drive/install/gazebo_simulation/share/gazebo_simulation/cmake/gazebo_simulationConfig.cmake
[3.380s] -- Installing: /home/emred/ack_drive/install/gazebo_simulation/share/gazebo_simulation/cmake/gazebo_simulationConfig-version.cmake
[3.380s] -- Installing: /home/emred/ack_drive/install/gazebo_simulation/share/gazebo_simulation/package.xml
[3.381s] Invoked command in '/home/emred/ack_drive/build/gazebo_simulation' returned '0': CMAKE_PREFIX_PATH=${CMAKE_PREFIX_PATH}:/home/emred/tas-gps/install/moveon_control:/opt/ros/humble /usr/bin/cmake --install /home/emred/ack_drive/build/gazebo_simulation
