[0.235s] Invoking command in '/home/emred/ack_drive/build/my_robot_description': CMAKE_PREFIX_PATH=${CMAKE_PREFIX_PATH}:/home/emred/tas-gps/install/moveon_control:/opt/ros/humble /usr/bin/cmake --build /home/emred/ack_drive/build/my_robot_description -- -j16 -l16
[0.584s] Invoked command in '/home/emred/ack_drive/build/my_robot_description' returned '0': CMAKE_PREFIX_PATH=${CMAKE_PREFIX_PATH}:/home/emred/tas-gps/install/moveon_control:/opt/ros/humble /usr/bin/cmake --build /home/emred/ack_drive/build/my_robot_description -- -j16 -l16
[0.698s] Invoking command in '/home/emred/ack_drive/build/my_robot_description': CMAKE_PREFIX_PATH=${CMAKE_PREFIX_PATH}:/home/emred/tas-gps/install/moveon_control:/opt/ros/humble /usr/bin/cmake --install /home/emred/ack_drive/build/my_robot_description
[0.710s] -- Install configuration: ""
[0.710s] -- Up-to-date: /home/emred/ack_drive/install/my_robot_description/share/my_robot_description//urdf
[0.710s] -- Up-to-date: /home/emred/ack_drive/install/my_robot_description/share/my_robot_description//urdf/my_robot.urdf.xacro
[0.711s] -- Up-to-date: /home/emred/ack_drive/install/my_robot_description/share/my_robot_description//urdf/mobile_base_gazebo.xacro
[0.711s] -- Up-to-date: /home/emred/ack_drive/install/my_robot_description/share/my_robot_description//urdf/common_properties.xacro
[0.711s] -- Up-to-date: /home/emred/ack_drive/install/my_robot_description/share/my_robot_description//urdf/mobile_base.xacro
[0.711s] -- Up-to-date: /home/emred/ack_drive/install/my_robot_description/share/my_robot_description//launch
[0.711s] -- Up-to-date: /home/emred/ack_drive/install/my_robot_description/share/my_robot_description//launch/display.launch.py
[0.711s] -- Up-to-date: /home/emred/ack_drive/install/my_robot_description/share/my_robot_description//launch/display.launch.xml
[0.711s] -- Up-to-date: /home/emred/ack_drive/install/my_robot_description/share/my_robot_description//rviz
[0.711s] -- Up-to-date: /home/emred/ack_drive/install/my_robot_description/share/my_robot_description//rviz/urdf_config.rviz
[0.712s] -- Up-to-date: /home/emred/ack_drive/install/my_robot_description/share/ament_index/resource_index/package_run_dependencies/my_robot_description
[0.712s] -- Up-to-date: /home/emred/ack_drive/install/my_robot_description/share/ament_index/resource_index/parent_prefix_path/my_robot_description
[0.712s] -- Up-to-date: /home/emred/ack_drive/install/my_robot_description/share/my_robot_description/environment/ament_prefix_path.sh
[0.712s] -- Up-to-date: /home/emred/ack_drive/install/my_robot_description/share/my_robot_description/environment/ament_prefix_path.dsv
[0.712s] -- Up-to-date: /home/emred/ack_drive/install/my_robot_description/share/my_robot_description/environment/path.sh
[0.712s] -- Up-to-date: /home/emred/ack_drive/install/my_robot_description/share/my_robot_description/environment/path.dsv
[0.712s] -- Up-to-date: /home/emred/ack_drive/install/my_robot_description/share/my_robot_description/local_setup.bash
[0.712s] -- Up-to-date: /home/emred/ack_drive/install/my_robot_description/share/my_robot_description/local_setup.sh
[0.712s] -- Up-to-date: /home/emred/ack_drive/install/my_robot_description/share/my_robot_description/local_setup.zsh
[0.713s] -- Up-to-date: /home/emred/ack_drive/install/my_robot_description/share/my_robot_description/local_setup.dsv
[0.713s] -- Up-to-date: /home/emred/ack_drive/install/my_robot_description/share/my_robot_description/package.dsv
[0.713s] -- Up-to-date: /home/emred/ack_drive/install/my_robot_description/share/ament_index/resource_index/packages/my_robot_description
[0.713s] -- Up-to-date: /home/emred/ack_drive/install/my_robot_description/share/my_robot_description/cmake/my_robot_descriptionConfig.cmake
[0.713s] -- Up-to-date: /home/emred/ack_drive/install/my_robot_description/share/my_robot_description/cmake/my_robot_descriptionConfig-version.cmake
[0.713s] -- Up-to-date: /home/emred/ack_drive/install/my_robot_description/share/my_robot_description/package.xml
[0.806s] Invoked command in '/home/emred/ack_drive/build/my_robot_description' returned '0': CMAKE_PREFIX_PATH=${CMAKE_PREFIX_PATH}:/home/emred/tas-gps/install/moveon_control:/opt/ros/humble /usr/bin/cmake --install /home/emred/ack_drive/build/my_robot_description
