[0.072s] Invoking command in '/home/emred/catkin_ws/build/beetle_msg_forwarder': AMENT_PREFIX_PATH=/home/emred/catkin_ws/install/beetle_msgs:${AMENT_PREFIX_PATH} CMAKE_PREFIX_PATH=/home/emred/catkin_ws/install/beetle_msgs:/home/emred/catkin_ws/install/gazebo_simulation:/home/emred/catkin_ws/install/four_ws_control:/home/emred/catkin_ws/install/traktor:/opt/ros/humble LD_LIBRARY_PATH=/home/emred/catkin_ws/install/beetle_msgs/lib:/usr/lib/x86_64-linux-gnu/gazebo-11/plugins:/opt/ros/humble/opt/rviz_ogre_vendor/lib:/opt/ros/humble/lib/x86_64-linux-gnu:/opt/ros/humble/lib:/usr/share/gazebo/../../lib/x86_64-linux-gnu/gazebo-11/plugins PYTHONPATH=/home/emred/catkin_ws/install/beetle_msgs/local/lib/python3.10/dist-packages:${PYTHONPATH} /usr/bin/cmake /home/emred/catkin_ws/src/beetle/beetle_msg_forwarder -DCMAKE_INSTALL_PREFIX=/home/emred/catkin_ws/install/beetle_msg_forwarder
[0.147s] -- The C compiler identification is GNU 11.4.0
[0.237s] -- The CXX compiler identification is GNU 11.4.0
[0.249s] -- Detecting C compiler ABI info
[0.353s] -- Detecting C compiler ABI info - done
[0.361s] -- Check for working C compiler: /usr/bin/cc - skipped
[0.361s] -- Detecting C compile features
[0.361s] -- Detecting C compile features - done
[0.364s] -- Detecting CXX compiler ABI info
[0.481s] -- Detecting CXX compiler ABI info - done
[0.488s] -- Check for working CXX compiler: /usr/bin/c++ - skipped
[0.488s] -- Detecting CXX compile features
[0.489s] -- Detecting CXX compile features - done
[0.492s] -- Found ament_cmake: 1.3.7 (/opt/ros/humble/share/ament_cmake/cmake)
[0.717s] -- Found Python3: /usr/bin/python3.10 (found version "3.10.12") found components: Interpreter 
[0.896s] -- Found rclcpp: 16.0.8 (/opt/ros/humble/share/rclcpp/cmake)
[0.968s] -- Found rosidl_generator_c: 3.1.5 (/opt/ros/humble/share/rosidl_generator_c/cmake)
[0.975s] -- Found rosidl_adapter: 3.1.5 (/opt/ros/humble/share/rosidl_adapter/cmake)
[0.986s] -- Found rosidl_generator_cpp: 3.1.5 (/opt/ros/humble/share/rosidl_generator_cpp/cmake)
[1.003s] -- Using all available rosidl_typesupport_c: rosidl_typesupport_fastrtps_c;rosidl_typesupport_introspection_c
[1.027s] -- Using all available rosidl_typesupport_cpp: rosidl_typesupport_fastrtps_cpp;rosidl_typesupport_introspection_cpp
[1.110s] -- Found rmw_implementation_cmake: 6.1.1 (/opt/ros/humble/share/rmw_implementation_cmake/cmake)
[1.114s] -- Found rmw_fastrtps_cpp: 6.2.6 (/opt/ros/humble/share/rmw_fastrtps_cpp/cmake)
[1.280s] -- Found OpenSSL: /usr/lib/x86_64-linux-gnu/libcrypto.so (found version "3.0.2")  
[1.316s] -- Found FastRTPS: /opt/ros/humble/include  
[1.375s] -- Using RMW implementation 'rmw_fastrtps_cpp' as default
[1.387s] -- Looking for pthread.h
[1.498s] -- Looking for pthread.h - found
[1.499s] -- Performing Test CMAKE_HAVE_LIBC_PTHREAD
[1.625s] -- Performing Test CMAKE_HAVE_LIBC_PTHREAD - Success
[1.627s] -- Found Threads: TRUE  
[1.829s] -- Found beetle_msgs: 0.0.0 (/home/emred/catkin_ws/install/beetle_msgs/share/beetle_msgs/cmake)
[1.851s] -- Found nav_msgs: 4.2.3 (/opt/ros/humble/share/nav_msgs/cmake)
[2.005s] -- Found tf2: 0.25.5 (/opt/ros/humble/share/tf2/cmake)
[2.022s] -- Found tf2_ros: 0.25.5 (/opt/ros/humble/share/tf2_ros/cmake)
[2.349s] -- Found ament_lint_auto: 0.12.10 (/opt/ros/humble/share/ament_lint_auto/cmake)
[2.430s] -- Added test 'cppcheck' to perform static code analysis on C / C++ code
[2.430s] -- Configured cppcheck include dirs: $<BUILD_INTERFACE:/home/emred/catkin_ws/src/beetle/beetle_msg_forwarder/include>
[2.431s] -- Configured cppcheck exclude dirs and/or files: 
[2.431s] -- Added test 'lint_cmake' to check CMake code style
[2.431s] -- Added test 'uncrustify' to check C / C++ code style
[2.432s] -- Configured uncrustify additional arguments: 
[2.432s] -- Added test 'xmllint' to check XML markup files
[2.434s] -- Configuring done
[2.447s] -- Generating done
[2.448s] -- Build files have been written to: /home/emred/catkin_ws/build/beetle_msg_forwarder
[2.463s] Invoked command in '/home/emred/catkin_ws/build/beetle_msg_forwarder' returned '0': AMENT_PREFIX_PATH=/home/emred/catkin_ws/install/beetle_msgs:${AMENT_PREFIX_PATH} CMAKE_PREFIX_PATH=/home/emred/catkin_ws/install/beetle_msgs:/home/emred/catkin_ws/install/gazebo_simulation:/home/emred/catkin_ws/install/four_ws_control:/home/emred/catkin_ws/install/traktor:/opt/ros/humble LD_LIBRARY_PATH=/home/emred/catkin_ws/install/beetle_msgs/lib:/usr/lib/x86_64-linux-gnu/gazebo-11/plugins:/opt/ros/humble/opt/rviz_ogre_vendor/lib:/opt/ros/humble/lib/x86_64-linux-gnu:/opt/ros/humble/lib:/usr/share/gazebo/../../lib/x86_64-linux-gnu/gazebo-11/plugins PYTHONPATH=/home/emred/catkin_ws/install/beetle_msgs/local/lib/python3.10/dist-packages:${PYTHONPATH} /usr/bin/cmake /home/emred/catkin_ws/src/beetle/beetle_msg_forwarder -DCMAKE_INSTALL_PREFIX=/home/emred/catkin_ws/install/beetle_msg_forwarder
[2.465s] Invoking command in '/home/emred/catkin_ws/build/beetle_msg_forwarder': AMENT_PREFIX_PATH=/home/emred/catkin_ws/install/beetle_msgs:${AMENT_PREFIX_PATH} CMAKE_PREFIX_PATH=/home/emred/catkin_ws/install/beetle_msgs:/home/emred/catkin_ws/install/gazebo_simulation:/home/emred/catkin_ws/install/four_ws_control:/home/emred/catkin_ws/install/traktor:/opt/ros/humble LD_LIBRARY_PATH=/home/emred/catkin_ws/install/beetle_msgs/lib:/usr/lib/x86_64-linux-gnu/gazebo-11/plugins:/opt/ros/humble/opt/rviz_ogre_vendor/lib:/opt/ros/humble/lib/x86_64-linux-gnu:/opt/ros/humble/lib:/usr/share/gazebo/../../lib/x86_64-linux-gnu/gazebo-11/plugins PYTHONPATH=/home/emred/catkin_ws/install/beetle_msgs/local/lib/python3.10/dist-packages:${PYTHONPATH} /usr/bin/cmake --build /home/emred/catkin_ws/build/beetle_msg_forwarder -- -j16 -l16
[2.540s] [ 50%] [32mBuilding CXX object CMakeFiles/beetle_msg_forwarder.dir/src/beetle_msg_forwarder.cpp.o[0m
[13.654s] [100%] [32m[1mLinking CXX executable beetle_msg_forwarder[0m
[14.742s] [100%] Built target beetle_msg_forwarder
[14.761s] Invoked command in '/home/emred/catkin_ws/build/beetle_msg_forwarder' returned '0': AMENT_PREFIX_PATH=/home/emred/catkin_ws/install/beetle_msgs:${AMENT_PREFIX_PATH} CMAKE_PREFIX_PATH=/home/emred/catkin_ws/install/beetle_msgs:/home/emred/catkin_ws/install/gazebo_simulation:/home/emred/catkin_ws/install/four_ws_control:/home/emred/catkin_ws/install/traktor:/opt/ros/humble LD_LIBRARY_PATH=/home/emred/catkin_ws/install/beetle_msgs/lib:/usr/lib/x86_64-linux-gnu/gazebo-11/plugins:/opt/ros/humble/opt/rviz_ogre_vendor/lib:/opt/ros/humble/lib/x86_64-linux-gnu:/opt/ros/humble/lib:/usr/share/gazebo/../../lib/x86_64-linux-gnu/gazebo-11/plugins PYTHONPATH=/home/emred/catkin_ws/install/beetle_msgs/local/lib/python3.10/dist-packages:${PYTHONPATH} /usr/bin/cmake --build /home/emred/catkin_ws/build/beetle_msg_forwarder -- -j16 -l16
[14.817s] Invoking command in '/home/emred/catkin_ws/build/beetle_msg_forwarder': AMENT_PREFIX_PATH=/home/emred/catkin_ws/install/beetle_msgs:${AMENT_PREFIX_PATH} CMAKE_PREFIX_PATH=/home/emred/catkin_ws/install/beetle_msgs:/home/emred/catkin_ws/install/gazebo_simulation:/home/emred/catkin_ws/install/four_ws_control:/home/emred/catkin_ws/install/traktor:/opt/ros/humble LD_LIBRARY_PATH=/home/emred/catkin_ws/install/beetle_msgs/lib:/usr/lib/x86_64-linux-gnu/gazebo-11/plugins:/opt/ros/humble/opt/rviz_ogre_vendor/lib:/opt/ros/humble/lib/x86_64-linux-gnu:/opt/ros/humble/lib:/usr/share/gazebo/../../lib/x86_64-linux-gnu/gazebo-11/plugins PYTHONPATH=/home/emred/catkin_ws/install/beetle_msgs/local/lib/python3.10/dist-packages:${PYTHONPATH} /usr/bin/cmake --install /home/emred/catkin_ws/build/beetle_msg_forwarder
[14.826s] -- Install configuration: ""
[14.827s] -- Installing: /home/emred/catkin_ws/install/beetle_msg_forwarder/lib/beetle_msg_forwarder/beetle_msg_forwarder
[14.835s] -- Set runtime path of "/home/emred/catkin_ws/install/beetle_msg_forwarder/lib/beetle_msg_forwarder/beetle_msg_forwarder" to ""
[14.835s] -- Installing: /home/emred/catkin_ws/install/beetle_msg_forwarder/share/ament_index/resource_index/package_run_dependencies/beetle_msg_forwarder
[14.835s] -- Installing: /home/emred/catkin_ws/install/beetle_msg_forwarder/share/ament_index/resource_index/parent_prefix_path/beetle_msg_forwarder
[14.836s] -- Installing: /home/emred/catkin_ws/install/beetle_msg_forwarder/share/beetle_msg_forwarder/environment/ament_prefix_path.sh
[14.836s] -- Installing: /home/emred/catkin_ws/install/beetle_msg_forwarder/share/beetle_msg_forwarder/environment/ament_prefix_path.dsv
[14.836s] -- Installing: /home/emred/catkin_ws/install/beetle_msg_forwarder/share/beetle_msg_forwarder/environment/path.sh
[14.836s] -- Installing: /home/emred/catkin_ws/install/beetle_msg_forwarder/share/beetle_msg_forwarder/environment/path.dsv
[14.837s] -- Installing: /home/emred/catkin_ws/install/beetle_msg_forwarder/share/beetle_msg_forwarder/local_setup.bash
[14.837s] -- Installing: /home/emred/catkin_ws/install/beetle_msg_forwarder/share/beetle_msg_forwarder/local_setup.sh
[14.837s] -- Installing: /home/emred/catkin_ws/install/beetle_msg_forwarder/share/beetle_msg_forwarder/local_setup.zsh
[14.837s] -- Installing: /home/emred/catkin_ws/install/beetle_msg_forwarder/share/beetle_msg_forwarder/local_setup.dsv
[14.837s] -- Installing: /home/emred/catkin_ws/install/beetle_msg_forwarder/share/beetle_msg_forwarder/package.dsv
[14.838s] -- Installing: /home/emred/catkin_ws/install/beetle_msg_forwarder/share/ament_index/resource_index/packages/beetle_msg_forwarder
[14.838s] -- Installing: /home/emred/catkin_ws/install/beetle_msg_forwarder/share/beetle_msg_forwarder/cmake/beetle_msg_forwarderConfig.cmake
[14.838s] -- Installing: /home/emred/catkin_ws/install/beetle_msg_forwarder/share/beetle_msg_forwarder/cmake/beetle_msg_forwarderConfig-version.cmake
[14.838s] -- Installing: /home/emred/catkin_ws/install/beetle_msg_forwarder/share/beetle_msg_forwarder/package.xml
[14.841s] Invoked command in '/home/emred/catkin_ws/build/beetle_msg_forwarder' returned '0': AMENT_PREFIX_PATH=/home/emred/catkin_ws/install/beetle_msgs:${AMENT_PREFIX_PATH} CMAKE_PREFIX_PATH=/home/emred/catkin_ws/install/beetle_msgs:/home/emred/catkin_ws/install/gazebo_simulation:/home/emred/catkin_ws/install/four_ws_control:/home/emred/catkin_ws/install/traktor:/opt/ros/humble LD_LIBRARY_PATH=/home/emred/catkin_ws/install/beetle_msgs/lib:/usr/lib/x86_64-linux-gnu/gazebo-11/plugins:/opt/ros/humble/opt/rviz_ogre_vendor/lib:/opt/ros/humble/lib/x86_64-linux-gnu:/opt/ros/humble/lib:/usr/share/gazebo/../../lib/x86_64-linux-gnu/gazebo-11/plugins PYTHONPATH=/home/emred/catkin_ws/install/beetle_msgs/local/lib/python3.10/dist-packages:${PYTHONPATH} /usr/bin/cmake --install /home/emred/catkin_ws/build/beetle_msg_forwarder
