[0.354s] Invoking command in '/home/emred/catkin_ws/build/my_robot_bringup': CMAKE_PREFIX_PATH=/home/emred/catkin_ws/install/my_robot_description:/home/emred/catkin_ws/install/my_robot_bringup:/home/emred/catkin_ws/install/beetle_navigation2:/home/emred/catkin_ws/install/map_odom_static_broadcaster:/home/emred/catkin_ws/install/gazebo_simulation:/home/emred/catkin_ws/install/four_ws_control:/home/emred/catkin_ws/install/beetle_msg_forwarder:/home/emred/catkin_ws/install/beetle_msgs:/home/emred/catkin_ws/install/beetle_gazebo:/home/emred/catkin_ws/install/beetle_description:/home/emred/catkin_ws/install/ackermann_drive_controller:/home/emred/catkin_ws/install/traktor:/home/emred/catkin_ws/install/beetle_evaluation:/opt/ros/humble /usr/bin/cmake --build /home/emred/catkin_ws/build/my_robot_bringup -- -j16 -l16
[0.523s] Invoked command in '/home/emred/catkin_ws/build/my_robot_bringup' returned '0': CMAKE_PREFIX_PATH=/home/emred/catkin_ws/install/my_robot_description:/home/emred/catkin_ws/install/my_robot_bringup:/home/emred/catkin_ws/install/beetle_navigation2:/home/emred/catkin_ws/install/map_odom_static_broadcaster:/home/emred/catkin_ws/install/gazebo_simulation:/home/emred/catkin_ws/install/four_ws_control:/home/emred/catkin_ws/install/beetle_msg_forwarder:/home/emred/catkin_ws/install/beetle_msgs:/home/emred/catkin_ws/install/beetle_gazebo:/home/emred/catkin_ws/install/beetle_description:/home/emred/catkin_ws/install/ackermann_drive_controller:/home/emred/catkin_ws/install/traktor:/home/emred/catkin_ws/install/beetle_evaluation:/opt/ros/humble /usr/bin/cmake --build /home/emred/catkin_ws/build/my_robot_bringup -- -j16 -l16
[0.706s] Invoking command in '/home/emred/catkin_ws/build/my_robot_bringup': CMAKE_PREFIX_PATH=/home/emred/catkin_ws/install/my_robot_description:/home/emred/catkin_ws/install/my_robot_bringup:/home/emred/catkin_ws/install/beetle_navigation2:/home/emred/catkin_ws/install/map_odom_static_broadcaster:/home/emred/catkin_ws/install/gazebo_simulation:/home/emred/catkin_ws/install/four_ws_control:/home/emred/catkin_ws/install/beetle_msg_forwarder:/home/emred/catkin_ws/install/beetle_msgs:/home/emred/catkin_ws/install/beetle_gazebo:/home/emred/catkin_ws/install/beetle_description:/home/emred/catkin_ws/install/ackermann_drive_controller:/home/emred/catkin_ws/install/traktor:/home/emred/catkin_ws/install/beetle_evaluation:/opt/ros/humble /usr/bin/cmake --install /home/emred/catkin_ws/build/my_robot_bringup
[0.713s] -- Install configuration: ""
[0.714s] -- Up-to-date: /home/emred/catkin_ws/install/my_robot_bringup/share/my_robot_bringup//launch
[0.714s] -- Up-to-date: /home/emred/catkin_ws/install/my_robot_bringup/share/my_robot_bringup//launch/my_robot_gazebo.launch.xml
[0.714s] -- Up-to-date: /home/emred/catkin_ws/install/my_robot_bringup/share/my_robot_bringup//rviz
[0.715s] -- Up-to-date: /home/emred/catkin_ws/install/my_robot_bringup/share/my_robot_bringup//rviz/urdf_config.rviz
[0.715s] -- Up-to-date: /home/emred/catkin_ws/install/my_robot_bringup/share/my_robot_bringup//worlds
[0.716s] -- Up-to-date: /home/emred/catkin_ws/install/my_robot_bringup/share/my_robot_bringup//worlds/test_world.world
[0.716s] -- Up-to-date: /home/emred/catkin_ws/install/my_robot_bringup/share/ament_index/resource_index/package_run_dependencies/my_robot_bringup
[0.716s] -- Up-to-date: /home/emred/catkin_ws/install/my_robot_bringup/share/ament_index/resource_index/parent_prefix_path/my_robot_bringup
[0.716s] -- Up-to-date: /home/emred/catkin_ws/install/my_robot_bringup/share/my_robot_bringup/environment/ament_prefix_path.sh
[0.716s] -- Up-to-date: /home/emred/catkin_ws/install/my_robot_bringup/share/my_robot_bringup/environment/ament_prefix_path.dsv
[0.716s] -- Up-to-date: /home/emred/catkin_ws/install/my_robot_bringup/share/my_robot_bringup/environment/path.sh
[0.716s] -- Up-to-date: /home/emred/catkin_ws/install/my_robot_bringup/share/my_robot_bringup/environment/path.dsv
[0.717s] -- Up-to-date: /home/emred/catkin_ws/install/my_robot_bringup/share/my_robot_bringup/local_setup.bash
[0.717s] -- Up-to-date: /home/emred/catkin_ws/install/my_robot_bringup/share/my_robot_bringup/local_setup.sh
[0.717s] -- Up-to-date: /home/emred/catkin_ws/install/my_robot_bringup/share/my_robot_bringup/local_setup.zsh
[0.717s] -- Up-to-date: /home/emred/catkin_ws/install/my_robot_bringup/share/my_robot_bringup/local_setup.dsv
[0.717s] -- Up-to-date: /home/emred/catkin_ws/install/my_robot_bringup/share/my_robot_bringup/package.dsv
[0.717s] -- Up-to-date: /home/emred/catkin_ws/install/my_robot_bringup/share/ament_index/resource_index/packages/my_robot_bringup
[0.718s] -- Up-to-date: /home/emred/catkin_ws/install/my_robot_bringup/share/my_robot_bringup/cmake/my_robot_bringupConfig.cmake
[0.718s] -- Up-to-date: /home/emred/catkin_ws/install/my_robot_bringup/share/my_robot_bringup/cmake/my_robot_bringupConfig-version.cmake
[0.718s] -- Up-to-date: /home/emred/catkin_ws/install/my_robot_bringup/share/my_robot_bringup/package.xml
[0.814s] Invoked command in '/home/emred/catkin_ws/build/my_robot_bringup' returned '0': CMAKE_PREFIX_PATH=/home/emred/catkin_ws/install/my_robot_description:/home/emred/catkin_ws/install/my_robot_bringup:/home/emred/catkin_ws/install/beetle_navigation2:/home/emred/catkin_ws/install/map_odom_static_broadcaster:/home/emred/catkin_ws/install/gazebo_simulation:/home/emred/catkin_ws/install/four_ws_control:/home/emred/catkin_ws/install/beetle_msg_forwarder:/home/emred/catkin_ws/install/beetle_msgs:/home/emred/catkin_ws/install/beetle_gazebo:/home/emred/catkin_ws/install/beetle_description:/home/emred/catkin_ws/install/ackermann_drive_controller:/home/emred/catkin_ws/install/traktor:/home/emred/catkin_ws/install/beetle_evaluation:/opt/ros/humble /usr/bin/cmake --install /home/emred/catkin_ws/build/my_robot_bringup
